INFO - 2018-03-23 08:39:53 --> Config Class Initialized
INFO - 2018-03-23 08:39:53 --> Hooks Class Initialized
DEBUG - 2018-03-23 08:39:53 --> UTF-8 Support Enabled
INFO - 2018-03-23 08:39:53 --> Utf8 Class Initialized
INFO - 2018-03-23 08:39:53 --> URI Class Initialized
DEBUG - 2018-03-23 08:39:53 --> File loaded: C:\xampp\htdocs\ci\ussiweb\application\modules/admin/config/routes.php
INFO - 2018-03-23 08:39:53 --> Router Class Initialized
INFO - 2018-03-23 08:39:53 --> Output Class Initialized
INFO - 2018-03-23 08:39:53 --> Security Class Initialized
DEBUG - 2018-03-23 08:39:53 --> Global POST, GET and COOKIE data sanitized
INFO - 2018-03-23 08:39:53 --> Input Class Initialized
INFO - 2018-03-23 08:39:54 --> Language Class Initialized
INFO - 2018-03-23 08:39:54 --> Language Class Initialized
INFO - 2018-03-23 08:39:54 --> Config Class Initialized
INFO - 2018-03-23 08:39:54 --> Loader Class Initialized
DEBUG - 2018-03-23 08:39:54 --> File loaded: C:\xampp\htdocs\ci\ussiweb\application\modules/admin/config/site.php
INFO - 2018-03-23 08:39:54 --> Helper loaded: url_helper
INFO - 2018-03-23 08:39:54 --> Helper loaded: inflector_helper
INFO - 2018-03-23 08:39:54 --> Helper loaded: string_helper
INFO - 2018-03-23 08:39:54 --> Helper loaded: array_helper
INFO - 2018-03-23 08:39:54 --> Database Driver Class Initialized
DEBUG - 2018-03-23 08:39:55 --> File loaded: C:\xampp\htdocs\ci\ussiweb\application\modules/admin/config/ion_auth.php
DEBUG - 2018-03-23 08:39:55 --> File loaded: C:\xampp\htdocs\ci\ussiweb\application\modules/admin/config/ion_auth.php
INFO - 2018-03-23 08:39:55 --> Email Class Initialized
INFO - 2018-03-23 08:39:55 --> Language file loaded: language/english/ion_auth_lang.php
INFO - 2018-03-23 08:39:55 --> Helper loaded: cookie_helper
INFO - 2018-03-23 08:39:55 --> Helper loaded: language_helper
DEBUG - 2018-03-23 08:39:55 --> Session: "sess_save_path" is empty; using "session.save_path" value from php.ini.
INFO - 2018-03-23 08:39:55 --> Session: Class initialized using 'files' driver.
INFO - 2018-03-23 08:39:55 --> Model Class Initialized
INFO - 2018-03-23 08:39:55 --> Helper loaded: date_helper
INFO - 2018-03-23 08:39:55 --> User Agent Class Initialized
DEBUG - 2018-03-23 08:39:55 --> File loaded: C:\xampp\htdocs\ci\ussiweb\application\modules/admin/config/autoload.php
DEBUG - 2018-03-23 08:39:55 --> File loaded: C:\xampp\htdocs\ci\ussiweb\application\modules/admin/config/form_validation.php
INFO - 2018-03-23 08:39:55 --> Helper loaded: form_helper
INFO - 2018-03-23 08:39:55 --> Form Validation Class Initialized
INFO - 2018-03-23 08:39:55 --> Model Class Initialized
INFO - 2018-03-23 08:39:55 --> Model Class Initialized
INFO - 2018-03-23 08:39:55 --> Model Class Initialized
INFO - 2018-03-23 08:39:55 --> Model Class Initialized
INFO - 2018-03-23 08:39:55 --> Model Class Initialized
INFO - 2018-03-23 08:39:55 --> Model Class Initialized
INFO - 2018-03-23 08:39:55 --> Model Class Initialized
INFO - 2018-03-23 08:39:55 --> Model Class Initialized
INFO - 2018-03-23 08:39:55 --> Model Class Initialized
INFO - 2018-03-23 08:39:55 --> Model Class Initialized
INFO - 2018-03-23 08:39:55 --> Model Class Initialized
INFO - 2018-03-23 08:39:55 --> Model Class Initialized
INFO - 2018-03-23 08:39:55 --> Controller Class Initialized
DEBUG - 2018-03-23 08:39:55 --> Simpanan MX_Controller Initialized
DEBUG - 2018-03-23 08:39:55 --> File loaded: C:\xampp\htdocs\ci\ussiweb\application\modules/admin/config/autoload.php
INFO - 2018-03-23 08:39:55 --> Config Class Initialized
INFO - 2018-03-23 08:39:55 --> Hooks Class Initialized
DEBUG - 2018-03-23 08:39:55 --> UTF-8 Support Enabled
INFO - 2018-03-23 08:39:55 --> Utf8 Class Initialized
INFO - 2018-03-23 08:39:55 --> URI Class Initialized
DEBUG - 2018-03-23 08:39:55 --> File loaded: C:\xampp\htdocs\ci\ussiweb\application\modules/admin/config/routes.php
INFO - 2018-03-23 08:39:55 --> Router Class Initialized
INFO - 2018-03-23 08:39:55 --> Output Class Initialized
INFO - 2018-03-23 08:39:55 --> Security Class Initialized
DEBUG - 2018-03-23 08:39:55 --> Global POST, GET and COOKIE data sanitized
INFO - 2018-03-23 08:39:55 --> Input Class Initialized
INFO - 2018-03-23 08:39:55 --> Language Class Initialized
INFO - 2018-03-23 08:39:55 --> Language Class Initialized
INFO - 2018-03-23 08:39:55 --> Config Class Initialized
INFO - 2018-03-23 08:39:55 --> Loader Class Initialized
DEBUG - 2018-03-23 08:39:55 --> File loaded: C:\xampp\htdocs\ci\ussiweb\application\modules/admin/config/site.php
INFO - 2018-03-23 08:39:55 --> Helper loaded: url_helper
INFO - 2018-03-23 08:39:55 --> Helper loaded: inflector_helper
INFO - 2018-03-23 08:39:55 --> Helper loaded: string_helper
INFO - 2018-03-23 08:39:55 --> Helper loaded: array_helper
INFO - 2018-03-23 08:39:55 --> Database Driver Class Initialized
DEBUG - 2018-03-23 08:39:56 --> File loaded: C:\xampp\htdocs\ci\ussiweb\application\modules/admin/config/ion_auth.php
DEBUG - 2018-03-23 08:39:56 --> File loaded: C:\xampp\htdocs\ci\ussiweb\application\modules/admin/config/ion_auth.php
INFO - 2018-03-23 08:39:56 --> Email Class Initialized
INFO - 2018-03-23 08:39:56 --> Language file loaded: language/english/ion_auth_lang.php
INFO - 2018-03-23 08:39:56 --> Helper loaded: cookie_helper
INFO - 2018-03-23 08:39:56 --> Helper loaded: language_helper
DEBUG - 2018-03-23 08:39:56 --> Session: "sess_save_path" is empty; using "session.save_path" value from php.ini.
INFO - 2018-03-23 08:39:56 --> Session: Class initialized using 'files' driver.
INFO - 2018-03-23 08:39:56 --> Model Class Initialized
INFO - 2018-03-23 08:39:56 --> Helper loaded: date_helper
INFO - 2018-03-23 08:39:56 --> User Agent Class Initialized
DEBUG - 2018-03-23 08:39:56 --> File loaded: C:\xampp\htdocs\ci\ussiweb\application\modules/admin/config/autoload.php
DEBUG - 2018-03-23 08:39:56 --> File loaded: C:\xampp\htdocs\ci\ussiweb\application\modules/admin/config/form_validation.php
INFO - 2018-03-23 08:39:56 --> Helper loaded: form_helper
INFO - 2018-03-23 08:39:56 --> Form Validation Class Initialized
INFO - 2018-03-23 08:39:56 --> Model Class Initialized
INFO - 2018-03-23 08:39:56 --> Model Class Initialized
INFO - 2018-03-23 08:39:56 --> Model Class Initialized
INFO - 2018-03-23 08:39:56 --> Model Class Initialized
INFO - 2018-03-23 08:39:56 --> Model Class Initialized
INFO - 2018-03-23 08:39:56 --> Model Class Initialized
INFO - 2018-03-23 08:39:56 --> Model Class Initialized
INFO - 2018-03-23 08:39:56 --> Model Class Initialized
INFO - 2018-03-23 08:39:56 --> Model Class Initialized
INFO - 2018-03-23 08:39:56 --> Model Class Initialized
INFO - 2018-03-23 08:39:56 --> Model Class Initialized
INFO - 2018-03-23 08:39:56 --> Model Class Initialized
INFO - 2018-03-23 08:39:56 --> Controller Class Initialized
DEBUG - 2018-03-23 08:39:56 --> Login MX_Controller Initialized
DEBUG - 2018-03-23 08:39:56 --> File loaded: C:\xampp\htdocs\ci\ussiweb\application\modules/admin/config/autoload.php
DEBUG - 2018-03-23 14:39:56 --> File loaded: C:\xampp\htdocs\ci\ussiweb\application\modules/admin/config/form_validation.php
DEBUG - 2018-03-23 14:39:56 --> File loaded: C:\xampp\htdocs\ci\ussiweb\application\views\_base/head.php
DEBUG - 2018-03-23 14:39:56 --> File loaded: C:\xampp\htdocs\ci\ussiweb\application\modules/admin/views/login.php
DEBUG - 2018-03-23 14:39:56 --> File loaded: C:\xampp\htdocs\ci\ussiweb\application\views\_layouts/empty.php
DEBUG - 2018-03-23 14:39:56 --> File loaded: C:\xampp\htdocs\ci\ussiweb\application\views\_partials/ga.php
DEBUG - 2018-03-23 14:39:56 --> File loaded: C:\xampp\htdocs\ci\ussiweb\application\views\_base/foot.php
INFO - 2018-03-23 14:39:56 --> Final output sent to browser
DEBUG - 2018-03-23 14:39:56 --> Total execution time: 1.4508
INFO - 2018-03-23 08:40:04 --> Config Class Initialized
INFO - 2018-03-23 08:40:04 --> Hooks Class Initialized
DEBUG - 2018-03-23 08:40:04 --> UTF-8 Support Enabled
INFO - 2018-03-23 08:40:04 --> Utf8 Class Initialized
INFO - 2018-03-23 08:40:04 --> URI Class Initialized
DEBUG - 2018-03-23 08:40:04 --> File loaded: C:\xampp\htdocs\ci\ussiweb\application\modules/admin/config/routes.php
INFO - 2018-03-23 08:40:04 --> Router Class Initialized
INFO - 2018-03-23 08:40:04 --> Output Class Initialized
INFO - 2018-03-23 08:40:04 --> Security Class Initialized
DEBUG - 2018-03-23 08:40:04 --> Global POST, GET and COOKIE data sanitized
INFO - 2018-03-23 08:40:04 --> Input Class Initialized
INFO - 2018-03-23 08:40:04 --> Language Class Initialized
INFO - 2018-03-23 08:40:04 --> Language Class Initialized
INFO - 2018-03-23 08:40:04 --> Config Class Initialized
INFO - 2018-03-23 08:40:04 --> Loader Class Initialized
DEBUG - 2018-03-23 08:40:04 --> File loaded: C:\xampp\htdocs\ci\ussiweb\application\modules/admin/config/site.php
INFO - 2018-03-23 08:40:04 --> Helper loaded: url_helper
INFO - 2018-03-23 08:40:04 --> Helper loaded: inflector_helper
INFO - 2018-03-23 08:40:04 --> Helper loaded: string_helper
INFO - 2018-03-23 08:40:04 --> Helper loaded: array_helper
INFO - 2018-03-23 08:40:04 --> Database Driver Class Initialized
DEBUG - 2018-03-23 08:40:05 --> File loaded: C:\xampp\htdocs\ci\ussiweb\application\modules/admin/config/ion_auth.php
DEBUG - 2018-03-23 08:40:05 --> File loaded: C:\xampp\htdocs\ci\ussiweb\application\modules/admin/config/ion_auth.php
INFO - 2018-03-23 08:40:05 --> Email Class Initialized
INFO - 2018-03-23 08:40:05 --> Language file loaded: language/english/ion_auth_lang.php
INFO - 2018-03-23 08:40:05 --> Helper loaded: cookie_helper
INFO - 2018-03-23 08:40:05 --> Helper loaded: language_helper
DEBUG - 2018-03-23 08:40:05 --> Session: "sess_save_path" is empty; using "session.save_path" value from php.ini.
INFO - 2018-03-23 08:40:05 --> Session: Class initialized using 'files' driver.
INFO - 2018-03-23 08:40:05 --> Model Class Initialized
INFO - 2018-03-23 08:40:05 --> Helper loaded: date_helper
INFO - 2018-03-23 08:40:05 --> User Agent Class Initialized
DEBUG - 2018-03-23 08:40:05 --> File loaded: C:\xampp\htdocs\ci\ussiweb\application\modules/admin/config/autoload.php
DEBUG - 2018-03-23 08:40:05 --> File loaded: C:\xampp\htdocs\ci\ussiweb\application\modules/admin/config/form_validation.php
INFO - 2018-03-23 08:40:05 --> Helper loaded: form_helper
INFO - 2018-03-23 08:40:05 --> Form Validation Class Initialized
INFO - 2018-03-23 08:40:05 --> Model Class Initialized
INFO - 2018-03-23 08:40:05 --> Model Class Initialized
INFO - 2018-03-23 08:40:05 --> Model Class Initialized
INFO - 2018-03-23 08:40:05 --> Model Class Initialized
INFO - 2018-03-23 08:40:05 --> Model Class Initialized
INFO - 2018-03-23 08:40:05 --> Model Class Initialized
INFO - 2018-03-23 08:40:05 --> Model Class Initialized
INFO - 2018-03-23 08:40:05 --> Model Class Initialized
INFO - 2018-03-23 08:40:05 --> Model Class Initialized
INFO - 2018-03-23 08:40:05 --> Model Class Initialized
INFO - 2018-03-23 08:40:05 --> Model Class Initialized
INFO - 2018-03-23 08:40:05 --> Model Class Initialized
INFO - 2018-03-23 08:40:05 --> Controller Class Initialized
DEBUG - 2018-03-23 08:40:05 --> Login MX_Controller Initialized
DEBUG - 2018-03-23 08:40:05 --> File loaded: C:\xampp\htdocs\ci\ussiweb\application\modules/admin/config/autoload.php
DEBUG - 2018-03-23 14:40:05 --> File loaded: C:\xampp\htdocs\ci\ussiweb\application\modules/admin/config/form_validation.php
INFO - 2018-03-23 14:40:05 --> Language file loaded: language/english/form_validation_lang.php
INFO - 2018-03-23 08:40:05 --> Config Class Initialized
INFO - 2018-03-23 08:40:05 --> Hooks Class Initialized
DEBUG - 2018-03-23 08:40:05 --> UTF-8 Support Enabled
INFO - 2018-03-23 08:40:05 --> Utf8 Class Initialized
INFO - 2018-03-23 08:40:05 --> URI Class Initialized
DEBUG - 2018-03-23 08:40:05 --> File loaded: C:\xampp\htdocs\ci\ussiweb\application\modules/admin/config/routes.php
INFO - 2018-03-23 08:40:05 --> Router Class Initialized
INFO - 2018-03-23 08:40:05 --> Output Class Initialized
INFO - 2018-03-23 08:40:05 --> Security Class Initialized
DEBUG - 2018-03-23 08:40:05 --> Global POST, GET and COOKIE data sanitized
INFO - 2018-03-23 08:40:05 --> Input Class Initialized
INFO - 2018-03-23 08:40:05 --> Language Class Initialized
INFO - 2018-03-23 08:40:05 --> Language Class Initialized
INFO - 2018-03-23 08:40:05 --> Config Class Initialized
INFO - 2018-03-23 08:40:05 --> Loader Class Initialized
DEBUG - 2018-03-23 08:40:05 --> File loaded: C:\xampp\htdocs\ci\ussiweb\application\modules/admin/config/site.php
INFO - 2018-03-23 08:40:05 --> Helper loaded: url_helper
INFO - 2018-03-23 08:40:06 --> Helper loaded: inflector_helper
INFO - 2018-03-23 08:40:06 --> Helper loaded: string_helper
INFO - 2018-03-23 08:40:06 --> Helper loaded: array_helper
INFO - 2018-03-23 08:40:06 --> Database Driver Class Initialized
DEBUG - 2018-03-23 08:40:10 --> File loaded: C:\xampp\htdocs\ci\ussiweb\application\modules/admin/config/ion_auth.php
DEBUG - 2018-03-23 08:40:10 --> File loaded: C:\xampp\htdocs\ci\ussiweb\application\modules/admin/config/ion_auth.php
INFO - 2018-03-23 08:40:10 --> Email Class Initialized
INFO - 2018-03-23 08:40:10 --> Language file loaded: language/english/ion_auth_lang.php
INFO - 2018-03-23 08:40:10 --> Helper loaded: cookie_helper
INFO - 2018-03-23 08:40:10 --> Helper loaded: language_helper
DEBUG - 2018-03-23 08:40:10 --> Session: "sess_save_path" is empty; using "session.save_path" value from php.ini.
INFO - 2018-03-23 08:40:10 --> Session: Class initialized using 'files' driver.
INFO - 2018-03-23 08:40:10 --> Model Class Initialized
INFO - 2018-03-23 08:40:10 --> Helper loaded: date_helper
INFO - 2018-03-23 08:40:10 --> User Agent Class Initialized
DEBUG - 2018-03-23 08:40:10 --> File loaded: C:\xampp\htdocs\ci\ussiweb\application\modules/admin/config/autoload.php
DEBUG - 2018-03-23 08:40:10 --> File loaded: C:\xampp\htdocs\ci\ussiweb\application\modules/admin/config/form_validation.php
INFO - 2018-03-23 08:40:10 --> Helper loaded: form_helper
INFO - 2018-03-23 08:40:10 --> Form Validation Class Initialized
INFO - 2018-03-23 08:40:10 --> Model Class Initialized
INFO - 2018-03-23 08:40:10 --> Model Class Initialized
INFO - 2018-03-23 08:40:10 --> Model Class Initialized
INFO - 2018-03-23 08:40:10 --> Model Class Initialized
INFO - 2018-03-23 08:40:10 --> Model Class Initialized
INFO - 2018-03-23 08:40:10 --> Model Class Initialized
INFO - 2018-03-23 08:40:10 --> Model Class Initialized
INFO - 2018-03-23 08:40:10 --> Model Class Initialized
INFO - 2018-03-23 08:40:10 --> Model Class Initialized
INFO - 2018-03-23 08:40:10 --> Model Class Initialized
INFO - 2018-03-23 08:40:10 --> Model Class Initialized
INFO - 2018-03-23 08:40:10 --> Model Class Initialized
INFO - 2018-03-23 08:40:10 --> Controller Class Initialized
DEBUG - 2018-03-23 08:40:10 --> Home MX_Controller Initialized
DEBUG - 2018-03-23 08:40:10 --> File loaded: C:\xampp\htdocs\ci\ussiweb\application\modules/admin/config/autoload.php
INFO - 2018-03-23 14:40:10 --> Model Class Initialized
DEBUG - 2018-03-23 14:40:10 --> File loaded: C:\xampp\htdocs\ci\ussiweb\application\views\_base/head.php
DEBUG - 2018-03-23 14:40:10 --> File loaded: C:\xampp\htdocs\ci\ussiweb\application\modules/admin/views/_partials/navbar.php
DEBUG - 2018-03-23 14:40:10 --> File loaded: C:\xampp\htdocs\ci\ussiweb\application\modules/admin/views/_partials/sidemenu_search.php
DEBUG - 2018-03-23 14:40:10 --> File loaded: C:\xampp\htdocs\ci\ussiweb\application\modules/admin/views/_partials/sidemenu.php
DEBUG - 2018-03-23 14:40:10 --> File loaded: C:\xampp\htdocs\ci\ussiweb\application\modules/admin/views/_partials/breadcrumb.php
DEBUG - 2018-03-23 14:40:10 --> File loaded: C:\xampp\htdocs\ci\ussiweb\application\modules/admin/views/_partials/errorpage.php
DEBUG - 2018-03-23 14:40:10 --> File loaded: C:\xampp\htdocs\ci\ussiweb\application\controllers/../modules/adminlte/controllers/Widget.php
DEBUG - 2018-03-23 14:40:10 --> Widget MX_Controller Initialized
DEBUG - 2018-03-23 14:40:10 --> File loaded: C:\xampp\htdocs\ci\ussiweb\application\modules/admin/views/home.php
DEBUG - 2018-03-23 14:40:10 --> File loaded: C:\xampp\htdocs\ci\ussiweb\application\modules/admin/views/_partials/back_btn.php
DEBUG - 2018-03-23 14:40:10 --> File loaded: C:\xampp\htdocs\ci\ussiweb\application\modules/admin/views/_layouts/default.php
DEBUG - 2018-03-23 14:40:10 --> File loaded: C:\xampp\htdocs\ci\ussiweb\application\views\_partials/ga.php
DEBUG - 2018-03-23 14:40:10 --> File loaded: C:\xampp\htdocs\ci\ussiweb\application\views\_base/foot.php
INFO - 2018-03-23 14:40:10 --> Final output sent to browser
DEBUG - 2018-03-23 14:40:10 --> Total execution time: 4.7112
INFO - 2018-03-23 08:40:10 --> Config Class Initialized
INFO - 2018-03-23 08:40:10 --> Hooks Class Initialized
DEBUG - 2018-03-23 08:40:10 --> UTF-8 Support Enabled
INFO - 2018-03-23 08:40:10 --> Utf8 Class Initialized
INFO - 2018-03-23 08:40:10 --> URI Class Initialized
INFO - 2018-03-23 08:40:10 --> Router Class Initialized
INFO - 2018-03-23 08:40:10 --> Output Class Initialized
INFO - 2018-03-23 08:40:10 --> Security Class Initialized
DEBUG - 2018-03-23 08:40:10 --> Global POST, GET and COOKIE data sanitized
INFO - 2018-03-23 08:40:10 --> Input Class Initialized
INFO - 2018-03-23 08:40:10 --> Language Class Initialized
INFO - 2018-03-23 08:40:10 --> Language Class Initialized
INFO - 2018-03-23 08:40:10 --> Config Class Initialized
INFO - 2018-03-23 08:40:10 --> Loader Class Initialized
DEBUG - 2018-03-23 08:40:10 --> Config file loaded: C:\xampp\htdocs\ci\ussiweb\application\config/site.php
INFO - 2018-03-23 08:40:10 --> Helper loaded: url_helper
INFO - 2018-03-23 08:40:10 --> Helper loaded: inflector_helper
INFO - 2018-03-23 08:40:10 --> Helper loaded: string_helper
INFO - 2018-03-23 08:40:10 --> Helper loaded: array_helper
INFO - 2018-03-23 08:40:10 --> Database Driver Class Initialized
DEBUG - 2018-03-23 08:40:11 --> Config file loaded: C:\xampp\htdocs\ci\ussiweb\application\config/ion_auth.php
DEBUG - 2018-03-23 08:40:11 --> Config file loaded: C:\xampp\htdocs\ci\ussiweb\application\third_party/ion_auth/config/ion_auth.php
INFO - 2018-03-23 08:40:11 --> Email Class Initialized
INFO - 2018-03-23 08:40:11 --> Language file loaded: language/english/ion_auth_lang.php
INFO - 2018-03-23 08:40:11 --> Helper loaded: cookie_helper
INFO - 2018-03-23 08:40:11 --> Helper loaded: language_helper
DEBUG - 2018-03-23 08:40:11 --> Session: "sess_save_path" is empty; using "session.save_path" value from php.ini.
INFO - 2018-03-23 08:40:11 --> Session: Class initialized using 'files' driver.
INFO - 2018-03-23 08:40:11 --> Model Class Initialized
INFO - 2018-03-23 08:40:11 --> Helper loaded: date_helper
INFO - 2018-03-23 08:40:11 --> User Agent Class Initialized
INFO - 2018-03-23 08:40:11 --> Controller Class Initialized
ERROR - 2018-03-23 08:40:11 --> 404 Page Not Found: /index
INFO - 2018-03-23 08:42:52 --> Config Class Initialized
INFO - 2018-03-23 08:42:52 --> Hooks Class Initialized
DEBUG - 2018-03-23 08:42:52 --> UTF-8 Support Enabled
INFO - 2018-03-23 08:42:52 --> Utf8 Class Initialized
INFO - 2018-03-23 08:42:52 --> URI Class Initialized
DEBUG - 2018-03-23 08:42:53 --> File loaded: C:\xampp\htdocs\ci\ussiweb\application\modules/admin/config/routes.php
DEBUG - 2018-03-23 08:42:53 --> No URI present. Default controller set.
INFO - 2018-03-23 08:42:53 --> Router Class Initialized
INFO - 2018-03-23 08:42:53 --> Output Class Initialized
INFO - 2018-03-23 08:42:53 --> Security Class Initialized
DEBUG - 2018-03-23 08:42:53 --> Global POST, GET and COOKIE data sanitized
INFO - 2018-03-23 08:42:53 --> Input Class Initialized
INFO - 2018-03-23 08:42:53 --> Language Class Initialized
INFO - 2018-03-23 08:42:53 --> Language Class Initialized
INFO - 2018-03-23 08:42:53 --> Config Class Initialized
INFO - 2018-03-23 08:42:53 --> Loader Class Initialized
DEBUG - 2018-03-23 08:42:53 --> File loaded: C:\xampp\htdocs\ci\ussiweb\application\modules/admin/config/site.php
INFO - 2018-03-23 08:42:53 --> Helper loaded: url_helper
INFO - 2018-03-23 08:42:53 --> Helper loaded: inflector_helper
INFO - 2018-03-23 08:42:53 --> Helper loaded: string_helper
INFO - 2018-03-23 08:42:53 --> Helper loaded: array_helper
INFO - 2018-03-23 08:42:53 --> Database Driver Class Initialized
DEBUG - 2018-03-23 08:42:54 --> File loaded: C:\xampp\htdocs\ci\ussiweb\application\modules/admin/config/ion_auth.php
DEBUG - 2018-03-23 08:42:54 --> File loaded: C:\xampp\htdocs\ci\ussiweb\application\modules/admin/config/ion_auth.php
INFO - 2018-03-23 08:42:54 --> Email Class Initialized
INFO - 2018-03-23 08:42:54 --> Language file loaded: language/english/ion_auth_lang.php
INFO - 2018-03-23 08:42:54 --> Helper loaded: cookie_helper
INFO - 2018-03-23 08:42:54 --> Helper loaded: language_helper
DEBUG - 2018-03-23 08:42:54 --> Session: "sess_save_path" is empty; using "session.save_path" value from php.ini.
INFO - 2018-03-23 08:42:54 --> Session: Class initialized using 'files' driver.
INFO - 2018-03-23 08:42:54 --> Model Class Initialized
INFO - 2018-03-23 08:42:54 --> Helper loaded: date_helper
INFO - 2018-03-23 08:42:54 --> User Agent Class Initialized
DEBUG - 2018-03-23 08:42:54 --> File loaded: C:\xampp\htdocs\ci\ussiweb\application\modules/admin/config/autoload.php
DEBUG - 2018-03-23 08:42:54 --> File loaded: C:\xampp\htdocs\ci\ussiweb\application\modules/admin/config/form_validation.php
INFO - 2018-03-23 08:42:54 --> Helper loaded: form_helper
INFO - 2018-03-23 08:42:54 --> Form Validation Class Initialized
INFO - 2018-03-23 08:42:54 --> Model Class Initialized
INFO - 2018-03-23 08:42:54 --> Model Class Initialized
INFO - 2018-03-23 08:42:54 --> Model Class Initialized
INFO - 2018-03-23 08:42:54 --> Model Class Initialized
INFO - 2018-03-23 08:42:54 --> Model Class Initialized
INFO - 2018-03-23 08:42:54 --> Model Class Initialized
INFO - 2018-03-23 08:42:54 --> Model Class Initialized
INFO - 2018-03-23 08:42:54 --> Model Class Initialized
INFO - 2018-03-23 08:42:54 --> Model Class Initialized
INFO - 2018-03-23 08:42:54 --> Model Class Initialized
INFO - 2018-03-23 08:42:54 --> Model Class Initialized
INFO - 2018-03-23 08:42:54 --> Model Class Initialized
INFO - 2018-03-23 08:42:54 --> Controller Class Initialized
DEBUG - 2018-03-23 08:42:54 --> Login MX_Controller Initialized
DEBUG - 2018-03-23 08:42:54 --> File loaded: C:\xampp\htdocs\ci\ussiweb\application\modules/admin/config/autoload.php
DEBUG - 2018-03-23 14:42:54 --> File loaded: C:\xampp\htdocs\ci\ussiweb\application\modules/admin/config/form_validation.php
DEBUG - 2018-03-23 14:42:54 --> File loaded: C:\xampp\htdocs\ci\ussiweb\application\views\_base/head.php
DEBUG - 2018-03-23 14:42:54 --> File loaded: C:\xampp\htdocs\ci\ussiweb\application\modules/admin/views/login.php
DEBUG - 2018-03-23 14:42:54 --> File loaded: C:\xampp\htdocs\ci\ussiweb\application\views\_layouts/empty.php
DEBUG - 2018-03-23 14:42:54 --> File loaded: C:\xampp\htdocs\ci\ussiweb\application\views\_partials/ga.php
DEBUG - 2018-03-23 14:42:54 --> File loaded: C:\xampp\htdocs\ci\ussiweb\application\views\_base/foot.php
INFO - 2018-03-23 14:42:54 --> Final output sent to browser
DEBUG - 2018-03-23 14:42:54 --> Total execution time: 1.0920
INFO - 2018-03-23 08:44:27 --> Config Class Initialized
INFO - 2018-03-23 08:44:27 --> Hooks Class Initialized
DEBUG - 2018-03-23 08:44:27 --> UTF-8 Support Enabled
INFO - 2018-03-23 08:44:27 --> Utf8 Class Initialized
INFO - 2018-03-23 08:44:27 --> URI Class Initialized
DEBUG - 2018-03-23 08:44:27 --> File loaded: C:\xampp\htdocs\ci\ussiweb\application\modules/admin/config/routes.php
INFO - 2018-03-23 08:44:27 --> Router Class Initialized
INFO - 2018-03-23 08:44:27 --> Output Class Initialized
INFO - 2018-03-23 08:44:27 --> Security Class Initialized
DEBUG - 2018-03-23 08:44:27 --> Global POST, GET and COOKIE data sanitized
INFO - 2018-03-23 08:44:27 --> Input Class Initialized
INFO - 2018-03-23 08:44:27 --> Language Class Initialized
INFO - 2018-03-23 08:44:27 --> Language Class Initialized
INFO - 2018-03-23 08:44:27 --> Config Class Initialized
INFO - 2018-03-23 08:44:27 --> Loader Class Initialized
DEBUG - 2018-03-23 08:44:27 --> File loaded: C:\xampp\htdocs\ci\ussiweb\application\modules/admin/config/site.php
INFO - 2018-03-23 08:44:27 --> Helper loaded: url_helper
INFO - 2018-03-23 08:44:27 --> Helper loaded: inflector_helper
INFO - 2018-03-23 08:44:27 --> Helper loaded: string_helper
INFO - 2018-03-23 08:44:27 --> Helper loaded: array_helper
INFO - 2018-03-23 08:44:27 --> Database Driver Class Initialized
DEBUG - 2018-03-23 08:44:28 --> File loaded: C:\xampp\htdocs\ci\ussiweb\application\modules/admin/config/ion_auth.php
DEBUG - 2018-03-23 08:44:28 --> File loaded: C:\xampp\htdocs\ci\ussiweb\application\modules/admin/config/ion_auth.php
INFO - 2018-03-23 08:44:28 --> Email Class Initialized
INFO - 2018-03-23 08:44:28 --> Language file loaded: language/english/ion_auth_lang.php
INFO - 2018-03-23 08:44:28 --> Helper loaded: cookie_helper
INFO - 2018-03-23 08:44:28 --> Helper loaded: language_helper
DEBUG - 2018-03-23 08:44:28 --> Session: "sess_save_path" is empty; using "session.save_path" value from php.ini.
INFO - 2018-03-23 08:44:28 --> Session: Class initialized using 'files' driver.
INFO - 2018-03-23 08:44:28 --> Model Class Initialized
INFO - 2018-03-23 08:44:28 --> Helper loaded: date_helper
INFO - 2018-03-23 08:44:28 --> User Agent Class Initialized
DEBUG - 2018-03-23 08:44:28 --> File loaded: C:\xampp\htdocs\ci\ussiweb\application\modules/admin/config/autoload.php
DEBUG - 2018-03-23 08:44:28 --> File loaded: C:\xampp\htdocs\ci\ussiweb\application\modules/admin/config/form_validation.php
INFO - 2018-03-23 08:44:28 --> Helper loaded: form_helper
INFO - 2018-03-23 08:44:28 --> Form Validation Class Initialized
INFO - 2018-03-23 08:44:28 --> Model Class Initialized
INFO - 2018-03-23 08:44:28 --> Model Class Initialized
INFO - 2018-03-23 08:44:28 --> Model Class Initialized
INFO - 2018-03-23 08:44:28 --> Model Class Initialized
INFO - 2018-03-23 08:44:28 --> Model Class Initialized
INFO - 2018-03-23 08:44:28 --> Model Class Initialized
INFO - 2018-03-23 08:44:28 --> Model Class Initialized
INFO - 2018-03-23 08:44:28 --> Model Class Initialized
INFO - 2018-03-23 08:44:28 --> Model Class Initialized
INFO - 2018-03-23 08:44:28 --> Model Class Initialized
INFO - 2018-03-23 08:44:28 --> Model Class Initialized
INFO - 2018-03-23 08:44:28 --> Model Class Initialized
INFO - 2018-03-23 08:44:28 --> Controller Class Initialized
DEBUG - 2018-03-23 08:44:28 --> Com MX_Controller Initialized
DEBUG - 2018-03-23 08:44:28 --> File loaded: C:\xampp\htdocs\ci\ussiweb\application\modules/admin/config/autoload.php
DEBUG - 2018-03-23 14:44:28 --> File loaded: C:\xampp\htdocs\ci\ussiweb\application\modules/admin/config/grocery_crud.php
DEBUG - 2018-03-23 14:44:28 --> File loaded: C:\xampp\htdocs\ci\ussiweb\application\modules/admin/libraries/Grocery_CRUD.php
DEBUG - 2018-03-23 14:44:28 --> File loaded: C:\xampp\htdocs\ci\ussiweb\application\modules/admin/config/grocery_crud.php
DEBUG - 2018-03-23 14:44:28 --> File loaded: C:\xampp\htdocs\ci\ussiweb\application\modules/admin/models/Grocery_crud_model.php
INFO - 2018-03-23 14:44:28 --> Model Class Initialized
INFO - 2018-03-23 14:44:28 --> Model Class Initialized
DEBUG - 2018-03-23 14:44:29 --> File loaded: C:\xampp\htdocs\ci\ussiweb\application\views\_base/head.php
DEBUG - 2018-03-23 14:44:29 --> File loaded: C:\xampp\htdocs\ci\ussiweb\application\modules/admin/views/_partials/navbar.php
DEBUG - 2018-03-23 14:44:29 --> File loaded: C:\xampp\htdocs\ci\ussiweb\application\modules/admin/views/_partials/sidemenu_search.php
DEBUG - 2018-03-23 14:44:29 --> File loaded: C:\xampp\htdocs\ci\ussiweb\application\modules/admin/views/_partials/sidemenu.php
DEBUG - 2018-03-23 14:44:29 --> File loaded: C:\xampp\htdocs\ci\ussiweb\application\modules/admin/views/_partials/breadcrumb.php
DEBUG - 2018-03-23 14:44:29 --> File loaded: C:\xampp\htdocs\ci\ussiweb\application\modules/admin/views/_partials/errorpage.php
DEBUG - 2018-03-23 14:44:29 --> File loaded: C:\xampp\htdocs\ci\ussiweb\application\modules/admin/views/crud.php
DEBUG - 2018-03-23 14:44:29 --> File loaded: C:\xampp\htdocs\ci\ussiweb\application\modules/admin/views/_partials/back_btn.php
DEBUG - 2018-03-23 14:44:29 --> File loaded: C:\xampp\htdocs\ci\ussiweb\application\modules/admin/views/_layouts/default.php
DEBUG - 2018-03-23 14:44:29 --> File loaded: C:\xampp\htdocs\ci\ussiweb\application\views\_partials/ga.php
DEBUG - 2018-03-23 14:44:29 --> File loaded: C:\xampp\htdocs\ci\ussiweb\application\views\_base/foot.php
INFO - 2018-03-23 14:44:29 --> Final output sent to browser
DEBUG - 2018-03-23 14:44:29 --> Total execution time: 1.6380
INFO - 2018-03-23 08:44:29 --> Config Class Initialized
INFO - 2018-03-23 08:44:29 --> Hooks Class Initialized
DEBUG - 2018-03-23 08:44:29 --> UTF-8 Support Enabled
INFO - 2018-03-23 08:44:29 --> Utf8 Class Initialized
INFO - 2018-03-23 08:44:29 --> URI Class Initialized
INFO - 2018-03-23 08:44:29 --> Router Class Initialized
INFO - 2018-03-23 08:44:29 --> Output Class Initialized
INFO - 2018-03-23 08:44:29 --> Security Class Initialized
DEBUG - 2018-03-23 08:44:29 --> Global POST, GET and COOKIE data sanitized
INFO - 2018-03-23 08:44:29 --> Input Class Initialized
INFO - 2018-03-23 08:44:29 --> Language Class Initialized
INFO - 2018-03-23 08:44:29 --> Language Class Initialized
INFO - 2018-03-23 08:44:29 --> Config Class Initialized
INFO - 2018-03-23 08:44:29 --> Loader Class Initialized
DEBUG - 2018-03-23 08:44:29 --> Config file loaded: C:\xampp\htdocs\ci\ussiweb\application\config/site.php
INFO - 2018-03-23 08:44:29 --> Helper loaded: url_helper
INFO - 2018-03-23 08:44:29 --> Helper loaded: inflector_helper
INFO - 2018-03-23 08:44:29 --> Helper loaded: string_helper
INFO - 2018-03-23 08:44:29 --> Helper loaded: array_helper
INFO - 2018-03-23 08:44:29 --> Database Driver Class Initialized
DEBUG - 2018-03-23 08:44:30 --> Config file loaded: C:\xampp\htdocs\ci\ussiweb\application\config/ion_auth.php
DEBUG - 2018-03-23 08:44:30 --> Config file loaded: C:\xampp\htdocs\ci\ussiweb\application\third_party/ion_auth/config/ion_auth.php
INFO - 2018-03-23 08:44:30 --> Email Class Initialized
INFO - 2018-03-23 08:44:30 --> Language file loaded: language/english/ion_auth_lang.php
INFO - 2018-03-23 08:44:30 --> Helper loaded: cookie_helper
INFO - 2018-03-23 08:44:30 --> Helper loaded: language_helper
DEBUG - 2018-03-23 08:44:30 --> Session: "sess_save_path" is empty; using "session.save_path" value from php.ini.
INFO - 2018-03-23 08:44:30 --> Session: Class initialized using 'files' driver.
INFO - 2018-03-23 08:44:30 --> Model Class Initialized
INFO - 2018-03-23 08:44:30 --> Helper loaded: date_helper
INFO - 2018-03-23 08:44:30 --> User Agent Class Initialized
INFO - 2018-03-23 08:44:30 --> Controller Class Initialized
ERROR - 2018-03-23 08:44:30 --> 404 Page Not Found: /index
INFO - 2018-03-23 08:44:33 --> Config Class Initialized
INFO - 2018-03-23 08:44:33 --> Hooks Class Initialized
DEBUG - 2018-03-23 08:44:33 --> UTF-8 Support Enabled
INFO - 2018-03-23 08:44:33 --> Utf8 Class Initialized
INFO - 2018-03-23 08:44:33 --> URI Class Initialized
DEBUG - 2018-03-23 08:44:33 --> File loaded: C:\xampp\htdocs\ci\ussiweb\application\modules/admin/config/routes.php
INFO - 2018-03-23 08:44:33 --> Router Class Initialized
INFO - 2018-03-23 08:44:33 --> Output Class Initialized
INFO - 2018-03-23 08:44:33 --> Security Class Initialized
DEBUG - 2018-03-23 08:44:33 --> Global POST, GET and COOKIE data sanitized
INFO - 2018-03-23 08:44:33 --> Input Class Initialized
INFO - 2018-03-23 08:44:33 --> Language Class Initialized
INFO - 2018-03-23 08:44:33 --> Language Class Initialized
INFO - 2018-03-23 08:44:33 --> Config Class Initialized
INFO - 2018-03-23 08:44:33 --> Loader Class Initialized
DEBUG - 2018-03-23 08:44:33 --> File loaded: C:\xampp\htdocs\ci\ussiweb\application\modules/admin/config/site.php
INFO - 2018-03-23 08:44:33 --> Helper loaded: url_helper
INFO - 2018-03-23 08:44:33 --> Helper loaded: inflector_helper
INFO - 2018-03-23 08:44:33 --> Helper loaded: string_helper
INFO - 2018-03-23 08:44:33 --> Helper loaded: array_helper
INFO - 2018-03-23 08:44:33 --> Database Driver Class Initialized
DEBUG - 2018-03-23 08:44:34 --> File loaded: C:\xampp\htdocs\ci\ussiweb\application\modules/admin/config/ion_auth.php
DEBUG - 2018-03-23 08:44:34 --> File loaded: C:\xampp\htdocs\ci\ussiweb\application\modules/admin/config/ion_auth.php
INFO - 2018-03-23 08:44:34 --> Email Class Initialized
INFO - 2018-03-23 08:44:34 --> Language file loaded: language/english/ion_auth_lang.php
INFO - 2018-03-23 08:44:34 --> Helper loaded: cookie_helper
INFO - 2018-03-23 08:44:34 --> Helper loaded: language_helper
DEBUG - 2018-03-23 08:44:34 --> Session: "sess_save_path" is empty; using "session.save_path" value from php.ini.
INFO - 2018-03-23 08:44:34 --> Session: Class initialized using 'files' driver.
INFO - 2018-03-23 08:44:34 --> Model Class Initialized
INFO - 2018-03-23 08:44:34 --> Helper loaded: date_helper
INFO - 2018-03-23 08:44:34 --> User Agent Class Initialized
DEBUG - 2018-03-23 08:44:34 --> File loaded: C:\xampp\htdocs\ci\ussiweb\application\modules/admin/config/autoload.php
DEBUG - 2018-03-23 08:44:34 --> File loaded: C:\xampp\htdocs\ci\ussiweb\application\modules/admin/config/form_validation.php
INFO - 2018-03-23 08:44:34 --> Helper loaded: form_helper
INFO - 2018-03-23 08:44:34 --> Form Validation Class Initialized
INFO - 2018-03-23 08:44:34 --> Model Class Initialized
INFO - 2018-03-23 08:44:34 --> Model Class Initialized
INFO - 2018-03-23 08:44:34 --> Model Class Initialized
INFO - 2018-03-23 08:44:34 --> Model Class Initialized
INFO - 2018-03-23 08:44:34 --> Model Class Initialized
INFO - 2018-03-23 08:44:34 --> Model Class Initialized
INFO - 2018-03-23 08:44:34 --> Model Class Initialized
INFO - 2018-03-23 08:44:34 --> Model Class Initialized
INFO - 2018-03-23 08:44:34 --> Model Class Initialized
INFO - 2018-03-23 08:44:34 --> Model Class Initialized
INFO - 2018-03-23 08:44:34 --> Model Class Initialized
INFO - 2018-03-23 08:44:34 --> Model Class Initialized
INFO - 2018-03-23 08:44:34 --> Controller Class Initialized
DEBUG - 2018-03-23 08:44:34 --> Com MX_Controller Initialized
DEBUG - 2018-03-23 08:44:34 --> File loaded: C:\xampp\htdocs\ci\ussiweb\application\modules/admin/config/autoload.php
DEBUG - 2018-03-23 14:44:34 --> File loaded: C:\xampp\htdocs\ci\ussiweb\application\modules/admin/config/grocery_crud.php
DEBUG - 2018-03-23 14:44:34 --> File loaded: C:\xampp\htdocs\ci\ussiweb\application\modules/admin/libraries/Grocery_CRUD.php
DEBUG - 2018-03-23 14:44:34 --> File loaded: C:\xampp\htdocs\ci\ussiweb\application\modules/admin/config/grocery_crud.php
DEBUG - 2018-03-23 14:44:34 --> File loaded: C:\xampp\htdocs\ci\ussiweb\application\modules/admin/models/Grocery_crud_model.php
INFO - 2018-03-23 14:44:34 --> Model Class Initialized
INFO - 2018-03-23 14:44:34 --> Model Class Initialized
INFO - 2018-03-23 08:44:34 --> Config Class Initialized
INFO - 2018-03-23 08:44:34 --> Hooks Class Initialized
DEBUG - 2018-03-23 08:44:34 --> UTF-8 Support Enabled
INFO - 2018-03-23 08:44:34 --> Utf8 Class Initialized
INFO - 2018-03-23 08:44:34 --> URI Class Initialized
DEBUG - 2018-03-23 08:44:34 --> File loaded: C:\xampp\htdocs\ci\ussiweb\application\modules/admin/config/routes.php
INFO - 2018-03-23 08:44:34 --> Router Class Initialized
INFO - 2018-03-23 08:44:34 --> Output Class Initialized
INFO - 2018-03-23 08:44:34 --> Security Class Initialized
DEBUG - 2018-03-23 08:44:34 --> Global POST, GET and COOKIE data sanitized
INFO - 2018-03-23 08:44:34 --> Input Class Initialized
INFO - 2018-03-23 08:44:34 --> Language Class Initialized
INFO - 2018-03-23 08:44:34 --> Language Class Initialized
INFO - 2018-03-23 08:44:34 --> Config Class Initialized
INFO - 2018-03-23 08:44:34 --> Loader Class Initialized
DEBUG - 2018-03-23 08:44:34 --> File loaded: C:\xampp\htdocs\ci\ussiweb\application\modules/admin/config/site.php
INFO - 2018-03-23 08:44:34 --> Helper loaded: url_helper
INFO - 2018-03-23 08:44:34 --> Helper loaded: inflector_helper
INFO - 2018-03-23 08:44:34 --> Helper loaded: string_helper
INFO - 2018-03-23 08:44:34 --> Helper loaded: array_helper
INFO - 2018-03-23 08:44:34 --> Database Driver Class Initialized
DEBUG - 2018-03-23 08:44:35 --> File loaded: C:\xampp\htdocs\ci\ussiweb\application\modules/admin/config/ion_auth.php
DEBUG - 2018-03-23 08:44:35 --> File loaded: C:\xampp\htdocs\ci\ussiweb\application\modules/admin/config/ion_auth.php
INFO - 2018-03-23 08:44:35 --> Email Class Initialized
INFO - 2018-03-23 08:44:35 --> Language file loaded: language/english/ion_auth_lang.php
INFO - 2018-03-23 08:44:35 --> Helper loaded: cookie_helper
INFO - 2018-03-23 08:44:35 --> Helper loaded: language_helper
DEBUG - 2018-03-23 08:44:35 --> Session: "sess_save_path" is empty; using "session.save_path" value from php.ini.
INFO - 2018-03-23 08:44:35 --> Session: Class initialized using 'files' driver.
INFO - 2018-03-23 08:44:35 --> Model Class Initialized
INFO - 2018-03-23 08:44:35 --> Helper loaded: date_helper
INFO - 2018-03-23 08:44:35 --> User Agent Class Initialized
DEBUG - 2018-03-23 08:44:35 --> File loaded: C:\xampp\htdocs\ci\ussiweb\application\modules/admin/config/autoload.php
DEBUG - 2018-03-23 08:44:35 --> File loaded: C:\xampp\htdocs\ci\ussiweb\application\modules/admin/config/form_validation.php
INFO - 2018-03-23 08:44:35 --> Helper loaded: form_helper
INFO - 2018-03-23 08:44:35 --> Form Validation Class Initialized
INFO - 2018-03-23 08:44:35 --> Model Class Initialized
INFO - 2018-03-23 08:44:35 --> Model Class Initialized
INFO - 2018-03-23 08:44:35 --> Model Class Initialized
INFO - 2018-03-23 08:44:35 --> Model Class Initialized
INFO - 2018-03-23 08:44:35 --> Model Class Initialized
INFO - 2018-03-23 08:44:35 --> Model Class Initialized
INFO - 2018-03-23 08:44:35 --> Model Class Initialized
INFO - 2018-03-23 08:44:35 --> Model Class Initialized
INFO - 2018-03-23 08:44:35 --> Model Class Initialized
INFO - 2018-03-23 08:44:35 --> Model Class Initialized
INFO - 2018-03-23 08:44:35 --> Model Class Initialized
INFO - 2018-03-23 08:44:35 --> Model Class Initialized
INFO - 2018-03-23 08:44:35 --> Controller Class Initialized
DEBUG - 2018-03-23 08:44:35 --> Com MX_Controller Initialized
DEBUG - 2018-03-23 08:44:35 --> File loaded: C:\xampp\htdocs\ci\ussiweb\application\modules/admin/config/autoload.php
DEBUG - 2018-03-23 14:44:35 --> File loaded: C:\xampp\htdocs\ci\ussiweb\application\modules/admin/config/grocery_crud.php
DEBUG - 2018-03-23 14:44:35 --> File loaded: C:\xampp\htdocs\ci\ussiweb\application\modules/admin/libraries/Grocery_CRUD.php
DEBUG - 2018-03-23 14:44:35 --> File loaded: C:\xampp\htdocs\ci\ussiweb\application\modules/admin/config/grocery_crud.php
DEBUG - 2018-03-23 14:44:35 --> File loaded: C:\xampp\htdocs\ci\ussiweb\application\modules/admin/models/Grocery_crud_model.php
INFO - 2018-03-23 14:44:35 --> Model Class Initialized
INFO - 2018-03-23 14:44:35 --> Model Class Initialized
INFO - 2018-03-23 08:44:44 --> Config Class Initialized
INFO - 2018-03-23 08:44:44 --> Hooks Class Initialized
DEBUG - 2018-03-23 08:44:44 --> UTF-8 Support Enabled
INFO - 2018-03-23 08:44:44 --> Utf8 Class Initialized
INFO - 2018-03-23 08:44:44 --> URI Class Initialized
DEBUG - 2018-03-23 08:44:44 --> File loaded: C:\xampp\htdocs\ci\ussiweb\application\modules/admin/config/routes.php
INFO - 2018-03-23 08:44:44 --> Router Class Initialized
INFO - 2018-03-23 08:44:44 --> Output Class Initialized
INFO - 2018-03-23 08:44:44 --> Security Class Initialized
DEBUG - 2018-03-23 08:44:44 --> Global POST, GET and COOKIE data sanitized
INFO - 2018-03-23 08:44:44 --> Input Class Initialized
INFO - 2018-03-23 08:44:44 --> Language Class Initialized
INFO - 2018-03-23 08:44:44 --> Language Class Initialized
INFO - 2018-03-23 08:44:44 --> Config Class Initialized
INFO - 2018-03-23 08:44:44 --> Loader Class Initialized
DEBUG - 2018-03-23 08:44:44 --> File loaded: C:\xampp\htdocs\ci\ussiweb\application\modules/admin/config/site.php
INFO - 2018-03-23 08:44:44 --> Helper loaded: url_helper
INFO - 2018-03-23 08:44:44 --> Helper loaded: inflector_helper
INFO - 2018-03-23 08:44:44 --> Helper loaded: string_helper
INFO - 2018-03-23 08:44:44 --> Helper loaded: array_helper
INFO - 2018-03-23 08:44:44 --> Database Driver Class Initialized
DEBUG - 2018-03-23 08:44:45 --> File loaded: C:\xampp\htdocs\ci\ussiweb\application\modules/admin/config/ion_auth.php
DEBUG - 2018-03-23 08:44:45 --> File loaded: C:\xampp\htdocs\ci\ussiweb\application\modules/admin/config/ion_auth.php
INFO - 2018-03-23 08:44:45 --> Email Class Initialized
INFO - 2018-03-23 08:44:45 --> Language file loaded: language/english/ion_auth_lang.php
INFO - 2018-03-23 08:44:45 --> Helper loaded: cookie_helper
INFO - 2018-03-23 08:44:45 --> Helper loaded: language_helper
DEBUG - 2018-03-23 08:44:45 --> Session: "sess_save_path" is empty; using "session.save_path" value from php.ini.
INFO - 2018-03-23 08:44:45 --> Session: Class initialized using 'files' driver.
INFO - 2018-03-23 08:44:45 --> Model Class Initialized
INFO - 2018-03-23 08:44:45 --> Helper loaded: date_helper
INFO - 2018-03-23 08:44:45 --> User Agent Class Initialized
DEBUG - 2018-03-23 08:44:45 --> File loaded: C:\xampp\htdocs\ci\ussiweb\application\modules/admin/config/autoload.php
DEBUG - 2018-03-23 08:44:45 --> File loaded: C:\xampp\htdocs\ci\ussiweb\application\modules/admin/config/form_validation.php
INFO - 2018-03-23 08:44:45 --> Helper loaded: form_helper
INFO - 2018-03-23 08:44:45 --> Form Validation Class Initialized
INFO - 2018-03-23 08:44:45 --> Model Class Initialized
INFO - 2018-03-23 08:44:45 --> Model Class Initialized
INFO - 2018-03-23 08:44:45 --> Model Class Initialized
INFO - 2018-03-23 08:44:45 --> Model Class Initialized
INFO - 2018-03-23 08:44:45 --> Model Class Initialized
INFO - 2018-03-23 08:44:45 --> Model Class Initialized
INFO - 2018-03-23 08:44:45 --> Model Class Initialized
INFO - 2018-03-23 08:44:45 --> Model Class Initialized
INFO - 2018-03-23 08:44:45 --> Model Class Initialized
INFO - 2018-03-23 08:44:45 --> Model Class Initialized
INFO - 2018-03-23 08:44:45 --> Model Class Initialized
INFO - 2018-03-23 08:44:45 --> Model Class Initialized
INFO - 2018-03-23 08:44:45 --> Controller Class Initialized
DEBUG - 2018-03-23 08:44:45 --> Com MX_Controller Initialized
DEBUG - 2018-03-23 08:44:45 --> File loaded: C:\xampp\htdocs\ci\ussiweb\application\modules/admin/config/autoload.php
DEBUG - 2018-03-23 14:44:46 --> File loaded: C:\xampp\htdocs\ci\ussiweb\application\modules/admin/config/grocery_crud.php
DEBUG - 2018-03-23 14:44:46 --> File loaded: C:\xampp\htdocs\ci\ussiweb\application\modules/admin/libraries/Grocery_CRUD.php
DEBUG - 2018-03-23 14:44:46 --> File loaded: C:\xampp\htdocs\ci\ussiweb\application\modules/admin/config/grocery_crud.php
DEBUG - 2018-03-23 14:44:46 --> File loaded: C:\xampp\htdocs\ci\ussiweb\application\modules/admin/models/Grocery_crud_model.php
INFO - 2018-03-23 14:44:46 --> Model Class Initialized
INFO - 2018-03-23 14:44:46 --> Model Class Initialized
INFO - 2018-03-23 08:44:46 --> Config Class Initialized
INFO - 2018-03-23 08:44:46 --> Hooks Class Initialized
DEBUG - 2018-03-23 08:44:46 --> UTF-8 Support Enabled
INFO - 2018-03-23 08:44:46 --> Utf8 Class Initialized
INFO - 2018-03-23 08:44:46 --> URI Class Initialized
DEBUG - 2018-03-23 08:44:46 --> File loaded: C:\xampp\htdocs\ci\ussiweb\application\modules/admin/config/routes.php
INFO - 2018-03-23 08:44:46 --> Router Class Initialized
INFO - 2018-03-23 08:44:46 --> Output Class Initialized
INFO - 2018-03-23 08:44:46 --> Security Class Initialized
DEBUG - 2018-03-23 08:44:46 --> Global POST, GET and COOKIE data sanitized
INFO - 2018-03-23 08:44:46 --> Input Class Initialized
INFO - 2018-03-23 08:44:46 --> Language Class Initialized
INFO - 2018-03-23 08:44:46 --> Language Class Initialized
INFO - 2018-03-23 08:44:46 --> Config Class Initialized
INFO - 2018-03-23 08:44:46 --> Loader Class Initialized
DEBUG - 2018-03-23 08:44:46 --> File loaded: C:\xampp\htdocs\ci\ussiweb\application\modules/admin/config/site.php
INFO - 2018-03-23 08:44:46 --> Helper loaded: url_helper
INFO - 2018-03-23 08:44:46 --> Helper loaded: inflector_helper
INFO - 2018-03-23 08:44:46 --> Helper loaded: string_helper
INFO - 2018-03-23 08:44:46 --> Helper loaded: array_helper
INFO - 2018-03-23 08:44:46 --> Database Driver Class Initialized
DEBUG - 2018-03-23 08:44:47 --> File loaded: C:\xampp\htdocs\ci\ussiweb\application\modules/admin/config/ion_auth.php
DEBUG - 2018-03-23 08:44:47 --> File loaded: C:\xampp\htdocs\ci\ussiweb\application\modules/admin/config/ion_auth.php
INFO - 2018-03-23 08:44:47 --> Email Class Initialized
INFO - 2018-03-23 08:44:47 --> Language file loaded: language/english/ion_auth_lang.php
INFO - 2018-03-23 08:44:47 --> Helper loaded: cookie_helper
INFO - 2018-03-23 08:44:47 --> Helper loaded: language_helper
DEBUG - 2018-03-23 08:44:47 --> Session: "sess_save_path" is empty; using "session.save_path" value from php.ini.
INFO - 2018-03-23 08:44:47 --> Session: Class initialized using 'files' driver.
INFO - 2018-03-23 08:44:47 --> Model Class Initialized
INFO - 2018-03-23 08:44:47 --> Helper loaded: date_helper
INFO - 2018-03-23 08:44:47 --> User Agent Class Initialized
DEBUG - 2018-03-23 08:44:47 --> File loaded: C:\xampp\htdocs\ci\ussiweb\application\modules/admin/config/autoload.php
DEBUG - 2018-03-23 08:44:47 --> File loaded: C:\xampp\htdocs\ci\ussiweb\application\modules/admin/config/form_validation.php
INFO - 2018-03-23 08:44:47 --> Helper loaded: form_helper
INFO - 2018-03-23 08:44:47 --> Form Validation Class Initialized
INFO - 2018-03-23 08:44:47 --> Model Class Initialized
INFO - 2018-03-23 08:44:47 --> Model Class Initialized
INFO - 2018-03-23 08:44:47 --> Model Class Initialized
INFO - 2018-03-23 08:44:47 --> Model Class Initialized
INFO - 2018-03-23 08:44:47 --> Model Class Initialized
INFO - 2018-03-23 08:44:47 --> Model Class Initialized
INFO - 2018-03-23 08:44:47 --> Model Class Initialized
INFO - 2018-03-23 08:44:47 --> Model Class Initialized
INFO - 2018-03-23 08:44:47 --> Model Class Initialized
INFO - 2018-03-23 08:44:47 --> Model Class Initialized
INFO - 2018-03-23 08:44:47 --> Model Class Initialized
INFO - 2018-03-23 08:44:47 --> Model Class Initialized
INFO - 2018-03-23 08:44:47 --> Controller Class Initialized
DEBUG - 2018-03-23 08:44:47 --> Com MX_Controller Initialized
DEBUG - 2018-03-23 08:44:47 --> File loaded: C:\xampp\htdocs\ci\ussiweb\application\modules/admin/config/autoload.php
DEBUG - 2018-03-23 14:44:47 --> File loaded: C:\xampp\htdocs\ci\ussiweb\application\modules/admin/config/grocery_crud.php
DEBUG - 2018-03-23 14:44:47 --> File loaded: C:\xampp\htdocs\ci\ussiweb\application\modules/admin/libraries/Grocery_CRUD.php
DEBUG - 2018-03-23 14:44:47 --> File loaded: C:\xampp\htdocs\ci\ussiweb\application\modules/admin/config/grocery_crud.php
DEBUG - 2018-03-23 14:44:47 --> File loaded: C:\xampp\htdocs\ci\ussiweb\application\modules/admin/models/Grocery_crud_model.php
INFO - 2018-03-23 14:44:47 --> Model Class Initialized
INFO - 2018-03-23 14:44:47 --> Model Class Initialized
INFO - 2018-03-23 08:44:50 --> Config Class Initialized
INFO - 2018-03-23 08:44:50 --> Hooks Class Initialized
DEBUG - 2018-03-23 08:44:50 --> UTF-8 Support Enabled
INFO - 2018-03-23 08:44:50 --> Utf8 Class Initialized
INFO - 2018-03-23 08:44:50 --> URI Class Initialized
DEBUG - 2018-03-23 08:44:50 --> File loaded: C:\xampp\htdocs\ci\ussiweb\application\modules/admin/config/routes.php
INFO - 2018-03-23 08:44:50 --> Router Class Initialized
INFO - 2018-03-23 08:44:50 --> Output Class Initialized
INFO - 2018-03-23 08:44:50 --> Security Class Initialized
DEBUG - 2018-03-23 08:44:50 --> Global POST, GET and COOKIE data sanitized
INFO - 2018-03-23 08:44:50 --> Input Class Initialized
INFO - 2018-03-23 08:44:50 --> Language Class Initialized
INFO - 2018-03-23 08:44:50 --> Language Class Initialized
INFO - 2018-03-23 08:44:50 --> Config Class Initialized
INFO - 2018-03-23 08:44:50 --> Loader Class Initialized
DEBUG - 2018-03-23 08:44:50 --> File loaded: C:\xampp\htdocs\ci\ussiweb\application\modules/admin/config/site.php
INFO - 2018-03-23 08:44:50 --> Helper loaded: url_helper
INFO - 2018-03-23 08:44:50 --> Helper loaded: inflector_helper
INFO - 2018-03-23 08:44:50 --> Helper loaded: string_helper
INFO - 2018-03-23 08:44:50 --> Helper loaded: array_helper
INFO - 2018-03-23 08:44:50 --> Database Driver Class Initialized
DEBUG - 2018-03-23 08:44:51 --> File loaded: C:\xampp\htdocs\ci\ussiweb\application\modules/admin/config/ion_auth.php
DEBUG - 2018-03-23 08:44:51 --> File loaded: C:\xampp\htdocs\ci\ussiweb\application\modules/admin/config/ion_auth.php
INFO - 2018-03-23 08:44:51 --> Email Class Initialized
INFO - 2018-03-23 08:44:51 --> Language file loaded: language/english/ion_auth_lang.php
INFO - 2018-03-23 08:44:51 --> Helper loaded: cookie_helper
INFO - 2018-03-23 08:44:51 --> Helper loaded: language_helper
DEBUG - 2018-03-23 08:44:51 --> Session: "sess_save_path" is empty; using "session.save_path" value from php.ini.
INFO - 2018-03-23 08:44:51 --> Session: Class initialized using 'files' driver.
INFO - 2018-03-23 08:44:51 --> Model Class Initialized
INFO - 2018-03-23 08:44:51 --> Helper loaded: date_helper
INFO - 2018-03-23 08:44:51 --> User Agent Class Initialized
DEBUG - 2018-03-23 08:44:51 --> File loaded: C:\xampp\htdocs\ci\ussiweb\application\modules/admin/config/autoload.php
DEBUG - 2018-03-23 08:44:51 --> File loaded: C:\xampp\htdocs\ci\ussiweb\application\modules/admin/config/form_validation.php
INFO - 2018-03-23 08:44:51 --> Helper loaded: form_helper
INFO - 2018-03-23 08:44:51 --> Form Validation Class Initialized
INFO - 2018-03-23 08:44:51 --> Model Class Initialized
INFO - 2018-03-23 08:44:51 --> Model Class Initialized
INFO - 2018-03-23 08:44:51 --> Model Class Initialized
INFO - 2018-03-23 08:44:51 --> Model Class Initialized
INFO - 2018-03-23 08:44:51 --> Model Class Initialized
INFO - 2018-03-23 08:44:51 --> Model Class Initialized
INFO - 2018-03-23 08:44:51 --> Model Class Initialized
INFO - 2018-03-23 08:44:51 --> Model Class Initialized
INFO - 2018-03-23 08:44:51 --> Model Class Initialized
INFO - 2018-03-23 08:44:51 --> Model Class Initialized
INFO - 2018-03-23 08:44:51 --> Model Class Initialized
INFO - 2018-03-23 08:44:51 --> Model Class Initialized
INFO - 2018-03-23 08:44:51 --> Controller Class Initialized
DEBUG - 2018-03-23 08:44:51 --> Com MX_Controller Initialized
DEBUG - 2018-03-23 08:44:51 --> File loaded: C:\xampp\htdocs\ci\ussiweb\application\modules/admin/config/autoload.php
DEBUG - 2018-03-23 14:44:51 --> File loaded: C:\xampp\htdocs\ci\ussiweb\application\modules/admin/config/grocery_crud.php
DEBUG - 2018-03-23 14:44:51 --> File loaded: C:\xampp\htdocs\ci\ussiweb\application\modules/admin/libraries/Grocery_CRUD.php
DEBUG - 2018-03-23 14:44:51 --> File loaded: C:\xampp\htdocs\ci\ussiweb\application\modules/admin/config/grocery_crud.php
DEBUG - 2018-03-23 14:44:51 --> File loaded: C:\xampp\htdocs\ci\ussiweb\application\modules/admin/models/Grocery_crud_model.php
INFO - 2018-03-23 14:44:51 --> Model Class Initialized
INFO - 2018-03-23 14:44:51 --> Model Class Initialized
INFO - 2018-03-23 08:44:51 --> Config Class Initialized
INFO - 2018-03-23 08:44:51 --> Hooks Class Initialized
DEBUG - 2018-03-23 08:44:51 --> UTF-8 Support Enabled
INFO - 2018-03-23 08:44:51 --> Utf8 Class Initialized
INFO - 2018-03-23 08:44:51 --> URI Class Initialized
DEBUG - 2018-03-23 08:44:51 --> File loaded: C:\xampp\htdocs\ci\ussiweb\application\modules/admin/config/routes.php
INFO - 2018-03-23 08:44:51 --> Router Class Initialized
INFO - 2018-03-23 08:44:51 --> Output Class Initialized
INFO - 2018-03-23 08:44:51 --> Security Class Initialized
DEBUG - 2018-03-23 08:44:51 --> Global POST, GET and COOKIE data sanitized
INFO - 2018-03-23 08:44:51 --> Input Class Initialized
INFO - 2018-03-23 08:44:51 --> Language Class Initialized
INFO - 2018-03-23 08:44:51 --> Language Class Initialized
INFO - 2018-03-23 08:44:51 --> Config Class Initialized
INFO - 2018-03-23 08:44:51 --> Loader Class Initialized
DEBUG - 2018-03-23 08:44:51 --> File loaded: C:\xampp\htdocs\ci\ussiweb\application\modules/admin/config/site.php
INFO - 2018-03-23 08:44:51 --> Helper loaded: url_helper
INFO - 2018-03-23 08:44:51 --> Helper loaded: inflector_helper
INFO - 2018-03-23 08:44:51 --> Helper loaded: string_helper
INFO - 2018-03-23 08:44:51 --> Helper loaded: array_helper
INFO - 2018-03-23 08:44:51 --> Database Driver Class Initialized
DEBUG - 2018-03-23 08:44:52 --> File loaded: C:\xampp\htdocs\ci\ussiweb\application\modules/admin/config/ion_auth.php
DEBUG - 2018-03-23 08:44:52 --> File loaded: C:\xampp\htdocs\ci\ussiweb\application\modules/admin/config/ion_auth.php
INFO - 2018-03-23 08:44:52 --> Email Class Initialized
INFO - 2018-03-23 08:44:52 --> Language file loaded: language/english/ion_auth_lang.php
INFO - 2018-03-23 08:44:52 --> Helper loaded: cookie_helper
INFO - 2018-03-23 08:44:52 --> Helper loaded: language_helper
DEBUG - 2018-03-23 08:44:52 --> Session: "sess_save_path" is empty; using "session.save_path" value from php.ini.
INFO - 2018-03-23 08:44:52 --> Session: Class initialized using 'files' driver.
INFO - 2018-03-23 08:44:52 --> Model Class Initialized
INFO - 2018-03-23 08:44:52 --> Helper loaded: date_helper
INFO - 2018-03-23 08:44:52 --> User Agent Class Initialized
DEBUG - 2018-03-23 08:44:52 --> File loaded: C:\xampp\htdocs\ci\ussiweb\application\modules/admin/config/autoload.php
DEBUG - 2018-03-23 08:44:52 --> File loaded: C:\xampp\htdocs\ci\ussiweb\application\modules/admin/config/form_validation.php
INFO - 2018-03-23 08:44:52 --> Helper loaded: form_helper
INFO - 2018-03-23 08:44:52 --> Form Validation Class Initialized
INFO - 2018-03-23 08:44:52 --> Model Class Initialized
INFO - 2018-03-23 08:44:52 --> Model Class Initialized
INFO - 2018-03-23 08:44:52 --> Model Class Initialized
INFO - 2018-03-23 08:44:52 --> Model Class Initialized
INFO - 2018-03-23 08:44:52 --> Model Class Initialized
INFO - 2018-03-23 08:44:52 --> Model Class Initialized
INFO - 2018-03-23 08:44:52 --> Model Class Initialized
INFO - 2018-03-23 08:44:52 --> Model Class Initialized
INFO - 2018-03-23 08:44:52 --> Model Class Initialized
INFO - 2018-03-23 08:44:52 --> Model Class Initialized
INFO - 2018-03-23 08:44:52 --> Model Class Initialized
INFO - 2018-03-23 08:44:52 --> Model Class Initialized
INFO - 2018-03-23 08:44:52 --> Controller Class Initialized
DEBUG - 2018-03-23 08:44:52 --> Com MX_Controller Initialized
DEBUG - 2018-03-23 08:44:52 --> File loaded: C:\xampp\htdocs\ci\ussiweb\application\modules/admin/config/autoload.php
DEBUG - 2018-03-23 14:44:52 --> File loaded: C:\xampp\htdocs\ci\ussiweb\application\modules/admin/config/grocery_crud.php
DEBUG - 2018-03-23 14:44:52 --> File loaded: C:\xampp\htdocs\ci\ussiweb\application\modules/admin/libraries/Grocery_CRUD.php
DEBUG - 2018-03-23 14:44:52 --> File loaded: C:\xampp\htdocs\ci\ussiweb\application\modules/admin/config/grocery_crud.php
DEBUG - 2018-03-23 14:44:52 --> File loaded: C:\xampp\htdocs\ci\ussiweb\application\modules/admin/models/Grocery_crud_model.php
INFO - 2018-03-23 14:44:52 --> Model Class Initialized
INFO - 2018-03-23 14:44:52 --> Model Class Initialized
INFO - 2018-03-23 08:44:57 --> Config Class Initialized
INFO - 2018-03-23 08:44:57 --> Hooks Class Initialized
DEBUG - 2018-03-23 08:44:57 --> UTF-8 Support Enabled
INFO - 2018-03-23 08:44:57 --> Utf8 Class Initialized
INFO - 2018-03-23 08:44:57 --> URI Class Initialized
DEBUG - 2018-03-23 08:44:57 --> File loaded: C:\xampp\htdocs\ci\ussiweb\application\modules/admin/config/routes.php
INFO - 2018-03-23 08:44:57 --> Router Class Initialized
INFO - 2018-03-23 08:44:57 --> Output Class Initialized
INFO - 2018-03-23 08:44:57 --> Security Class Initialized
DEBUG - 2018-03-23 08:44:57 --> Global POST, GET and COOKIE data sanitized
INFO - 2018-03-23 08:44:57 --> Input Class Initialized
INFO - 2018-03-23 08:44:57 --> Language Class Initialized
INFO - 2018-03-23 08:44:57 --> Language Class Initialized
INFO - 2018-03-23 08:44:57 --> Config Class Initialized
INFO - 2018-03-23 08:44:57 --> Loader Class Initialized
DEBUG - 2018-03-23 08:44:57 --> File loaded: C:\xampp\htdocs\ci\ussiweb\application\modules/admin/config/site.php
INFO - 2018-03-23 08:44:57 --> Helper loaded: url_helper
INFO - 2018-03-23 08:44:57 --> Helper loaded: inflector_helper
INFO - 2018-03-23 08:44:57 --> Helper loaded: string_helper
INFO - 2018-03-23 08:44:57 --> Helper loaded: array_helper
INFO - 2018-03-23 08:44:57 --> Database Driver Class Initialized
DEBUG - 2018-03-23 08:44:58 --> File loaded: C:\xampp\htdocs\ci\ussiweb\application\modules/admin/config/ion_auth.php
DEBUG - 2018-03-23 08:44:58 --> File loaded: C:\xampp\htdocs\ci\ussiweb\application\modules/admin/config/ion_auth.php
INFO - 2018-03-23 08:44:58 --> Email Class Initialized
INFO - 2018-03-23 08:44:58 --> Language file loaded: language/english/ion_auth_lang.php
INFO - 2018-03-23 08:44:58 --> Helper loaded: cookie_helper
INFO - 2018-03-23 08:44:58 --> Helper loaded: language_helper
DEBUG - 2018-03-23 08:44:58 --> Session: "sess_save_path" is empty; using "session.save_path" value from php.ini.
INFO - 2018-03-23 08:44:58 --> Session: Class initialized using 'files' driver.
INFO - 2018-03-23 08:44:58 --> Model Class Initialized
INFO - 2018-03-23 08:44:58 --> Helper loaded: date_helper
INFO - 2018-03-23 08:44:58 --> User Agent Class Initialized
DEBUG - 2018-03-23 08:44:58 --> File loaded: C:\xampp\htdocs\ci\ussiweb\application\modules/admin/config/autoload.php
DEBUG - 2018-03-23 08:44:58 --> File loaded: C:\xampp\htdocs\ci\ussiweb\application\modules/admin/config/form_validation.php
INFO - 2018-03-23 08:44:58 --> Helper loaded: form_helper
INFO - 2018-03-23 08:44:58 --> Form Validation Class Initialized
INFO - 2018-03-23 08:44:58 --> Model Class Initialized
INFO - 2018-03-23 08:44:58 --> Model Class Initialized
INFO - 2018-03-23 08:44:58 --> Model Class Initialized
INFO - 2018-03-23 08:44:58 --> Model Class Initialized
INFO - 2018-03-23 08:44:58 --> Model Class Initialized
INFO - 2018-03-23 08:44:58 --> Model Class Initialized
INFO - 2018-03-23 08:44:58 --> Model Class Initialized
INFO - 2018-03-23 08:44:58 --> Model Class Initialized
INFO - 2018-03-23 08:44:58 --> Model Class Initialized
INFO - 2018-03-23 08:44:58 --> Model Class Initialized
INFO - 2018-03-23 08:44:58 --> Model Class Initialized
INFO - 2018-03-23 08:44:58 --> Model Class Initialized
INFO - 2018-03-23 08:44:58 --> Controller Class Initialized
DEBUG - 2018-03-23 08:44:58 --> Com MX_Controller Initialized
DEBUG - 2018-03-23 08:44:58 --> File loaded: C:\xampp\htdocs\ci\ussiweb\application\modules/admin/config/autoload.php
DEBUG - 2018-03-23 14:44:58 --> File loaded: C:\xampp\htdocs\ci\ussiweb\application\modules/admin/config/grocery_crud.php
DEBUG - 2018-03-23 14:44:58 --> File loaded: C:\xampp\htdocs\ci\ussiweb\application\modules/admin/libraries/Grocery_CRUD.php
DEBUG - 2018-03-23 14:44:58 --> File loaded: C:\xampp\htdocs\ci\ussiweb\application\modules/admin/config/grocery_crud.php
DEBUG - 2018-03-23 14:44:58 --> File loaded: C:\xampp\htdocs\ci\ussiweb\application\modules/admin/models/Grocery_crud_model.php
INFO - 2018-03-23 14:44:58 --> Model Class Initialized
INFO - 2018-03-23 14:44:58 --> Model Class Initialized
INFO - 2018-03-23 08:44:58 --> Config Class Initialized
INFO - 2018-03-23 08:44:58 --> Hooks Class Initialized
DEBUG - 2018-03-23 08:44:58 --> UTF-8 Support Enabled
INFO - 2018-03-23 08:44:58 --> Utf8 Class Initialized
INFO - 2018-03-23 08:44:58 --> URI Class Initialized
DEBUG - 2018-03-23 08:44:58 --> File loaded: C:\xampp\htdocs\ci\ussiweb\application\modules/admin/config/routes.php
INFO - 2018-03-23 08:44:58 --> Router Class Initialized
INFO - 2018-03-23 08:44:58 --> Output Class Initialized
INFO - 2018-03-23 08:44:58 --> Security Class Initialized
DEBUG - 2018-03-23 08:44:58 --> Global POST, GET and COOKIE data sanitized
INFO - 2018-03-23 08:44:58 --> Input Class Initialized
INFO - 2018-03-23 08:44:58 --> Language Class Initialized
INFO - 2018-03-23 08:44:58 --> Language Class Initialized
INFO - 2018-03-23 08:44:58 --> Config Class Initialized
INFO - 2018-03-23 08:44:58 --> Loader Class Initialized
DEBUG - 2018-03-23 08:44:58 --> File loaded: C:\xampp\htdocs\ci\ussiweb\application\modules/admin/config/site.php
INFO - 2018-03-23 08:44:58 --> Helper loaded: url_helper
INFO - 2018-03-23 08:44:58 --> Helper loaded: inflector_helper
INFO - 2018-03-23 08:44:58 --> Helper loaded: string_helper
INFO - 2018-03-23 08:44:58 --> Helper loaded: array_helper
INFO - 2018-03-23 08:44:58 --> Database Driver Class Initialized
DEBUG - 2018-03-23 08:44:59 --> File loaded: C:\xampp\htdocs\ci\ussiweb\application\modules/admin/config/ion_auth.php
DEBUG - 2018-03-23 08:44:59 --> File loaded: C:\xampp\htdocs\ci\ussiweb\application\modules/admin/config/ion_auth.php
INFO - 2018-03-23 08:44:59 --> Email Class Initialized
INFO - 2018-03-23 08:44:59 --> Language file loaded: language/english/ion_auth_lang.php
INFO - 2018-03-23 08:44:59 --> Helper loaded: cookie_helper
INFO - 2018-03-23 08:44:59 --> Helper loaded: language_helper
DEBUG - 2018-03-23 08:44:59 --> Session: "sess_save_path" is empty; using "session.save_path" value from php.ini.
INFO - 2018-03-23 08:44:59 --> Session: Class initialized using 'files' driver.
INFO - 2018-03-23 08:44:59 --> Model Class Initialized
INFO - 2018-03-23 08:44:59 --> Helper loaded: date_helper
INFO - 2018-03-23 08:44:59 --> User Agent Class Initialized
DEBUG - 2018-03-23 08:44:59 --> File loaded: C:\xampp\htdocs\ci\ussiweb\application\modules/admin/config/autoload.php
DEBUG - 2018-03-23 08:44:59 --> File loaded: C:\xampp\htdocs\ci\ussiweb\application\modules/admin/config/form_validation.php
INFO - 2018-03-23 08:44:59 --> Helper loaded: form_helper
INFO - 2018-03-23 08:44:59 --> Form Validation Class Initialized
INFO - 2018-03-23 08:44:59 --> Model Class Initialized
INFO - 2018-03-23 08:44:59 --> Model Class Initialized
INFO - 2018-03-23 08:44:59 --> Model Class Initialized
INFO - 2018-03-23 08:44:59 --> Model Class Initialized
INFO - 2018-03-23 08:44:59 --> Model Class Initialized
INFO - 2018-03-23 08:44:59 --> Model Class Initialized
INFO - 2018-03-23 08:44:59 --> Model Class Initialized
INFO - 2018-03-23 08:44:59 --> Model Class Initialized
INFO - 2018-03-23 08:44:59 --> Model Class Initialized
INFO - 2018-03-23 08:44:59 --> Model Class Initialized
INFO - 2018-03-23 08:44:59 --> Model Class Initialized
INFO - 2018-03-23 08:44:59 --> Model Class Initialized
INFO - 2018-03-23 08:44:59 --> Controller Class Initialized
DEBUG - 2018-03-23 08:44:59 --> Com MX_Controller Initialized
DEBUG - 2018-03-23 08:44:59 --> File loaded: C:\xampp\htdocs\ci\ussiweb\application\modules/admin/config/autoload.php
DEBUG - 2018-03-23 14:44:59 --> File loaded: C:\xampp\htdocs\ci\ussiweb\application\modules/admin/config/grocery_crud.php
DEBUG - 2018-03-23 14:44:59 --> File loaded: C:\xampp\htdocs\ci\ussiweb\application\modules/admin/libraries/Grocery_CRUD.php
DEBUG - 2018-03-23 14:44:59 --> File loaded: C:\xampp\htdocs\ci\ussiweb\application\modules/admin/config/grocery_crud.php
DEBUG - 2018-03-23 14:44:59 --> File loaded: C:\xampp\htdocs\ci\ussiweb\application\modules/admin/models/Grocery_crud_model.php
INFO - 2018-03-23 14:44:59 --> Model Class Initialized
INFO - 2018-03-23 14:44:59 --> Model Class Initialized
INFO - 2018-03-23 08:45:06 --> Config Class Initialized
INFO - 2018-03-23 08:45:06 --> Hooks Class Initialized
DEBUG - 2018-03-23 08:45:06 --> UTF-8 Support Enabled
INFO - 2018-03-23 08:45:06 --> Utf8 Class Initialized
INFO - 2018-03-23 08:45:06 --> URI Class Initialized
DEBUG - 2018-03-23 08:45:06 --> File loaded: C:\xampp\htdocs\ci\ussiweb\application\modules/admin/config/routes.php
INFO - 2018-03-23 08:45:06 --> Router Class Initialized
INFO - 2018-03-23 08:45:06 --> Output Class Initialized
INFO - 2018-03-23 08:45:06 --> Security Class Initialized
DEBUG - 2018-03-23 08:45:06 --> Global POST, GET and COOKIE data sanitized
INFO - 2018-03-23 08:45:06 --> Input Class Initialized
INFO - 2018-03-23 08:45:06 --> Language Class Initialized
INFO - 2018-03-23 08:45:06 --> Language Class Initialized
INFO - 2018-03-23 08:45:06 --> Config Class Initialized
INFO - 2018-03-23 08:45:06 --> Loader Class Initialized
DEBUG - 2018-03-23 08:45:06 --> File loaded: C:\xampp\htdocs\ci\ussiweb\application\modules/admin/config/site.php
INFO - 2018-03-23 08:45:06 --> Helper loaded: url_helper
INFO - 2018-03-23 08:45:06 --> Helper loaded: inflector_helper
INFO - 2018-03-23 08:45:06 --> Helper loaded: string_helper
INFO - 2018-03-23 08:45:06 --> Helper loaded: array_helper
INFO - 2018-03-23 08:45:06 --> Database Driver Class Initialized
DEBUG - 2018-03-23 08:45:07 --> File loaded: C:\xampp\htdocs\ci\ussiweb\application\modules/admin/config/ion_auth.php
DEBUG - 2018-03-23 08:45:07 --> File loaded: C:\xampp\htdocs\ci\ussiweb\application\modules/admin/config/ion_auth.php
INFO - 2018-03-23 08:45:07 --> Email Class Initialized
INFO - 2018-03-23 08:45:07 --> Language file loaded: language/english/ion_auth_lang.php
INFO - 2018-03-23 08:45:07 --> Helper loaded: cookie_helper
INFO - 2018-03-23 08:45:07 --> Helper loaded: language_helper
DEBUG - 2018-03-23 08:45:07 --> Session: "sess_save_path" is empty; using "session.save_path" value from php.ini.
INFO - 2018-03-23 08:45:07 --> Session: Class initialized using 'files' driver.
INFO - 2018-03-23 08:45:07 --> Model Class Initialized
INFO - 2018-03-23 08:45:07 --> Helper loaded: date_helper
INFO - 2018-03-23 08:45:07 --> User Agent Class Initialized
DEBUG - 2018-03-23 08:45:07 --> File loaded: C:\xampp\htdocs\ci\ussiweb\application\modules/admin/config/autoload.php
DEBUG - 2018-03-23 08:45:07 --> File loaded: C:\xampp\htdocs\ci\ussiweb\application\modules/admin/config/form_validation.php
INFO - 2018-03-23 08:45:07 --> Helper loaded: form_helper
INFO - 2018-03-23 08:45:07 --> Form Validation Class Initialized
INFO - 2018-03-23 08:45:07 --> Model Class Initialized
INFO - 2018-03-23 08:45:07 --> Model Class Initialized
INFO - 2018-03-23 08:45:07 --> Model Class Initialized
INFO - 2018-03-23 08:45:07 --> Model Class Initialized
INFO - 2018-03-23 08:45:07 --> Model Class Initialized
INFO - 2018-03-23 08:45:07 --> Model Class Initialized
INFO - 2018-03-23 08:45:07 --> Model Class Initialized
INFO - 2018-03-23 08:45:07 --> Model Class Initialized
INFO - 2018-03-23 08:45:07 --> Model Class Initialized
INFO - 2018-03-23 08:45:07 --> Model Class Initialized
INFO - 2018-03-23 08:45:07 --> Model Class Initialized
INFO - 2018-03-23 08:45:07 --> Model Class Initialized
INFO - 2018-03-23 08:45:07 --> Controller Class Initialized
DEBUG - 2018-03-23 08:45:07 --> Com MX_Controller Initialized
DEBUG - 2018-03-23 08:45:07 --> File loaded: C:\xampp\htdocs\ci\ussiweb\application\modules/admin/config/autoload.php
DEBUG - 2018-03-23 14:45:07 --> File loaded: C:\xampp\htdocs\ci\ussiweb\application\modules/admin/config/grocery_crud.php
DEBUG - 2018-03-23 14:45:07 --> File loaded: C:\xampp\htdocs\ci\ussiweb\application\modules/admin/libraries/Grocery_CRUD.php
DEBUG - 2018-03-23 14:45:07 --> File loaded: C:\xampp\htdocs\ci\ussiweb\application\modules/admin/config/grocery_crud.php
DEBUG - 2018-03-23 14:45:07 --> File loaded: C:\xampp\htdocs\ci\ussiweb\application\modules/admin/models/Grocery_crud_model.php
INFO - 2018-03-23 14:45:07 --> Model Class Initialized
INFO - 2018-03-23 14:45:07 --> Model Class Initialized
INFO - 2018-03-23 08:45:07 --> Config Class Initialized
INFO - 2018-03-23 08:45:07 --> Hooks Class Initialized
DEBUG - 2018-03-23 08:45:07 --> UTF-8 Support Enabled
INFO - 2018-03-23 08:45:07 --> Utf8 Class Initialized
INFO - 2018-03-23 08:45:07 --> URI Class Initialized
DEBUG - 2018-03-23 08:45:07 --> File loaded: C:\xampp\htdocs\ci\ussiweb\application\modules/admin/config/routes.php
INFO - 2018-03-23 08:45:07 --> Router Class Initialized
INFO - 2018-03-23 08:45:07 --> Output Class Initialized
INFO - 2018-03-23 08:45:07 --> Security Class Initialized
DEBUG - 2018-03-23 08:45:07 --> Global POST, GET and COOKIE data sanitized
INFO - 2018-03-23 08:45:07 --> Input Class Initialized
INFO - 2018-03-23 08:45:07 --> Language Class Initialized
INFO - 2018-03-23 08:45:07 --> Language Class Initialized
INFO - 2018-03-23 08:45:07 --> Config Class Initialized
INFO - 2018-03-23 08:45:07 --> Loader Class Initialized
DEBUG - 2018-03-23 08:45:07 --> File loaded: C:\xampp\htdocs\ci\ussiweb\application\modules/admin/config/site.php
INFO - 2018-03-23 08:45:07 --> Helper loaded: url_helper
INFO - 2018-03-23 08:45:07 --> Helper loaded: inflector_helper
INFO - 2018-03-23 08:45:07 --> Helper loaded: string_helper
INFO - 2018-03-23 08:45:07 --> Helper loaded: array_helper
INFO - 2018-03-23 08:45:07 --> Database Driver Class Initialized
DEBUG - 2018-03-23 08:45:08 --> File loaded: C:\xampp\htdocs\ci\ussiweb\application\modules/admin/config/ion_auth.php
DEBUG - 2018-03-23 08:45:08 --> File loaded: C:\xampp\htdocs\ci\ussiweb\application\modules/admin/config/ion_auth.php
INFO - 2018-03-23 08:45:08 --> Email Class Initialized
INFO - 2018-03-23 08:45:08 --> Language file loaded: language/english/ion_auth_lang.php
INFO - 2018-03-23 08:45:08 --> Helper loaded: cookie_helper
INFO - 2018-03-23 08:45:08 --> Helper loaded: language_helper
DEBUG - 2018-03-23 08:45:08 --> Session: "sess_save_path" is empty; using "session.save_path" value from php.ini.
INFO - 2018-03-23 08:45:08 --> Session: Class initialized using 'files' driver.
INFO - 2018-03-23 08:45:08 --> Model Class Initialized
INFO - 2018-03-23 08:45:08 --> Helper loaded: date_helper
INFO - 2018-03-23 08:45:08 --> User Agent Class Initialized
DEBUG - 2018-03-23 08:45:08 --> File loaded: C:\xampp\htdocs\ci\ussiweb\application\modules/admin/config/autoload.php
DEBUG - 2018-03-23 08:45:08 --> File loaded: C:\xampp\htdocs\ci\ussiweb\application\modules/admin/config/form_validation.php
INFO - 2018-03-23 08:45:08 --> Helper loaded: form_helper
INFO - 2018-03-23 08:45:08 --> Form Validation Class Initialized
INFO - 2018-03-23 08:45:08 --> Model Class Initialized
INFO - 2018-03-23 08:45:08 --> Model Class Initialized
INFO - 2018-03-23 08:45:08 --> Model Class Initialized
INFO - 2018-03-23 08:45:08 --> Model Class Initialized
INFO - 2018-03-23 08:45:08 --> Model Class Initialized
INFO - 2018-03-23 08:45:08 --> Model Class Initialized
INFO - 2018-03-23 08:45:08 --> Model Class Initialized
INFO - 2018-03-23 08:45:08 --> Model Class Initialized
INFO - 2018-03-23 08:45:08 --> Model Class Initialized
INFO - 2018-03-23 08:45:08 --> Model Class Initialized
INFO - 2018-03-23 08:45:08 --> Model Class Initialized
INFO - 2018-03-23 08:45:08 --> Model Class Initialized
INFO - 2018-03-23 08:45:08 --> Controller Class Initialized
DEBUG - 2018-03-23 08:45:08 --> Com MX_Controller Initialized
DEBUG - 2018-03-23 08:45:08 --> File loaded: C:\xampp\htdocs\ci\ussiweb\application\modules/admin/config/autoload.php
DEBUG - 2018-03-23 14:45:09 --> File loaded: C:\xampp\htdocs\ci\ussiweb\application\modules/admin/config/grocery_crud.php
DEBUG - 2018-03-23 14:45:09 --> File loaded: C:\xampp\htdocs\ci\ussiweb\application\modules/admin/libraries/Grocery_CRUD.php
DEBUG - 2018-03-23 14:45:09 --> File loaded: C:\xampp\htdocs\ci\ussiweb\application\modules/admin/config/grocery_crud.php
DEBUG - 2018-03-23 14:45:09 --> File loaded: C:\xampp\htdocs\ci\ussiweb\application\modules/admin/models/Grocery_crud_model.php
INFO - 2018-03-23 14:45:09 --> Model Class Initialized
INFO - 2018-03-23 14:45:09 --> Model Class Initialized
INFO - 2018-03-23 08:45:12 --> Config Class Initialized
INFO - 2018-03-23 08:45:12 --> Hooks Class Initialized
DEBUG - 2018-03-23 08:45:12 --> UTF-8 Support Enabled
INFO - 2018-03-23 08:45:12 --> Utf8 Class Initialized
INFO - 2018-03-23 08:45:12 --> URI Class Initialized
DEBUG - 2018-03-23 08:45:12 --> File loaded: C:\xampp\htdocs\ci\ussiweb\application\modules/admin/config/routes.php
INFO - 2018-03-23 08:45:12 --> Router Class Initialized
INFO - 2018-03-23 08:45:12 --> Output Class Initialized
INFO - 2018-03-23 08:45:12 --> Security Class Initialized
DEBUG - 2018-03-23 08:45:12 --> Global POST, GET and COOKIE data sanitized
INFO - 2018-03-23 08:45:12 --> Input Class Initialized
INFO - 2018-03-23 08:45:12 --> Language Class Initialized
INFO - 2018-03-23 08:45:12 --> Language Class Initialized
INFO - 2018-03-23 08:45:12 --> Config Class Initialized
INFO - 2018-03-23 08:45:12 --> Loader Class Initialized
DEBUG - 2018-03-23 08:45:12 --> File loaded: C:\xampp\htdocs\ci\ussiweb\application\modules/admin/config/site.php
INFO - 2018-03-23 08:45:12 --> Helper loaded: url_helper
INFO - 2018-03-23 08:45:12 --> Helper loaded: inflector_helper
INFO - 2018-03-23 08:45:12 --> Helper loaded: string_helper
INFO - 2018-03-23 08:45:12 --> Helper loaded: array_helper
INFO - 2018-03-23 08:45:12 --> Database Driver Class Initialized
DEBUG - 2018-03-23 08:45:13 --> File loaded: C:\xampp\htdocs\ci\ussiweb\application\modules/admin/config/ion_auth.php
DEBUG - 2018-03-23 08:45:13 --> File loaded: C:\xampp\htdocs\ci\ussiweb\application\modules/admin/config/ion_auth.php
INFO - 2018-03-23 08:45:13 --> Email Class Initialized
INFO - 2018-03-23 08:45:13 --> Language file loaded: language/english/ion_auth_lang.php
INFO - 2018-03-23 08:45:13 --> Helper loaded: cookie_helper
INFO - 2018-03-23 08:45:13 --> Helper loaded: language_helper
DEBUG - 2018-03-23 08:45:13 --> Session: "sess_save_path" is empty; using "session.save_path" value from php.ini.
INFO - 2018-03-23 08:45:13 --> Session: Class initialized using 'files' driver.
INFO - 2018-03-23 08:45:13 --> Model Class Initialized
INFO - 2018-03-23 08:45:13 --> Helper loaded: date_helper
INFO - 2018-03-23 08:45:13 --> User Agent Class Initialized
DEBUG - 2018-03-23 08:45:13 --> File loaded: C:\xampp\htdocs\ci\ussiweb\application\modules/admin/config/autoload.php
DEBUG - 2018-03-23 08:45:13 --> File loaded: C:\xampp\htdocs\ci\ussiweb\application\modules/admin/config/form_validation.php
INFO - 2018-03-23 08:45:13 --> Helper loaded: form_helper
INFO - 2018-03-23 08:45:13 --> Form Validation Class Initialized
INFO - 2018-03-23 08:45:13 --> Model Class Initialized
INFO - 2018-03-23 08:45:13 --> Model Class Initialized
INFO - 2018-03-23 08:45:13 --> Model Class Initialized
INFO - 2018-03-23 08:45:13 --> Model Class Initialized
INFO - 2018-03-23 08:45:13 --> Model Class Initialized
INFO - 2018-03-23 08:45:14 --> Model Class Initialized
INFO - 2018-03-23 08:45:14 --> Model Class Initialized
INFO - 2018-03-23 08:45:14 --> Model Class Initialized
INFO - 2018-03-23 08:45:14 --> Model Class Initialized
INFO - 2018-03-23 08:45:14 --> Model Class Initialized
INFO - 2018-03-23 08:45:14 --> Model Class Initialized
INFO - 2018-03-23 08:45:14 --> Model Class Initialized
INFO - 2018-03-23 08:45:14 --> Controller Class Initialized
DEBUG - 2018-03-23 08:45:14 --> Com MX_Controller Initialized
DEBUG - 2018-03-23 08:45:14 --> File loaded: C:\xampp\htdocs\ci\ussiweb\application\modules/admin/config/autoload.php
DEBUG - 2018-03-23 14:45:14 --> File loaded: C:\xampp\htdocs\ci\ussiweb\application\modules/admin/config/grocery_crud.php
DEBUG - 2018-03-23 14:45:14 --> File loaded: C:\xampp\htdocs\ci\ussiweb\application\modules/admin/libraries/Grocery_CRUD.php
DEBUG - 2018-03-23 14:45:14 --> File loaded: C:\xampp\htdocs\ci\ussiweb\application\modules/admin/config/grocery_crud.php
DEBUG - 2018-03-23 14:45:14 --> File loaded: C:\xampp\htdocs\ci\ussiweb\application\modules/admin/models/Grocery_crud_model.php
INFO - 2018-03-23 14:45:14 --> Model Class Initialized
INFO - 2018-03-23 14:45:14 --> Model Class Initialized
INFO - 2018-03-23 08:45:14 --> Config Class Initialized
INFO - 2018-03-23 08:45:14 --> Hooks Class Initialized
DEBUG - 2018-03-23 08:45:14 --> UTF-8 Support Enabled
INFO - 2018-03-23 08:45:14 --> Utf8 Class Initialized
INFO - 2018-03-23 08:45:14 --> URI Class Initialized
DEBUG - 2018-03-23 08:45:14 --> File loaded: C:\xampp\htdocs\ci\ussiweb\application\modules/admin/config/routes.php
INFO - 2018-03-23 08:45:14 --> Router Class Initialized
INFO - 2018-03-23 08:45:14 --> Output Class Initialized
INFO - 2018-03-23 08:45:14 --> Security Class Initialized
DEBUG - 2018-03-23 08:45:14 --> Global POST, GET and COOKIE data sanitized
INFO - 2018-03-23 08:45:14 --> Input Class Initialized
INFO - 2018-03-23 08:45:14 --> Language Class Initialized
INFO - 2018-03-23 08:45:14 --> Language Class Initialized
INFO - 2018-03-23 08:45:14 --> Config Class Initialized
INFO - 2018-03-23 08:45:14 --> Loader Class Initialized
DEBUG - 2018-03-23 08:45:14 --> File loaded: C:\xampp\htdocs\ci\ussiweb\application\modules/admin/config/site.php
INFO - 2018-03-23 08:45:14 --> Helper loaded: url_helper
INFO - 2018-03-23 08:45:14 --> Helper loaded: inflector_helper
INFO - 2018-03-23 08:45:14 --> Helper loaded: string_helper
INFO - 2018-03-23 08:45:14 --> Helper loaded: array_helper
INFO - 2018-03-23 08:45:14 --> Database Driver Class Initialized
DEBUG - 2018-03-23 08:45:15 --> File loaded: C:\xampp\htdocs\ci\ussiweb\application\modules/admin/config/ion_auth.php
DEBUG - 2018-03-23 08:45:15 --> File loaded: C:\xampp\htdocs\ci\ussiweb\application\modules/admin/config/ion_auth.php
INFO - 2018-03-23 08:45:15 --> Email Class Initialized
INFO - 2018-03-23 08:45:15 --> Language file loaded: language/english/ion_auth_lang.php
INFO - 2018-03-23 08:45:15 --> Helper loaded: cookie_helper
INFO - 2018-03-23 08:45:15 --> Helper loaded: language_helper
DEBUG - 2018-03-23 08:45:15 --> Session: "sess_save_path" is empty; using "session.save_path" value from php.ini.
INFO - 2018-03-23 08:45:15 --> Session: Class initialized using 'files' driver.
INFO - 2018-03-23 08:45:15 --> Model Class Initialized
INFO - 2018-03-23 08:45:15 --> Helper loaded: date_helper
INFO - 2018-03-23 08:45:15 --> User Agent Class Initialized
DEBUG - 2018-03-23 08:45:15 --> File loaded: C:\xampp\htdocs\ci\ussiweb\application\modules/admin/config/autoload.php
DEBUG - 2018-03-23 08:45:15 --> File loaded: C:\xampp\htdocs\ci\ussiweb\application\modules/admin/config/form_validation.php
INFO - 2018-03-23 08:45:15 --> Helper loaded: form_helper
INFO - 2018-03-23 08:45:15 --> Form Validation Class Initialized
INFO - 2018-03-23 08:45:15 --> Model Class Initialized
INFO - 2018-03-23 08:45:15 --> Model Class Initialized
INFO - 2018-03-23 08:45:15 --> Model Class Initialized
INFO - 2018-03-23 08:45:15 --> Model Class Initialized
INFO - 2018-03-23 08:45:15 --> Model Class Initialized
INFO - 2018-03-23 08:45:15 --> Model Class Initialized
INFO - 2018-03-23 08:45:15 --> Model Class Initialized
INFO - 2018-03-23 08:45:15 --> Model Class Initialized
INFO - 2018-03-23 08:45:15 --> Model Class Initialized
INFO - 2018-03-23 08:45:15 --> Model Class Initialized
INFO - 2018-03-23 08:45:15 --> Model Class Initialized
INFO - 2018-03-23 08:45:15 --> Model Class Initialized
INFO - 2018-03-23 08:45:15 --> Controller Class Initialized
DEBUG - 2018-03-23 08:45:15 --> Com MX_Controller Initialized
DEBUG - 2018-03-23 08:45:15 --> File loaded: C:\xampp\htdocs\ci\ussiweb\application\modules/admin/config/autoload.php
DEBUG - 2018-03-23 14:45:15 --> File loaded: C:\xampp\htdocs\ci\ussiweb\application\modules/admin/config/grocery_crud.php
DEBUG - 2018-03-23 14:45:15 --> File loaded: C:\xampp\htdocs\ci\ussiweb\application\modules/admin/libraries/Grocery_CRUD.php
DEBUG - 2018-03-23 14:45:15 --> File loaded: C:\xampp\htdocs\ci\ussiweb\application\modules/admin/config/grocery_crud.php
DEBUG - 2018-03-23 14:45:15 --> File loaded: C:\xampp\htdocs\ci\ussiweb\application\modules/admin/models/Grocery_crud_model.php
INFO - 2018-03-23 14:45:15 --> Model Class Initialized
INFO - 2018-03-23 14:45:15 --> Model Class Initialized
