INFO - 2018-03-05 06:09:32 --> Config Class Initialized
INFO - 2018-03-05 06:09:32 --> Hooks Class Initialized
DEBUG - 2018-03-05 06:09:32 --> UTF-8 Support Enabled
INFO - 2018-03-05 06:09:32 --> Utf8 Class Initialized
INFO - 2018-03-05 06:09:32 --> URI Class Initialized
INFO - 2018-03-05 06:09:32 --> Router Class Initialized
INFO - 2018-03-05 06:09:32 --> Output Class Initialized
INFO - 2018-03-05 06:09:32 --> Security Class Initialized
DEBUG - 2018-03-05 06:09:32 --> Global POST, GET and COOKIE data sanitized
INFO - 2018-03-05 06:09:32 --> Input Class Initialized
INFO - 2018-03-05 06:09:32 --> Language Class Initialized
INFO - 2018-03-05 06:09:32 --> Language Class Initialized
INFO - 2018-03-05 06:09:32 --> Config Class Initialized
INFO - 2018-03-05 06:09:32 --> Loader Class Initialized
DEBUG - 2018-03-05 06:09:32 --> File loaded: C:\xampp\htdocs\ci\ussiweb\application\modules/api/config/site.php
INFO - 2018-03-05 06:09:32 --> Helper loaded: url_helper
INFO - 2018-03-05 06:09:32 --> Helper loaded: inflector_helper
INFO - 2018-03-05 06:09:32 --> Helper loaded: string_helper
INFO - 2018-03-05 06:09:32 --> Helper loaded: array_helper
INFO - 2018-03-05 06:09:33 --> Database Driver Class Initialized
DEBUG - 2018-03-05 06:09:35 --> Config file loaded: C:\xampp\htdocs\ci\ussiweb\application\config/ion_auth.php
DEBUG - 2018-03-05 06:09:35 --> Config file loaded: C:\xampp\htdocs\ci\ussiweb\application\third_party/ion_auth/config/ion_auth.php
INFO - 2018-03-05 06:09:35 --> Email Class Initialized
INFO - 2018-03-05 06:09:35 --> Language file loaded: language/english/ion_auth_lang.php
INFO - 2018-03-05 06:09:35 --> Helper loaded: cookie_helper
INFO - 2018-03-05 06:09:35 --> Helper loaded: language_helper
DEBUG - 2018-03-05 06:09:35 --> Session: "sess_save_path" is empty; using "session.save_path" value from php.ini.
INFO - 2018-03-05 06:09:35 --> Session: Class initialized using 'files' driver.
INFO - 2018-03-05 06:09:35 --> Model Class Initialized
INFO - 2018-03-05 06:09:35 --> Helper loaded: date_helper
INFO - 2018-03-05 06:09:35 --> User Agent Class Initialized
DEBUG - 2018-03-05 06:09:35 --> File loaded: C:\xampp\htdocs\ci\ussiweb\application\modules/api/config/autoload.php
DEBUG - 2018-03-05 06:09:35 --> User_agent class already loaded. Second attempt ignored.
INFO - 2018-03-05 06:09:35 --> Model Class Initialized
INFO - 2018-03-05 06:09:35 --> Model Class Initialized
INFO - 2018-03-05 06:09:35 --> Model Class Initialized
INFO - 2018-03-05 06:09:35 --> Model Class Initialized
INFO - 2018-03-05 06:09:35 --> Model Class Initialized
INFO - 2018-03-05 06:09:35 --> Model Class Initialized
INFO - 2018-03-05 06:09:35 --> Model Class Initialized
INFO - 2018-03-05 06:09:35 --> Model Class Initialized
INFO - 2018-03-05 06:09:35 --> Model Class Initialized
INFO - 2018-03-05 06:09:35 --> Model Class Initialized
INFO - 2018-03-05 06:09:35 --> Model Class Initialized
INFO - 2018-03-05 06:09:36 --> Model Class Initialized
INFO - 2018-03-05 06:09:36 --> Model Class Initialized
INFO - 2018-03-05 06:09:36 --> Model Class Initialized
INFO - 2018-03-05 06:09:36 --> Model Class Initialized
INFO - 2018-03-05 06:09:36 --> Model Class Initialized
INFO - 2018-03-05 06:09:36 --> Model Class Initialized
INFO - 2018-03-05 06:09:36 --> Model Class Initialized
INFO - 2018-03-05 06:09:36 --> Controller Class Initialized
DEBUG - 2018-03-05 06:09:36 --> Report MX_Controller Initialized
DEBUG - 2018-03-05 06:09:36 --> File loaded: C:\xampp\htdocs\ci\ussiweb\application\modules/api/config/autoload.php
DEBUG - 2018-03-05 06:09:36 --> User_agent class already loaded. Second attempt ignored.
DEBUG - 2018-03-05 06:09:36 --> File loaded: C:\xampp\htdocs\ci\ussiweb\application\modules/api/config/rest.php
DEBUG - 2018-03-05 06:09:36 --> File loaded: C:\xampp\htdocs\ci\ussiweb\application\modules/api/libraries/Format.php
DEBUG - 2018-03-05 06:09:36 --> File loaded: C:\xampp\htdocs\ci\ussiweb\application\modules/api/language/english/rest_controller_lang.php
INFO - 2018-03-05 06:09:36 --> Database Driver Class Initialized
INFO - 2018-03-05 12:09:37 --> Model Class Initialized
INFO - 2018-03-05 12:09:37 --> Final output sent to browser
DEBUG - 2018-03-05 12:09:37 --> Total execution time: 5.3843
INFO - 2018-03-05 06:09:47 --> Config Class Initialized
INFO - 2018-03-05 06:09:47 --> Hooks Class Initialized
DEBUG - 2018-03-05 06:09:47 --> UTF-8 Support Enabled
INFO - 2018-03-05 06:09:47 --> Utf8 Class Initialized
INFO - 2018-03-05 06:09:47 --> URI Class Initialized
INFO - 2018-03-05 06:09:47 --> Router Class Initialized
INFO - 2018-03-05 06:09:47 --> Output Class Initialized
INFO - 2018-03-05 06:09:47 --> Security Class Initialized
DEBUG - 2018-03-05 06:09:47 --> Global POST, GET and COOKIE data sanitized
INFO - 2018-03-05 06:09:47 --> Input Class Initialized
INFO - 2018-03-05 06:09:47 --> Language Class Initialized
INFO - 2018-03-05 06:09:47 --> Language Class Initialized
INFO - 2018-03-05 06:09:47 --> Config Class Initialized
INFO - 2018-03-05 06:09:47 --> Loader Class Initialized
DEBUG - 2018-03-05 06:09:47 --> File loaded: C:\xampp\htdocs\ci\ussiweb\application\modules/api/config/site.php
INFO - 2018-03-05 06:09:47 --> Helper loaded: url_helper
INFO - 2018-03-05 06:09:47 --> Helper loaded: inflector_helper
INFO - 2018-03-05 06:09:47 --> Helper loaded: string_helper
INFO - 2018-03-05 06:09:47 --> Helper loaded: array_helper
INFO - 2018-03-05 06:09:47 --> Database Driver Class Initialized
DEBUG - 2018-03-05 06:09:48 --> Config file loaded: C:\xampp\htdocs\ci\ussiweb\application\config/ion_auth.php
DEBUG - 2018-03-05 06:09:48 --> Config file loaded: C:\xampp\htdocs\ci\ussiweb\application\third_party/ion_auth/config/ion_auth.php
INFO - 2018-03-05 06:09:48 --> Email Class Initialized
INFO - 2018-03-05 06:09:48 --> Language file loaded: language/english/ion_auth_lang.php
INFO - 2018-03-05 06:09:48 --> Helper loaded: cookie_helper
INFO - 2018-03-05 06:09:48 --> Helper loaded: language_helper
DEBUG - 2018-03-05 06:09:48 --> Session: "sess_save_path" is empty; using "session.save_path" value from php.ini.
INFO - 2018-03-05 06:09:48 --> Session: Class initialized using 'files' driver.
INFO - 2018-03-05 06:09:48 --> Model Class Initialized
INFO - 2018-03-05 06:09:48 --> Helper loaded: date_helper
INFO - 2018-03-05 06:09:48 --> User Agent Class Initialized
DEBUG - 2018-03-05 06:09:48 --> File loaded: C:\xampp\htdocs\ci\ussiweb\application\modules/api/config/autoload.php
DEBUG - 2018-03-05 06:09:48 --> User_agent class already loaded. Second attempt ignored.
INFO - 2018-03-05 06:09:48 --> Model Class Initialized
INFO - 2018-03-05 06:09:48 --> Model Class Initialized
INFO - 2018-03-05 06:09:48 --> Model Class Initialized
INFO - 2018-03-05 06:09:48 --> Model Class Initialized
INFO - 2018-03-05 06:09:48 --> Model Class Initialized
INFO - 2018-03-05 06:09:48 --> Model Class Initialized
INFO - 2018-03-05 06:09:48 --> Model Class Initialized
INFO - 2018-03-05 06:09:48 --> Model Class Initialized
INFO - 2018-03-05 06:09:48 --> Model Class Initialized
INFO - 2018-03-05 06:09:48 --> Model Class Initialized
INFO - 2018-03-05 06:09:48 --> Model Class Initialized
INFO - 2018-03-05 06:09:48 --> Model Class Initialized
INFO - 2018-03-05 06:09:48 --> Model Class Initialized
INFO - 2018-03-05 06:09:48 --> Model Class Initialized
INFO - 2018-03-05 06:09:48 --> Model Class Initialized
INFO - 2018-03-05 06:09:48 --> Model Class Initialized
INFO - 2018-03-05 06:09:48 --> Model Class Initialized
INFO - 2018-03-05 06:09:48 --> Model Class Initialized
INFO - 2018-03-05 06:09:48 --> Controller Class Initialized
DEBUG - 2018-03-05 06:09:48 --> Report MX_Controller Initialized
DEBUG - 2018-03-05 06:09:48 --> File loaded: C:\xampp\htdocs\ci\ussiweb\application\modules/api/config/autoload.php
DEBUG - 2018-03-05 06:09:48 --> User_agent class already loaded. Second attempt ignored.
DEBUG - 2018-03-05 06:09:48 --> File loaded: C:\xampp\htdocs\ci\ussiweb\application\modules/api/config/rest.php
DEBUG - 2018-03-05 06:09:48 --> File loaded: C:\xampp\htdocs\ci\ussiweb\application\modules/api/libraries/Format.php
DEBUG - 2018-03-05 06:09:48 --> File loaded: C:\xampp\htdocs\ci\ussiweb\application\modules/api/language/english/rest_controller_lang.php
INFO - 2018-03-05 06:09:48 --> Database Driver Class Initialized
INFO - 2018-03-05 12:09:49 --> Model Class Initialized
INFO - 2018-03-05 12:09:49 --> Final output sent to browser
DEBUG - 2018-03-05 12:09:49 --> Total execution time: 2.1131
INFO - 2018-03-05 06:09:59 --> Config Class Initialized
INFO - 2018-03-05 06:09:59 --> Hooks Class Initialized
DEBUG - 2018-03-05 06:09:59 --> UTF-8 Support Enabled
INFO - 2018-03-05 06:09:59 --> Utf8 Class Initialized
INFO - 2018-03-05 06:09:59 --> URI Class Initialized
INFO - 2018-03-05 06:09:59 --> Router Class Initialized
INFO - 2018-03-05 06:09:59 --> Output Class Initialized
INFO - 2018-03-05 06:09:59 --> Security Class Initialized
DEBUG - 2018-03-05 06:09:59 --> Global POST, GET and COOKIE data sanitized
INFO - 2018-03-05 06:09:59 --> Input Class Initialized
INFO - 2018-03-05 06:09:59 --> Language Class Initialized
INFO - 2018-03-05 06:09:59 --> Language Class Initialized
INFO - 2018-03-05 06:09:59 --> Config Class Initialized
INFO - 2018-03-05 06:09:59 --> Loader Class Initialized
DEBUG - 2018-03-05 06:09:59 --> File loaded: C:\xampp\htdocs\ci\ussiweb\application\modules/api/config/site.php
INFO - 2018-03-05 06:09:59 --> Helper loaded: url_helper
INFO - 2018-03-05 06:09:59 --> Helper loaded: inflector_helper
INFO - 2018-03-05 06:09:59 --> Helper loaded: string_helper
INFO - 2018-03-05 06:09:59 --> Helper loaded: array_helper
INFO - 2018-03-05 06:09:59 --> Database Driver Class Initialized
DEBUG - 2018-03-05 06:10:00 --> Config file loaded: C:\xampp\htdocs\ci\ussiweb\application\config/ion_auth.php
DEBUG - 2018-03-05 06:10:00 --> Config file loaded: C:\xampp\htdocs\ci\ussiweb\application\third_party/ion_auth/config/ion_auth.php
INFO - 2018-03-05 06:10:00 --> Email Class Initialized
INFO - 2018-03-05 06:10:00 --> Language file loaded: language/english/ion_auth_lang.php
INFO - 2018-03-05 06:10:00 --> Helper loaded: cookie_helper
INFO - 2018-03-05 06:10:00 --> Helper loaded: language_helper
DEBUG - 2018-03-05 06:10:00 --> Session: "sess_save_path" is empty; using "session.save_path" value from php.ini.
INFO - 2018-03-05 06:10:00 --> Session: Class initialized using 'files' driver.
INFO - 2018-03-05 06:10:00 --> Model Class Initialized
INFO - 2018-03-05 06:10:00 --> Helper loaded: date_helper
INFO - 2018-03-05 06:10:00 --> User Agent Class Initialized
DEBUG - 2018-03-05 06:10:00 --> File loaded: C:\xampp\htdocs\ci\ussiweb\application\modules/api/config/autoload.php
DEBUG - 2018-03-05 06:10:00 --> User_agent class already loaded. Second attempt ignored.
INFO - 2018-03-05 06:10:00 --> Model Class Initialized
INFO - 2018-03-05 06:10:00 --> Model Class Initialized
INFO - 2018-03-05 06:10:00 --> Model Class Initialized
INFO - 2018-03-05 06:10:00 --> Model Class Initialized
INFO - 2018-03-05 06:10:00 --> Model Class Initialized
INFO - 2018-03-05 06:10:00 --> Model Class Initialized
INFO - 2018-03-05 06:10:00 --> Model Class Initialized
INFO - 2018-03-05 06:10:00 --> Model Class Initialized
INFO - 2018-03-05 06:10:00 --> Model Class Initialized
INFO - 2018-03-05 06:10:00 --> Model Class Initialized
INFO - 2018-03-05 06:10:00 --> Model Class Initialized
INFO - 2018-03-05 06:10:00 --> Model Class Initialized
INFO - 2018-03-05 06:10:00 --> Model Class Initialized
INFO - 2018-03-05 06:10:00 --> Model Class Initialized
INFO - 2018-03-05 06:10:00 --> Model Class Initialized
INFO - 2018-03-05 06:10:00 --> Model Class Initialized
INFO - 2018-03-05 06:10:00 --> Model Class Initialized
INFO - 2018-03-05 06:10:00 --> Model Class Initialized
INFO - 2018-03-05 06:10:00 --> Controller Class Initialized
DEBUG - 2018-03-05 06:10:00 --> Report MX_Controller Initialized
DEBUG - 2018-03-05 06:10:00 --> File loaded: C:\xampp\htdocs\ci\ussiweb\application\modules/api/config/autoload.php
DEBUG - 2018-03-05 06:10:00 --> User_agent class already loaded. Second attempt ignored.
DEBUG - 2018-03-05 06:10:00 --> File loaded: C:\xampp\htdocs\ci\ussiweb\application\modules/api/config/rest.php
DEBUG - 2018-03-05 06:10:00 --> File loaded: C:\xampp\htdocs\ci\ussiweb\application\modules/api/libraries/Format.php
DEBUG - 2018-03-05 06:10:00 --> File loaded: C:\xampp\htdocs\ci\ussiweb\application\modules/api/language/english/rest_controller_lang.php
INFO - 2018-03-05 06:10:00 --> Database Driver Class Initialized
INFO - 2018-03-05 12:10:01 --> Model Class Initialized
ERROR - 2018-03-05 12:10:02 --> Severity: Notice --> Trying to get property of non-object C:\xampp\htdocs\ci\ussiweb\application\modules\api\controllers\Report.php 79
ERROR - 2018-03-05 12:10:02 --> Severity: Notice --> Trying to get property of non-object C:\xampp\htdocs\ci\ussiweb\application\modules\api\controllers\Report.php 79
ERROR - 2018-03-05 12:10:02 --> Severity: Notice --> Trying to get property of non-object C:\xampp\htdocs\ci\ussiweb\application\modules\api\controllers\Report.php 79
ERROR - 2018-03-05 12:10:02 --> Severity: Notice --> Trying to get property of non-object C:\xampp\htdocs\ci\ussiweb\application\modules\api\controllers\Report.php 79
INFO - 2018-03-05 12:10:02 --> Final output sent to browser
DEBUG - 2018-03-05 12:10:02 --> Total execution time: 2.5131
INFO - 2018-03-05 06:11:25 --> Config Class Initialized
INFO - 2018-03-05 06:11:25 --> Hooks Class Initialized
DEBUG - 2018-03-05 06:11:25 --> UTF-8 Support Enabled
INFO - 2018-03-05 06:11:25 --> Utf8 Class Initialized
INFO - 2018-03-05 06:11:25 --> URI Class Initialized
INFO - 2018-03-05 06:11:25 --> Router Class Initialized
INFO - 2018-03-05 06:11:25 --> Output Class Initialized
INFO - 2018-03-05 06:11:25 --> Security Class Initialized
DEBUG - 2018-03-05 06:11:25 --> Global POST, GET and COOKIE data sanitized
INFO - 2018-03-05 06:11:25 --> Input Class Initialized
INFO - 2018-03-05 06:11:25 --> Language Class Initialized
INFO - 2018-03-05 06:11:25 --> Language Class Initialized
INFO - 2018-03-05 06:11:25 --> Config Class Initialized
INFO - 2018-03-05 06:11:25 --> Loader Class Initialized
DEBUG - 2018-03-05 06:11:25 --> File loaded: C:\xampp\htdocs\ci\ussiweb\application\modules/api/config/site.php
INFO - 2018-03-05 06:11:25 --> Helper loaded: url_helper
INFO - 2018-03-05 06:11:25 --> Helper loaded: inflector_helper
INFO - 2018-03-05 06:11:25 --> Helper loaded: string_helper
INFO - 2018-03-05 06:11:25 --> Helper loaded: array_helper
INFO - 2018-03-05 06:11:25 --> Database Driver Class Initialized
DEBUG - 2018-03-05 06:11:26 --> Config file loaded: C:\xampp\htdocs\ci\ussiweb\application\config/ion_auth.php
DEBUG - 2018-03-05 06:11:26 --> Config file loaded: C:\xampp\htdocs\ci\ussiweb\application\third_party/ion_auth/config/ion_auth.php
INFO - 2018-03-05 06:11:26 --> Email Class Initialized
INFO - 2018-03-05 06:11:26 --> Language file loaded: language/english/ion_auth_lang.php
INFO - 2018-03-05 06:11:26 --> Helper loaded: cookie_helper
INFO - 2018-03-05 06:11:26 --> Helper loaded: language_helper
DEBUG - 2018-03-05 06:11:26 --> Session: "sess_save_path" is empty; using "session.save_path" value from php.ini.
INFO - 2018-03-05 06:11:26 --> Session: Class initialized using 'files' driver.
INFO - 2018-03-05 06:11:26 --> Model Class Initialized
INFO - 2018-03-05 06:11:26 --> Helper loaded: date_helper
INFO - 2018-03-05 06:11:26 --> User Agent Class Initialized
DEBUG - 2018-03-05 06:11:26 --> File loaded: C:\xampp\htdocs\ci\ussiweb\application\modules/api/config/autoload.php
DEBUG - 2018-03-05 06:11:26 --> User_agent class already loaded. Second attempt ignored.
INFO - 2018-03-05 06:11:26 --> Model Class Initialized
INFO - 2018-03-05 06:11:26 --> Model Class Initialized
INFO - 2018-03-05 06:11:26 --> Model Class Initialized
INFO - 2018-03-05 06:11:26 --> Model Class Initialized
INFO - 2018-03-05 06:11:26 --> Model Class Initialized
INFO - 2018-03-05 06:11:26 --> Model Class Initialized
INFO - 2018-03-05 06:11:26 --> Model Class Initialized
INFO - 2018-03-05 06:11:26 --> Model Class Initialized
INFO - 2018-03-05 06:11:26 --> Model Class Initialized
INFO - 2018-03-05 06:11:26 --> Model Class Initialized
INFO - 2018-03-05 06:11:26 --> Model Class Initialized
INFO - 2018-03-05 06:11:26 --> Model Class Initialized
INFO - 2018-03-05 06:11:26 --> Model Class Initialized
INFO - 2018-03-05 06:11:26 --> Model Class Initialized
INFO - 2018-03-05 06:11:26 --> Model Class Initialized
INFO - 2018-03-05 06:11:26 --> Model Class Initialized
INFO - 2018-03-05 06:11:26 --> Model Class Initialized
INFO - 2018-03-05 06:11:26 --> Model Class Initialized
INFO - 2018-03-05 06:11:26 --> Controller Class Initialized
DEBUG - 2018-03-05 06:11:26 --> Report MX_Controller Initialized
DEBUG - 2018-03-05 06:11:26 --> File loaded: C:\xampp\htdocs\ci\ussiweb\application\modules/api/config/autoload.php
DEBUG - 2018-03-05 06:11:26 --> User_agent class already loaded. Second attempt ignored.
DEBUG - 2018-03-05 06:11:26 --> File loaded: C:\xampp\htdocs\ci\ussiweb\application\modules/api/config/rest.php
DEBUG - 2018-03-05 06:11:26 --> File loaded: C:\xampp\htdocs\ci\ussiweb\application\modules/api/libraries/Format.php
DEBUG - 2018-03-05 06:11:26 --> File loaded: C:\xampp\htdocs\ci\ussiweb\application\modules/api/language/english/rest_controller_lang.php
INFO - 2018-03-05 06:11:26 --> Database Driver Class Initialized
INFO - 2018-03-05 12:11:27 --> Model Class Initialized
ERROR - 2018-03-05 12:11:27 --> Severity: Notice --> Trying to get property of non-object C:\xampp\htdocs\ci\ussiweb\application\modules\api\controllers\Report.php 79
ERROR - 2018-03-05 12:11:27 --> Severity: Notice --> Undefined variable: subtotal C:\xampp\htdocs\ci\ussiweb\application\modules\api\controllers\Report.php 79
ERROR - 2018-03-05 12:11:27 --> Severity: Notice --> Trying to get property of non-object C:\xampp\htdocs\ci\ussiweb\application\modules\api\controllers\Report.php 79
ERROR - 2018-03-05 12:11:27 --> Severity: Notice --> Trying to get property of non-object C:\xampp\htdocs\ci\ussiweb\application\modules\api\controllers\Report.php 79
ERROR - 2018-03-05 12:11:27 --> Severity: Notice --> Trying to get property of non-object C:\xampp\htdocs\ci\ussiweb\application\modules\api\controllers\Report.php 79
ERROR - 2018-03-05 12:11:27 --> Severity: Warning --> Cannot modify header information - headers already sent by (output started at C:\xampp\htdocs\ci\ussiweb\system\core\Exceptions.php:273) C:\xampp\htdocs\ci\ussiweb\system\core\Common.php 573
INFO - 2018-03-05 12:11:28 --> Final output sent to browser
DEBUG - 2018-03-05 12:11:28 --> Total execution time: 2.2711
INFO - 2018-03-05 06:12:21 --> Config Class Initialized
INFO - 2018-03-05 06:12:21 --> Hooks Class Initialized
DEBUG - 2018-03-05 06:12:21 --> UTF-8 Support Enabled
INFO - 2018-03-05 06:12:21 --> Utf8 Class Initialized
INFO - 2018-03-05 06:12:21 --> URI Class Initialized
INFO - 2018-03-05 06:12:21 --> Router Class Initialized
INFO - 2018-03-05 06:12:21 --> Output Class Initialized
INFO - 2018-03-05 06:12:21 --> Security Class Initialized
DEBUG - 2018-03-05 06:12:21 --> Global POST, GET and COOKIE data sanitized
INFO - 2018-03-05 06:12:21 --> Input Class Initialized
INFO - 2018-03-05 06:12:21 --> Language Class Initialized
INFO - 2018-03-05 06:12:21 --> Language Class Initialized
INFO - 2018-03-05 06:12:21 --> Config Class Initialized
INFO - 2018-03-05 06:12:21 --> Loader Class Initialized
DEBUG - 2018-03-05 06:12:21 --> File loaded: C:\xampp\htdocs\ci\ussiweb\application\modules/api/config/site.php
INFO - 2018-03-05 06:12:21 --> Helper loaded: url_helper
INFO - 2018-03-05 06:12:21 --> Helper loaded: inflector_helper
INFO - 2018-03-05 06:12:21 --> Helper loaded: string_helper
INFO - 2018-03-05 06:12:21 --> Helper loaded: array_helper
INFO - 2018-03-05 06:12:21 --> Database Driver Class Initialized
DEBUG - 2018-03-05 06:12:22 --> Config file loaded: C:\xampp\htdocs\ci\ussiweb\application\config/ion_auth.php
DEBUG - 2018-03-05 06:12:22 --> Config file loaded: C:\xampp\htdocs\ci\ussiweb\application\third_party/ion_auth/config/ion_auth.php
INFO - 2018-03-05 06:12:22 --> Email Class Initialized
INFO - 2018-03-05 06:12:22 --> Language file loaded: language/english/ion_auth_lang.php
INFO - 2018-03-05 06:12:22 --> Helper loaded: cookie_helper
INFO - 2018-03-05 06:12:22 --> Helper loaded: language_helper
DEBUG - 2018-03-05 06:12:22 --> Session: "sess_save_path" is empty; using "session.save_path" value from php.ini.
INFO - 2018-03-05 06:12:22 --> Session: Class initialized using 'files' driver.
INFO - 2018-03-05 06:12:22 --> Model Class Initialized
INFO - 2018-03-05 06:12:22 --> Helper loaded: date_helper
INFO - 2018-03-05 06:12:22 --> User Agent Class Initialized
DEBUG - 2018-03-05 06:12:22 --> File loaded: C:\xampp\htdocs\ci\ussiweb\application\modules/api/config/autoload.php
DEBUG - 2018-03-05 06:12:22 --> User_agent class already loaded. Second attempt ignored.
INFO - 2018-03-05 06:12:22 --> Model Class Initialized
INFO - 2018-03-05 06:12:22 --> Model Class Initialized
INFO - 2018-03-05 06:12:22 --> Model Class Initialized
INFO - 2018-03-05 06:12:22 --> Model Class Initialized
INFO - 2018-03-05 06:12:22 --> Model Class Initialized
INFO - 2018-03-05 06:12:22 --> Model Class Initialized
INFO - 2018-03-05 06:12:22 --> Model Class Initialized
INFO - 2018-03-05 06:12:22 --> Model Class Initialized
INFO - 2018-03-05 06:12:22 --> Model Class Initialized
INFO - 2018-03-05 06:12:22 --> Model Class Initialized
INFO - 2018-03-05 06:12:22 --> Model Class Initialized
INFO - 2018-03-05 06:12:22 --> Model Class Initialized
INFO - 2018-03-05 06:12:22 --> Model Class Initialized
INFO - 2018-03-05 06:12:22 --> Model Class Initialized
INFO - 2018-03-05 06:12:22 --> Model Class Initialized
INFO - 2018-03-05 06:12:22 --> Model Class Initialized
INFO - 2018-03-05 06:12:22 --> Model Class Initialized
INFO - 2018-03-05 06:12:22 --> Model Class Initialized
INFO - 2018-03-05 06:12:22 --> Controller Class Initialized
DEBUG - 2018-03-05 06:12:22 --> Report MX_Controller Initialized
DEBUG - 2018-03-05 06:12:22 --> File loaded: C:\xampp\htdocs\ci\ussiweb\application\modules/api/config/autoload.php
DEBUG - 2018-03-05 06:12:22 --> User_agent class already loaded. Second attempt ignored.
DEBUG - 2018-03-05 06:12:22 --> File loaded: C:\xampp\htdocs\ci\ussiweb\application\modules/api/config/rest.php
DEBUG - 2018-03-05 06:12:22 --> File loaded: C:\xampp\htdocs\ci\ussiweb\application\modules/api/libraries/Format.php
DEBUG - 2018-03-05 06:12:22 --> File loaded: C:\xampp\htdocs\ci\ussiweb\application\modules/api/language/english/rest_controller_lang.php
INFO - 2018-03-05 06:12:22 --> Database Driver Class Initialized
INFO - 2018-03-05 12:12:23 --> Model Class Initialized
ERROR - 2018-03-05 12:12:23 --> Severity: Notice --> Trying to get property of non-object C:\xampp\htdocs\ci\ussiweb\application\modules\api\controllers\Report.php 80
ERROR - 2018-03-05 12:12:23 --> Severity: Notice --> Trying to get property of non-object C:\xampp\htdocs\ci\ussiweb\application\modules\api\controllers\Report.php 80
ERROR - 2018-03-05 12:12:23 --> Severity: Notice --> Trying to get property of non-object C:\xampp\htdocs\ci\ussiweb\application\modules\api\controllers\Report.php 80
ERROR - 2018-03-05 12:12:23 --> Severity: Notice --> Trying to get property of non-object C:\xampp\htdocs\ci\ussiweb\application\modules\api\controllers\Report.php 80
INFO - 2018-03-05 12:12:23 --> Final output sent to browser
DEBUG - 2018-03-05 12:12:23 --> Total execution time: 2.2221
INFO - 2018-03-05 06:13:18 --> Config Class Initialized
INFO - 2018-03-05 06:13:18 --> Hooks Class Initialized
DEBUG - 2018-03-05 06:13:18 --> UTF-8 Support Enabled
INFO - 2018-03-05 06:13:18 --> Utf8 Class Initialized
INFO - 2018-03-05 06:13:18 --> URI Class Initialized
INFO - 2018-03-05 06:13:18 --> Router Class Initialized
INFO - 2018-03-05 06:13:18 --> Output Class Initialized
INFO - 2018-03-05 06:13:18 --> Security Class Initialized
DEBUG - 2018-03-05 06:13:18 --> Global POST, GET and COOKIE data sanitized
INFO - 2018-03-05 06:13:18 --> Input Class Initialized
INFO - 2018-03-05 06:13:18 --> Language Class Initialized
INFO - 2018-03-05 06:13:18 --> Language Class Initialized
INFO - 2018-03-05 06:13:18 --> Config Class Initialized
INFO - 2018-03-05 06:13:18 --> Loader Class Initialized
DEBUG - 2018-03-05 06:13:18 --> File loaded: C:\xampp\htdocs\ci\ussiweb\application\modules/api/config/site.php
INFO - 2018-03-05 06:13:18 --> Helper loaded: url_helper
INFO - 2018-03-05 06:13:18 --> Helper loaded: inflector_helper
INFO - 2018-03-05 06:13:18 --> Helper loaded: string_helper
INFO - 2018-03-05 06:13:18 --> Helper loaded: array_helper
INFO - 2018-03-05 06:13:18 --> Database Driver Class Initialized
DEBUG - 2018-03-05 06:13:19 --> Config file loaded: C:\xampp\htdocs\ci\ussiweb\application\config/ion_auth.php
DEBUG - 2018-03-05 06:13:19 --> Config file loaded: C:\xampp\htdocs\ci\ussiweb\application\third_party/ion_auth/config/ion_auth.php
INFO - 2018-03-05 06:13:19 --> Email Class Initialized
INFO - 2018-03-05 06:13:19 --> Language file loaded: language/english/ion_auth_lang.php
INFO - 2018-03-05 06:13:19 --> Helper loaded: cookie_helper
INFO - 2018-03-05 06:13:19 --> Helper loaded: language_helper
DEBUG - 2018-03-05 06:13:19 --> Session: "sess_save_path" is empty; using "session.save_path" value from php.ini.
INFO - 2018-03-05 06:13:19 --> Session: Class initialized using 'files' driver.
INFO - 2018-03-05 06:13:19 --> Model Class Initialized
INFO - 2018-03-05 06:13:19 --> Helper loaded: date_helper
INFO - 2018-03-05 06:13:19 --> User Agent Class Initialized
DEBUG - 2018-03-05 06:13:19 --> File loaded: C:\xampp\htdocs\ci\ussiweb\application\modules/api/config/autoload.php
DEBUG - 2018-03-05 06:13:19 --> User_agent class already loaded. Second attempt ignored.
INFO - 2018-03-05 06:13:19 --> Model Class Initialized
INFO - 2018-03-05 06:13:19 --> Model Class Initialized
INFO - 2018-03-05 06:13:19 --> Model Class Initialized
INFO - 2018-03-05 06:13:19 --> Model Class Initialized
INFO - 2018-03-05 06:13:19 --> Model Class Initialized
INFO - 2018-03-05 06:13:19 --> Model Class Initialized
INFO - 2018-03-05 06:13:19 --> Model Class Initialized
INFO - 2018-03-05 06:13:19 --> Model Class Initialized
INFO - 2018-03-05 06:13:19 --> Model Class Initialized
INFO - 2018-03-05 06:13:19 --> Model Class Initialized
INFO - 2018-03-05 06:13:19 --> Model Class Initialized
INFO - 2018-03-05 06:13:19 --> Model Class Initialized
INFO - 2018-03-05 06:13:19 --> Model Class Initialized
INFO - 2018-03-05 06:13:19 --> Model Class Initialized
INFO - 2018-03-05 06:13:19 --> Model Class Initialized
INFO - 2018-03-05 06:13:19 --> Model Class Initialized
INFO - 2018-03-05 06:13:19 --> Model Class Initialized
INFO - 2018-03-05 06:13:19 --> Model Class Initialized
INFO - 2018-03-05 06:13:19 --> Controller Class Initialized
DEBUG - 2018-03-05 06:13:19 --> Report MX_Controller Initialized
DEBUG - 2018-03-05 06:13:19 --> File loaded: C:\xampp\htdocs\ci\ussiweb\application\modules/api/config/autoload.php
DEBUG - 2018-03-05 06:13:19 --> User_agent class already loaded. Second attempt ignored.
DEBUG - 2018-03-05 06:13:19 --> File loaded: C:\xampp\htdocs\ci\ussiweb\application\modules/api/config/rest.php
DEBUG - 2018-03-05 06:13:19 --> File loaded: C:\xampp\htdocs\ci\ussiweb\application\modules/api/libraries/Format.php
DEBUG - 2018-03-05 06:13:19 --> File loaded: C:\xampp\htdocs\ci\ussiweb\application\modules/api/language/english/rest_controller_lang.php
INFO - 2018-03-05 06:13:19 --> Database Driver Class Initialized
INFO - 2018-03-05 12:13:20 --> Model Class Initialized
INFO - 2018-03-05 12:13:20 --> Final output sent to browser
DEBUG - 2018-03-05 12:13:20 --> Total execution time: 2.2021
INFO - 2018-03-05 06:13:39 --> Config Class Initialized
INFO - 2018-03-05 06:13:39 --> Hooks Class Initialized
DEBUG - 2018-03-05 06:13:39 --> UTF-8 Support Enabled
INFO - 2018-03-05 06:13:39 --> Utf8 Class Initialized
INFO - 2018-03-05 06:13:39 --> URI Class Initialized
INFO - 2018-03-05 06:13:39 --> Router Class Initialized
INFO - 2018-03-05 06:13:39 --> Output Class Initialized
INFO - 2018-03-05 06:13:39 --> Security Class Initialized
DEBUG - 2018-03-05 06:13:39 --> Global POST, GET and COOKIE data sanitized
INFO - 2018-03-05 06:13:39 --> Input Class Initialized
INFO - 2018-03-05 06:13:39 --> Language Class Initialized
INFO - 2018-03-05 06:13:39 --> Language Class Initialized
INFO - 2018-03-05 06:13:39 --> Config Class Initialized
INFO - 2018-03-05 06:13:39 --> Loader Class Initialized
DEBUG - 2018-03-05 06:13:39 --> File loaded: C:\xampp\htdocs\ci\ussiweb\application\modules/api/config/site.php
INFO - 2018-03-05 06:13:39 --> Helper loaded: url_helper
INFO - 2018-03-05 06:13:39 --> Helper loaded: inflector_helper
INFO - 2018-03-05 06:13:39 --> Helper loaded: string_helper
INFO - 2018-03-05 06:13:39 --> Helper loaded: array_helper
INFO - 2018-03-05 06:13:39 --> Database Driver Class Initialized
DEBUG - 2018-03-05 06:13:40 --> Config file loaded: C:\xampp\htdocs\ci\ussiweb\application\config/ion_auth.php
DEBUG - 2018-03-05 06:13:40 --> Config file loaded: C:\xampp\htdocs\ci\ussiweb\application\third_party/ion_auth/config/ion_auth.php
INFO - 2018-03-05 06:13:40 --> Email Class Initialized
INFO - 2018-03-05 06:13:40 --> Language file loaded: language/english/ion_auth_lang.php
INFO - 2018-03-05 06:13:40 --> Helper loaded: cookie_helper
INFO - 2018-03-05 06:13:40 --> Helper loaded: language_helper
DEBUG - 2018-03-05 06:13:40 --> Session: "sess_save_path" is empty; using "session.save_path" value from php.ini.
INFO - 2018-03-05 06:13:40 --> Session: Class initialized using 'files' driver.
INFO - 2018-03-05 06:13:40 --> Model Class Initialized
INFO - 2018-03-05 06:13:40 --> Helper loaded: date_helper
INFO - 2018-03-05 06:13:40 --> User Agent Class Initialized
DEBUG - 2018-03-05 06:13:40 --> File loaded: C:\xampp\htdocs\ci\ussiweb\application\modules/api/config/autoload.php
DEBUG - 2018-03-05 06:13:40 --> User_agent class already loaded. Second attempt ignored.
INFO - 2018-03-05 06:13:40 --> Model Class Initialized
INFO - 2018-03-05 06:13:40 --> Model Class Initialized
INFO - 2018-03-05 06:13:40 --> Model Class Initialized
INFO - 2018-03-05 06:13:40 --> Model Class Initialized
INFO - 2018-03-05 06:13:40 --> Model Class Initialized
INFO - 2018-03-05 06:13:40 --> Model Class Initialized
INFO - 2018-03-05 06:13:40 --> Model Class Initialized
INFO - 2018-03-05 06:13:40 --> Model Class Initialized
INFO - 2018-03-05 06:13:40 --> Model Class Initialized
INFO - 2018-03-05 06:13:40 --> Model Class Initialized
INFO - 2018-03-05 06:13:40 --> Model Class Initialized
INFO - 2018-03-05 06:13:40 --> Model Class Initialized
INFO - 2018-03-05 06:13:40 --> Model Class Initialized
INFO - 2018-03-05 06:13:40 --> Model Class Initialized
INFO - 2018-03-05 06:13:40 --> Model Class Initialized
INFO - 2018-03-05 06:13:40 --> Model Class Initialized
INFO - 2018-03-05 06:13:40 --> Model Class Initialized
INFO - 2018-03-05 06:13:40 --> Model Class Initialized
INFO - 2018-03-05 06:13:40 --> Controller Class Initialized
DEBUG - 2018-03-05 06:13:40 --> Report MX_Controller Initialized
DEBUG - 2018-03-05 06:13:40 --> File loaded: C:\xampp\htdocs\ci\ussiweb\application\modules/api/config/autoload.php
DEBUG - 2018-03-05 06:13:40 --> User_agent class already loaded. Second attempt ignored.
DEBUG - 2018-03-05 06:13:40 --> File loaded: C:\xampp\htdocs\ci\ussiweb\application\modules/api/config/rest.php
DEBUG - 2018-03-05 06:13:40 --> File loaded: C:\xampp\htdocs\ci\ussiweb\application\modules/api/libraries/Format.php
DEBUG - 2018-03-05 06:13:40 --> File loaded: C:\xampp\htdocs\ci\ussiweb\application\modules/api/language/english/rest_controller_lang.php
INFO - 2018-03-05 06:13:40 --> Database Driver Class Initialized
INFO - 2018-03-05 12:13:41 --> Model Class Initialized
ERROR - 2018-03-05 12:13:41 --> Severity: Notice --> Trying to get property of non-object C:\xampp\htdocs\ci\ussiweb\application\modules\api\controllers\Report.php 80
ERROR - 2018-03-05 12:13:41 --> Severity: Notice --> Trying to get property of non-object C:\xampp\htdocs\ci\ussiweb\application\modules\api\controllers\Report.php 80
ERROR - 2018-03-05 12:13:41 --> Severity: Notice --> Trying to get property of non-object C:\xampp\htdocs\ci\ussiweb\application\modules\api\controllers\Report.php 80
ERROR - 2018-03-05 12:13:41 --> Severity: Notice --> Trying to get property of non-object C:\xampp\htdocs\ci\ussiweb\application\modules\api\controllers\Report.php 80
INFO - 2018-03-05 12:13:41 --> Final output sent to browser
DEBUG - 2018-03-05 12:13:41 --> Total execution time: 2.1931
INFO - 2018-03-05 06:14:24 --> Config Class Initialized
INFO - 2018-03-05 06:14:24 --> Hooks Class Initialized
DEBUG - 2018-03-05 06:14:24 --> UTF-8 Support Enabled
INFO - 2018-03-05 06:14:24 --> Utf8 Class Initialized
INFO - 2018-03-05 06:14:24 --> URI Class Initialized
INFO - 2018-03-05 06:14:24 --> Router Class Initialized
INFO - 2018-03-05 06:14:24 --> Output Class Initialized
INFO - 2018-03-05 06:14:24 --> Security Class Initialized
DEBUG - 2018-03-05 06:14:24 --> Global POST, GET and COOKIE data sanitized
INFO - 2018-03-05 06:14:24 --> Input Class Initialized
INFO - 2018-03-05 06:14:24 --> Language Class Initialized
INFO - 2018-03-05 06:14:24 --> Language Class Initialized
INFO - 2018-03-05 06:14:24 --> Config Class Initialized
INFO - 2018-03-05 06:14:24 --> Loader Class Initialized
DEBUG - 2018-03-05 06:14:24 --> File loaded: C:\xampp\htdocs\ci\ussiweb\application\modules/api/config/site.php
INFO - 2018-03-05 06:14:24 --> Helper loaded: url_helper
INFO - 2018-03-05 06:14:24 --> Helper loaded: inflector_helper
INFO - 2018-03-05 06:14:24 --> Helper loaded: string_helper
INFO - 2018-03-05 06:14:24 --> Helper loaded: array_helper
INFO - 2018-03-05 06:14:24 --> Database Driver Class Initialized
DEBUG - 2018-03-05 06:14:25 --> Config file loaded: C:\xampp\htdocs\ci\ussiweb\application\config/ion_auth.php
DEBUG - 2018-03-05 06:14:25 --> Config file loaded: C:\xampp\htdocs\ci\ussiweb\application\third_party/ion_auth/config/ion_auth.php
INFO - 2018-03-05 06:14:25 --> Email Class Initialized
INFO - 2018-03-05 06:14:25 --> Language file loaded: language/english/ion_auth_lang.php
INFO - 2018-03-05 06:14:25 --> Helper loaded: cookie_helper
INFO - 2018-03-05 06:14:25 --> Helper loaded: language_helper
DEBUG - 2018-03-05 06:14:25 --> Session: "sess_save_path" is empty; using "session.save_path" value from php.ini.
INFO - 2018-03-05 06:14:25 --> Session: Class initialized using 'files' driver.
INFO - 2018-03-05 06:14:25 --> Model Class Initialized
INFO - 2018-03-05 06:14:25 --> Helper loaded: date_helper
INFO - 2018-03-05 06:14:25 --> User Agent Class Initialized
DEBUG - 2018-03-05 06:14:25 --> File loaded: C:\xampp\htdocs\ci\ussiweb\application\modules/api/config/autoload.php
DEBUG - 2018-03-05 06:14:25 --> User_agent class already loaded. Second attempt ignored.
INFO - 2018-03-05 06:14:25 --> Model Class Initialized
INFO - 2018-03-05 06:14:25 --> Model Class Initialized
INFO - 2018-03-05 06:14:25 --> Model Class Initialized
INFO - 2018-03-05 06:14:25 --> Model Class Initialized
INFO - 2018-03-05 06:14:25 --> Model Class Initialized
INFO - 2018-03-05 06:14:25 --> Model Class Initialized
INFO - 2018-03-05 06:14:25 --> Model Class Initialized
INFO - 2018-03-05 06:14:25 --> Model Class Initialized
INFO - 2018-03-05 06:14:25 --> Model Class Initialized
INFO - 2018-03-05 06:14:25 --> Model Class Initialized
INFO - 2018-03-05 06:14:25 --> Model Class Initialized
INFO - 2018-03-05 06:14:25 --> Model Class Initialized
INFO - 2018-03-05 06:14:25 --> Model Class Initialized
INFO - 2018-03-05 06:14:25 --> Model Class Initialized
INFO - 2018-03-05 06:14:25 --> Model Class Initialized
INFO - 2018-03-05 06:14:25 --> Model Class Initialized
INFO - 2018-03-05 06:14:25 --> Model Class Initialized
INFO - 2018-03-05 06:14:25 --> Model Class Initialized
INFO - 2018-03-05 06:14:25 --> Controller Class Initialized
DEBUG - 2018-03-05 06:14:25 --> Report MX_Controller Initialized
DEBUG - 2018-03-05 06:14:25 --> File loaded: C:\xampp\htdocs\ci\ussiweb\application\modules/api/config/autoload.php
DEBUG - 2018-03-05 06:14:25 --> User_agent class already loaded. Second attempt ignored.
DEBUG - 2018-03-05 06:14:25 --> File loaded: C:\xampp\htdocs\ci\ussiweb\application\modules/api/config/rest.php
DEBUG - 2018-03-05 06:14:25 --> File loaded: C:\xampp\htdocs\ci\ussiweb\application\modules/api/libraries/Format.php
DEBUG - 2018-03-05 06:14:25 --> File loaded: C:\xampp\htdocs\ci\ussiweb\application\modules/api/language/english/rest_controller_lang.php
INFO - 2018-03-05 06:14:25 --> Database Driver Class Initialized
INFO - 2018-03-05 12:14:26 --> Model Class Initialized
INFO - 2018-03-05 12:14:27 --> Final output sent to browser
DEBUG - 2018-03-05 12:14:27 --> Total execution time: 2.3961
INFO - 2018-03-05 06:15:00 --> Config Class Initialized
INFO - 2018-03-05 06:15:00 --> Hooks Class Initialized
DEBUG - 2018-03-05 06:15:00 --> UTF-8 Support Enabled
INFO - 2018-03-05 06:15:00 --> Utf8 Class Initialized
INFO - 2018-03-05 06:15:00 --> URI Class Initialized
INFO - 2018-03-05 06:15:00 --> Router Class Initialized
INFO - 2018-03-05 06:15:00 --> Output Class Initialized
INFO - 2018-03-05 06:15:00 --> Security Class Initialized
DEBUG - 2018-03-05 06:15:00 --> Global POST, GET and COOKIE data sanitized
INFO - 2018-03-05 06:15:00 --> Input Class Initialized
INFO - 2018-03-05 06:15:00 --> Language Class Initialized
INFO - 2018-03-05 06:15:00 --> Language Class Initialized
INFO - 2018-03-05 06:15:00 --> Config Class Initialized
INFO - 2018-03-05 06:15:00 --> Loader Class Initialized
DEBUG - 2018-03-05 06:15:00 --> File loaded: C:\xampp\htdocs\ci\ussiweb\application\modules/api/config/site.php
INFO - 2018-03-05 06:15:00 --> Helper loaded: url_helper
INFO - 2018-03-05 06:15:00 --> Helper loaded: inflector_helper
INFO - 2018-03-05 06:15:00 --> Helper loaded: string_helper
INFO - 2018-03-05 06:15:00 --> Helper loaded: array_helper
INFO - 2018-03-05 06:15:00 --> Database Driver Class Initialized
DEBUG - 2018-03-05 06:15:01 --> Config file loaded: C:\xampp\htdocs\ci\ussiweb\application\config/ion_auth.php
DEBUG - 2018-03-05 06:15:01 --> Config file loaded: C:\xampp\htdocs\ci\ussiweb\application\third_party/ion_auth/config/ion_auth.php
INFO - 2018-03-05 06:15:01 --> Email Class Initialized
INFO - 2018-03-05 06:15:01 --> Language file loaded: language/english/ion_auth_lang.php
INFO - 2018-03-05 06:15:01 --> Helper loaded: cookie_helper
INFO - 2018-03-05 06:15:01 --> Helper loaded: language_helper
DEBUG - 2018-03-05 06:15:01 --> Session: "sess_save_path" is empty; using "session.save_path" value from php.ini.
INFO - 2018-03-05 06:15:01 --> Session: Class initialized using 'files' driver.
INFO - 2018-03-05 06:15:01 --> Model Class Initialized
INFO - 2018-03-05 06:15:01 --> Helper loaded: date_helper
INFO - 2018-03-05 06:15:01 --> User Agent Class Initialized
DEBUG - 2018-03-05 06:15:01 --> File loaded: C:\xampp\htdocs\ci\ussiweb\application\modules/api/config/autoload.php
DEBUG - 2018-03-05 06:15:01 --> User_agent class already loaded. Second attempt ignored.
INFO - 2018-03-05 06:15:01 --> Model Class Initialized
INFO - 2018-03-05 06:15:01 --> Model Class Initialized
INFO - 2018-03-05 06:15:01 --> Model Class Initialized
INFO - 2018-03-05 06:15:01 --> Model Class Initialized
INFO - 2018-03-05 06:15:01 --> Model Class Initialized
INFO - 2018-03-05 06:15:01 --> Model Class Initialized
INFO - 2018-03-05 06:15:01 --> Model Class Initialized
INFO - 2018-03-05 06:15:01 --> Model Class Initialized
INFO - 2018-03-05 06:15:01 --> Model Class Initialized
INFO - 2018-03-05 06:15:01 --> Model Class Initialized
INFO - 2018-03-05 06:15:01 --> Model Class Initialized
INFO - 2018-03-05 06:15:01 --> Model Class Initialized
INFO - 2018-03-05 06:15:01 --> Model Class Initialized
INFO - 2018-03-05 06:15:01 --> Model Class Initialized
INFO - 2018-03-05 06:15:01 --> Model Class Initialized
INFO - 2018-03-05 06:15:01 --> Model Class Initialized
INFO - 2018-03-05 06:15:01 --> Model Class Initialized
INFO - 2018-03-05 06:15:01 --> Model Class Initialized
INFO - 2018-03-05 06:15:01 --> Controller Class Initialized
DEBUG - 2018-03-05 06:15:01 --> Report MX_Controller Initialized
DEBUG - 2018-03-05 06:15:01 --> File loaded: C:\xampp\htdocs\ci\ussiweb\application\modules/api/config/autoload.php
DEBUG - 2018-03-05 06:15:01 --> User_agent class already loaded. Second attempt ignored.
DEBUG - 2018-03-05 06:15:01 --> File loaded: C:\xampp\htdocs\ci\ussiweb\application\modules/api/config/rest.php
DEBUG - 2018-03-05 06:15:01 --> File loaded: C:\xampp\htdocs\ci\ussiweb\application\modules/api/libraries/Format.php
DEBUG - 2018-03-05 06:15:01 --> File loaded: C:\xampp\htdocs\ci\ussiweb\application\modules/api/language/english/rest_controller_lang.php
INFO - 2018-03-05 06:15:01 --> Database Driver Class Initialized
INFO - 2018-03-05 12:15:02 --> Model Class Initialized
ERROR - 2018-03-05 12:15:02 --> Severity: Notice --> Trying to get property of non-object C:\xampp\htdocs\ci\ussiweb\application\modules\api\controllers\Report.php 82
ERROR - 2018-03-05 12:15:02 --> Severity: Notice --> Trying to get property of non-object C:\xampp\htdocs\ci\ussiweb\application\modules\api\controllers\Report.php 82
ERROR - 2018-03-05 12:15:02 --> Severity: Notice --> Trying to get property of non-object C:\xampp\htdocs\ci\ussiweb\application\modules\api\controllers\Report.php 82
ERROR - 2018-03-05 12:15:02 --> Severity: Notice --> Trying to get property of non-object C:\xampp\htdocs\ci\ussiweb\application\modules\api\controllers\Report.php 82
INFO - 2018-03-05 12:15:02 --> Final output sent to browser
DEBUG - 2018-03-05 12:15:02 --> Total execution time: 2.2351
INFO - 2018-03-05 06:15:45 --> Config Class Initialized
INFO - 2018-03-05 06:15:45 --> Hooks Class Initialized
DEBUG - 2018-03-05 06:15:45 --> UTF-8 Support Enabled
INFO - 2018-03-05 06:15:45 --> Utf8 Class Initialized
INFO - 2018-03-05 06:15:45 --> URI Class Initialized
INFO - 2018-03-05 06:15:45 --> Router Class Initialized
INFO - 2018-03-05 06:15:45 --> Output Class Initialized
INFO - 2018-03-05 06:15:45 --> Security Class Initialized
DEBUG - 2018-03-05 06:15:45 --> Global POST, GET and COOKIE data sanitized
INFO - 2018-03-05 06:15:45 --> Input Class Initialized
INFO - 2018-03-05 06:15:45 --> Language Class Initialized
INFO - 2018-03-05 06:15:45 --> Language Class Initialized
INFO - 2018-03-05 06:15:45 --> Config Class Initialized
INFO - 2018-03-05 06:15:45 --> Loader Class Initialized
DEBUG - 2018-03-05 06:15:45 --> File loaded: C:\xampp\htdocs\ci\ussiweb\application\modules/api/config/site.php
INFO - 2018-03-05 06:15:45 --> Helper loaded: url_helper
INFO - 2018-03-05 06:15:45 --> Helper loaded: inflector_helper
INFO - 2018-03-05 06:15:45 --> Helper loaded: string_helper
INFO - 2018-03-05 06:15:45 --> Helper loaded: array_helper
INFO - 2018-03-05 06:15:45 --> Database Driver Class Initialized
DEBUG - 2018-03-05 06:15:46 --> Config file loaded: C:\xampp\htdocs\ci\ussiweb\application\config/ion_auth.php
DEBUG - 2018-03-05 06:15:46 --> Config file loaded: C:\xampp\htdocs\ci\ussiweb\application\third_party/ion_auth/config/ion_auth.php
INFO - 2018-03-05 06:15:46 --> Email Class Initialized
INFO - 2018-03-05 06:15:46 --> Language file loaded: language/english/ion_auth_lang.php
INFO - 2018-03-05 06:15:46 --> Helper loaded: cookie_helper
INFO - 2018-03-05 06:15:46 --> Helper loaded: language_helper
DEBUG - 2018-03-05 06:15:46 --> Session: "sess_save_path" is empty; using "session.save_path" value from php.ini.
INFO - 2018-03-05 06:15:46 --> Session: Class initialized using 'files' driver.
INFO - 2018-03-05 06:15:46 --> Model Class Initialized
INFO - 2018-03-05 06:15:46 --> Helper loaded: date_helper
INFO - 2018-03-05 06:15:46 --> User Agent Class Initialized
DEBUG - 2018-03-05 06:15:46 --> File loaded: C:\xampp\htdocs\ci\ussiweb\application\modules/api/config/autoload.php
DEBUG - 2018-03-05 06:15:46 --> User_agent class already loaded. Second attempt ignored.
INFO - 2018-03-05 06:15:46 --> Model Class Initialized
INFO - 2018-03-05 06:15:46 --> Model Class Initialized
INFO - 2018-03-05 06:15:46 --> Model Class Initialized
INFO - 2018-03-05 06:15:46 --> Model Class Initialized
INFO - 2018-03-05 06:15:46 --> Model Class Initialized
INFO - 2018-03-05 06:15:46 --> Model Class Initialized
INFO - 2018-03-05 06:15:46 --> Model Class Initialized
INFO - 2018-03-05 06:15:46 --> Model Class Initialized
INFO - 2018-03-05 06:15:46 --> Model Class Initialized
INFO - 2018-03-05 06:15:46 --> Model Class Initialized
INFO - 2018-03-05 06:15:46 --> Model Class Initialized
INFO - 2018-03-05 06:15:46 --> Model Class Initialized
INFO - 2018-03-05 06:15:46 --> Model Class Initialized
INFO - 2018-03-05 06:15:46 --> Model Class Initialized
INFO - 2018-03-05 06:15:46 --> Model Class Initialized
INFO - 2018-03-05 06:15:46 --> Model Class Initialized
INFO - 2018-03-05 06:15:46 --> Model Class Initialized
INFO - 2018-03-05 06:15:46 --> Model Class Initialized
INFO - 2018-03-05 06:15:46 --> Controller Class Initialized
DEBUG - 2018-03-05 06:15:46 --> Report MX_Controller Initialized
DEBUG - 2018-03-05 06:15:46 --> File loaded: C:\xampp\htdocs\ci\ussiweb\application\modules/api/config/autoload.php
DEBUG - 2018-03-05 06:15:46 --> User_agent class already loaded. Second attempt ignored.
DEBUG - 2018-03-05 06:15:46 --> File loaded: C:\xampp\htdocs\ci\ussiweb\application\modules/api/config/rest.php
DEBUG - 2018-03-05 06:15:46 --> File loaded: C:\xampp\htdocs\ci\ussiweb\application\modules/api/libraries/Format.php
DEBUG - 2018-03-05 06:15:46 --> File loaded: C:\xampp\htdocs\ci\ussiweb\application\modules/api/language/english/rest_controller_lang.php
INFO - 2018-03-05 06:15:46 --> Database Driver Class Initialized
INFO - 2018-03-05 12:15:47 --> Model Class Initialized
INFO - 2018-03-05 12:15:48 --> Final output sent to browser
DEBUG - 2018-03-05 12:15:48 --> Total execution time: 2.2211
INFO - 2018-03-05 06:15:57 --> Config Class Initialized
INFO - 2018-03-05 06:15:57 --> Hooks Class Initialized
DEBUG - 2018-03-05 06:15:57 --> UTF-8 Support Enabled
INFO - 2018-03-05 06:15:57 --> Utf8 Class Initialized
INFO - 2018-03-05 06:15:57 --> URI Class Initialized
INFO - 2018-03-05 06:15:57 --> Router Class Initialized
INFO - 2018-03-05 06:15:57 --> Output Class Initialized
INFO - 2018-03-05 06:15:57 --> Security Class Initialized
DEBUG - 2018-03-05 06:15:57 --> Global POST, GET and COOKIE data sanitized
INFO - 2018-03-05 06:15:57 --> Input Class Initialized
INFO - 2018-03-05 06:15:57 --> Language Class Initialized
INFO - 2018-03-05 06:15:57 --> Language Class Initialized
INFO - 2018-03-05 06:15:57 --> Config Class Initialized
INFO - 2018-03-05 06:15:57 --> Loader Class Initialized
DEBUG - 2018-03-05 06:15:57 --> File loaded: C:\xampp\htdocs\ci\ussiweb\application\modules/api/config/site.php
INFO - 2018-03-05 06:15:57 --> Helper loaded: url_helper
INFO - 2018-03-05 06:15:57 --> Helper loaded: inflector_helper
INFO - 2018-03-05 06:15:57 --> Helper loaded: string_helper
INFO - 2018-03-05 06:15:57 --> Helper loaded: array_helper
INFO - 2018-03-05 06:15:57 --> Database Driver Class Initialized
DEBUG - 2018-03-05 06:15:58 --> Config file loaded: C:\xampp\htdocs\ci\ussiweb\application\config/ion_auth.php
DEBUG - 2018-03-05 06:15:58 --> Config file loaded: C:\xampp\htdocs\ci\ussiweb\application\third_party/ion_auth/config/ion_auth.php
INFO - 2018-03-05 06:15:58 --> Email Class Initialized
INFO - 2018-03-05 06:15:58 --> Language file loaded: language/english/ion_auth_lang.php
INFO - 2018-03-05 06:15:58 --> Helper loaded: cookie_helper
INFO - 2018-03-05 06:15:58 --> Helper loaded: language_helper
DEBUG - 2018-03-05 06:15:58 --> Session: "sess_save_path" is empty; using "session.save_path" value from php.ini.
INFO - 2018-03-05 06:15:58 --> Session: Class initialized using 'files' driver.
INFO - 2018-03-05 06:15:58 --> Model Class Initialized
INFO - 2018-03-05 06:15:58 --> Helper loaded: date_helper
INFO - 2018-03-05 06:15:58 --> User Agent Class Initialized
DEBUG - 2018-03-05 06:15:58 --> File loaded: C:\xampp\htdocs\ci\ussiweb\application\modules/api/config/autoload.php
DEBUG - 2018-03-05 06:15:58 --> User_agent class already loaded. Second attempt ignored.
INFO - 2018-03-05 06:15:58 --> Model Class Initialized
INFO - 2018-03-05 06:15:58 --> Model Class Initialized
INFO - 2018-03-05 06:15:58 --> Model Class Initialized
INFO - 2018-03-05 06:15:58 --> Model Class Initialized
INFO - 2018-03-05 06:15:58 --> Model Class Initialized
INFO - 2018-03-05 06:15:58 --> Model Class Initialized
INFO - 2018-03-05 06:15:58 --> Model Class Initialized
INFO - 2018-03-05 06:15:58 --> Model Class Initialized
INFO - 2018-03-05 06:15:58 --> Model Class Initialized
INFO - 2018-03-05 06:15:58 --> Model Class Initialized
INFO - 2018-03-05 06:15:58 --> Model Class Initialized
INFO - 2018-03-05 06:15:58 --> Model Class Initialized
INFO - 2018-03-05 06:15:58 --> Model Class Initialized
INFO - 2018-03-05 06:15:58 --> Model Class Initialized
INFO - 2018-03-05 06:15:58 --> Model Class Initialized
INFO - 2018-03-05 06:15:58 --> Model Class Initialized
INFO - 2018-03-05 06:15:58 --> Model Class Initialized
INFO - 2018-03-05 06:15:58 --> Model Class Initialized
INFO - 2018-03-05 06:15:58 --> Controller Class Initialized
DEBUG - 2018-03-05 06:15:58 --> Report MX_Controller Initialized
DEBUG - 2018-03-05 06:15:58 --> File loaded: C:\xampp\htdocs\ci\ussiweb\application\modules/api/config/autoload.php
DEBUG - 2018-03-05 06:15:58 --> User_agent class already loaded. Second attempt ignored.
DEBUG - 2018-03-05 06:15:58 --> File loaded: C:\xampp\htdocs\ci\ussiweb\application\modules/api/config/rest.php
DEBUG - 2018-03-05 06:15:58 --> File loaded: C:\xampp\htdocs\ci\ussiweb\application\modules/api/libraries/Format.php
DEBUG - 2018-03-05 06:15:58 --> File loaded: C:\xampp\htdocs\ci\ussiweb\application\modules/api/language/english/rest_controller_lang.php
INFO - 2018-03-05 06:15:58 --> Database Driver Class Initialized
INFO - 2018-03-05 12:15:59 --> Model Class Initialized
INFO - 2018-03-05 12:15:59 --> Final output sent to browser
DEBUG - 2018-03-05 12:15:59 --> Total execution time: 2.2361
INFO - 2018-03-05 08:15:45 --> Config Class Initialized
INFO - 2018-03-05 08:15:45 --> Hooks Class Initialized
DEBUG - 2018-03-05 08:15:45 --> UTF-8 Support Enabled
INFO - 2018-03-05 08:15:45 --> Utf8 Class Initialized
INFO - 2018-03-05 08:15:45 --> URI Class Initialized
INFO - 2018-03-05 08:15:45 --> Router Class Initialized
INFO - 2018-03-05 08:15:45 --> Output Class Initialized
INFO - 2018-03-05 08:15:45 --> Security Class Initialized
DEBUG - 2018-03-05 08:15:45 --> Global POST, GET and COOKIE data sanitized
INFO - 2018-03-05 08:15:45 --> Input Class Initialized
INFO - 2018-03-05 08:15:45 --> Language Class Initialized
INFO - 2018-03-05 08:15:45 --> Language Class Initialized
INFO - 2018-03-05 08:15:45 --> Config Class Initialized
INFO - 2018-03-05 08:15:45 --> Loader Class Initialized
DEBUG - 2018-03-05 08:15:45 --> File loaded: C:\xampp\htdocs\ci\ussiweb\application\modules/api/config/site.php
INFO - 2018-03-05 08:15:45 --> Helper loaded: url_helper
INFO - 2018-03-05 08:15:45 --> Helper loaded: inflector_helper
INFO - 2018-03-05 08:15:45 --> Helper loaded: string_helper
INFO - 2018-03-05 08:15:45 --> Helper loaded: array_helper
INFO - 2018-03-05 08:15:45 --> Database Driver Class Initialized
DEBUG - 2018-03-05 08:15:46 --> Config file loaded: C:\xampp\htdocs\ci\ussiweb\application\config/ion_auth.php
DEBUG - 2018-03-05 08:15:46 --> Config file loaded: C:\xampp\htdocs\ci\ussiweb\application\third_party/ion_auth/config/ion_auth.php
INFO - 2018-03-05 08:15:46 --> Email Class Initialized
INFO - 2018-03-05 08:15:46 --> Language file loaded: language/english/ion_auth_lang.php
INFO - 2018-03-05 08:15:46 --> Helper loaded: cookie_helper
INFO - 2018-03-05 08:15:46 --> Helper loaded: language_helper
DEBUG - 2018-03-05 08:15:46 --> Session: "sess_save_path" is empty; using "session.save_path" value from php.ini.
INFO - 2018-03-05 08:15:46 --> Session: Class initialized using 'files' driver.
INFO - 2018-03-05 08:15:46 --> Model Class Initialized
INFO - 2018-03-05 08:15:46 --> Helper loaded: date_helper
INFO - 2018-03-05 08:15:46 --> User Agent Class Initialized
DEBUG - 2018-03-05 08:15:46 --> File loaded: C:\xampp\htdocs\ci\ussiweb\application\modules/api/config/autoload.php
DEBUG - 2018-03-05 08:15:46 --> User_agent class already loaded. Second attempt ignored.
INFO - 2018-03-05 08:15:46 --> Model Class Initialized
INFO - 2018-03-05 08:15:46 --> Model Class Initialized
INFO - 2018-03-05 08:15:46 --> Model Class Initialized
INFO - 2018-03-05 08:15:46 --> Model Class Initialized
INFO - 2018-03-05 08:15:46 --> Model Class Initialized
INFO - 2018-03-05 08:15:46 --> Model Class Initialized
INFO - 2018-03-05 08:15:46 --> Model Class Initialized
INFO - 2018-03-05 08:15:46 --> Model Class Initialized
INFO - 2018-03-05 08:15:46 --> Model Class Initialized
INFO - 2018-03-05 08:15:46 --> Model Class Initialized
INFO - 2018-03-05 08:15:46 --> Model Class Initialized
INFO - 2018-03-05 08:15:46 --> Model Class Initialized
INFO - 2018-03-05 08:15:46 --> Model Class Initialized
INFO - 2018-03-05 08:15:46 --> Model Class Initialized
INFO - 2018-03-05 08:15:46 --> Model Class Initialized
INFO - 2018-03-05 08:15:46 --> Model Class Initialized
INFO - 2018-03-05 08:15:46 --> Model Class Initialized
INFO - 2018-03-05 08:15:46 --> Model Class Initialized
INFO - 2018-03-05 08:15:46 --> Controller Class Initialized
DEBUG - 2018-03-05 08:15:46 --> Report MX_Controller Initialized
DEBUG - 2018-03-05 08:15:46 --> File loaded: C:\xampp\htdocs\ci\ussiweb\application\modules/api/config/autoload.php
DEBUG - 2018-03-05 08:15:46 --> User_agent class already loaded. Second attempt ignored.
DEBUG - 2018-03-05 08:15:46 --> File loaded: C:\xampp\htdocs\ci\ussiweb\application\modules/api/config/rest.php
DEBUG - 2018-03-05 08:15:46 --> File loaded: C:\xampp\htdocs\ci\ussiweb\application\modules/api/libraries/Format.php
DEBUG - 2018-03-05 08:15:46 --> File loaded: C:\xampp\htdocs\ci\ussiweb\application\modules/api/language/english/rest_controller_lang.php
INFO - 2018-03-05 08:15:46 --> Database Driver Class Initialized
INFO - 2018-03-05 14:15:47 --> Model Class Initialized
INFO - 2018-03-05 14:15:47 --> Final output sent to browser
DEBUG - 2018-03-05 14:15:47 --> Total execution time: 2.1911
INFO - 2018-03-05 10:02:55 --> Config Class Initialized
INFO - 2018-03-05 10:02:55 --> Hooks Class Initialized
DEBUG - 2018-03-05 10:02:55 --> UTF-8 Support Enabled
INFO - 2018-03-05 10:02:55 --> Utf8 Class Initialized
INFO - 2018-03-05 10:02:55 --> URI Class Initialized
INFO - 2018-03-05 10:02:55 --> Router Class Initialized
INFO - 2018-03-05 10:02:55 --> Output Class Initialized
INFO - 2018-03-05 10:02:55 --> Security Class Initialized
DEBUG - 2018-03-05 10:02:55 --> Global POST, GET and COOKIE data sanitized
INFO - 2018-03-05 10:02:55 --> Input Class Initialized
INFO - 2018-03-05 10:02:55 --> Language Class Initialized
INFO - 2018-03-05 10:02:55 --> Language Class Initialized
INFO - 2018-03-05 10:02:55 --> Config Class Initialized
INFO - 2018-03-05 10:02:55 --> Loader Class Initialized
DEBUG - 2018-03-05 10:02:55 --> File loaded: C:\xampp\htdocs\ci\ussiweb\application\modules/api/config/site.php
INFO - 2018-03-05 10:02:55 --> Helper loaded: url_helper
INFO - 2018-03-05 10:02:55 --> Helper loaded: inflector_helper
INFO - 2018-03-05 10:02:55 --> Helper loaded: string_helper
INFO - 2018-03-05 10:02:55 --> Helper loaded: array_helper
INFO - 2018-03-05 10:02:55 --> Database Driver Class Initialized
DEBUG - 2018-03-05 10:02:56 --> Config file loaded: C:\xampp\htdocs\ci\ussiweb\application\config/ion_auth.php
DEBUG - 2018-03-05 10:02:56 --> Config file loaded: C:\xampp\htdocs\ci\ussiweb\application\third_party/ion_auth/config/ion_auth.php
INFO - 2018-03-05 10:02:56 --> Email Class Initialized
INFO - 2018-03-05 10:02:56 --> Language file loaded: language/english/ion_auth_lang.php
INFO - 2018-03-05 10:02:56 --> Helper loaded: cookie_helper
INFO - 2018-03-05 10:02:56 --> Helper loaded: language_helper
DEBUG - 2018-03-05 10:02:56 --> Session: "sess_save_path" is empty; using "session.save_path" value from php.ini.
INFO - 2018-03-05 10:02:56 --> Session: Class initialized using 'files' driver.
INFO - 2018-03-05 10:02:56 --> Model Class Initialized
INFO - 2018-03-05 10:02:56 --> Helper loaded: date_helper
INFO - 2018-03-05 10:02:56 --> User Agent Class Initialized
DEBUG - 2018-03-05 10:02:56 --> File loaded: C:\xampp\htdocs\ci\ussiweb\application\modules/api/config/autoload.php
DEBUG - 2018-03-05 10:02:56 --> User_agent class already loaded. Second attempt ignored.
INFO - 2018-03-05 10:02:56 --> Model Class Initialized
INFO - 2018-03-05 10:02:56 --> Model Class Initialized
INFO - 2018-03-05 10:02:56 --> Model Class Initialized
INFO - 2018-03-05 10:02:56 --> Model Class Initialized
INFO - 2018-03-05 10:02:56 --> Model Class Initialized
INFO - 2018-03-05 10:02:56 --> Model Class Initialized
INFO - 2018-03-05 10:02:56 --> Model Class Initialized
INFO - 2018-03-05 10:02:56 --> Model Class Initialized
INFO - 2018-03-05 10:02:56 --> Model Class Initialized
INFO - 2018-03-05 10:02:56 --> Model Class Initialized
INFO - 2018-03-05 10:02:56 --> Model Class Initialized
INFO - 2018-03-05 10:02:56 --> Model Class Initialized
INFO - 2018-03-05 10:02:56 --> Model Class Initialized
INFO - 2018-03-05 10:02:56 --> Model Class Initialized
INFO - 2018-03-05 10:02:56 --> Model Class Initialized
INFO - 2018-03-05 10:02:56 --> Model Class Initialized
INFO - 2018-03-05 10:02:56 --> Model Class Initialized
INFO - 2018-03-05 10:02:56 --> Model Class Initialized
INFO - 2018-03-05 10:02:56 --> Controller Class Initialized
DEBUG - 2018-03-05 10:02:56 --> Report MX_Controller Initialized
DEBUG - 2018-03-05 10:02:56 --> File loaded: C:\xampp\htdocs\ci\ussiweb\application\modules/api/config/autoload.php
DEBUG - 2018-03-05 10:02:56 --> User_agent class already loaded. Second attempt ignored.
DEBUG - 2018-03-05 10:02:56 --> File loaded: C:\xampp\htdocs\ci\ussiweb\application\modules/api/config/rest.php
DEBUG - 2018-03-05 10:02:56 --> File loaded: C:\xampp\htdocs\ci\ussiweb\application\modules/api/libraries/Format.php
DEBUG - 2018-03-05 10:02:56 --> File loaded: C:\xampp\htdocs\ci\ussiweb\application\modules/api/language/english/rest_controller_lang.php
INFO - 2018-03-05 10:02:56 --> Database Driver Class Initialized
INFO - 2018-03-05 16:02:57 --> Model Class Initialized
INFO - 2018-03-05 16:02:57 --> Final output sent to browser
DEBUG - 2018-03-05 16:02:57 --> Total execution time: 2.2111
INFO - 2018-03-05 10:03:09 --> Config Class Initialized
INFO - 2018-03-05 10:03:09 --> Hooks Class Initialized
DEBUG - 2018-03-05 10:03:09 --> UTF-8 Support Enabled
INFO - 2018-03-05 10:03:09 --> Utf8 Class Initialized
INFO - 2018-03-05 10:03:09 --> URI Class Initialized
INFO - 2018-03-05 10:03:09 --> Router Class Initialized
INFO - 2018-03-05 10:03:09 --> Output Class Initialized
INFO - 2018-03-05 10:03:09 --> Security Class Initialized
DEBUG - 2018-03-05 10:03:09 --> Global POST, GET and COOKIE data sanitized
INFO - 2018-03-05 10:03:09 --> Input Class Initialized
INFO - 2018-03-05 10:03:09 --> Language Class Initialized
INFO - 2018-03-05 10:03:09 --> Language Class Initialized
INFO - 2018-03-05 10:03:09 --> Config Class Initialized
INFO - 2018-03-05 10:03:09 --> Loader Class Initialized
DEBUG - 2018-03-05 10:03:09 --> File loaded: C:\xampp\htdocs\ci\ussiweb\application\modules/api/config/site.php
INFO - 2018-03-05 10:03:09 --> Helper loaded: url_helper
INFO - 2018-03-05 10:03:09 --> Helper loaded: inflector_helper
INFO - 2018-03-05 10:03:09 --> Helper loaded: string_helper
INFO - 2018-03-05 10:03:09 --> Helper loaded: array_helper
INFO - 2018-03-05 10:03:09 --> Database Driver Class Initialized
DEBUG - 2018-03-05 10:03:10 --> Config file loaded: C:\xampp\htdocs\ci\ussiweb\application\config/ion_auth.php
DEBUG - 2018-03-05 10:03:10 --> Config file loaded: C:\xampp\htdocs\ci\ussiweb\application\third_party/ion_auth/config/ion_auth.php
INFO - 2018-03-05 10:03:10 --> Email Class Initialized
INFO - 2018-03-05 10:03:10 --> Language file loaded: language/english/ion_auth_lang.php
INFO - 2018-03-05 10:03:10 --> Helper loaded: cookie_helper
INFO - 2018-03-05 10:03:10 --> Helper loaded: language_helper
DEBUG - 2018-03-05 10:03:10 --> Session: "sess_save_path" is empty; using "session.save_path" value from php.ini.
INFO - 2018-03-05 10:03:10 --> Session: Class initialized using 'files' driver.
INFO - 2018-03-05 10:03:10 --> Model Class Initialized
INFO - 2018-03-05 10:03:10 --> Helper loaded: date_helper
INFO - 2018-03-05 10:03:10 --> User Agent Class Initialized
DEBUG - 2018-03-05 10:03:10 --> File loaded: C:\xampp\htdocs\ci\ussiweb\application\modules/api/config/autoload.php
DEBUG - 2018-03-05 10:03:10 --> User_agent class already loaded. Second attempt ignored.
INFO - 2018-03-05 10:03:10 --> Model Class Initialized
INFO - 2018-03-05 10:03:10 --> Model Class Initialized
INFO - 2018-03-05 10:03:10 --> Model Class Initialized
INFO - 2018-03-05 10:03:10 --> Model Class Initialized
INFO - 2018-03-05 10:03:10 --> Model Class Initialized
INFO - 2018-03-05 10:03:10 --> Model Class Initialized
INFO - 2018-03-05 10:03:10 --> Model Class Initialized
INFO - 2018-03-05 10:03:10 --> Model Class Initialized
INFO - 2018-03-05 10:03:10 --> Model Class Initialized
INFO - 2018-03-05 10:03:10 --> Model Class Initialized
INFO - 2018-03-05 10:03:10 --> Model Class Initialized
INFO - 2018-03-05 10:03:10 --> Model Class Initialized
INFO - 2018-03-05 10:03:10 --> Model Class Initialized
INFO - 2018-03-05 10:03:10 --> Model Class Initialized
INFO - 2018-03-05 10:03:10 --> Model Class Initialized
INFO - 2018-03-05 10:03:10 --> Model Class Initialized
INFO - 2018-03-05 10:03:10 --> Model Class Initialized
INFO - 2018-03-05 10:03:10 --> Model Class Initialized
INFO - 2018-03-05 10:03:10 --> Controller Class Initialized
DEBUG - 2018-03-05 10:03:10 --> Report MX_Controller Initialized
DEBUG - 2018-03-05 10:03:10 --> File loaded: C:\xampp\htdocs\ci\ussiweb\application\modules/api/config/autoload.php
DEBUG - 2018-03-05 10:03:10 --> User_agent class already loaded. Second attempt ignored.
DEBUG - 2018-03-05 10:03:10 --> File loaded: C:\xampp\htdocs\ci\ussiweb\application\modules/api/config/rest.php
DEBUG - 2018-03-05 10:03:10 --> File loaded: C:\xampp\htdocs\ci\ussiweb\application\modules/api/libraries/Format.php
DEBUG - 2018-03-05 10:03:10 --> File loaded: C:\xampp\htdocs\ci\ussiweb\application\modules/api/language/english/rest_controller_lang.php
INFO - 2018-03-05 10:03:10 --> Database Driver Class Initialized
INFO - 2018-03-05 16:03:11 --> Model Class Initialized
INFO - 2018-03-05 16:03:11 --> Final output sent to browser
DEBUG - 2018-03-05 16:03:11 --> Total execution time: 2.2291
