INFO - 2018-03-22 00:04:25 --> Final output sent to browser
DEBUG - 2018-03-22 00:04:25 --> Total execution time: 1.1121
INFO - 2018-03-22 00:05:06 --> Final output sent to browser
DEBUG - 2018-03-22 00:05:06 --> Total execution time: 1.1171
INFO - 2018-03-22 00:05:45 --> Final output sent to browser
DEBUG - 2018-03-22 00:05:45 --> Total execution time: 1.1721
INFO - 2018-03-22 00:05:53 --> Final output sent to browser
DEBUG - 2018-03-22 00:05:53 --> Total execution time: 1.0891
INFO - 2018-03-22 00:15:38 --> Final output sent to browser
DEBUG - 2018-03-22 00:15:38 --> Total execution time: 22.5603
INFO - 2018-03-22 00:17:07 --> Final output sent to browser
DEBUG - 2018-03-22 00:17:07 --> Total execution time: 23.6774
INFO - 2018-03-22 00:20:27 --> Final output sent to browser
DEBUG - 2018-03-22 00:20:27 --> Total execution time: 25.1164
INFO - 2018-03-22 00:20:52 --> Final output sent to browser
DEBUG - 2018-03-22 00:20:52 --> Total execution time: 1.1001
INFO - 2018-03-22 00:56:43 --> Final output sent to browser
DEBUG - 2018-03-22 00:56:43 --> Total execution time: 1.1421
INFO - 2018-03-22 00:56:47 --> Final output sent to browser
DEBUG - 2018-03-22 00:56:47 --> Total execution time: 1.1111
INFO - 2018-03-22 00:56:50 --> Final output sent to browser
DEBUG - 2018-03-22 00:56:50 --> Total execution time: 1.1441
INFO - 2018-03-22 00:57:09 --> Final output sent to browser
DEBUG - 2018-03-22 00:57:09 --> Total execution time: 1.1411
INFO - 2018-03-22 00:57:42 --> Final output sent to browser
DEBUG - 2018-03-22 00:57:42 --> Total execution time: 12.8737
INFO - 2018-03-22 02:05:45 --> Final output sent to browser
DEBUG - 2018-03-22 02:05:45 --> Total execution time: 18.2570
INFO - 2018-03-22 02:08:53 --> Final output sent to browser
DEBUG - 2018-03-22 02:08:53 --> Total execution time: 17.0560
INFO - 2018-03-22 02:09:59 --> Final output sent to browser
DEBUG - 2018-03-22 02:09:59 --> Total execution time: 19.9461
INFO - 2018-03-22 06:53:14 --> Config Class Initialized
INFO - 2018-03-22 06:53:14 --> Hooks Class Initialized
DEBUG - 2018-03-22 06:53:14 --> UTF-8 Support Enabled
INFO - 2018-03-22 06:53:14 --> Utf8 Class Initialized
INFO - 2018-03-22 06:53:14 --> URI Class Initialized
DEBUG - 2018-03-22 06:53:14 --> File loaded: C:\xampp\htdocs\ci\ussiweb\application\modules/admin/config/routes.php
INFO - 2018-03-22 06:53:14 --> Router Class Initialized
INFO - 2018-03-22 06:53:14 --> Output Class Initialized
INFO - 2018-03-22 06:53:14 --> Security Class Initialized
DEBUG - 2018-03-22 06:53:14 --> Global POST, GET and COOKIE data sanitized
INFO - 2018-03-22 06:53:14 --> Input Class Initialized
INFO - 2018-03-22 06:53:14 --> Language Class Initialized
INFO - 2018-03-22 06:53:14 --> Language Class Initialized
INFO - 2018-03-22 06:53:14 --> Config Class Initialized
INFO - 2018-03-22 06:53:14 --> Loader Class Initialized
DEBUG - 2018-03-22 06:53:14 --> File loaded: C:\xampp\htdocs\ci\ussiweb\application\modules/admin/config/site.php
INFO - 2018-03-22 06:53:14 --> Helper loaded: url_helper
INFO - 2018-03-22 06:53:14 --> Helper loaded: inflector_helper
INFO - 2018-03-22 06:53:14 --> Helper loaded: string_helper
INFO - 2018-03-22 06:53:14 --> Helper loaded: array_helper
INFO - 2018-03-22 06:53:14 --> Database Driver Class Initialized
DEBUG - 2018-03-22 06:53:15 --> File loaded: C:\xampp\htdocs\ci\ussiweb\application\modules/admin/config/ion_auth.php
DEBUG - 2018-03-22 06:53:15 --> File loaded: C:\xampp\htdocs\ci\ussiweb\application\modules/admin/config/ion_auth.php
INFO - 2018-03-22 06:53:15 --> Email Class Initialized
INFO - 2018-03-22 06:53:15 --> Language file loaded: language/english/ion_auth_lang.php
INFO - 2018-03-22 06:53:15 --> Helper loaded: cookie_helper
INFO - 2018-03-22 06:53:15 --> Helper loaded: language_helper
DEBUG - 2018-03-22 06:53:15 --> Session: "sess_save_path" is empty; using "session.save_path" value from php.ini.
INFO - 2018-03-22 06:53:15 --> Session: Class initialized using 'files' driver.
INFO - 2018-03-22 06:53:15 --> Model Class Initialized
INFO - 2018-03-22 06:53:15 --> Helper loaded: date_helper
INFO - 2018-03-22 06:53:15 --> User Agent Class Initialized
DEBUG - 2018-03-22 06:53:15 --> File loaded: C:\xampp\htdocs\ci\ussiweb\application\modules/admin/config/autoload.php
DEBUG - 2018-03-22 06:53:15 --> File loaded: C:\xampp\htdocs\ci\ussiweb\application\modules/admin/config/form_validation.php
INFO - 2018-03-22 06:53:15 --> Helper loaded: form_helper
INFO - 2018-03-22 06:53:15 --> Form Validation Class Initialized
INFO - 2018-03-22 06:53:15 --> Model Class Initialized
INFO - 2018-03-22 06:53:15 --> Model Class Initialized
INFO - 2018-03-22 06:53:15 --> Model Class Initialized
INFO - 2018-03-22 06:53:15 --> Model Class Initialized
INFO - 2018-03-22 06:53:15 --> Model Class Initialized
INFO - 2018-03-22 06:53:15 --> Model Class Initialized
INFO - 2018-03-22 06:53:15 --> Model Class Initialized
INFO - 2018-03-22 06:53:15 --> Model Class Initialized
INFO - 2018-03-22 06:53:15 --> Model Class Initialized
INFO - 2018-03-22 06:53:15 --> Model Class Initialized
INFO - 2018-03-22 06:53:15 --> Model Class Initialized
INFO - 2018-03-22 06:53:15 --> Model Class Initialized
INFO - 2018-03-22 06:53:15 --> Controller Class Initialized
DEBUG - 2018-03-22 06:53:15 --> Acc MX_Controller Initialized
DEBUG - 2018-03-22 06:53:15 --> File loaded: C:\xampp\htdocs\ci\ussiweb\application\modules/admin/config/autoload.php
INFO - 2018-03-22 06:53:15 --> Config Class Initialized
INFO - 2018-03-22 06:53:15 --> Hooks Class Initialized
DEBUG - 2018-03-22 06:53:15 --> UTF-8 Support Enabled
INFO - 2018-03-22 06:53:15 --> Utf8 Class Initialized
INFO - 2018-03-22 06:53:15 --> URI Class Initialized
DEBUG - 2018-03-22 06:53:15 --> File loaded: C:\xampp\htdocs\ci\ussiweb\application\modules/admin/config/routes.php
INFO - 2018-03-22 06:53:15 --> Router Class Initialized
INFO - 2018-03-22 06:53:15 --> Output Class Initialized
INFO - 2018-03-22 06:53:15 --> Security Class Initialized
DEBUG - 2018-03-22 06:53:15 --> Global POST, GET and COOKIE data sanitized
INFO - 2018-03-22 06:53:15 --> Input Class Initialized
INFO - 2018-03-22 06:53:15 --> Language Class Initialized
INFO - 2018-03-22 06:53:15 --> Language Class Initialized
INFO - 2018-03-22 06:53:15 --> Config Class Initialized
INFO - 2018-03-22 06:53:15 --> Loader Class Initialized
DEBUG - 2018-03-22 06:53:15 --> File loaded: C:\xampp\htdocs\ci\ussiweb\application\modules/admin/config/site.php
INFO - 2018-03-22 06:53:15 --> Helper loaded: url_helper
INFO - 2018-03-22 06:53:15 --> Helper loaded: inflector_helper
INFO - 2018-03-22 06:53:15 --> Helper loaded: string_helper
INFO - 2018-03-22 06:53:15 --> Helper loaded: array_helper
INFO - 2018-03-22 06:53:15 --> Database Driver Class Initialized
DEBUG - 2018-03-22 06:53:16 --> File loaded: C:\xampp\htdocs\ci\ussiweb\application\modules/admin/config/ion_auth.php
DEBUG - 2018-03-22 06:53:16 --> File loaded: C:\xampp\htdocs\ci\ussiweb\application\modules/admin/config/ion_auth.php
INFO - 2018-03-22 06:53:16 --> Email Class Initialized
INFO - 2018-03-22 06:53:16 --> Language file loaded: language/english/ion_auth_lang.php
INFO - 2018-03-22 06:53:16 --> Helper loaded: cookie_helper
INFO - 2018-03-22 06:53:16 --> Helper loaded: language_helper
DEBUG - 2018-03-22 06:53:16 --> Session: "sess_save_path" is empty; using "session.save_path" value from php.ini.
INFO - 2018-03-22 06:53:16 --> Session: Class initialized using 'files' driver.
INFO - 2018-03-22 06:53:16 --> Model Class Initialized
INFO - 2018-03-22 06:53:16 --> Helper loaded: date_helper
INFO - 2018-03-22 06:53:16 --> User Agent Class Initialized
DEBUG - 2018-03-22 06:53:16 --> File loaded: C:\xampp\htdocs\ci\ussiweb\application\modules/admin/config/autoload.php
DEBUG - 2018-03-22 06:53:16 --> File loaded: C:\xampp\htdocs\ci\ussiweb\application\modules/admin/config/form_validation.php
INFO - 2018-03-22 06:53:16 --> Helper loaded: form_helper
INFO - 2018-03-22 06:53:16 --> Form Validation Class Initialized
INFO - 2018-03-22 06:53:16 --> Model Class Initialized
INFO - 2018-03-22 06:53:16 --> Model Class Initialized
INFO - 2018-03-22 06:53:16 --> Model Class Initialized
INFO - 2018-03-22 06:53:16 --> Model Class Initialized
INFO - 2018-03-22 06:53:16 --> Model Class Initialized
INFO - 2018-03-22 06:53:16 --> Model Class Initialized
INFO - 2018-03-22 06:53:16 --> Model Class Initialized
INFO - 2018-03-22 06:53:16 --> Model Class Initialized
INFO - 2018-03-22 06:53:16 --> Model Class Initialized
INFO - 2018-03-22 06:53:16 --> Model Class Initialized
INFO - 2018-03-22 06:53:16 --> Model Class Initialized
INFO - 2018-03-22 06:53:16 --> Model Class Initialized
INFO - 2018-03-22 06:53:16 --> Controller Class Initialized
DEBUG - 2018-03-22 06:53:17 --> Login MX_Controller Initialized
DEBUG - 2018-03-22 06:53:17 --> File loaded: C:\xampp\htdocs\ci\ussiweb\application\modules/admin/config/autoload.php
DEBUG - 2018-03-22 12:53:17 --> File loaded: C:\xampp\htdocs\ci\ussiweb\application\modules/admin/config/form_validation.php
DEBUG - 2018-03-22 12:53:17 --> File loaded: C:\xampp\htdocs\ci\ussiweb\application\views\_base/head.php
DEBUG - 2018-03-22 12:53:17 --> File loaded: C:\xampp\htdocs\ci\ussiweb\application\modules/admin/views/login.php
DEBUG - 2018-03-22 12:53:17 --> File loaded: C:\xampp\htdocs\ci\ussiweb\application\views\_layouts/empty.php
DEBUG - 2018-03-22 12:53:17 --> File loaded: C:\xampp\htdocs\ci\ussiweb\application\views\_partials/ga.php
DEBUG - 2018-03-22 12:53:17 --> File loaded: C:\xampp\htdocs\ci\ussiweb\application\views\_base/foot.php
INFO - 2018-03-22 12:53:17 --> Final output sent to browser
DEBUG - 2018-03-22 12:53:17 --> Total execution time: 1.3161
INFO - 2018-03-22 06:53:22 --> Config Class Initialized
INFO - 2018-03-22 06:53:22 --> Hooks Class Initialized
DEBUG - 2018-03-22 06:53:22 --> UTF-8 Support Enabled
INFO - 2018-03-22 06:53:22 --> Utf8 Class Initialized
INFO - 2018-03-22 06:53:22 --> URI Class Initialized
DEBUG - 2018-03-22 06:53:22 --> File loaded: C:\xampp\htdocs\ci\ussiweb\application\modules/admin/config/routes.php
INFO - 2018-03-22 06:53:22 --> Router Class Initialized
INFO - 2018-03-22 06:53:22 --> Output Class Initialized
INFO - 2018-03-22 06:53:22 --> Security Class Initialized
DEBUG - 2018-03-22 06:53:22 --> Global POST, GET and COOKIE data sanitized
INFO - 2018-03-22 06:53:22 --> Input Class Initialized
INFO - 2018-03-22 06:53:22 --> Language Class Initialized
INFO - 2018-03-22 06:53:22 --> Language Class Initialized
INFO - 2018-03-22 06:53:22 --> Config Class Initialized
INFO - 2018-03-22 06:53:22 --> Loader Class Initialized
DEBUG - 2018-03-22 06:53:22 --> File loaded: C:\xampp\htdocs\ci\ussiweb\application\modules/admin/config/site.php
INFO - 2018-03-22 06:53:22 --> Helper loaded: url_helper
INFO - 2018-03-22 06:53:22 --> Helper loaded: inflector_helper
INFO - 2018-03-22 06:53:22 --> Helper loaded: string_helper
INFO - 2018-03-22 06:53:22 --> Helper loaded: array_helper
INFO - 2018-03-22 06:53:22 --> Database Driver Class Initialized
DEBUG - 2018-03-22 06:53:23 --> File loaded: C:\xampp\htdocs\ci\ussiweb\application\modules/admin/config/ion_auth.php
DEBUG - 2018-03-22 06:53:23 --> File loaded: C:\xampp\htdocs\ci\ussiweb\application\modules/admin/config/ion_auth.php
INFO - 2018-03-22 06:53:23 --> Email Class Initialized
INFO - 2018-03-22 06:53:23 --> Language file loaded: language/english/ion_auth_lang.php
INFO - 2018-03-22 06:53:23 --> Helper loaded: cookie_helper
INFO - 2018-03-22 06:53:23 --> Helper loaded: language_helper
DEBUG - 2018-03-22 06:53:23 --> Session: "sess_save_path" is empty; using "session.save_path" value from php.ini.
INFO - 2018-03-22 06:53:23 --> Session: Class initialized using 'files' driver.
INFO - 2018-03-22 06:53:23 --> Model Class Initialized
INFO - 2018-03-22 06:53:23 --> Helper loaded: date_helper
INFO - 2018-03-22 06:53:23 --> User Agent Class Initialized
DEBUG - 2018-03-22 06:53:23 --> File loaded: C:\xampp\htdocs\ci\ussiweb\application\modules/admin/config/autoload.php
DEBUG - 2018-03-22 06:53:23 --> File loaded: C:\xampp\htdocs\ci\ussiweb\application\modules/admin/config/form_validation.php
INFO - 2018-03-22 06:53:23 --> Helper loaded: form_helper
INFO - 2018-03-22 06:53:23 --> Form Validation Class Initialized
INFO - 2018-03-22 06:53:23 --> Model Class Initialized
INFO - 2018-03-22 06:53:23 --> Model Class Initialized
INFO - 2018-03-22 06:53:23 --> Model Class Initialized
INFO - 2018-03-22 06:53:23 --> Model Class Initialized
INFO - 2018-03-22 06:53:23 --> Model Class Initialized
INFO - 2018-03-22 06:53:23 --> Model Class Initialized
INFO - 2018-03-22 06:53:23 --> Model Class Initialized
INFO - 2018-03-22 06:53:23 --> Model Class Initialized
INFO - 2018-03-22 06:53:23 --> Model Class Initialized
INFO - 2018-03-22 06:53:23 --> Model Class Initialized
INFO - 2018-03-22 06:53:23 --> Model Class Initialized
INFO - 2018-03-22 06:53:23 --> Model Class Initialized
INFO - 2018-03-22 06:53:23 --> Controller Class Initialized
DEBUG - 2018-03-22 06:53:23 --> Login MX_Controller Initialized
DEBUG - 2018-03-22 06:53:23 --> File loaded: C:\xampp\htdocs\ci\ussiweb\application\modules/admin/config/autoload.php
DEBUG - 2018-03-22 12:53:23 --> File loaded: C:\xampp\htdocs\ci\ussiweb\application\modules/admin/config/form_validation.php
INFO - 2018-03-22 12:53:23 --> Language file loaded: language/english/form_validation_lang.php
INFO - 2018-03-22 06:53:24 --> Config Class Initialized
INFO - 2018-03-22 06:53:24 --> Hooks Class Initialized
DEBUG - 2018-03-22 06:53:24 --> UTF-8 Support Enabled
INFO - 2018-03-22 06:53:24 --> Utf8 Class Initialized
INFO - 2018-03-22 06:53:24 --> URI Class Initialized
DEBUG - 2018-03-22 06:53:24 --> File loaded: C:\xampp\htdocs\ci\ussiweb\application\modules/admin/config/routes.php
INFO - 2018-03-22 06:53:24 --> Router Class Initialized
INFO - 2018-03-22 06:53:24 --> Output Class Initialized
INFO - 2018-03-22 06:53:24 --> Security Class Initialized
DEBUG - 2018-03-22 06:53:24 --> Global POST, GET and COOKIE data sanitized
INFO - 2018-03-22 06:53:24 --> Input Class Initialized
INFO - 2018-03-22 06:53:24 --> Language Class Initialized
INFO - 2018-03-22 06:53:24 --> Language Class Initialized
INFO - 2018-03-22 06:53:24 --> Config Class Initialized
INFO - 2018-03-22 06:53:24 --> Loader Class Initialized
DEBUG - 2018-03-22 06:53:24 --> File loaded: C:\xampp\htdocs\ci\ussiweb\application\modules/admin/config/site.php
INFO - 2018-03-22 06:53:24 --> Helper loaded: url_helper
INFO - 2018-03-22 06:53:24 --> Helper loaded: inflector_helper
INFO - 2018-03-22 06:53:24 --> Helper loaded: string_helper
INFO - 2018-03-22 06:53:24 --> Helper loaded: array_helper
INFO - 2018-03-22 06:53:24 --> Database Driver Class Initialized
DEBUG - 2018-03-22 06:53:31 --> File loaded: C:\xampp\htdocs\ci\ussiweb\application\modules/admin/config/ion_auth.php
DEBUG - 2018-03-22 06:53:31 --> File loaded: C:\xampp\htdocs\ci\ussiweb\application\modules/admin/config/ion_auth.php
INFO - 2018-03-22 06:53:31 --> Email Class Initialized
INFO - 2018-03-22 06:53:31 --> Language file loaded: language/english/ion_auth_lang.php
INFO - 2018-03-22 06:53:31 --> Helper loaded: cookie_helper
INFO - 2018-03-22 06:53:31 --> Helper loaded: language_helper
DEBUG - 2018-03-22 06:53:31 --> Session: "sess_save_path" is empty; using "session.save_path" value from php.ini.
INFO - 2018-03-22 06:53:31 --> Session: Class initialized using 'files' driver.
INFO - 2018-03-22 06:53:31 --> Model Class Initialized
INFO - 2018-03-22 06:53:31 --> Helper loaded: date_helper
INFO - 2018-03-22 06:53:31 --> User Agent Class Initialized
DEBUG - 2018-03-22 06:53:31 --> File loaded: C:\xampp\htdocs\ci\ussiweb\application\modules/admin/config/autoload.php
DEBUG - 2018-03-22 06:53:31 --> File loaded: C:\xampp\htdocs\ci\ussiweb\application\modules/admin/config/form_validation.php
INFO - 2018-03-22 06:53:31 --> Helper loaded: form_helper
INFO - 2018-03-22 06:53:31 --> Form Validation Class Initialized
INFO - 2018-03-22 06:53:31 --> Model Class Initialized
INFO - 2018-03-22 06:53:31 --> Model Class Initialized
INFO - 2018-03-22 06:53:31 --> Model Class Initialized
INFO - 2018-03-22 06:53:31 --> Model Class Initialized
INFO - 2018-03-22 06:53:31 --> Model Class Initialized
INFO - 2018-03-22 06:53:31 --> Model Class Initialized
INFO - 2018-03-22 06:53:31 --> Model Class Initialized
INFO - 2018-03-22 06:53:31 --> Model Class Initialized
INFO - 2018-03-22 06:53:31 --> Model Class Initialized
INFO - 2018-03-22 06:53:31 --> Model Class Initialized
INFO - 2018-03-22 06:53:31 --> Model Class Initialized
INFO - 2018-03-22 06:53:31 --> Model Class Initialized
INFO - 2018-03-22 06:53:31 --> Controller Class Initialized
DEBUG - 2018-03-22 06:53:31 --> Home MX_Controller Initialized
DEBUG - 2018-03-22 06:53:31 --> File loaded: C:\xampp\htdocs\ci\ussiweb\application\modules/admin/config/autoload.php
INFO - 2018-03-22 12:53:31 --> Model Class Initialized
DEBUG - 2018-03-22 12:53:31 --> File loaded: C:\xampp\htdocs\ci\ussiweb\application\views\_base/head.php
DEBUG - 2018-03-22 12:53:31 --> File loaded: C:\xampp\htdocs\ci\ussiweb\application\modules/admin/views/_partials/navbar.php
DEBUG - 2018-03-22 12:53:31 --> File loaded: C:\xampp\htdocs\ci\ussiweb\application\modules/admin/views/_partials/sidemenu_search.php
DEBUG - 2018-03-22 12:53:31 --> File loaded: C:\xampp\htdocs\ci\ussiweb\application\modules/admin/views/_partials/sidemenu.php
DEBUG - 2018-03-22 12:53:31 --> File loaded: C:\xampp\htdocs\ci\ussiweb\application\modules/admin/views/_partials/breadcrumb.php
DEBUG - 2018-03-22 12:53:31 --> File loaded: C:\xampp\htdocs\ci\ussiweb\application\modules/admin/views/_partials/errorpage.php
DEBUG - 2018-03-22 12:53:31 --> File loaded: C:\xampp\htdocs\ci\ussiweb\application\controllers/../modules/adminlte/controllers/Widget.php
DEBUG - 2018-03-22 12:53:31 --> Widget MX_Controller Initialized
DEBUG - 2018-03-22 12:53:31 --> File loaded: C:\xampp\htdocs\ci\ussiweb\application\modules/admin/views/home.php
DEBUG - 2018-03-22 12:53:31 --> File loaded: C:\xampp\htdocs\ci\ussiweb\application\modules/admin/views/_partials/back_btn.php
DEBUG - 2018-03-22 12:53:31 --> File loaded: C:\xampp\htdocs\ci\ussiweb\application\modules/admin/views/_layouts/default.php
DEBUG - 2018-03-22 12:53:31 --> File loaded: C:\xampp\htdocs\ci\ussiweb\application\views\_partials/ga.php
DEBUG - 2018-03-22 12:53:31 --> File loaded: C:\xampp\htdocs\ci\ussiweb\application\views\_base/foot.php
INFO - 2018-03-22 12:53:31 --> Final output sent to browser
DEBUG - 2018-03-22 12:53:31 --> Total execution time: 7.8985
INFO - 2018-03-22 06:53:32 --> Config Class Initialized
INFO - 2018-03-22 06:53:32 --> Hooks Class Initialized
DEBUG - 2018-03-22 06:53:32 --> UTF-8 Support Enabled
INFO - 2018-03-22 06:53:32 --> Utf8 Class Initialized
INFO - 2018-03-22 06:53:32 --> URI Class Initialized
INFO - 2018-03-22 06:53:32 --> Router Class Initialized
INFO - 2018-03-22 06:53:32 --> Output Class Initialized
INFO - 2018-03-22 06:53:32 --> Security Class Initialized
DEBUG - 2018-03-22 06:53:32 --> Global POST, GET and COOKIE data sanitized
INFO - 2018-03-22 06:53:32 --> Input Class Initialized
INFO - 2018-03-22 06:53:32 --> Language Class Initialized
INFO - 2018-03-22 06:53:32 --> Language Class Initialized
INFO - 2018-03-22 06:53:32 --> Config Class Initialized
INFO - 2018-03-22 06:53:32 --> Loader Class Initialized
DEBUG - 2018-03-22 06:53:32 --> Config file loaded: C:\xampp\htdocs\ci\ussiweb\application\config/site.php
INFO - 2018-03-22 06:53:32 --> Helper loaded: url_helper
INFO - 2018-03-22 06:53:32 --> Helper loaded: inflector_helper
INFO - 2018-03-22 06:53:32 --> Helper loaded: string_helper
INFO - 2018-03-22 06:53:32 --> Helper loaded: array_helper
INFO - 2018-03-22 06:53:32 --> Database Driver Class Initialized
DEBUG - 2018-03-22 06:53:33 --> Config file loaded: C:\xampp\htdocs\ci\ussiweb\application\config/ion_auth.php
DEBUG - 2018-03-22 06:53:33 --> Config file loaded: C:\xampp\htdocs\ci\ussiweb\application\third_party/ion_auth/config/ion_auth.php
INFO - 2018-03-22 06:53:33 --> Email Class Initialized
INFO - 2018-03-22 06:53:33 --> Language file loaded: language/english/ion_auth_lang.php
INFO - 2018-03-22 06:53:33 --> Helper loaded: cookie_helper
INFO - 2018-03-22 06:53:33 --> Helper loaded: language_helper
DEBUG - 2018-03-22 06:53:33 --> Session: "sess_save_path" is empty; using "session.save_path" value from php.ini.
INFO - 2018-03-22 06:53:33 --> Session: Class initialized using 'files' driver.
INFO - 2018-03-22 06:53:33 --> Model Class Initialized
INFO - 2018-03-22 06:53:33 --> Helper loaded: date_helper
INFO - 2018-03-22 06:53:33 --> User Agent Class Initialized
INFO - 2018-03-22 06:53:33 --> Controller Class Initialized
ERROR - 2018-03-22 06:53:33 --> 404 Page Not Found: /index
INFO - 2018-03-22 06:53:43 --> Config Class Initialized
INFO - 2018-03-22 06:53:43 --> Hooks Class Initialized
DEBUG - 2018-03-22 06:53:43 --> UTF-8 Support Enabled
INFO - 2018-03-22 06:53:43 --> Utf8 Class Initialized
INFO - 2018-03-22 06:53:43 --> URI Class Initialized
DEBUG - 2018-03-22 06:53:43 --> File loaded: C:\xampp\htdocs\ci\ussiweb\application\modules/admin/config/routes.php
INFO - 2018-03-22 06:53:43 --> Router Class Initialized
INFO - 2018-03-22 06:53:43 --> Output Class Initialized
INFO - 2018-03-22 06:53:43 --> Security Class Initialized
DEBUG - 2018-03-22 06:53:43 --> Global POST, GET and COOKIE data sanitized
INFO - 2018-03-22 06:53:43 --> Input Class Initialized
INFO - 2018-03-22 06:53:43 --> Language Class Initialized
INFO - 2018-03-22 06:53:43 --> Language Class Initialized
INFO - 2018-03-22 06:53:43 --> Config Class Initialized
INFO - 2018-03-22 06:53:43 --> Loader Class Initialized
DEBUG - 2018-03-22 06:53:43 --> File loaded: C:\xampp\htdocs\ci\ussiweb\application\modules/admin/config/site.php
INFO - 2018-03-22 06:53:43 --> Helper loaded: url_helper
INFO - 2018-03-22 06:53:43 --> Helper loaded: inflector_helper
INFO - 2018-03-22 06:53:43 --> Helper loaded: string_helper
INFO - 2018-03-22 06:53:43 --> Helper loaded: array_helper
INFO - 2018-03-22 06:53:43 --> Database Driver Class Initialized
DEBUG - 2018-03-22 06:53:44 --> File loaded: C:\xampp\htdocs\ci\ussiweb\application\modules/admin/config/ion_auth.php
DEBUG - 2018-03-22 06:53:44 --> File loaded: C:\xampp\htdocs\ci\ussiweb\application\modules/admin/config/ion_auth.php
INFO - 2018-03-22 06:53:44 --> Email Class Initialized
INFO - 2018-03-22 06:53:44 --> Language file loaded: language/english/ion_auth_lang.php
INFO - 2018-03-22 06:53:44 --> Helper loaded: cookie_helper
INFO - 2018-03-22 06:53:44 --> Helper loaded: language_helper
DEBUG - 2018-03-22 06:53:44 --> Session: "sess_save_path" is empty; using "session.save_path" value from php.ini.
INFO - 2018-03-22 06:53:44 --> Session: Class initialized using 'files' driver.
INFO - 2018-03-22 06:53:44 --> Model Class Initialized
INFO - 2018-03-22 06:53:44 --> Helper loaded: date_helper
INFO - 2018-03-22 06:53:44 --> User Agent Class Initialized
DEBUG - 2018-03-22 06:53:44 --> File loaded: C:\xampp\htdocs\ci\ussiweb\application\modules/admin/config/autoload.php
DEBUG - 2018-03-22 06:53:44 --> File loaded: C:\xampp\htdocs\ci\ussiweb\application\modules/admin/config/form_validation.php
INFO - 2018-03-22 06:53:44 --> Helper loaded: form_helper
INFO - 2018-03-22 06:53:44 --> Form Validation Class Initialized
INFO - 2018-03-22 06:53:44 --> Model Class Initialized
INFO - 2018-03-22 06:53:44 --> Model Class Initialized
INFO - 2018-03-22 06:53:44 --> Model Class Initialized
INFO - 2018-03-22 06:53:44 --> Model Class Initialized
INFO - 2018-03-22 06:53:44 --> Model Class Initialized
INFO - 2018-03-22 06:53:44 --> Model Class Initialized
INFO - 2018-03-22 06:53:44 --> Model Class Initialized
INFO - 2018-03-22 06:53:44 --> Model Class Initialized
INFO - 2018-03-22 06:53:44 --> Model Class Initialized
INFO - 2018-03-22 06:53:44 --> Model Class Initialized
INFO - 2018-03-22 06:53:44 --> Model Class Initialized
INFO - 2018-03-22 06:53:44 --> Model Class Initialized
INFO - 2018-03-22 06:53:44 --> Controller Class Initialized
DEBUG - 2018-03-22 06:53:44 --> Com MX_Controller Initialized
DEBUG - 2018-03-22 06:53:44 --> File loaded: C:\xampp\htdocs\ci\ussiweb\application\modules/admin/config/autoload.php
DEBUG - 2018-03-22 12:53:44 --> File loaded: C:\xampp\htdocs\ci\ussiweb\application\modules/admin/config/grocery_crud.php
DEBUG - 2018-03-22 12:53:44 --> File loaded: C:\xampp\htdocs\ci\ussiweb\application\modules/admin/libraries/Grocery_CRUD.php
DEBUG - 2018-03-22 12:53:44 --> File loaded: C:\xampp\htdocs\ci\ussiweb\application\modules/admin/config/grocery_crud.php
DEBUG - 2018-03-22 12:53:44 --> File loaded: C:\xampp\htdocs\ci\ussiweb\application\modules/admin/models/Grocery_crud_model.php
INFO - 2018-03-22 12:53:44 --> Model Class Initialized
INFO - 2018-03-22 12:53:44 --> Model Class Initialized
DEBUG - 2018-03-22 12:53:45 --> File loaded: C:\xampp\htdocs\ci\ussiweb\application\views\_base/head.php
DEBUG - 2018-03-22 12:53:45 --> File loaded: C:\xampp\htdocs\ci\ussiweb\application\modules/admin/views/_partials/navbar.php
DEBUG - 2018-03-22 12:53:45 --> File loaded: C:\xampp\htdocs\ci\ussiweb\application\modules/admin/views/_partials/sidemenu_search.php
DEBUG - 2018-03-22 12:53:45 --> File loaded: C:\xampp\htdocs\ci\ussiweb\application\modules/admin/views/_partials/sidemenu.php
DEBUG - 2018-03-22 12:53:45 --> File loaded: C:\xampp\htdocs\ci\ussiweb\application\modules/admin/views/_partials/breadcrumb.php
DEBUG - 2018-03-22 12:53:45 --> File loaded: C:\xampp\htdocs\ci\ussiweb\application\modules/admin/views/_partials/errorpage.php
DEBUG - 2018-03-22 12:53:45 --> File loaded: C:\xampp\htdocs\ci\ussiweb\application\modules/admin/views/crud.php
DEBUG - 2018-03-22 12:53:45 --> File loaded: C:\xampp\htdocs\ci\ussiweb\application\modules/admin/views/_partials/back_btn.php
DEBUG - 2018-03-22 12:53:45 --> File loaded: C:\xampp\htdocs\ci\ussiweb\application\modules/admin/views/_layouts/default.php
DEBUG - 2018-03-22 12:53:45 --> File loaded: C:\xampp\htdocs\ci\ussiweb\application\views\_partials/ga.php
DEBUG - 2018-03-22 12:53:45 --> File loaded: C:\xampp\htdocs\ci\ussiweb\application\views\_base/foot.php
INFO - 2018-03-22 12:53:45 --> Final output sent to browser
DEBUG - 2018-03-22 12:53:45 --> Total execution time: 1.5751
INFO - 2018-03-22 06:53:45 --> Config Class Initialized
INFO - 2018-03-22 06:53:45 --> Hooks Class Initialized
DEBUG - 2018-03-22 06:53:45 --> UTF-8 Support Enabled
INFO - 2018-03-22 06:53:45 --> Utf8 Class Initialized
INFO - 2018-03-22 06:53:45 --> URI Class Initialized
INFO - 2018-03-22 06:53:45 --> Router Class Initialized
INFO - 2018-03-22 06:53:45 --> Output Class Initialized
INFO - 2018-03-22 06:53:45 --> Security Class Initialized
DEBUG - 2018-03-22 06:53:45 --> Global POST, GET and COOKIE data sanitized
INFO - 2018-03-22 06:53:45 --> Input Class Initialized
INFO - 2018-03-22 06:53:45 --> Language Class Initialized
INFO - 2018-03-22 06:53:45 --> Language Class Initialized
INFO - 2018-03-22 06:53:45 --> Config Class Initialized
INFO - 2018-03-22 06:53:45 --> Loader Class Initialized
DEBUG - 2018-03-22 06:53:45 --> Config file loaded: C:\xampp\htdocs\ci\ussiweb\application\config/site.php
INFO - 2018-03-22 06:53:45 --> Helper loaded: url_helper
INFO - 2018-03-22 06:53:45 --> Helper loaded: inflector_helper
INFO - 2018-03-22 06:53:45 --> Helper loaded: string_helper
INFO - 2018-03-22 06:53:45 --> Helper loaded: array_helper
INFO - 2018-03-22 06:53:45 --> Database Driver Class Initialized
DEBUG - 2018-03-22 06:53:46 --> Config file loaded: C:\xampp\htdocs\ci\ussiweb\application\config/ion_auth.php
DEBUG - 2018-03-22 06:53:46 --> Config file loaded: C:\xampp\htdocs\ci\ussiweb\application\third_party/ion_auth/config/ion_auth.php
INFO - 2018-03-22 06:53:46 --> Email Class Initialized
INFO - 2018-03-22 06:53:46 --> Language file loaded: language/english/ion_auth_lang.php
INFO - 2018-03-22 06:53:46 --> Helper loaded: cookie_helper
INFO - 2018-03-22 06:53:46 --> Helper loaded: language_helper
DEBUG - 2018-03-22 06:53:46 --> Session: "sess_save_path" is empty; using "session.save_path" value from php.ini.
INFO - 2018-03-22 06:53:46 --> Session: Class initialized using 'files' driver.
INFO - 2018-03-22 06:53:46 --> Model Class Initialized
INFO - 2018-03-22 06:53:46 --> Helper loaded: date_helper
INFO - 2018-03-22 06:53:46 --> User Agent Class Initialized
INFO - 2018-03-22 06:53:46 --> Controller Class Initialized
ERROR - 2018-03-22 06:53:46 --> 404 Page Not Found: /index
