INFO - 2018-03-25 17:46:19 --> Config Class Initialized
INFO - 2018-03-25 17:46:19 --> Hooks Class Initialized
DEBUG - 2018-03-25 17:46:19 --> UTF-8 Support Enabled
INFO - 2018-03-25 17:46:19 --> Utf8 Class Initialized
INFO - 2018-03-25 17:46:19 --> URI Class Initialized
DEBUG - 2018-03-25 17:46:19 --> File loaded: C:\xampp\htdocs\ci\ussiweb\application\modules/admin/config/routes.php
INFO - 2018-03-25 17:46:19 --> Router Class Initialized
INFO - 2018-03-25 17:46:19 --> Output Class Initialized
INFO - 2018-03-25 17:46:19 --> Security Class Initialized
DEBUG - 2018-03-25 17:46:19 --> Global POST, GET and COOKIE data sanitized
INFO - 2018-03-25 17:46:19 --> Input Class Initialized
INFO - 2018-03-25 17:46:19 --> Language Class Initialized
INFO - 2018-03-25 17:46:19 --> Language Class Initialized
INFO - 2018-03-25 17:46:19 --> Config Class Initialized
INFO - 2018-03-25 17:46:19 --> Loader Class Initialized
DEBUG - 2018-03-25 17:46:19 --> File loaded: C:\xampp\htdocs\ci\ussiweb\application\modules/admin/config/site.php
INFO - 2018-03-25 17:46:19 --> Helper loaded: url_helper
INFO - 2018-03-25 17:46:19 --> Helper loaded: inflector_helper
INFO - 2018-03-25 17:46:19 --> Helper loaded: string_helper
INFO - 2018-03-25 17:46:19 --> Helper loaded: array_helper
INFO - 2018-03-25 17:46:19 --> Database Driver Class Initialized
DEBUG - 2018-03-25 17:46:20 --> File loaded: C:\xampp\htdocs\ci\ussiweb\application\modules/admin/config/ion_auth.php
DEBUG - 2018-03-25 17:46:20 --> File loaded: C:\xampp\htdocs\ci\ussiweb\application\modules/admin/config/ion_auth.php
INFO - 2018-03-25 17:46:20 --> Email Class Initialized
INFO - 2018-03-25 17:46:20 --> Language file loaded: language/english/ion_auth_lang.php
INFO - 2018-03-25 17:46:20 --> Helper loaded: cookie_helper
INFO - 2018-03-25 17:46:20 --> Helper loaded: language_helper
DEBUG - 2018-03-25 17:46:20 --> Session: "sess_save_path" is empty; using "session.save_path" value from php.ini.
INFO - 2018-03-25 17:46:20 --> Session: Class initialized using 'files' driver.
INFO - 2018-03-25 17:46:20 --> Model Class Initialized
INFO - 2018-03-25 17:46:20 --> Helper loaded: date_helper
INFO - 2018-03-25 17:46:20 --> User Agent Class Initialized
DEBUG - 2018-03-25 17:46:20 --> File loaded: C:\xampp\htdocs\ci\ussiweb\application\modules/admin/config/autoload.php
DEBUG - 2018-03-25 17:46:20 --> File loaded: C:\xampp\htdocs\ci\ussiweb\application\modules/admin/config/form_validation.php
INFO - 2018-03-25 17:46:20 --> Helper loaded: form_helper
INFO - 2018-03-25 17:46:20 --> Form Validation Class Initialized
INFO - 2018-03-25 17:46:20 --> Model Class Initialized
INFO - 2018-03-25 17:46:20 --> Model Class Initialized
INFO - 2018-03-25 17:46:20 --> Model Class Initialized
INFO - 2018-03-25 17:46:20 --> Model Class Initialized
INFO - 2018-03-25 17:46:20 --> Model Class Initialized
INFO - 2018-03-25 17:46:20 --> Model Class Initialized
INFO - 2018-03-25 17:46:20 --> Model Class Initialized
INFO - 2018-03-25 17:46:20 --> Model Class Initialized
INFO - 2018-03-25 17:46:20 --> Model Class Initialized
INFO - 2018-03-25 17:46:20 --> Model Class Initialized
INFO - 2018-03-25 17:46:20 --> Model Class Initialized
INFO - 2018-03-25 17:46:20 --> Model Class Initialized
INFO - 2018-03-25 17:46:20 --> Controller Class Initialized
DEBUG - 2018-03-25 17:46:20 --> Simpanan MX_Controller Initialized
DEBUG - 2018-03-25 17:46:20 --> File loaded: C:\xampp\htdocs\ci\ussiweb\application\modules/admin/config/autoload.php
INFO - 2018-03-25 17:46:20 --> Config Class Initialized
INFO - 2018-03-25 17:46:20 --> Hooks Class Initialized
DEBUG - 2018-03-25 17:46:20 --> UTF-8 Support Enabled
INFO - 2018-03-25 17:46:20 --> Utf8 Class Initialized
INFO - 2018-03-25 17:46:20 --> URI Class Initialized
DEBUG - 2018-03-25 17:46:20 --> File loaded: C:\xampp\htdocs\ci\ussiweb\application\modules/admin/config/routes.php
INFO - 2018-03-25 17:46:20 --> Router Class Initialized
INFO - 2018-03-25 17:46:20 --> Output Class Initialized
INFO - 2018-03-25 17:46:20 --> Security Class Initialized
DEBUG - 2018-03-25 17:46:20 --> Global POST, GET and COOKIE data sanitized
INFO - 2018-03-25 17:46:20 --> Input Class Initialized
INFO - 2018-03-25 17:46:20 --> Language Class Initialized
INFO - 2018-03-25 17:46:20 --> Language Class Initialized
INFO - 2018-03-25 17:46:20 --> Config Class Initialized
INFO - 2018-03-25 17:46:20 --> Loader Class Initialized
DEBUG - 2018-03-25 17:46:20 --> File loaded: C:\xampp\htdocs\ci\ussiweb\application\modules/admin/config/site.php
INFO - 2018-03-25 17:46:20 --> Helper loaded: url_helper
INFO - 2018-03-25 17:46:20 --> Helper loaded: inflector_helper
INFO - 2018-03-25 17:46:20 --> Helper loaded: string_helper
INFO - 2018-03-25 17:46:20 --> Helper loaded: array_helper
INFO - 2018-03-25 17:46:20 --> Database Driver Class Initialized
DEBUG - 2018-03-25 17:46:21 --> File loaded: C:\xampp\htdocs\ci\ussiweb\application\modules/admin/config/ion_auth.php
DEBUG - 2018-03-25 17:46:21 --> File loaded: C:\xampp\htdocs\ci\ussiweb\application\modules/admin/config/ion_auth.php
INFO - 2018-03-25 17:46:21 --> Email Class Initialized
INFO - 2018-03-25 17:46:21 --> Language file loaded: language/english/ion_auth_lang.php
INFO - 2018-03-25 17:46:21 --> Helper loaded: cookie_helper
INFO - 2018-03-25 17:46:21 --> Helper loaded: language_helper
DEBUG - 2018-03-25 17:46:21 --> Session: "sess_save_path" is empty; using "session.save_path" value from php.ini.
INFO - 2018-03-25 17:46:21 --> Session: Class initialized using 'files' driver.
INFO - 2018-03-25 17:46:21 --> Model Class Initialized
INFO - 2018-03-25 17:46:21 --> Helper loaded: date_helper
INFO - 2018-03-25 17:46:21 --> User Agent Class Initialized
DEBUG - 2018-03-25 17:46:21 --> File loaded: C:\xampp\htdocs\ci\ussiweb\application\modules/admin/config/autoload.php
DEBUG - 2018-03-25 17:46:21 --> File loaded: C:\xampp\htdocs\ci\ussiweb\application\modules/admin/config/form_validation.php
INFO - 2018-03-25 17:46:21 --> Helper loaded: form_helper
INFO - 2018-03-25 17:46:21 --> Form Validation Class Initialized
INFO - 2018-03-25 17:46:21 --> Model Class Initialized
INFO - 2018-03-25 17:46:21 --> Model Class Initialized
INFO - 2018-03-25 17:46:21 --> Model Class Initialized
INFO - 2018-03-25 17:46:21 --> Model Class Initialized
INFO - 2018-03-25 17:46:21 --> Model Class Initialized
INFO - 2018-03-25 17:46:21 --> Model Class Initialized
INFO - 2018-03-25 17:46:21 --> Model Class Initialized
INFO - 2018-03-25 17:46:21 --> Model Class Initialized
INFO - 2018-03-25 17:46:21 --> Model Class Initialized
INFO - 2018-03-25 17:46:21 --> Model Class Initialized
INFO - 2018-03-25 17:46:21 --> Model Class Initialized
INFO - 2018-03-25 17:46:21 --> Model Class Initialized
INFO - 2018-03-25 17:46:21 --> Controller Class Initialized
DEBUG - 2018-03-25 17:46:21 --> Login MX_Controller Initialized
DEBUG - 2018-03-25 17:46:21 --> File loaded: C:\xampp\htdocs\ci\ussiweb\application\modules/admin/config/autoload.php
DEBUG - 2018-03-25 22:46:21 --> File loaded: C:\xampp\htdocs\ci\ussiweb\application\modules/admin/config/form_validation.php
DEBUG - 2018-03-25 22:46:21 --> File loaded: C:\xampp\htdocs\ci\ussiweb\application\views\_base/head.php
DEBUG - 2018-03-25 22:46:21 --> File loaded: C:\xampp\htdocs\ci\ussiweb\application\modules/admin/views/login.php
DEBUG - 2018-03-25 22:46:21 --> File loaded: C:\xampp\htdocs\ci\ussiweb\application\views\_layouts/empty.php
DEBUG - 2018-03-25 22:46:21 --> File loaded: C:\xampp\htdocs\ci\ussiweb\application\views\_partials/ga.php
DEBUG - 2018-03-25 22:46:21 --> File loaded: C:\xampp\htdocs\ci\ussiweb\application\views\_base/foot.php
INFO - 2018-03-25 22:46:21 --> Final output sent to browser
DEBUG - 2018-03-25 22:46:21 --> Total execution time: 1.1801
INFO - 2018-03-25 17:46:28 --> Config Class Initialized
INFO - 2018-03-25 17:46:28 --> Hooks Class Initialized
DEBUG - 2018-03-25 17:46:28 --> UTF-8 Support Enabled
INFO - 2018-03-25 17:46:28 --> Utf8 Class Initialized
INFO - 2018-03-25 17:46:28 --> URI Class Initialized
DEBUG - 2018-03-25 17:46:28 --> File loaded: C:\xampp\htdocs\ci\ussiweb\application\modules/admin/config/routes.php
INFO - 2018-03-25 17:46:28 --> Router Class Initialized
INFO - 2018-03-25 17:46:28 --> Output Class Initialized
INFO - 2018-03-25 17:46:28 --> Security Class Initialized
DEBUG - 2018-03-25 17:46:28 --> Global POST, GET and COOKIE data sanitized
INFO - 2018-03-25 17:46:28 --> Input Class Initialized
INFO - 2018-03-25 17:46:28 --> Language Class Initialized
INFO - 2018-03-25 17:46:28 --> Language Class Initialized
INFO - 2018-03-25 17:46:28 --> Config Class Initialized
INFO - 2018-03-25 17:46:28 --> Loader Class Initialized
DEBUG - 2018-03-25 17:46:28 --> File loaded: C:\xampp\htdocs\ci\ussiweb\application\modules/admin/config/site.php
INFO - 2018-03-25 17:46:28 --> Helper loaded: url_helper
INFO - 2018-03-25 17:46:28 --> Helper loaded: inflector_helper
INFO - 2018-03-25 17:46:28 --> Helper loaded: string_helper
INFO - 2018-03-25 17:46:28 --> Helper loaded: array_helper
INFO - 2018-03-25 17:46:28 --> Database Driver Class Initialized
DEBUG - 2018-03-25 17:46:29 --> File loaded: C:\xampp\htdocs\ci\ussiweb\application\modules/admin/config/ion_auth.php
DEBUG - 2018-03-25 17:46:29 --> File loaded: C:\xampp\htdocs\ci\ussiweb\application\modules/admin/config/ion_auth.php
INFO - 2018-03-25 17:46:29 --> Email Class Initialized
INFO - 2018-03-25 17:46:29 --> Language file loaded: language/english/ion_auth_lang.php
INFO - 2018-03-25 17:46:29 --> Helper loaded: cookie_helper
INFO - 2018-03-25 17:46:29 --> Helper loaded: language_helper
DEBUG - 2018-03-25 17:46:29 --> Session: "sess_save_path" is empty; using "session.save_path" value from php.ini.
INFO - 2018-03-25 17:46:29 --> Session: Class initialized using 'files' driver.
INFO - 2018-03-25 17:46:29 --> Model Class Initialized
INFO - 2018-03-25 17:46:29 --> Helper loaded: date_helper
INFO - 2018-03-25 17:46:29 --> User Agent Class Initialized
DEBUG - 2018-03-25 17:46:29 --> File loaded: C:\xampp\htdocs\ci\ussiweb\application\modules/admin/config/autoload.php
DEBUG - 2018-03-25 17:46:29 --> File loaded: C:\xampp\htdocs\ci\ussiweb\application\modules/admin/config/form_validation.php
INFO - 2018-03-25 17:46:29 --> Helper loaded: form_helper
INFO - 2018-03-25 17:46:29 --> Form Validation Class Initialized
INFO - 2018-03-25 17:46:29 --> Model Class Initialized
INFO - 2018-03-25 17:46:29 --> Model Class Initialized
INFO - 2018-03-25 17:46:29 --> Model Class Initialized
INFO - 2018-03-25 17:46:29 --> Model Class Initialized
INFO - 2018-03-25 17:46:29 --> Model Class Initialized
INFO - 2018-03-25 17:46:29 --> Model Class Initialized
INFO - 2018-03-25 17:46:29 --> Model Class Initialized
INFO - 2018-03-25 17:46:29 --> Model Class Initialized
INFO - 2018-03-25 17:46:29 --> Model Class Initialized
INFO - 2018-03-25 17:46:29 --> Model Class Initialized
INFO - 2018-03-25 17:46:29 --> Model Class Initialized
INFO - 2018-03-25 17:46:29 --> Model Class Initialized
INFO - 2018-03-25 17:46:29 --> Controller Class Initialized
DEBUG - 2018-03-25 17:46:29 --> Login MX_Controller Initialized
DEBUG - 2018-03-25 17:46:29 --> File loaded: C:\xampp\htdocs\ci\ussiweb\application\modules/admin/config/autoload.php
DEBUG - 2018-03-25 22:46:29 --> File loaded: C:\xampp\htdocs\ci\ussiweb\application\modules/admin/config/form_validation.php
INFO - 2018-03-25 22:46:29 --> Language file loaded: language/english/form_validation_lang.php
INFO - 2018-03-25 17:46:29 --> Config Class Initialized
INFO - 2018-03-25 17:46:29 --> Hooks Class Initialized
DEBUG - 2018-03-25 17:46:29 --> UTF-8 Support Enabled
INFO - 2018-03-25 17:46:29 --> Utf8 Class Initialized
INFO - 2018-03-25 17:46:29 --> URI Class Initialized
DEBUG - 2018-03-25 17:46:29 --> File loaded: C:\xampp\htdocs\ci\ussiweb\application\modules/admin/config/routes.php
INFO - 2018-03-25 17:46:29 --> Router Class Initialized
INFO - 2018-03-25 17:46:29 --> Output Class Initialized
INFO - 2018-03-25 17:46:29 --> Security Class Initialized
DEBUG - 2018-03-25 17:46:29 --> Global POST, GET and COOKIE data sanitized
INFO - 2018-03-25 17:46:29 --> Input Class Initialized
INFO - 2018-03-25 17:46:29 --> Language Class Initialized
INFO - 2018-03-25 17:46:29 --> Language Class Initialized
INFO - 2018-03-25 17:46:29 --> Config Class Initialized
INFO - 2018-03-25 17:46:29 --> Loader Class Initialized
DEBUG - 2018-03-25 17:46:29 --> File loaded: C:\xampp\htdocs\ci\ussiweb\application\modules/admin/config/site.php
INFO - 2018-03-25 17:46:29 --> Helper loaded: url_helper
INFO - 2018-03-25 17:46:29 --> Helper loaded: inflector_helper
INFO - 2018-03-25 17:46:29 --> Helper loaded: string_helper
INFO - 2018-03-25 17:46:29 --> Helper loaded: array_helper
INFO - 2018-03-25 17:46:29 --> Database Driver Class Initialized
DEBUG - 2018-03-25 17:46:30 --> File loaded: C:\xampp\htdocs\ci\ussiweb\application\modules/admin/config/ion_auth.php
DEBUG - 2018-03-25 17:46:30 --> File loaded: C:\xampp\htdocs\ci\ussiweb\application\modules/admin/config/ion_auth.php
INFO - 2018-03-25 17:46:30 --> Email Class Initialized
INFO - 2018-03-25 17:46:30 --> Language file loaded: language/english/ion_auth_lang.php
INFO - 2018-03-25 17:46:30 --> Helper loaded: cookie_helper
INFO - 2018-03-25 17:46:30 --> Helper loaded: language_helper
DEBUG - 2018-03-25 17:46:30 --> Session: "sess_save_path" is empty; using "session.save_path" value from php.ini.
INFO - 2018-03-25 17:46:30 --> Session: Class initialized using 'files' driver.
INFO - 2018-03-25 17:46:30 --> Model Class Initialized
INFO - 2018-03-25 17:46:30 --> Helper loaded: date_helper
INFO - 2018-03-25 17:46:30 --> User Agent Class Initialized
DEBUG - 2018-03-25 17:46:30 --> File loaded: C:\xampp\htdocs\ci\ussiweb\application\modules/admin/config/autoload.php
DEBUG - 2018-03-25 17:46:30 --> File loaded: C:\xampp\htdocs\ci\ussiweb\application\modules/admin/config/form_validation.php
INFO - 2018-03-25 17:46:30 --> Helper loaded: form_helper
INFO - 2018-03-25 17:46:30 --> Form Validation Class Initialized
INFO - 2018-03-25 17:46:30 --> Model Class Initialized
INFO - 2018-03-25 17:46:30 --> Model Class Initialized
INFO - 2018-03-25 17:46:30 --> Model Class Initialized
INFO - 2018-03-25 17:46:30 --> Model Class Initialized
INFO - 2018-03-25 17:46:30 --> Model Class Initialized
INFO - 2018-03-25 17:46:30 --> Model Class Initialized
INFO - 2018-03-25 17:46:30 --> Model Class Initialized
INFO - 2018-03-25 17:46:30 --> Model Class Initialized
INFO - 2018-03-25 17:46:30 --> Model Class Initialized
INFO - 2018-03-25 17:46:30 --> Model Class Initialized
INFO - 2018-03-25 17:46:30 --> Model Class Initialized
INFO - 2018-03-25 17:46:30 --> Model Class Initialized
INFO - 2018-03-25 17:46:30 --> Controller Class Initialized
DEBUG - 2018-03-25 17:46:31 --> Home MX_Controller Initialized
DEBUG - 2018-03-25 17:46:31 --> File loaded: C:\xampp\htdocs\ci\ussiweb\application\modules/admin/config/autoload.php
INFO - 2018-03-25 22:46:31 --> Model Class Initialized
DEBUG - 2018-03-25 22:46:31 --> File loaded: C:\xampp\htdocs\ci\ussiweb\application\views\_base/head.php
DEBUG - 2018-03-25 22:46:31 --> File loaded: C:\xampp\htdocs\ci\ussiweb\application\modules/admin/views/_partials/navbar.php
DEBUG - 2018-03-25 22:46:31 --> File loaded: C:\xampp\htdocs\ci\ussiweb\application\modules/admin/views/_partials/sidemenu_search.php
DEBUG - 2018-03-25 22:46:31 --> File loaded: C:\xampp\htdocs\ci\ussiweb\application\modules/admin/views/_partials/sidemenu.php
DEBUG - 2018-03-25 22:46:31 --> File loaded: C:\xampp\htdocs\ci\ussiweb\application\modules/admin/views/_partials/breadcrumb.php
DEBUG - 2018-03-25 22:46:31 --> File loaded: C:\xampp\htdocs\ci\ussiweb\application\modules/admin/views/_partials/errorpage.php
DEBUG - 2018-03-25 22:46:31 --> File loaded: C:\xampp\htdocs\ci\ussiweb\application\controllers/../modules/adminlte/controllers/Widget.php
DEBUG - 2018-03-25 22:46:31 --> Widget MX_Controller Initialized
DEBUG - 2018-03-25 22:46:31 --> File loaded: C:\xampp\htdocs\ci\ussiweb\application\modules/admin/views/home.php
DEBUG - 2018-03-25 22:46:31 --> File loaded: C:\xampp\htdocs\ci\ussiweb\application\modules/admin/views/_partials/back_btn.php
DEBUG - 2018-03-25 22:46:31 --> File loaded: C:\xampp\htdocs\ci\ussiweb\application\modules/admin/views/_layouts/default.php
DEBUG - 2018-03-25 22:46:31 --> File loaded: C:\xampp\htdocs\ci\ussiweb\application\views\_partials/ga.php
DEBUG - 2018-03-25 22:46:31 --> File loaded: C:\xampp\htdocs\ci\ussiweb\application\views\_base/foot.php
INFO - 2018-03-25 22:46:31 --> Final output sent to browser
DEBUG - 2018-03-25 22:46:31 --> Total execution time: 1.8741
INFO - 2018-03-25 17:46:31 --> Config Class Initialized
INFO - 2018-03-25 17:46:31 --> Hooks Class Initialized
DEBUG - 2018-03-25 17:46:31 --> UTF-8 Support Enabled
INFO - 2018-03-25 17:46:31 --> Utf8 Class Initialized
INFO - 2018-03-25 17:46:31 --> URI Class Initialized
INFO - 2018-03-25 17:46:31 --> Router Class Initialized
INFO - 2018-03-25 17:46:31 --> Output Class Initialized
INFO - 2018-03-25 17:46:31 --> Security Class Initialized
DEBUG - 2018-03-25 17:46:31 --> Global POST, GET and COOKIE data sanitized
INFO - 2018-03-25 17:46:31 --> Input Class Initialized
INFO - 2018-03-25 17:46:31 --> Language Class Initialized
INFO - 2018-03-25 17:46:31 --> Language Class Initialized
INFO - 2018-03-25 17:46:31 --> Config Class Initialized
INFO - 2018-03-25 17:46:31 --> Loader Class Initialized
DEBUG - 2018-03-25 17:46:31 --> Config file loaded: C:\xampp\htdocs\ci\ussiweb\application\config/site.php
INFO - 2018-03-25 17:46:31 --> Helper loaded: url_helper
INFO - 2018-03-25 17:46:31 --> Helper loaded: inflector_helper
INFO - 2018-03-25 17:46:31 --> Helper loaded: string_helper
INFO - 2018-03-25 17:46:31 --> Helper loaded: array_helper
INFO - 2018-03-25 17:46:31 --> Database Driver Class Initialized
DEBUG - 2018-03-25 17:46:32 --> Config file loaded: C:\xampp\htdocs\ci\ussiweb\application\config/ion_auth.php
DEBUG - 2018-03-25 17:46:32 --> Config file loaded: C:\xampp\htdocs\ci\ussiweb\application\third_party/ion_auth/config/ion_auth.php
INFO - 2018-03-25 17:46:32 --> Email Class Initialized
INFO - 2018-03-25 17:46:32 --> Language file loaded: language/english/ion_auth_lang.php
INFO - 2018-03-25 17:46:32 --> Helper loaded: cookie_helper
INFO - 2018-03-25 17:46:32 --> Helper loaded: language_helper
DEBUG - 2018-03-25 17:46:32 --> Session: "sess_save_path" is empty; using "session.save_path" value from php.ini.
INFO - 2018-03-25 17:46:32 --> Session: Class initialized using 'files' driver.
INFO - 2018-03-25 17:46:32 --> Model Class Initialized
INFO - 2018-03-25 17:46:32 --> Helper loaded: date_helper
INFO - 2018-03-25 17:46:32 --> User Agent Class Initialized
INFO - 2018-03-25 17:46:32 --> Controller Class Initialized
ERROR - 2018-03-25 17:46:32 --> 404 Page Not Found: /index
INFO - 2018-03-25 18:09:34 --> Config Class Initialized
INFO - 2018-03-25 18:09:34 --> Hooks Class Initialized
DEBUG - 2018-03-25 18:09:34 --> UTF-8 Support Enabled
INFO - 2018-03-25 18:09:34 --> Utf8 Class Initialized
INFO - 2018-03-25 18:09:34 --> URI Class Initialized
DEBUG - 2018-03-25 18:09:34 --> File loaded: C:\xampp\htdocs\ci\ussiweb\application\modules/admin/config/routes.php
INFO - 2018-03-25 18:09:34 --> Router Class Initialized
INFO - 2018-03-25 18:09:34 --> Output Class Initialized
INFO - 2018-03-25 18:09:34 --> Security Class Initialized
DEBUG - 2018-03-25 18:09:34 --> Global POST, GET and COOKIE data sanitized
INFO - 2018-03-25 18:09:34 --> Input Class Initialized
INFO - 2018-03-25 18:09:34 --> Language Class Initialized
INFO - 2018-03-25 18:09:34 --> Language Class Initialized
INFO - 2018-03-25 18:09:34 --> Config Class Initialized
INFO - 2018-03-25 18:09:34 --> Loader Class Initialized
DEBUG - 2018-03-25 18:09:34 --> File loaded: C:\xampp\htdocs\ci\ussiweb\application\modules/admin/config/site.php
INFO - 2018-03-25 18:09:34 --> Helper loaded: url_helper
INFO - 2018-03-25 18:09:34 --> Helper loaded: inflector_helper
INFO - 2018-03-25 18:09:34 --> Helper loaded: string_helper
INFO - 2018-03-25 18:09:34 --> Helper loaded: array_helper
INFO - 2018-03-25 18:09:34 --> Database Driver Class Initialized
DEBUG - 2018-03-25 18:09:35 --> File loaded: C:\xampp\htdocs\ci\ussiweb\application\modules/admin/config/ion_auth.php
DEBUG - 2018-03-25 18:09:35 --> File loaded: C:\xampp\htdocs\ci\ussiweb\application\modules/admin/config/ion_auth.php
INFO - 2018-03-25 18:09:35 --> Email Class Initialized
INFO - 2018-03-25 18:09:35 --> Language file loaded: language/english/ion_auth_lang.php
INFO - 2018-03-25 18:09:35 --> Helper loaded: cookie_helper
INFO - 2018-03-25 18:09:35 --> Helper loaded: language_helper
DEBUG - 2018-03-25 18:09:35 --> Session: "sess_save_path" is empty; using "session.save_path" value from php.ini.
INFO - 2018-03-25 18:09:35 --> Session: Class initialized using 'files' driver.
INFO - 2018-03-25 18:09:35 --> Model Class Initialized
INFO - 2018-03-25 18:09:35 --> Helper loaded: date_helper
INFO - 2018-03-25 18:09:35 --> User Agent Class Initialized
DEBUG - 2018-03-25 18:09:35 --> File loaded: C:\xampp\htdocs\ci\ussiweb\application\modules/admin/config/autoload.php
DEBUG - 2018-03-25 18:09:35 --> File loaded: C:\xampp\htdocs\ci\ussiweb\application\modules/admin/config/form_validation.php
INFO - 2018-03-25 18:09:35 --> Helper loaded: form_helper
INFO - 2018-03-25 18:09:35 --> Form Validation Class Initialized
INFO - 2018-03-25 18:09:35 --> Model Class Initialized
INFO - 2018-03-25 18:09:35 --> Model Class Initialized
INFO - 2018-03-25 18:09:35 --> Model Class Initialized
INFO - 2018-03-25 18:09:35 --> Model Class Initialized
INFO - 2018-03-25 18:09:35 --> Model Class Initialized
INFO - 2018-03-25 18:09:35 --> Model Class Initialized
INFO - 2018-03-25 18:09:35 --> Model Class Initialized
INFO - 2018-03-25 18:09:35 --> Model Class Initialized
INFO - 2018-03-25 18:09:35 --> Model Class Initialized
INFO - 2018-03-25 18:09:35 --> Model Class Initialized
INFO - 2018-03-25 18:09:35 --> Model Class Initialized
INFO - 2018-03-25 18:09:35 --> Model Class Initialized
INFO - 2018-03-25 18:09:35 --> Controller Class Initialized
DEBUG - 2018-03-25 18:09:35 --> Home MX_Controller Initialized
DEBUG - 2018-03-25 18:09:35 --> File loaded: C:\xampp\htdocs\ci\ussiweb\application\modules/admin/config/autoload.php
INFO - 2018-03-25 23:09:35 --> Model Class Initialized
DEBUG - 2018-03-25 23:09:35 --> File loaded: C:\xampp\htdocs\ci\ussiweb\application\views\_base/head.php
DEBUG - 2018-03-25 23:09:35 --> File loaded: C:\xampp\htdocs\ci\ussiweb\application\modules/admin/views/_partials/navbar.php
DEBUG - 2018-03-25 23:09:35 --> File loaded: C:\xampp\htdocs\ci\ussiweb\application\modules/admin/views/_partials/sidemenu_search.php
DEBUG - 2018-03-25 23:09:35 --> File loaded: C:\xampp\htdocs\ci\ussiweb\application\modules/admin/views/_partials/sidemenu.php
DEBUG - 2018-03-25 23:09:35 --> File loaded: C:\xampp\htdocs\ci\ussiweb\application\modules/admin/views/_partials/breadcrumb.php
DEBUG - 2018-03-25 23:09:35 --> File loaded: C:\xampp\htdocs\ci\ussiweb\application\modules/admin/views/_partials/errorpage.php
DEBUG - 2018-03-25 23:09:35 --> File loaded: C:\xampp\htdocs\ci\ussiweb\application\controllers/../modules/adminlte/controllers/Widget.php
DEBUG - 2018-03-25 23:09:35 --> Widget MX_Controller Initialized
DEBUG - 2018-03-25 23:09:35 --> File loaded: C:\xampp\htdocs\ci\ussiweb\application\modules/admin/views/home.php
DEBUG - 2018-03-25 23:09:35 --> File loaded: C:\xampp\htdocs\ci\ussiweb\application\modules/admin/views/_partials/back_btn.php
DEBUG - 2018-03-25 23:09:35 --> File loaded: C:\xampp\htdocs\ci\ussiweb\application\modules/admin/views/_layouts/default.php
DEBUG - 2018-03-25 23:09:35 --> File loaded: C:\xampp\htdocs\ci\ussiweb\application\views\_partials/ga.php
DEBUG - 2018-03-25 23:09:35 --> File loaded: C:\xampp\htdocs\ci\ussiweb\application\views\_base/foot.php
INFO - 2018-03-25 23:09:35 --> Final output sent to browser
DEBUG - 2018-03-25 23:09:35 --> Total execution time: 1.1441
INFO - 2018-03-25 18:09:35 --> Config Class Initialized
INFO - 2018-03-25 18:09:35 --> Hooks Class Initialized
DEBUG - 2018-03-25 18:09:35 --> UTF-8 Support Enabled
INFO - 2018-03-25 18:09:35 --> Utf8 Class Initialized
INFO - 2018-03-25 18:09:35 --> URI Class Initialized
INFO - 2018-03-25 18:09:35 --> Router Class Initialized
INFO - 2018-03-25 18:09:35 --> Output Class Initialized
INFO - 2018-03-25 18:09:35 --> Security Class Initialized
DEBUG - 2018-03-25 18:09:35 --> Global POST, GET and COOKIE data sanitized
INFO - 2018-03-25 18:09:35 --> Input Class Initialized
INFO - 2018-03-25 18:09:35 --> Language Class Initialized
INFO - 2018-03-25 18:09:35 --> Language Class Initialized
INFO - 2018-03-25 18:09:35 --> Config Class Initialized
INFO - 2018-03-25 18:09:35 --> Loader Class Initialized
DEBUG - 2018-03-25 18:09:35 --> Config file loaded: C:\xampp\htdocs\ci\ussiweb\application\config/site.php
INFO - 2018-03-25 18:09:35 --> Helper loaded: url_helper
INFO - 2018-03-25 18:09:35 --> Helper loaded: inflector_helper
INFO - 2018-03-25 18:09:35 --> Helper loaded: string_helper
INFO - 2018-03-25 18:09:35 --> Helper loaded: array_helper
INFO - 2018-03-25 18:09:35 --> Database Driver Class Initialized
DEBUG - 2018-03-25 18:09:36 --> Config file loaded: C:\xampp\htdocs\ci\ussiweb\application\config/ion_auth.php
DEBUG - 2018-03-25 18:09:36 --> Config file loaded: C:\xampp\htdocs\ci\ussiweb\application\third_party/ion_auth/config/ion_auth.php
INFO - 2018-03-25 18:09:36 --> Email Class Initialized
INFO - 2018-03-25 18:09:36 --> Language file loaded: language/english/ion_auth_lang.php
INFO - 2018-03-25 18:09:36 --> Helper loaded: cookie_helper
INFO - 2018-03-25 18:09:36 --> Helper loaded: language_helper
DEBUG - 2018-03-25 18:09:36 --> Session: "sess_save_path" is empty; using "session.save_path" value from php.ini.
INFO - 2018-03-25 18:09:36 --> Session: Class initialized using 'files' driver.
INFO - 2018-03-25 18:09:36 --> Model Class Initialized
INFO - 2018-03-25 18:09:36 --> Helper loaded: date_helper
INFO - 2018-03-25 18:09:36 --> User Agent Class Initialized
INFO - 2018-03-25 18:09:36 --> Controller Class Initialized
ERROR - 2018-03-25 18:09:36 --> 404 Page Not Found: /index
INFO - 2018-03-25 18:22:19 --> Config Class Initialized
INFO - 2018-03-25 18:22:19 --> Hooks Class Initialized
DEBUG - 2018-03-25 18:22:19 --> UTF-8 Support Enabled
INFO - 2018-03-25 18:22:19 --> Utf8 Class Initialized
INFO - 2018-03-25 18:22:19 --> URI Class Initialized
DEBUG - 2018-03-25 18:22:19 --> File loaded: C:\xampp\htdocs\ci\ussiweb\application\modules/admin/config/routes.php
INFO - 2018-03-25 18:22:19 --> Router Class Initialized
INFO - 2018-03-25 18:22:19 --> Output Class Initialized
INFO - 2018-03-25 18:22:19 --> Security Class Initialized
DEBUG - 2018-03-25 18:22:19 --> Global POST, GET and COOKIE data sanitized
INFO - 2018-03-25 18:22:19 --> Input Class Initialized
INFO - 2018-03-25 18:22:19 --> Language Class Initialized
INFO - 2018-03-25 18:22:19 --> Language Class Initialized
INFO - 2018-03-25 18:22:19 --> Config Class Initialized
INFO - 2018-03-25 18:22:19 --> Loader Class Initialized
DEBUG - 2018-03-25 18:22:19 --> File loaded: C:\xampp\htdocs\ci\ussiweb\application\modules/admin/config/site.php
INFO - 2018-03-25 18:22:19 --> Helper loaded: url_helper
INFO - 2018-03-25 18:22:19 --> Helper loaded: inflector_helper
INFO - 2018-03-25 18:22:19 --> Helper loaded: string_helper
INFO - 2018-03-25 18:22:19 --> Helper loaded: array_helper
INFO - 2018-03-25 18:22:19 --> Database Driver Class Initialized
DEBUG - 2018-03-25 18:22:20 --> File loaded: C:\xampp\htdocs\ci\ussiweb\application\modules/admin/config/ion_auth.php
DEBUG - 2018-03-25 18:22:20 --> File loaded: C:\xampp\htdocs\ci\ussiweb\application\modules/admin/config/ion_auth.php
INFO - 2018-03-25 18:22:20 --> Email Class Initialized
INFO - 2018-03-25 18:22:20 --> Language file loaded: language/english/ion_auth_lang.php
INFO - 2018-03-25 18:22:20 --> Helper loaded: cookie_helper
INFO - 2018-03-25 18:22:20 --> Helper loaded: language_helper
DEBUG - 2018-03-25 18:22:20 --> Session: "sess_save_path" is empty; using "session.save_path" value from php.ini.
INFO - 2018-03-25 18:22:20 --> Session: Class initialized using 'files' driver.
INFO - 2018-03-25 18:22:20 --> Model Class Initialized
INFO - 2018-03-25 18:22:20 --> Helper loaded: date_helper
INFO - 2018-03-25 18:22:20 --> User Agent Class Initialized
DEBUG - 2018-03-25 18:22:20 --> File loaded: C:\xampp\htdocs\ci\ussiweb\application\modules/admin/config/autoload.php
DEBUG - 2018-03-25 18:22:20 --> File loaded: C:\xampp\htdocs\ci\ussiweb\application\modules/admin/config/form_validation.php
INFO - 2018-03-25 18:22:20 --> Helper loaded: form_helper
INFO - 2018-03-25 18:22:20 --> Form Validation Class Initialized
INFO - 2018-03-25 18:22:20 --> Model Class Initialized
INFO - 2018-03-25 18:22:20 --> Model Class Initialized
INFO - 2018-03-25 18:22:20 --> Model Class Initialized
INFO - 2018-03-25 18:22:20 --> Model Class Initialized
INFO - 2018-03-25 18:22:20 --> Model Class Initialized
INFO - 2018-03-25 18:22:20 --> Model Class Initialized
INFO - 2018-03-25 18:22:20 --> Model Class Initialized
INFO - 2018-03-25 18:22:20 --> Model Class Initialized
INFO - 2018-03-25 18:22:20 --> Model Class Initialized
INFO - 2018-03-25 18:22:20 --> Model Class Initialized
INFO - 2018-03-25 18:22:20 --> Model Class Initialized
INFO - 2018-03-25 18:22:20 --> Model Class Initialized
INFO - 2018-03-25 18:22:20 --> Controller Class Initialized
DEBUG - 2018-03-25 18:22:20 --> Panel MX_Controller Initialized
DEBUG - 2018-03-25 18:22:20 --> File loaded: C:\xampp\htdocs\ci\ussiweb\application\modules/admin/config/autoload.php
INFO - 2018-03-25 18:22:20 --> Config Class Initialized
INFO - 2018-03-25 18:22:20 --> Hooks Class Initialized
DEBUG - 2018-03-25 18:22:20 --> UTF-8 Support Enabled
INFO - 2018-03-25 18:22:20 --> Utf8 Class Initialized
INFO - 2018-03-25 18:22:20 --> URI Class Initialized
DEBUG - 2018-03-25 18:22:20 --> File loaded: C:\xampp\htdocs\ci\ussiweb\application\modules/admin/config/routes.php
INFO - 2018-03-25 18:22:20 --> Router Class Initialized
INFO - 2018-03-25 18:22:20 --> Output Class Initialized
INFO - 2018-03-25 18:22:20 --> Security Class Initialized
DEBUG - 2018-03-25 18:22:20 --> Global POST, GET and COOKIE data sanitized
INFO - 2018-03-25 18:22:20 --> Input Class Initialized
INFO - 2018-03-25 18:22:20 --> Language Class Initialized
INFO - 2018-03-25 18:22:20 --> Language Class Initialized
INFO - 2018-03-25 18:22:20 --> Config Class Initialized
INFO - 2018-03-25 18:22:20 --> Loader Class Initialized
DEBUG - 2018-03-25 18:22:20 --> File loaded: C:\xampp\htdocs\ci\ussiweb\application\modules/admin/config/site.php
INFO - 2018-03-25 18:22:20 --> Helper loaded: url_helper
INFO - 2018-03-25 18:22:20 --> Helper loaded: inflector_helper
INFO - 2018-03-25 18:22:20 --> Helper loaded: string_helper
INFO - 2018-03-25 18:22:20 --> Helper loaded: array_helper
INFO - 2018-03-25 18:22:20 --> Database Driver Class Initialized
DEBUG - 2018-03-25 18:22:21 --> File loaded: C:\xampp\htdocs\ci\ussiweb\application\modules/admin/config/ion_auth.php
DEBUG - 2018-03-25 18:22:21 --> File loaded: C:\xampp\htdocs\ci\ussiweb\application\modules/admin/config/ion_auth.php
INFO - 2018-03-25 18:22:21 --> Email Class Initialized
INFO - 2018-03-25 18:22:21 --> Language file loaded: language/english/ion_auth_lang.php
INFO - 2018-03-25 18:22:21 --> Helper loaded: cookie_helper
INFO - 2018-03-25 18:22:21 --> Helper loaded: language_helper
DEBUG - 2018-03-25 18:22:21 --> Session: "sess_save_path" is empty; using "session.save_path" value from php.ini.
INFO - 2018-03-25 18:22:21 --> Session: Class initialized using 'files' driver.
INFO - 2018-03-25 18:22:21 --> Model Class Initialized
INFO - 2018-03-25 18:22:21 --> Helper loaded: date_helper
INFO - 2018-03-25 18:22:21 --> User Agent Class Initialized
DEBUG - 2018-03-25 18:22:21 --> File loaded: C:\xampp\htdocs\ci\ussiweb\application\modules/admin/config/autoload.php
DEBUG - 2018-03-25 18:22:21 --> File loaded: C:\xampp\htdocs\ci\ussiweb\application\modules/admin/config/form_validation.php
INFO - 2018-03-25 18:22:21 --> Helper loaded: form_helper
INFO - 2018-03-25 18:22:21 --> Form Validation Class Initialized
INFO - 2018-03-25 18:22:21 --> Model Class Initialized
INFO - 2018-03-25 18:22:21 --> Model Class Initialized
INFO - 2018-03-25 18:22:21 --> Model Class Initialized
INFO - 2018-03-25 18:22:21 --> Model Class Initialized
INFO - 2018-03-25 18:22:21 --> Model Class Initialized
INFO - 2018-03-25 18:22:21 --> Model Class Initialized
INFO - 2018-03-25 18:22:21 --> Model Class Initialized
INFO - 2018-03-25 18:22:21 --> Model Class Initialized
INFO - 2018-03-25 18:22:21 --> Model Class Initialized
INFO - 2018-03-25 18:22:21 --> Model Class Initialized
INFO - 2018-03-25 18:22:21 --> Model Class Initialized
INFO - 2018-03-25 18:22:21 --> Model Class Initialized
INFO - 2018-03-25 18:22:21 --> Controller Class Initialized
