INFO - 2018-11-09 05:48:50 --> Config Class Initialized
INFO - 2018-11-09 05:48:50 --> Hooks Class Initialized
DEBUG - 2018-11-09 05:48:50 --> UTF-8 Support Enabled
INFO - 2018-11-09 05:48:50 --> Utf8 Class Initialized
INFO - 2018-11-09 05:48:50 --> URI Class Initialized
DEBUG - 2018-11-09 05:48:50 --> File loaded: C:\xampp\htdocs\ci\ussiweb\application\modules/admin/config/routes.php
INFO - 2018-11-09 05:48:50 --> Router Class Initialized
INFO - 2018-11-09 05:48:50 --> Output Class Initialized
INFO - 2018-11-09 05:48:50 --> Security Class Initialized
DEBUG - 2018-11-09 05:48:50 --> Global POST, GET and COOKIE data sanitized
INFO - 2018-11-09 05:48:50 --> Input Class Initialized
INFO - 2018-11-09 05:48:50 --> Language Class Initialized
INFO - 2018-11-09 05:48:50 --> Language Class Initialized
INFO - 2018-11-09 05:48:50 --> Config Class Initialized
INFO - 2018-11-09 05:48:50 --> Loader Class Initialized
DEBUG - 2018-11-09 05:48:50 --> File loaded: C:\xampp\htdocs\ci\ussiweb\application\modules/admin/config/site.php
INFO - 2018-11-09 05:48:50 --> Helper loaded: url_helper
INFO - 2018-11-09 05:48:50 --> Helper loaded: inflector_helper
INFO - 2018-11-09 05:48:50 --> Helper loaded: string_helper
INFO - 2018-11-09 05:48:50 --> Helper loaded: array_helper
INFO - 2018-11-09 05:48:50 --> Database Driver Class Initialized
DEBUG - 2018-11-09 05:48:50 --> File loaded: C:\xampp\htdocs\ci\ussiweb\application\modules/admin/config/ion_auth.php
DEBUG - 2018-11-09 05:48:50 --> File loaded: C:\xampp\htdocs\ci\ussiweb\application\modules/admin/config/ion_auth.php
INFO - 2018-11-09 05:48:50 --> Email Class Initialized
INFO - 2018-11-09 05:48:50 --> Language file loaded: language/english/ion_auth_lang.php
INFO - 2018-11-09 05:48:50 --> Helper loaded: cookie_helper
INFO - 2018-11-09 05:48:50 --> Helper loaded: language_helper
DEBUG - 2018-11-09 05:48:50 --> Session: "sess_save_path" is empty; using "session.save_path" value from php.ini.
INFO - 2018-11-09 05:48:50 --> Session: Class initialized using 'files' driver.
INFO - 2018-11-09 05:48:50 --> Model Class Initialized
INFO - 2018-11-09 05:48:50 --> Helper loaded: date_helper
INFO - 2018-11-09 05:48:50 --> User Agent Class Initialized
DEBUG - 2018-11-09 05:48:50 --> File loaded: C:\xampp\htdocs\ci\ussiweb\application\modules/admin/config/autoload.php
DEBUG - 2018-11-09 05:48:50 --> File loaded: C:\xampp\htdocs\ci\ussiweb\application\modules/admin/config/form_validation.php
INFO - 2018-11-09 05:48:50 --> Helper loaded: form_helper
INFO - 2018-11-09 05:48:50 --> Form Validation Class Initialized
INFO - 2018-11-09 05:48:50 --> Model Class Initialized
INFO - 2018-11-09 05:48:50 --> Model Class Initialized
INFO - 2018-11-09 05:48:50 --> Model Class Initialized
INFO - 2018-11-09 05:48:50 --> Model Class Initialized
INFO - 2018-11-09 05:48:50 --> Model Class Initialized
INFO - 2018-11-09 05:48:50 --> Model Class Initialized
INFO - 2018-11-09 05:48:50 --> Model Class Initialized
INFO - 2018-11-09 05:48:50 --> Model Class Initialized
INFO - 2018-11-09 05:48:50 --> Model Class Initialized
INFO - 2018-11-09 05:48:50 --> Model Class Initialized
INFO - 2018-11-09 05:48:50 --> Model Class Initialized
INFO - 2018-11-09 05:48:50 --> Model Class Initialized
INFO - 2018-11-09 05:48:50 --> Controller Class Initialized
DEBUG - 2018-11-09 05:48:50 --> Login MX_Controller Initialized
DEBUG - 2018-11-09 05:48:50 --> File loaded: C:\xampp\htdocs\ci\ussiweb\application\modules/admin/config/autoload.php
DEBUG - 2018-11-09 11:48:50 --> File loaded: C:\xampp\htdocs\ci\ussiweb\application\modules/admin/config/form_validation.php
DEBUG - 2018-11-09 11:48:50 --> File loaded: C:\xampp\htdocs\ci\ussiweb\application\views\_base/head.php
DEBUG - 2018-11-09 11:48:50 --> File loaded: C:\xampp\htdocs\ci\ussiweb\application\modules/admin/views/login.php
DEBUG - 2018-11-09 11:48:50 --> File loaded: C:\xampp\htdocs\ci\ussiweb\application\views\_layouts/empty.php
DEBUG - 2018-11-09 11:48:50 --> File loaded: C:\xampp\htdocs\ci\ussiweb\application\views\_partials/ga.php
DEBUG - 2018-11-09 11:48:50 --> File loaded: C:\xampp\htdocs\ci\ussiweb\application\views\_base/foot.php
INFO - 2018-11-09 11:48:50 --> Final output sent to browser
DEBUG - 2018-11-09 11:48:50 --> Total execution time: 0.2750
INFO - 2018-11-09 05:50:34 --> Config Class Initialized
INFO - 2018-11-09 05:50:34 --> Hooks Class Initialized
DEBUG - 2018-11-09 05:50:34 --> UTF-8 Support Enabled
INFO - 2018-11-09 05:50:34 --> Utf8 Class Initialized
INFO - 2018-11-09 05:50:34 --> URI Class Initialized
DEBUG - 2018-11-09 05:50:34 --> File loaded: C:\xampp\htdocs\ci\ussiweb\application\modules/admin/config/routes.php
INFO - 2018-11-09 05:50:34 --> Router Class Initialized
INFO - 2018-11-09 05:50:34 --> Output Class Initialized
INFO - 2018-11-09 05:50:34 --> Security Class Initialized
DEBUG - 2018-11-09 05:50:34 --> Global POST, GET and COOKIE data sanitized
INFO - 2018-11-09 05:50:34 --> Input Class Initialized
INFO - 2018-11-09 05:50:34 --> Language Class Initialized
INFO - 2018-11-09 05:50:34 --> Language Class Initialized
INFO - 2018-11-09 05:50:34 --> Config Class Initialized
INFO - 2018-11-09 05:50:34 --> Loader Class Initialized
DEBUG - 2018-11-09 05:50:34 --> File loaded: C:\xampp\htdocs\ci\ussiweb\application\modules/admin/config/site.php
INFO - 2018-11-09 05:50:34 --> Helper loaded: url_helper
INFO - 2018-11-09 05:50:34 --> Helper loaded: inflector_helper
INFO - 2018-11-09 05:50:34 --> Helper loaded: string_helper
INFO - 2018-11-09 05:50:34 --> Helper loaded: array_helper
INFO - 2018-11-09 05:50:34 --> Database Driver Class Initialized
DEBUG - 2018-11-09 05:50:34 --> File loaded: C:\xampp\htdocs\ci\ussiweb\application\modules/admin/config/ion_auth.php
DEBUG - 2018-11-09 05:50:34 --> File loaded: C:\xampp\htdocs\ci\ussiweb\application\modules/admin/config/ion_auth.php
INFO - 2018-11-09 05:50:34 --> Email Class Initialized
INFO - 2018-11-09 05:50:34 --> Language file loaded: language/english/ion_auth_lang.php
INFO - 2018-11-09 05:50:34 --> Helper loaded: cookie_helper
INFO - 2018-11-09 05:50:34 --> Helper loaded: language_helper
DEBUG - 2018-11-09 05:50:34 --> Session: "sess_save_path" is empty; using "session.save_path" value from php.ini.
INFO - 2018-11-09 05:50:34 --> Session: Class initialized using 'files' driver.
INFO - 2018-11-09 05:50:34 --> Model Class Initialized
INFO - 2018-11-09 05:50:34 --> Helper loaded: date_helper
INFO - 2018-11-09 05:50:34 --> User Agent Class Initialized
DEBUG - 2018-11-09 05:50:34 --> File loaded: C:\xampp\htdocs\ci\ussiweb\application\modules/admin/config/autoload.php
DEBUG - 2018-11-09 05:50:34 --> File loaded: C:\xampp\htdocs\ci\ussiweb\application\modules/admin/config/form_validation.php
INFO - 2018-11-09 05:50:34 --> Helper loaded: form_helper
INFO - 2018-11-09 05:50:34 --> Form Validation Class Initialized
INFO - 2018-11-09 05:50:34 --> Model Class Initialized
INFO - 2018-11-09 05:50:34 --> Model Class Initialized
INFO - 2018-11-09 05:50:34 --> Model Class Initialized
INFO - 2018-11-09 05:50:34 --> Model Class Initialized
INFO - 2018-11-09 05:50:34 --> Model Class Initialized
INFO - 2018-11-09 05:50:34 --> Model Class Initialized
INFO - 2018-11-09 05:50:34 --> Model Class Initialized
INFO - 2018-11-09 05:50:34 --> Model Class Initialized
INFO - 2018-11-09 05:50:34 --> Model Class Initialized
INFO - 2018-11-09 05:50:34 --> Model Class Initialized
INFO - 2018-11-09 05:50:34 --> Model Class Initialized
INFO - 2018-11-09 05:50:34 --> Model Class Initialized
INFO - 2018-11-09 05:50:34 --> Controller Class Initialized
DEBUG - 2018-11-09 05:50:34 --> Login MX_Controller Initialized
DEBUG - 2018-11-09 05:50:34 --> File loaded: C:\xampp\htdocs\ci\ussiweb\application\modules/admin/config/autoload.php
DEBUG - 2018-11-09 11:50:34 --> File loaded: C:\xampp\htdocs\ci\ussiweb\application\modules/admin/config/form_validation.php
DEBUG - 2018-11-09 11:50:34 --> File loaded: C:\xampp\htdocs\ci\ussiweb\application\views\_base/head.php
DEBUG - 2018-11-09 11:50:34 --> File loaded: C:\xampp\htdocs\ci\ussiweb\application\modules/admin/views/login.php
DEBUG - 2018-11-09 11:50:34 --> File loaded: C:\xampp\htdocs\ci\ussiweb\application\views\_layouts/empty.php
DEBUG - 2018-11-09 11:50:34 --> File loaded: C:\xampp\htdocs\ci\ussiweb\application\views\_partials/ga.php
DEBUG - 2018-11-09 11:50:34 --> File loaded: C:\xampp\htdocs\ci\ussiweb\application\views\_base/foot.php
INFO - 2018-11-09 11:50:34 --> Final output sent to browser
DEBUG - 2018-11-09 11:50:34 --> Total execution time: 0.2055
INFO - 2018-11-09 05:50:35 --> Config Class Initialized
INFO - 2018-11-09 05:50:35 --> Hooks Class Initialized
DEBUG - 2018-11-09 05:50:35 --> UTF-8 Support Enabled
INFO - 2018-11-09 05:50:35 --> Utf8 Class Initialized
INFO - 2018-11-09 05:50:35 --> URI Class Initialized
DEBUG - 2018-11-09 05:50:35 --> File loaded: C:\xampp\htdocs\ci\ussiweb\application\modules/admin/config/routes.php
INFO - 2018-11-09 05:50:35 --> Router Class Initialized
INFO - 2018-11-09 05:50:35 --> Output Class Initialized
INFO - 2018-11-09 05:50:35 --> Security Class Initialized
DEBUG - 2018-11-09 05:50:35 --> Global POST, GET and COOKIE data sanitized
INFO - 2018-11-09 05:50:35 --> Input Class Initialized
INFO - 2018-11-09 05:50:35 --> Language Class Initialized
INFO - 2018-11-09 05:50:35 --> Language Class Initialized
INFO - 2018-11-09 05:50:35 --> Config Class Initialized
INFO - 2018-11-09 05:50:35 --> Loader Class Initialized
DEBUG - 2018-11-09 05:50:35 --> File loaded: C:\xampp\htdocs\ci\ussiweb\application\modules/admin/config/site.php
INFO - 2018-11-09 05:50:35 --> Helper loaded: url_helper
INFO - 2018-11-09 05:50:35 --> Helper loaded: inflector_helper
INFO - 2018-11-09 05:50:35 --> Helper loaded: string_helper
INFO - 2018-11-09 05:50:35 --> Helper loaded: array_helper
INFO - 2018-11-09 05:50:35 --> Database Driver Class Initialized
DEBUG - 2018-11-09 05:50:35 --> File loaded: C:\xampp\htdocs\ci\ussiweb\application\modules/admin/config/ion_auth.php
DEBUG - 2018-11-09 05:50:35 --> File loaded: C:\xampp\htdocs\ci\ussiweb\application\modules/admin/config/ion_auth.php
INFO - 2018-11-09 05:50:35 --> Email Class Initialized
INFO - 2018-11-09 05:50:35 --> Language file loaded: language/english/ion_auth_lang.php
INFO - 2018-11-09 05:50:35 --> Helper loaded: cookie_helper
INFO - 2018-11-09 05:50:35 --> Helper loaded: language_helper
DEBUG - 2018-11-09 05:50:35 --> Session: "sess_save_path" is empty; using "session.save_path" value from php.ini.
INFO - 2018-11-09 05:50:35 --> Session: Class initialized using 'files' driver.
INFO - 2018-11-09 05:50:35 --> Model Class Initialized
INFO - 2018-11-09 05:50:35 --> Helper loaded: date_helper
INFO - 2018-11-09 05:50:35 --> User Agent Class Initialized
DEBUG - 2018-11-09 05:50:35 --> File loaded: C:\xampp\htdocs\ci\ussiweb\application\modules/admin/config/autoload.php
DEBUG - 2018-11-09 05:50:35 --> File loaded: C:\xampp\htdocs\ci\ussiweb\application\modules/admin/config/form_validation.php
INFO - 2018-11-09 05:50:35 --> Helper loaded: form_helper
INFO - 2018-11-09 05:50:35 --> Form Validation Class Initialized
INFO - 2018-11-09 05:50:35 --> Model Class Initialized
INFO - 2018-11-09 05:50:35 --> Model Class Initialized
INFO - 2018-11-09 05:50:35 --> Model Class Initialized
INFO - 2018-11-09 05:50:35 --> Model Class Initialized
INFO - 2018-11-09 05:50:35 --> Model Class Initialized
INFO - 2018-11-09 05:50:35 --> Model Class Initialized
INFO - 2018-11-09 05:50:35 --> Model Class Initialized
INFO - 2018-11-09 05:50:35 --> Model Class Initialized
INFO - 2018-11-09 05:50:35 --> Model Class Initialized
INFO - 2018-11-09 05:50:35 --> Model Class Initialized
INFO - 2018-11-09 05:50:35 --> Model Class Initialized
INFO - 2018-11-09 05:50:35 --> Model Class Initialized
INFO - 2018-11-09 05:50:35 --> Controller Class Initialized
DEBUG - 2018-11-09 05:50:35 --> Login MX_Controller Initialized
DEBUG - 2018-11-09 05:50:35 --> File loaded: C:\xampp\htdocs\ci\ussiweb\application\modules/admin/config/autoload.php
DEBUG - 2018-11-09 11:50:35 --> File loaded: C:\xampp\htdocs\ci\ussiweb\application\modules/admin/config/form_validation.php
DEBUG - 2018-11-09 11:50:35 --> File loaded: C:\xampp\htdocs\ci\ussiweb\application\views\_base/head.php
DEBUG - 2018-11-09 11:50:35 --> File loaded: C:\xampp\htdocs\ci\ussiweb\application\modules/admin/views/login.php
DEBUG - 2018-11-09 11:50:35 --> File loaded: C:\xampp\htdocs\ci\ussiweb\application\views\_layouts/empty.php
DEBUG - 2018-11-09 11:50:35 --> File loaded: C:\xampp\htdocs\ci\ussiweb\application\views\_partials/ga.php
DEBUG - 2018-11-09 11:50:35 --> File loaded: C:\xampp\htdocs\ci\ussiweb\application\views\_base/foot.php
INFO - 2018-11-09 11:50:35 --> Final output sent to browser
DEBUG - 2018-11-09 11:50:35 --> Total execution time: 0.1835
INFO - 2018-11-09 05:50:36 --> Config Class Initialized
INFO - 2018-11-09 05:50:36 --> Hooks Class Initialized
DEBUG - 2018-11-09 05:50:36 --> UTF-8 Support Enabled
INFO - 2018-11-09 05:50:36 --> Utf8 Class Initialized
INFO - 2018-11-09 05:50:36 --> URI Class Initialized
DEBUG - 2018-11-09 05:50:36 --> File loaded: C:\xampp\htdocs\ci\ussiweb\application\modules/admin/config/routes.php
INFO - 2018-11-09 05:50:36 --> Router Class Initialized
INFO - 2018-11-09 05:50:36 --> Output Class Initialized
INFO - 2018-11-09 05:50:36 --> Security Class Initialized
DEBUG - 2018-11-09 05:50:36 --> Global POST, GET and COOKIE data sanitized
INFO - 2018-11-09 05:50:36 --> Input Class Initialized
INFO - 2018-11-09 05:50:36 --> Language Class Initialized
INFO - 2018-11-09 05:50:36 --> Language Class Initialized
INFO - 2018-11-09 05:50:36 --> Config Class Initialized
INFO - 2018-11-09 05:50:36 --> Loader Class Initialized
DEBUG - 2018-11-09 05:50:36 --> File loaded: C:\xampp\htdocs\ci\ussiweb\application\modules/admin/config/site.php
INFO - 2018-11-09 05:50:36 --> Helper loaded: url_helper
INFO - 2018-11-09 05:50:36 --> Helper loaded: inflector_helper
INFO - 2018-11-09 05:50:36 --> Helper loaded: string_helper
INFO - 2018-11-09 05:50:36 --> Helper loaded: array_helper
INFO - 2018-11-09 05:50:36 --> Database Driver Class Initialized
DEBUG - 2018-11-09 05:50:36 --> File loaded: C:\xampp\htdocs\ci\ussiweb\application\modules/admin/config/ion_auth.php
DEBUG - 2018-11-09 05:50:36 --> File loaded: C:\xampp\htdocs\ci\ussiweb\application\modules/admin/config/ion_auth.php
INFO - 2018-11-09 05:50:36 --> Email Class Initialized
INFO - 2018-11-09 05:50:36 --> Language file loaded: language/english/ion_auth_lang.php
INFO - 2018-11-09 05:50:36 --> Helper loaded: cookie_helper
INFO - 2018-11-09 05:50:36 --> Helper loaded: language_helper
DEBUG - 2018-11-09 05:50:36 --> Session: "sess_save_path" is empty; using "session.save_path" value from php.ini.
INFO - 2018-11-09 05:50:36 --> Session: Class initialized using 'files' driver.
INFO - 2018-11-09 05:50:36 --> Model Class Initialized
INFO - 2018-11-09 05:50:36 --> Helper loaded: date_helper
INFO - 2018-11-09 05:50:36 --> User Agent Class Initialized
DEBUG - 2018-11-09 05:50:36 --> File loaded: C:\xampp\htdocs\ci\ussiweb\application\modules/admin/config/autoload.php
DEBUG - 2018-11-09 05:50:36 --> File loaded: C:\xampp\htdocs\ci\ussiweb\application\modules/admin/config/form_validation.php
INFO - 2018-11-09 05:50:36 --> Helper loaded: form_helper
INFO - 2018-11-09 05:50:36 --> Form Validation Class Initialized
INFO - 2018-11-09 05:50:36 --> Model Class Initialized
INFO - 2018-11-09 05:50:36 --> Model Class Initialized
INFO - 2018-11-09 05:50:36 --> Model Class Initialized
INFO - 2018-11-09 05:50:36 --> Model Class Initialized
INFO - 2018-11-09 05:50:36 --> Model Class Initialized
INFO - 2018-11-09 05:50:36 --> Model Class Initialized
INFO - 2018-11-09 05:50:36 --> Model Class Initialized
INFO - 2018-11-09 05:50:36 --> Model Class Initialized
INFO - 2018-11-09 05:50:36 --> Model Class Initialized
INFO - 2018-11-09 05:50:36 --> Model Class Initialized
INFO - 2018-11-09 05:50:36 --> Model Class Initialized
INFO - 2018-11-09 05:50:36 --> Model Class Initialized
INFO - 2018-11-09 05:50:36 --> Controller Class Initialized
DEBUG - 2018-11-09 05:50:36 --> Login MX_Controller Initialized
DEBUG - 2018-11-09 05:50:36 --> File loaded: C:\xampp\htdocs\ci\ussiweb\application\modules/admin/config/autoload.php
DEBUG - 2018-11-09 11:50:36 --> File loaded: C:\xampp\htdocs\ci\ussiweb\application\modules/admin/config/form_validation.php
DEBUG - 2018-11-09 11:50:36 --> File loaded: C:\xampp\htdocs\ci\ussiweb\application\views\_base/head.php
DEBUG - 2018-11-09 11:50:36 --> File loaded: C:\xampp\htdocs\ci\ussiweb\application\modules/admin/views/login.php
DEBUG - 2018-11-09 11:50:36 --> File loaded: C:\xampp\htdocs\ci\ussiweb\application\views\_layouts/empty.php
DEBUG - 2018-11-09 11:50:36 --> File loaded: C:\xampp\htdocs\ci\ussiweb\application\views\_partials/ga.php
DEBUG - 2018-11-09 11:50:36 --> File loaded: C:\xampp\htdocs\ci\ussiweb\application\views\_base/foot.php
INFO - 2018-11-09 11:50:36 --> Final output sent to browser
DEBUG - 2018-11-09 11:50:36 --> Total execution time: 0.2209
INFO - 2018-11-09 05:50:36 --> Config Class Initialized
INFO - 2018-11-09 05:50:36 --> Hooks Class Initialized
DEBUG - 2018-11-09 05:50:36 --> UTF-8 Support Enabled
INFO - 2018-11-09 05:50:36 --> Utf8 Class Initialized
INFO - 2018-11-09 05:50:36 --> URI Class Initialized
DEBUG - 2018-11-09 05:50:36 --> File loaded: C:\xampp\htdocs\ci\ussiweb\application\modules/admin/config/routes.php
INFO - 2018-11-09 05:50:36 --> Router Class Initialized
INFO - 2018-11-09 05:50:36 --> Output Class Initialized
INFO - 2018-11-09 05:50:36 --> Security Class Initialized
DEBUG - 2018-11-09 05:50:36 --> Global POST, GET and COOKIE data sanitized
INFO - 2018-11-09 05:50:36 --> Input Class Initialized
INFO - 2018-11-09 05:50:36 --> Language Class Initialized
INFO - 2018-11-09 05:50:36 --> Language Class Initialized
INFO - 2018-11-09 05:50:36 --> Config Class Initialized
INFO - 2018-11-09 05:50:36 --> Loader Class Initialized
DEBUG - 2018-11-09 05:50:36 --> File loaded: C:\xampp\htdocs\ci\ussiweb\application\modules/admin/config/site.php
INFO - 2018-11-09 05:50:36 --> Helper loaded: url_helper
INFO - 2018-11-09 05:50:36 --> Helper loaded: inflector_helper
INFO - 2018-11-09 05:50:36 --> Helper loaded: string_helper
INFO - 2018-11-09 05:50:36 --> Helper loaded: array_helper
INFO - 2018-11-09 05:50:36 --> Database Driver Class Initialized
DEBUG - 2018-11-09 05:50:36 --> File loaded: C:\xampp\htdocs\ci\ussiweb\application\modules/admin/config/ion_auth.php
DEBUG - 2018-11-09 05:50:36 --> File loaded: C:\xampp\htdocs\ci\ussiweb\application\modules/admin/config/ion_auth.php
INFO - 2018-11-09 05:50:36 --> Email Class Initialized
INFO - 2018-11-09 05:50:36 --> Language file loaded: language/english/ion_auth_lang.php
INFO - 2018-11-09 05:50:36 --> Helper loaded: cookie_helper
INFO - 2018-11-09 05:50:36 --> Helper loaded: language_helper
DEBUG - 2018-11-09 05:50:36 --> Session: "sess_save_path" is empty; using "session.save_path" value from php.ini.
INFO - 2018-11-09 05:50:36 --> Session: Class initialized using 'files' driver.
INFO - 2018-11-09 05:50:36 --> Model Class Initialized
INFO - 2018-11-09 05:50:36 --> Helper loaded: date_helper
INFO - 2018-11-09 05:50:36 --> User Agent Class Initialized
DEBUG - 2018-11-09 05:50:36 --> File loaded: C:\xampp\htdocs\ci\ussiweb\application\modules/admin/config/autoload.php
DEBUG - 2018-11-09 05:50:36 --> File loaded: C:\xampp\htdocs\ci\ussiweb\application\modules/admin/config/form_validation.php
INFO - 2018-11-09 05:50:36 --> Helper loaded: form_helper
INFO - 2018-11-09 05:50:36 --> Form Validation Class Initialized
INFO - 2018-11-09 05:50:36 --> Model Class Initialized
INFO - 2018-11-09 05:50:36 --> Model Class Initialized
INFO - 2018-11-09 05:50:36 --> Model Class Initialized
INFO - 2018-11-09 05:50:36 --> Model Class Initialized
INFO - 2018-11-09 05:50:36 --> Model Class Initialized
INFO - 2018-11-09 05:50:36 --> Model Class Initialized
INFO - 2018-11-09 05:50:36 --> Model Class Initialized
INFO - 2018-11-09 05:50:36 --> Model Class Initialized
INFO - 2018-11-09 05:50:36 --> Model Class Initialized
INFO - 2018-11-09 05:50:36 --> Model Class Initialized
INFO - 2018-11-09 05:50:36 --> Model Class Initialized
INFO - 2018-11-09 05:50:36 --> Model Class Initialized
INFO - 2018-11-09 05:50:36 --> Controller Class Initialized
DEBUG - 2018-11-09 05:50:36 --> Login MX_Controller Initialized
INFO - 2018-11-09 05:50:36 --> Config Class Initialized
INFO - 2018-11-09 05:50:36 --> Hooks Class Initialized
DEBUG - 2018-11-09 05:50:36 --> File loaded: C:\xampp\htdocs\ci\ussiweb\application\modules/admin/config/autoload.php
DEBUG - 2018-11-09 05:50:36 --> UTF-8 Support Enabled
INFO - 2018-11-09 05:50:36 --> Utf8 Class Initialized
INFO - 2018-11-09 05:50:36 --> URI Class Initialized
DEBUG - 2018-11-09 11:50:36 --> File loaded: C:\xampp\htdocs\ci\ussiweb\application\modules/admin/config/form_validation.php
DEBUG - 2018-11-09 11:50:36 --> File loaded: C:\xampp\htdocs\ci\ussiweb\application\views\_base/head.php
DEBUG - 2018-11-09 05:50:36 --> File loaded: C:\xampp\htdocs\ci\ussiweb\application\modules/admin/config/routes.php
DEBUG - 2018-11-09 11:50:36 --> File loaded: C:\xampp\htdocs\ci\ussiweb\application\modules/admin/views/login.php
DEBUG - 2018-11-09 11:50:36 --> File loaded: C:\xampp\htdocs\ci\ussiweb\application\views\_layouts/empty.php
INFO - 2018-11-09 05:50:36 --> Router Class Initialized
DEBUG - 2018-11-09 11:50:36 --> File loaded: C:\xampp\htdocs\ci\ussiweb\application\views\_partials/ga.php
DEBUG - 2018-11-09 11:50:36 --> File loaded: C:\xampp\htdocs\ci\ussiweb\application\views\_base/foot.php
INFO - 2018-11-09 05:50:36 --> Output Class Initialized
INFO - 2018-11-09 11:50:36 --> Final output sent to browser
DEBUG - 2018-11-09 11:50:36 --> Total execution time: 0.2090
INFO - 2018-11-09 05:50:36 --> Security Class Initialized
DEBUG - 2018-11-09 05:50:36 --> Global POST, GET and COOKIE data sanitized
INFO - 2018-11-09 05:50:36 --> Input Class Initialized
INFO - 2018-11-09 05:50:36 --> Language Class Initialized
INFO - 2018-11-09 05:50:36 --> Language Class Initialized
INFO - 2018-11-09 05:50:36 --> Config Class Initialized
INFO - 2018-11-09 05:50:36 --> Loader Class Initialized
DEBUG - 2018-11-09 05:50:36 --> File loaded: C:\xampp\htdocs\ci\ussiweb\application\modules/admin/config/site.php
INFO - 2018-11-09 05:50:36 --> Helper loaded: url_helper
INFO - 2018-11-09 05:50:36 --> Helper loaded: inflector_helper
INFO - 2018-11-09 05:50:36 --> Helper loaded: string_helper
INFO - 2018-11-09 05:50:36 --> Helper loaded: array_helper
INFO - 2018-11-09 05:50:36 --> Database Driver Class Initialized
DEBUG - 2018-11-09 05:50:36 --> File loaded: C:\xampp\htdocs\ci\ussiweb\application\modules/admin/config/ion_auth.php
DEBUG - 2018-11-09 05:50:36 --> File loaded: C:\xampp\htdocs\ci\ussiweb\application\modules/admin/config/ion_auth.php
INFO - 2018-11-09 05:50:36 --> Email Class Initialized
INFO - 2018-11-09 05:50:36 --> Language file loaded: language/english/ion_auth_lang.php
INFO - 2018-11-09 05:50:36 --> Helper loaded: cookie_helper
INFO - 2018-11-09 05:50:36 --> Helper loaded: language_helper
DEBUG - 2018-11-09 05:50:36 --> Session: "sess_save_path" is empty; using "session.save_path" value from php.ini.
INFO - 2018-11-09 05:50:36 --> Session: Class initialized using 'files' driver.
INFO - 2018-11-09 05:50:36 --> Model Class Initialized
INFO - 2018-11-09 05:50:36 --> Helper loaded: date_helper
INFO - 2018-11-09 05:50:36 --> User Agent Class Initialized
DEBUG - 2018-11-09 05:50:36 --> File loaded: C:\xampp\htdocs\ci\ussiweb\application\modules/admin/config/autoload.php
DEBUG - 2018-11-09 05:50:36 --> File loaded: C:\xampp\htdocs\ci\ussiweb\application\modules/admin/config/form_validation.php
INFO - 2018-11-09 05:50:36 --> Helper loaded: form_helper
INFO - 2018-11-09 05:50:36 --> Form Validation Class Initialized
INFO - 2018-11-09 05:50:36 --> Model Class Initialized
INFO - 2018-11-09 05:50:36 --> Model Class Initialized
INFO - 2018-11-09 05:50:36 --> Model Class Initialized
INFO - 2018-11-09 05:50:36 --> Model Class Initialized
INFO - 2018-11-09 05:50:36 --> Model Class Initialized
INFO - 2018-11-09 05:50:36 --> Model Class Initialized
INFO - 2018-11-09 05:50:36 --> Model Class Initialized
INFO - 2018-11-09 05:50:36 --> Model Class Initialized
INFO - 2018-11-09 05:50:36 --> Model Class Initialized
INFO - 2018-11-09 05:50:36 --> Model Class Initialized
INFO - 2018-11-09 05:50:36 --> Model Class Initialized
INFO - 2018-11-09 05:50:36 --> Model Class Initialized
INFO - 2018-11-09 05:50:36 --> Controller Class Initialized
DEBUG - 2018-11-09 05:50:36 --> Login MX_Controller Initialized
DEBUG - 2018-11-09 05:50:36 --> File loaded: C:\xampp\htdocs\ci\ussiweb\application\modules/admin/config/autoload.php
DEBUG - 2018-11-09 11:50:36 --> File loaded: C:\xampp\htdocs\ci\ussiweb\application\modules/admin/config/form_validation.php
DEBUG - 2018-11-09 11:50:36 --> File loaded: C:\xampp\htdocs\ci\ussiweb\application\views\_base/head.php
DEBUG - 2018-11-09 11:50:36 --> File loaded: C:\xampp\htdocs\ci\ussiweb\application\modules/admin/views/login.php
DEBUG - 2018-11-09 11:50:36 --> File loaded: C:\xampp\htdocs\ci\ussiweb\application\views\_layouts/empty.php
DEBUG - 2018-11-09 11:50:36 --> File loaded: C:\xampp\htdocs\ci\ussiweb\application\views\_partials/ga.php
DEBUG - 2018-11-09 11:50:36 --> File loaded: C:\xampp\htdocs\ci\ussiweb\application\views\_base/foot.php
INFO - 2018-11-09 11:50:36 --> Final output sent to browser
DEBUG - 2018-11-09 11:50:36 --> Total execution time: 0.2092
INFO - 2018-11-09 06:24:08 --> Config Class Initialized
INFO - 2018-11-09 06:24:08 --> Hooks Class Initialized
DEBUG - 2018-11-09 06:24:08 --> UTF-8 Support Enabled
INFO - 2018-11-09 06:24:08 --> Utf8 Class Initialized
INFO - 2018-11-09 06:24:08 --> URI Class Initialized
DEBUG - 2018-11-09 06:24:08 --> File loaded: C:\xampp\htdocs\ci\ussiweb\application\modules/admin/config/routes.php
INFO - 2018-11-09 06:24:08 --> Router Class Initialized
INFO - 2018-11-09 06:24:08 --> Output Class Initialized
INFO - 2018-11-09 06:24:08 --> Security Class Initialized
DEBUG - 2018-11-09 06:24:08 --> Global POST, GET and COOKIE data sanitized
INFO - 2018-11-09 06:24:08 --> Input Class Initialized
INFO - 2018-11-09 06:24:08 --> Language Class Initialized
INFO - 2018-11-09 06:24:08 --> Language Class Initialized
INFO - 2018-11-09 06:24:08 --> Config Class Initialized
INFO - 2018-11-09 06:24:08 --> Loader Class Initialized
DEBUG - 2018-11-09 06:24:08 --> File loaded: C:\xampp\htdocs\ci\ussiweb\application\modules/admin/config/site.php
INFO - 2018-11-09 06:24:08 --> Helper loaded: url_helper
INFO - 2018-11-09 06:24:08 --> Helper loaded: inflector_helper
INFO - 2018-11-09 06:24:08 --> Helper loaded: string_helper
INFO - 2018-11-09 06:24:08 --> Helper loaded: array_helper
INFO - 2018-11-09 06:24:08 --> Database Driver Class Initialized
DEBUG - 2018-11-09 06:24:08 --> File loaded: C:\xampp\htdocs\ci\ussiweb\application\modules/admin/config/ion_auth.php
DEBUG - 2018-11-09 06:24:08 --> File loaded: C:\xampp\htdocs\ci\ussiweb\application\modules/admin/config/ion_auth.php
INFO - 2018-11-09 06:24:08 --> Email Class Initialized
INFO - 2018-11-09 06:24:08 --> Language file loaded: language/english/ion_auth_lang.php
INFO - 2018-11-09 06:24:08 --> Helper loaded: cookie_helper
INFO - 2018-11-09 06:24:08 --> Helper loaded: language_helper
DEBUG - 2018-11-09 06:24:08 --> Session: "sess_save_path" is empty; using "session.save_path" value from php.ini.
INFO - 2018-11-09 06:24:08 --> Session: Class initialized using 'files' driver.
INFO - 2018-11-09 06:24:08 --> Model Class Initialized
INFO - 2018-11-09 06:24:08 --> Helper loaded: date_helper
INFO - 2018-11-09 06:24:08 --> User Agent Class Initialized
DEBUG - 2018-11-09 06:24:08 --> File loaded: C:\xampp\htdocs\ci\ussiweb\application\modules/admin/config/autoload.php
DEBUG - 2018-11-09 06:24:08 --> File loaded: C:\xampp\htdocs\ci\ussiweb\application\modules/admin/config/form_validation.php
INFO - 2018-11-09 06:24:08 --> Helper loaded: form_helper
INFO - 2018-11-09 06:24:08 --> Form Validation Class Initialized
INFO - 2018-11-09 06:24:08 --> Model Class Initialized
INFO - 2018-11-09 06:24:08 --> Model Class Initialized
INFO - 2018-11-09 06:24:08 --> Model Class Initialized
INFO - 2018-11-09 06:24:08 --> Model Class Initialized
INFO - 2018-11-09 06:24:08 --> Model Class Initialized
INFO - 2018-11-09 06:24:08 --> Model Class Initialized
INFO - 2018-11-09 06:24:08 --> Model Class Initialized
INFO - 2018-11-09 06:24:08 --> Model Class Initialized
INFO - 2018-11-09 06:24:08 --> Model Class Initialized
INFO - 2018-11-09 06:24:08 --> Model Class Initialized
INFO - 2018-11-09 06:24:08 --> Model Class Initialized
INFO - 2018-11-09 06:24:08 --> Model Class Initialized
INFO - 2018-11-09 06:24:08 --> Controller Class Initialized
DEBUG - 2018-11-09 06:24:08 --> Login MX_Controller Initialized
DEBUG - 2018-11-09 06:24:08 --> File loaded: C:\xampp\htdocs\ci\ussiweb\application\modules/admin/config/autoload.php
DEBUG - 2018-11-09 12:24:08 --> File loaded: C:\xampp\htdocs\ci\ussiweb\application\modules/admin/config/form_validation.php
DEBUG - 2018-11-09 12:24:08 --> File loaded: C:\xampp\htdocs\ci\ussiweb\application\views\_base/head.php
DEBUG - 2018-11-09 12:24:08 --> File loaded: C:\xampp\htdocs\ci\ussiweb\application\modules/admin/views/login.php
DEBUG - 2018-11-09 12:24:08 --> File loaded: C:\xampp\htdocs\ci\ussiweb\application\views\_layouts/empty.php
DEBUG - 2018-11-09 12:24:08 --> File loaded: C:\xampp\htdocs\ci\ussiweb\application\views\_partials/ga.php
DEBUG - 2018-11-09 12:24:08 --> File loaded: C:\xampp\htdocs\ci\ussiweb\application\views\_base/foot.php
INFO - 2018-11-09 12:24:08 --> Final output sent to browser
DEBUG - 2018-11-09 12:24:08 --> Total execution time: 0.5339
INFO - 2018-11-09 06:24:11 --> Config Class Initialized
INFO - 2018-11-09 06:24:11 --> Hooks Class Initialized
DEBUG - 2018-11-09 06:24:11 --> UTF-8 Support Enabled
INFO - 2018-11-09 06:24:11 --> Utf8 Class Initialized
INFO - 2018-11-09 06:24:11 --> URI Class Initialized
DEBUG - 2018-11-09 06:24:11 --> File loaded: C:\xampp\htdocs\ci\ussiweb\application\modules/admin/config/routes.php
INFO - 2018-11-09 06:24:11 --> Router Class Initialized
INFO - 2018-11-09 06:24:11 --> Output Class Initialized
INFO - 2018-11-09 06:24:11 --> Security Class Initialized
DEBUG - 2018-11-09 06:24:11 --> Global POST, GET and COOKIE data sanitized
INFO - 2018-11-09 06:24:11 --> Input Class Initialized
INFO - 2018-11-09 06:24:11 --> Language Class Initialized
INFO - 2018-11-09 06:24:11 --> Language Class Initialized
INFO - 2018-11-09 06:24:11 --> Config Class Initialized
INFO - 2018-11-09 06:24:11 --> Loader Class Initialized
DEBUG - 2018-11-09 06:24:12 --> File loaded: C:\xampp\htdocs\ci\ussiweb\application\modules/admin/config/site.php
INFO - 2018-11-09 06:24:12 --> Helper loaded: url_helper
INFO - 2018-11-09 06:24:12 --> Helper loaded: inflector_helper
INFO - 2018-11-09 06:24:12 --> Helper loaded: string_helper
INFO - 2018-11-09 06:24:12 --> Helper loaded: array_helper
INFO - 2018-11-09 06:24:12 --> Database Driver Class Initialized
DEBUG - 2018-11-09 06:24:12 --> File loaded: C:\xampp\htdocs\ci\ussiweb\application\modules/admin/config/ion_auth.php
DEBUG - 2018-11-09 06:24:12 --> File loaded: C:\xampp\htdocs\ci\ussiweb\application\modules/admin/config/ion_auth.php
INFO - 2018-11-09 06:24:12 --> Email Class Initialized
INFO - 2018-11-09 06:24:12 --> Language file loaded: language/english/ion_auth_lang.php
INFO - 2018-11-09 06:24:12 --> Helper loaded: cookie_helper
INFO - 2018-11-09 06:24:12 --> Helper loaded: language_helper
DEBUG - 2018-11-09 06:24:12 --> Session: "sess_save_path" is empty; using "session.save_path" value from php.ini.
INFO - 2018-11-09 06:24:12 --> Session: Class initialized using 'files' driver.
INFO - 2018-11-09 06:24:12 --> Model Class Initialized
INFO - 2018-11-09 06:24:12 --> Helper loaded: date_helper
INFO - 2018-11-09 06:24:12 --> User Agent Class Initialized
DEBUG - 2018-11-09 06:24:12 --> File loaded: C:\xampp\htdocs\ci\ussiweb\application\modules/admin/config/autoload.php
DEBUG - 2018-11-09 06:24:12 --> File loaded: C:\xampp\htdocs\ci\ussiweb\application\modules/admin/config/form_validation.php
INFO - 2018-11-09 06:24:12 --> Helper loaded: form_helper
INFO - 2018-11-09 06:24:12 --> Form Validation Class Initialized
INFO - 2018-11-09 06:24:12 --> Model Class Initialized
INFO - 2018-11-09 06:24:12 --> Model Class Initialized
INFO - 2018-11-09 06:24:12 --> Model Class Initialized
INFO - 2018-11-09 06:24:12 --> Model Class Initialized
INFO - 2018-11-09 06:24:12 --> Model Class Initialized
INFO - 2018-11-09 06:24:12 --> Model Class Initialized
INFO - 2018-11-09 06:24:12 --> Model Class Initialized
INFO - 2018-11-09 06:24:12 --> Model Class Initialized
INFO - 2018-11-09 06:24:12 --> Model Class Initialized
INFO - 2018-11-09 06:24:12 --> Model Class Initialized
INFO - 2018-11-09 06:24:12 --> Model Class Initialized
INFO - 2018-11-09 06:24:12 --> Model Class Initialized
INFO - 2018-11-09 06:24:12 --> Controller Class Initialized
DEBUG - 2018-11-09 06:24:12 --> Login MX_Controller Initialized
DEBUG - 2018-11-09 06:24:12 --> File loaded: C:\xampp\htdocs\ci\ussiweb\application\modules/admin/config/autoload.php
DEBUG - 2018-11-09 12:24:12 --> File loaded: C:\xampp\htdocs\ci\ussiweb\application\modules/admin/config/form_validation.php
DEBUG - 2018-11-09 12:24:12 --> File loaded: C:\xampp\htdocs\ci\ussiweb\application\views\_base/head.php
DEBUG - 2018-11-09 12:24:12 --> File loaded: C:\xampp\htdocs\ci\ussiweb\application\modules/admin/views/login.php
DEBUG - 2018-11-09 12:24:12 --> File loaded: C:\xampp\htdocs\ci\ussiweb\application\views\_layouts/empty.php
DEBUG - 2018-11-09 12:24:12 --> File loaded: C:\xampp\htdocs\ci\ussiweb\application\views\_partials/ga.php
DEBUG - 2018-11-09 12:24:12 --> File loaded: C:\xampp\htdocs\ci\ussiweb\application\views\_base/foot.php
INFO - 2018-11-09 12:24:12 --> Final output sent to browser
DEBUG - 2018-11-09 12:24:12 --> Total execution time: 0.4270
INFO - 2018-11-09 06:25:54 --> Config Class Initialized
INFO - 2018-11-09 06:25:54 --> Hooks Class Initialized
DEBUG - 2018-11-09 06:25:54 --> UTF-8 Support Enabled
INFO - 2018-11-09 06:25:54 --> Utf8 Class Initialized
INFO - 2018-11-09 06:25:54 --> URI Class Initialized
DEBUG - 2018-11-09 06:25:54 --> File loaded: C:\xampp\htdocs\ci\ussiweb\application\modules/admin/config/routes.php
INFO - 2018-11-09 06:25:54 --> Router Class Initialized
INFO - 2018-11-09 06:25:54 --> Output Class Initialized
INFO - 2018-11-09 06:25:54 --> Security Class Initialized
DEBUG - 2018-11-09 06:25:54 --> Global POST, GET and COOKIE data sanitized
INFO - 2018-11-09 06:25:54 --> Input Class Initialized
INFO - 2018-11-09 06:25:54 --> Language Class Initialized
INFO - 2018-11-09 06:25:54 --> Language Class Initialized
INFO - 2018-11-09 06:25:54 --> Config Class Initialized
INFO - 2018-11-09 06:25:54 --> Loader Class Initialized
DEBUG - 2018-11-09 06:25:54 --> File loaded: C:\xampp\htdocs\ci\ussiweb\application\modules/admin/config/site.php
INFO - 2018-11-09 06:25:54 --> Helper loaded: url_helper
INFO - 2018-11-09 06:25:54 --> Helper loaded: inflector_helper
INFO - 2018-11-09 06:25:54 --> Helper loaded: string_helper
INFO - 2018-11-09 06:25:54 --> Helper loaded: array_helper
INFO - 2018-11-09 06:25:54 --> Database Driver Class Initialized
DEBUG - 2018-11-09 06:25:54 --> File loaded: C:\xampp\htdocs\ci\ussiweb\application\modules/admin/config/ion_auth.php
DEBUG - 2018-11-09 06:25:54 --> File loaded: C:\xampp\htdocs\ci\ussiweb\application\modules/admin/config/ion_auth.php
INFO - 2018-11-09 06:25:54 --> Email Class Initialized
INFO - 2018-11-09 06:25:54 --> Language file loaded: language/english/ion_auth_lang.php
INFO - 2018-11-09 06:25:54 --> Helper loaded: cookie_helper
INFO - 2018-11-09 06:25:54 --> Helper loaded: language_helper
DEBUG - 2018-11-09 06:25:54 --> Session: "sess_save_path" is empty; using "session.save_path" value from php.ini.
INFO - 2018-11-09 06:25:54 --> Session: Class initialized using 'files' driver.
INFO - 2018-11-09 06:25:54 --> Model Class Initialized
INFO - 2018-11-09 06:25:54 --> Helper loaded: date_helper
INFO - 2018-11-09 06:25:54 --> User Agent Class Initialized
DEBUG - 2018-11-09 06:25:54 --> File loaded: C:\xampp\htdocs\ci\ussiweb\application\modules/admin/config/autoload.php
DEBUG - 2018-11-09 06:25:54 --> File loaded: C:\xampp\htdocs\ci\ussiweb\application\modules/admin/config/form_validation.php
INFO - 2018-11-09 06:25:54 --> Helper loaded: form_helper
INFO - 2018-11-09 06:25:54 --> Form Validation Class Initialized
INFO - 2018-11-09 06:25:54 --> Model Class Initialized
INFO - 2018-11-09 06:25:54 --> Model Class Initialized
INFO - 2018-11-09 06:25:54 --> Model Class Initialized
INFO - 2018-11-09 06:25:54 --> Model Class Initialized
INFO - 2018-11-09 06:25:54 --> Model Class Initialized
INFO - 2018-11-09 06:25:54 --> Model Class Initialized
INFO - 2018-11-09 06:25:54 --> Model Class Initialized
INFO - 2018-11-09 06:25:54 --> Model Class Initialized
INFO - 2018-11-09 06:25:54 --> Model Class Initialized
INFO - 2018-11-09 06:25:54 --> Model Class Initialized
INFO - 2018-11-09 06:25:54 --> Model Class Initialized
INFO - 2018-11-09 06:25:54 --> Model Class Initialized
INFO - 2018-11-09 06:25:54 --> Controller Class Initialized
DEBUG - 2018-11-09 06:25:54 --> Login MX_Controller Initialized
DEBUG - 2018-11-09 06:25:54 --> File loaded: C:\xampp\htdocs\ci\ussiweb\application\modules/admin/config/autoload.php
DEBUG - 2018-11-09 12:25:54 --> File loaded: C:\xampp\htdocs\ci\ussiweb\application\modules/admin/config/form_validation.php
DEBUG - 2018-11-09 12:25:54 --> File loaded: C:\xampp\htdocs\ci\ussiweb\application\views\_base/head.php
DEBUG - 2018-11-09 12:25:54 --> File loaded: C:\xampp\htdocs\ci\ussiweb\application\modules/admin/views/login.php
DEBUG - 2018-11-09 12:25:54 --> File loaded: C:\xampp\htdocs\ci\ussiweb\application\views\_layouts/empty.php
DEBUG - 2018-11-09 12:25:54 --> File loaded: C:\xampp\htdocs\ci\ussiweb\application\views\_partials/ga.php
DEBUG - 2018-11-09 12:25:54 --> File loaded: C:\xampp\htdocs\ci\ussiweb\application\views\_base/foot.php
INFO - 2018-11-09 12:25:54 --> Final output sent to browser
DEBUG - 2018-11-09 12:25:54 --> Total execution time: 0.3016
INFO - 2018-11-09 06:25:55 --> Config Class Initialized
INFO - 2018-11-09 06:25:55 --> Hooks Class Initialized
DEBUG - 2018-11-09 06:25:55 --> UTF-8 Support Enabled
INFO - 2018-11-09 06:25:55 --> Utf8 Class Initialized
INFO - 2018-11-09 06:25:55 --> URI Class Initialized
DEBUG - 2018-11-09 06:25:55 --> File loaded: C:\xampp\htdocs\ci\ussiweb\application\modules/admin/config/routes.php
INFO - 2018-11-09 06:25:55 --> Router Class Initialized
INFO - 2018-11-09 06:25:55 --> Output Class Initialized
INFO - 2018-11-09 06:25:55 --> Security Class Initialized
DEBUG - 2018-11-09 06:25:55 --> Global POST, GET and COOKIE data sanitized
INFO - 2018-11-09 06:25:55 --> Input Class Initialized
INFO - 2018-11-09 06:25:55 --> Language Class Initialized
INFO - 2018-11-09 06:25:55 --> Language Class Initialized
INFO - 2018-11-09 06:25:55 --> Config Class Initialized
INFO - 2018-11-09 06:25:55 --> Loader Class Initialized
DEBUG - 2018-11-09 06:25:55 --> File loaded: C:\xampp\htdocs\ci\ussiweb\application\modules/admin/config/site.php
INFO - 2018-11-09 06:25:55 --> Helper loaded: url_helper
INFO - 2018-11-09 06:25:55 --> Helper loaded: inflector_helper
INFO - 2018-11-09 06:25:55 --> Helper loaded: string_helper
INFO - 2018-11-09 06:25:55 --> Helper loaded: array_helper
INFO - 2018-11-09 06:25:56 --> Database Driver Class Initialized
DEBUG - 2018-11-09 06:25:56 --> File loaded: C:\xampp\htdocs\ci\ussiweb\application\modules/admin/config/ion_auth.php
DEBUG - 2018-11-09 06:25:56 --> File loaded: C:\xampp\htdocs\ci\ussiweb\application\modules/admin/config/ion_auth.php
INFO - 2018-11-09 06:25:56 --> Email Class Initialized
INFO - 2018-11-09 06:25:56 --> Language file loaded: language/english/ion_auth_lang.php
INFO - 2018-11-09 06:25:56 --> Helper loaded: cookie_helper
INFO - 2018-11-09 06:25:56 --> Helper loaded: language_helper
DEBUG - 2018-11-09 06:25:56 --> Session: "sess_save_path" is empty; using "session.save_path" value from php.ini.
INFO - 2018-11-09 06:25:56 --> Session: Class initialized using 'files' driver.
INFO - 2018-11-09 06:25:56 --> Model Class Initialized
INFO - 2018-11-09 06:25:56 --> Helper loaded: date_helper
INFO - 2018-11-09 06:25:56 --> User Agent Class Initialized
DEBUG - 2018-11-09 06:25:56 --> File loaded: C:\xampp\htdocs\ci\ussiweb\application\modules/admin/config/autoload.php
DEBUG - 2018-11-09 06:25:56 --> File loaded: C:\xampp\htdocs\ci\ussiweb\application\modules/admin/config/form_validation.php
INFO - 2018-11-09 06:25:56 --> Helper loaded: form_helper
INFO - 2018-11-09 06:25:56 --> Form Validation Class Initialized
INFO - 2018-11-09 06:25:56 --> Model Class Initialized
INFO - 2018-11-09 06:25:56 --> Model Class Initialized
INFO - 2018-11-09 06:25:56 --> Model Class Initialized
INFO - 2018-11-09 06:25:56 --> Model Class Initialized
INFO - 2018-11-09 06:25:56 --> Model Class Initialized
INFO - 2018-11-09 06:25:56 --> Model Class Initialized
INFO - 2018-11-09 06:25:56 --> Model Class Initialized
INFO - 2018-11-09 06:25:56 --> Model Class Initialized
INFO - 2018-11-09 06:25:56 --> Model Class Initialized
INFO - 2018-11-09 06:25:56 --> Model Class Initialized
INFO - 2018-11-09 06:25:56 --> Model Class Initialized
INFO - 2018-11-09 06:25:56 --> Model Class Initialized
INFO - 2018-11-09 06:25:56 --> Controller Class Initialized
DEBUG - 2018-11-09 06:25:56 --> Login MX_Controller Initialized
DEBUG - 2018-11-09 06:25:56 --> File loaded: C:\xampp\htdocs\ci\ussiweb\application\modules/admin/config/autoload.php
DEBUG - 2018-11-09 12:25:56 --> File loaded: C:\xampp\htdocs\ci\ussiweb\application\modules/admin/config/form_validation.php
DEBUG - 2018-11-09 12:25:56 --> File loaded: C:\xampp\htdocs\ci\ussiweb\application\views\_base/head.php
DEBUG - 2018-11-09 12:25:56 --> File loaded: C:\xampp\htdocs\ci\ussiweb\application\modules/admin/views/login.php
DEBUG - 2018-11-09 12:25:56 --> File loaded: C:\xampp\htdocs\ci\ussiweb\application\views\_layouts/empty.php
DEBUG - 2018-11-09 12:25:56 --> File loaded: C:\xampp\htdocs\ci\ussiweb\application\views\_partials/ga.php
DEBUG - 2018-11-09 12:25:56 --> File loaded: C:\xampp\htdocs\ci\ussiweb\application\views\_base/foot.php
INFO - 2018-11-09 12:25:56 --> Final output sent to browser
DEBUG - 2018-11-09 12:25:56 --> Total execution time: 0.2970
INFO - 2018-11-09 06:25:57 --> Config Class Initialized
INFO - 2018-11-09 06:25:57 --> Hooks Class Initialized
DEBUG - 2018-11-09 06:25:57 --> UTF-8 Support Enabled
INFO - 2018-11-09 06:25:57 --> Utf8 Class Initialized
INFO - 2018-11-09 06:25:57 --> URI Class Initialized
DEBUG - 2018-11-09 06:25:57 --> File loaded: C:\xampp\htdocs\ci\ussiweb\application\modules/admin/config/routes.php
INFO - 2018-11-09 06:25:57 --> Router Class Initialized
INFO - 2018-11-09 06:25:57 --> Output Class Initialized
INFO - 2018-11-09 06:25:57 --> Security Class Initialized
DEBUG - 2018-11-09 06:25:57 --> Global POST, GET and COOKIE data sanitized
INFO - 2018-11-09 06:25:57 --> Input Class Initialized
INFO - 2018-11-09 06:25:57 --> Language Class Initialized
INFO - 2018-11-09 06:25:57 --> Language Class Initialized
INFO - 2018-11-09 06:25:57 --> Config Class Initialized
INFO - 2018-11-09 06:25:57 --> Loader Class Initialized
DEBUG - 2018-11-09 06:25:57 --> File loaded: C:\xampp\htdocs\ci\ussiweb\application\modules/admin/config/site.php
INFO - 2018-11-09 06:25:57 --> Helper loaded: url_helper
INFO - 2018-11-09 06:25:57 --> Helper loaded: inflector_helper
INFO - 2018-11-09 06:25:57 --> Helper loaded: string_helper
INFO - 2018-11-09 06:25:57 --> Helper loaded: array_helper
INFO - 2018-11-09 06:25:57 --> Database Driver Class Initialized
DEBUG - 2018-11-09 06:25:57 --> File loaded: C:\xampp\htdocs\ci\ussiweb\application\modules/admin/config/ion_auth.php
DEBUG - 2018-11-09 06:25:57 --> File loaded: C:\xampp\htdocs\ci\ussiweb\application\modules/admin/config/ion_auth.php
INFO - 2018-11-09 06:25:57 --> Email Class Initialized
INFO - 2018-11-09 06:25:57 --> Language file loaded: language/english/ion_auth_lang.php
INFO - 2018-11-09 06:25:57 --> Helper loaded: cookie_helper
INFO - 2018-11-09 06:25:57 --> Helper loaded: language_helper
DEBUG - 2018-11-09 06:25:57 --> Session: "sess_save_path" is empty; using "session.save_path" value from php.ini.
INFO - 2018-11-09 06:25:57 --> Session: Class initialized using 'files' driver.
INFO - 2018-11-09 06:25:57 --> Model Class Initialized
INFO - 2018-11-09 06:25:57 --> Helper loaded: date_helper
INFO - 2018-11-09 06:25:57 --> User Agent Class Initialized
DEBUG - 2018-11-09 06:25:57 --> File loaded: C:\xampp\htdocs\ci\ussiweb\application\modules/admin/config/autoload.php
DEBUG - 2018-11-09 06:25:57 --> File loaded: C:\xampp\htdocs\ci\ussiweb\application\modules/admin/config/form_validation.php
INFO - 2018-11-09 06:25:57 --> Helper loaded: form_helper
INFO - 2018-11-09 06:25:57 --> Form Validation Class Initialized
INFO - 2018-11-09 06:25:57 --> Model Class Initialized
INFO - 2018-11-09 06:25:57 --> Model Class Initialized
INFO - 2018-11-09 06:25:57 --> Model Class Initialized
INFO - 2018-11-09 06:25:57 --> Model Class Initialized
INFO - 2018-11-09 06:25:57 --> Model Class Initialized
INFO - 2018-11-09 06:25:57 --> Model Class Initialized
INFO - 2018-11-09 06:25:57 --> Model Class Initialized
INFO - 2018-11-09 06:25:57 --> Model Class Initialized
INFO - 2018-11-09 06:25:57 --> Model Class Initialized
INFO - 2018-11-09 06:25:57 --> Model Class Initialized
INFO - 2018-11-09 06:25:57 --> Model Class Initialized
INFO - 2018-11-09 06:25:57 --> Model Class Initialized
INFO - 2018-11-09 06:25:57 --> Controller Class Initialized
DEBUG - 2018-11-09 06:25:57 --> Login MX_Controller Initialized
DEBUG - 2018-11-09 06:25:57 --> File loaded: C:\xampp\htdocs\ci\ussiweb\application\modules/admin/config/autoload.php
DEBUG - 2018-11-09 12:25:57 --> File loaded: C:\xampp\htdocs\ci\ussiweb\application\modules/admin/config/form_validation.php
DEBUG - 2018-11-09 12:25:57 --> File loaded: C:\xampp\htdocs\ci\ussiweb\application\views\_base/head.php
DEBUG - 2018-11-09 12:25:57 --> File loaded: C:\xampp\htdocs\ci\ussiweb\application\modules/admin/views/login.php
DEBUG - 2018-11-09 12:25:57 --> File loaded: C:\xampp\htdocs\ci\ussiweb\application\views\_layouts/empty.php
DEBUG - 2018-11-09 12:25:57 --> File loaded: C:\xampp\htdocs\ci\ussiweb\application\views\_partials/ga.php
DEBUG - 2018-11-09 12:25:57 --> File loaded: C:\xampp\htdocs\ci\ussiweb\application\views\_base/foot.php
INFO - 2018-11-09 12:25:57 --> Final output sent to browser
DEBUG - 2018-11-09 12:25:57 --> Total execution time: 0.3174
INFO - 2018-11-09 06:26:58 --> Config Class Initialized
INFO - 2018-11-09 06:26:58 --> Hooks Class Initialized
DEBUG - 2018-11-09 06:26:58 --> UTF-8 Support Enabled
INFO - 2018-11-09 06:26:58 --> Utf8 Class Initialized
INFO - 2018-11-09 06:26:58 --> URI Class Initialized
DEBUG - 2018-11-09 06:26:58 --> File loaded: C:\xampp\htdocs\ci\ussiweb\application\modules/admin/config/routes.php
INFO - 2018-11-09 06:26:58 --> Router Class Initialized
INFO - 2018-11-09 06:26:58 --> Output Class Initialized
INFO - 2018-11-09 06:26:58 --> Security Class Initialized
DEBUG - 2018-11-09 06:26:58 --> Global POST, GET and COOKIE data sanitized
INFO - 2018-11-09 06:26:58 --> Input Class Initialized
INFO - 2018-11-09 06:26:58 --> Language Class Initialized
INFO - 2018-11-09 06:26:58 --> Language Class Initialized
INFO - 2018-11-09 06:26:58 --> Config Class Initialized
INFO - 2018-11-09 06:26:58 --> Loader Class Initialized
DEBUG - 2018-11-09 06:26:58 --> File loaded: C:\xampp\htdocs\ci\ussiweb\application\modules/admin/config/site.php
INFO - 2018-11-09 06:26:58 --> Helper loaded: url_helper
INFO - 2018-11-09 06:26:58 --> Helper loaded: inflector_helper
INFO - 2018-11-09 06:26:58 --> Helper loaded: string_helper
INFO - 2018-11-09 06:26:58 --> Helper loaded: array_helper
INFO - 2018-11-09 06:26:58 --> Database Driver Class Initialized
DEBUG - 2018-11-09 06:26:58 --> File loaded: C:\xampp\htdocs\ci\ussiweb\application\modules/admin/config/ion_auth.php
DEBUG - 2018-11-09 06:26:58 --> File loaded: C:\xampp\htdocs\ci\ussiweb\application\modules/admin/config/ion_auth.php
INFO - 2018-11-09 06:26:58 --> Email Class Initialized
INFO - 2018-11-09 06:26:58 --> Language file loaded: language/english/ion_auth_lang.php
INFO - 2018-11-09 06:26:58 --> Helper loaded: cookie_helper
INFO - 2018-11-09 06:26:58 --> Helper loaded: language_helper
DEBUG - 2018-11-09 06:26:58 --> Session: "sess_save_path" is empty; using "session.save_path" value from php.ini.
INFO - 2018-11-09 06:26:58 --> Session: Class initialized using 'files' driver.
INFO - 2018-11-09 06:26:58 --> Model Class Initialized
INFO - 2018-11-09 06:26:58 --> Helper loaded: date_helper
INFO - 2018-11-09 06:26:58 --> User Agent Class Initialized
DEBUG - 2018-11-09 06:26:58 --> File loaded: C:\xampp\htdocs\ci\ussiweb\application\modules/admin/config/autoload.php
DEBUG - 2018-11-09 06:26:58 --> File loaded: C:\xampp\htdocs\ci\ussiweb\application\modules/admin/config/form_validation.php
INFO - 2018-11-09 06:26:58 --> Helper loaded: form_helper
INFO - 2018-11-09 06:26:58 --> Form Validation Class Initialized
INFO - 2018-11-09 06:26:58 --> Model Class Initialized
INFO - 2018-11-09 06:26:58 --> Model Class Initialized
INFO - 2018-11-09 06:26:58 --> Model Class Initialized
INFO - 2018-11-09 06:26:58 --> Model Class Initialized
INFO - 2018-11-09 06:26:58 --> Model Class Initialized
INFO - 2018-11-09 06:26:58 --> Model Class Initialized
INFO - 2018-11-09 06:26:58 --> Model Class Initialized
INFO - 2018-11-09 06:26:58 --> Model Class Initialized
INFO - 2018-11-09 06:26:58 --> Model Class Initialized
INFO - 2018-11-09 06:26:58 --> Model Class Initialized
INFO - 2018-11-09 06:26:58 --> Model Class Initialized
INFO - 2018-11-09 06:26:58 --> Model Class Initialized
INFO - 2018-11-09 06:26:58 --> Controller Class Initialized
DEBUG - 2018-11-09 06:26:58 --> Login MX_Controller Initialized
DEBUG - 2018-11-09 06:26:58 --> File loaded: C:\xampp\htdocs\ci\ussiweb\application\modules/admin/config/autoload.php
DEBUG - 2018-11-09 12:26:58 --> File loaded: C:\xampp\htdocs\ci\ussiweb\application\modules/admin/config/form_validation.php
INFO - 2018-11-09 12:26:58 --> Language file loaded: language/english/form_validation_lang.php
INFO - 2018-11-09 06:26:58 --> Config Class Initialized
INFO - 2018-11-09 06:26:58 --> Hooks Class Initialized
DEBUG - 2018-11-09 06:26:58 --> UTF-8 Support Enabled
INFO - 2018-11-09 06:26:58 --> Utf8 Class Initialized
INFO - 2018-11-09 06:26:58 --> URI Class Initialized
DEBUG - 2018-11-09 06:26:58 --> File loaded: C:\xampp\htdocs\ci\ussiweb\application\modules/admin/config/routes.php
INFO - 2018-11-09 06:26:58 --> Router Class Initialized
INFO - 2018-11-09 06:26:58 --> Output Class Initialized
INFO - 2018-11-09 06:26:58 --> Security Class Initialized
DEBUG - 2018-11-09 06:26:58 --> Global POST, GET and COOKIE data sanitized
INFO - 2018-11-09 06:26:58 --> Input Class Initialized
INFO - 2018-11-09 06:26:58 --> Language Class Initialized
INFO - 2018-11-09 06:26:58 --> Language Class Initialized
INFO - 2018-11-09 06:26:58 --> Config Class Initialized
INFO - 2018-11-09 06:26:58 --> Loader Class Initialized
DEBUG - 2018-11-09 06:26:58 --> File loaded: C:\xampp\htdocs\ci\ussiweb\application\modules/admin/config/site.php
INFO - 2018-11-09 06:26:58 --> Helper loaded: url_helper
INFO - 2018-11-09 06:26:58 --> Helper loaded: inflector_helper
INFO - 2018-11-09 06:26:58 --> Helper loaded: string_helper
INFO - 2018-11-09 06:26:58 --> Helper loaded: array_helper
INFO - 2018-11-09 06:26:58 --> Database Driver Class Initialized
DEBUG - 2018-11-09 06:26:58 --> File loaded: C:\xampp\htdocs\ci\ussiweb\application\modules/admin/config/ion_auth.php
DEBUG - 2018-11-09 06:26:58 --> File loaded: C:\xampp\htdocs\ci\ussiweb\application\modules/admin/config/ion_auth.php
INFO - 2018-11-09 06:26:58 --> Email Class Initialized
INFO - 2018-11-09 06:26:58 --> Language file loaded: language/english/ion_auth_lang.php
INFO - 2018-11-09 06:26:58 --> Helper loaded: cookie_helper
INFO - 2018-11-09 06:26:58 --> Helper loaded: language_helper
DEBUG - 2018-11-09 06:26:58 --> Session: "sess_save_path" is empty; using "session.save_path" value from php.ini.
INFO - 2018-11-09 06:26:58 --> Session: Class initialized using 'files' driver.
INFO - 2018-11-09 06:26:58 --> Model Class Initialized
INFO - 2018-11-09 06:26:58 --> Helper loaded: date_helper
INFO - 2018-11-09 06:26:58 --> User Agent Class Initialized
DEBUG - 2018-11-09 06:26:58 --> File loaded: C:\xampp\htdocs\ci\ussiweb\application\modules/admin/config/autoload.php
DEBUG - 2018-11-09 06:26:58 --> File loaded: C:\xampp\htdocs\ci\ussiweb\application\modules/admin/config/form_validation.php
INFO - 2018-11-09 06:26:58 --> Helper loaded: form_helper
INFO - 2018-11-09 06:26:58 --> Form Validation Class Initialized
INFO - 2018-11-09 06:26:58 --> Model Class Initialized
INFO - 2018-11-09 06:26:58 --> Model Class Initialized
INFO - 2018-11-09 06:26:58 --> Model Class Initialized
INFO - 2018-11-09 06:26:58 --> Model Class Initialized
INFO - 2018-11-09 06:26:58 --> Model Class Initialized
INFO - 2018-11-09 06:26:58 --> Model Class Initialized
INFO - 2018-11-09 06:26:58 --> Model Class Initialized
INFO - 2018-11-09 06:26:58 --> Model Class Initialized
INFO - 2018-11-09 06:26:58 --> Model Class Initialized
INFO - 2018-11-09 06:26:58 --> Model Class Initialized
INFO - 2018-11-09 06:26:58 --> Model Class Initialized
INFO - 2018-11-09 06:26:58 --> Model Class Initialized
INFO - 2018-11-09 06:26:58 --> Controller Class Initialized
DEBUG - 2018-11-09 06:26:58 --> Login MX_Controller Initialized
DEBUG - 2018-11-09 06:26:58 --> File loaded: C:\xampp\htdocs\ci\ussiweb\application\modules/admin/config/autoload.php
DEBUG - 2018-11-09 12:26:58 --> File loaded: C:\xampp\htdocs\ci\ussiweb\application\modules/admin/config/form_validation.php
DEBUG - 2018-11-09 12:26:58 --> File loaded: C:\xampp\htdocs\ci\ussiweb\application\views\_base/head.php
DEBUG - 2018-11-09 12:26:58 --> File loaded: C:\xampp\htdocs\ci\ussiweb\application\modules/admin/views/login.php
DEBUG - 2018-11-09 12:26:58 --> File loaded: C:\xampp\htdocs\ci\ussiweb\application\views\_layouts/empty.php
DEBUG - 2018-11-09 12:26:58 --> File loaded: C:\xampp\htdocs\ci\ussiweb\application\views\_partials/ga.php
DEBUG - 2018-11-09 12:26:58 --> File loaded: C:\xampp\htdocs\ci\ussiweb\application\views\_base/foot.php
INFO - 2018-11-09 12:26:58 --> Final output sent to browser
DEBUG - 2018-11-09 12:26:58 --> Total execution time: 0.3204
INFO - 2018-11-09 06:27:08 --> Config Class Initialized
INFO - 2018-11-09 06:27:08 --> Hooks Class Initialized
DEBUG - 2018-11-09 06:27:08 --> UTF-8 Support Enabled
INFO - 2018-11-09 06:27:08 --> Utf8 Class Initialized
INFO - 2018-11-09 06:27:08 --> URI Class Initialized
DEBUG - 2018-11-09 06:27:08 --> File loaded: C:\xampp\htdocs\ci\ussiweb\application\modules/admin/config/routes.php
INFO - 2018-11-09 06:27:08 --> Router Class Initialized
INFO - 2018-11-09 06:27:08 --> Output Class Initialized
INFO - 2018-11-09 06:27:08 --> Security Class Initialized
DEBUG - 2018-11-09 06:27:08 --> Global POST, GET and COOKIE data sanitized
INFO - 2018-11-09 06:27:08 --> Input Class Initialized
INFO - 2018-11-09 06:27:08 --> Language Class Initialized
INFO - 2018-11-09 06:27:08 --> Language Class Initialized
INFO - 2018-11-09 06:27:08 --> Config Class Initialized
INFO - 2018-11-09 06:27:08 --> Loader Class Initialized
DEBUG - 2018-11-09 06:27:08 --> File loaded: C:\xampp\htdocs\ci\ussiweb\application\modules/admin/config/site.php
INFO - 2018-11-09 06:27:08 --> Helper loaded: url_helper
INFO - 2018-11-09 06:27:08 --> Helper loaded: inflector_helper
INFO - 2018-11-09 06:27:08 --> Helper loaded: string_helper
INFO - 2018-11-09 06:27:08 --> Helper loaded: array_helper
INFO - 2018-11-09 06:27:08 --> Database Driver Class Initialized
DEBUG - 2018-11-09 06:27:08 --> File loaded: C:\xampp\htdocs\ci\ussiweb\application\modules/admin/config/ion_auth.php
DEBUG - 2018-11-09 06:27:08 --> File loaded: C:\xampp\htdocs\ci\ussiweb\application\modules/admin/config/ion_auth.php
INFO - 2018-11-09 06:27:08 --> Email Class Initialized
INFO - 2018-11-09 06:27:08 --> Language file loaded: language/english/ion_auth_lang.php
INFO - 2018-11-09 06:27:08 --> Helper loaded: cookie_helper
INFO - 2018-11-09 06:27:08 --> Helper loaded: language_helper
DEBUG - 2018-11-09 06:27:08 --> Session: "sess_save_path" is empty; using "session.save_path" value from php.ini.
INFO - 2018-11-09 06:27:08 --> Session: Class initialized using 'files' driver.
INFO - 2018-11-09 06:27:08 --> Model Class Initialized
INFO - 2018-11-09 06:27:08 --> Helper loaded: date_helper
INFO - 2018-11-09 06:27:08 --> User Agent Class Initialized
DEBUG - 2018-11-09 06:27:08 --> File loaded: C:\xampp\htdocs\ci\ussiweb\application\modules/admin/config/autoload.php
DEBUG - 2018-11-09 06:27:08 --> File loaded: C:\xampp\htdocs\ci\ussiweb\application\modules/admin/config/form_validation.php
INFO - 2018-11-09 06:27:08 --> Helper loaded: form_helper
INFO - 2018-11-09 06:27:08 --> Form Validation Class Initialized
INFO - 2018-11-09 06:27:08 --> Model Class Initialized
INFO - 2018-11-09 06:27:08 --> Model Class Initialized
INFO - 2018-11-09 06:27:08 --> Model Class Initialized
INFO - 2018-11-09 06:27:08 --> Model Class Initialized
INFO - 2018-11-09 06:27:08 --> Model Class Initialized
INFO - 2018-11-09 06:27:08 --> Model Class Initialized
INFO - 2018-11-09 06:27:08 --> Model Class Initialized
INFO - 2018-11-09 06:27:08 --> Model Class Initialized
INFO - 2018-11-09 06:27:08 --> Model Class Initialized
INFO - 2018-11-09 06:27:08 --> Model Class Initialized
INFO - 2018-11-09 06:27:08 --> Model Class Initialized
INFO - 2018-11-09 06:27:08 --> Model Class Initialized
INFO - 2018-11-09 06:27:08 --> Controller Class Initialized
DEBUG - 2018-11-09 06:27:08 --> Login MX_Controller Initialized
DEBUG - 2018-11-09 06:27:08 --> File loaded: C:\xampp\htdocs\ci\ussiweb\application\modules/admin/config/autoload.php
DEBUG - 2018-11-09 12:27:08 --> File loaded: C:\xampp\htdocs\ci\ussiweb\application\modules/admin/config/form_validation.php
DEBUG - 2018-11-09 12:27:08 --> File loaded: C:\xampp\htdocs\ci\ussiweb\application\views\_base/head.php
DEBUG - 2018-11-09 12:27:08 --> File loaded: C:\xampp\htdocs\ci\ussiweb\application\modules/admin/views/login.php
DEBUG - 2018-11-09 12:27:08 --> File loaded: C:\xampp\htdocs\ci\ussiweb\application\views\_layouts/empty.php
DEBUG - 2018-11-09 12:27:08 --> File loaded: C:\xampp\htdocs\ci\ussiweb\application\views\_partials/ga.php
DEBUG - 2018-11-09 12:27:08 --> File loaded: C:\xampp\htdocs\ci\ussiweb\application\views\_base/foot.php
INFO - 2018-11-09 12:27:08 --> Final output sent to browser
DEBUG - 2018-11-09 12:27:08 --> Total execution time: 0.3295
INFO - 2018-11-09 06:27:10 --> Config Class Initialized
INFO - 2018-11-09 06:27:10 --> Hooks Class Initialized
DEBUG - 2018-11-09 06:27:10 --> UTF-8 Support Enabled
INFO - 2018-11-09 06:27:10 --> Utf8 Class Initialized
INFO - 2018-11-09 06:27:10 --> URI Class Initialized
DEBUG - 2018-11-09 06:27:10 --> File loaded: C:\xampp\htdocs\ci\ussiweb\application\modules/admin/config/routes.php
INFO - 2018-11-09 06:27:10 --> Router Class Initialized
INFO - 2018-11-09 06:27:10 --> Output Class Initialized
INFO - 2018-11-09 06:27:10 --> Security Class Initialized
DEBUG - 2018-11-09 06:27:10 --> Global POST, GET and COOKIE data sanitized
INFO - 2018-11-09 06:27:10 --> Input Class Initialized
INFO - 2018-11-09 06:27:10 --> Language Class Initialized
INFO - 2018-11-09 06:27:10 --> Language Class Initialized
INFO - 2018-11-09 06:27:10 --> Config Class Initialized
INFO - 2018-11-09 06:27:10 --> Loader Class Initialized
DEBUG - 2018-11-09 06:27:10 --> File loaded: C:\xampp\htdocs\ci\ussiweb\application\modules/admin/config/site.php
INFO - 2018-11-09 06:27:10 --> Helper loaded: url_helper
INFO - 2018-11-09 06:27:10 --> Helper loaded: inflector_helper
INFO - 2018-11-09 06:27:10 --> Helper loaded: string_helper
INFO - 2018-11-09 06:27:10 --> Helper loaded: array_helper
INFO - 2018-11-09 06:27:10 --> Database Driver Class Initialized
DEBUG - 2018-11-09 06:27:10 --> File loaded: C:\xampp\htdocs\ci\ussiweb\application\modules/admin/config/ion_auth.php
DEBUG - 2018-11-09 06:27:10 --> File loaded: C:\xampp\htdocs\ci\ussiweb\application\modules/admin/config/ion_auth.php
INFO - 2018-11-09 06:27:10 --> Email Class Initialized
INFO - 2018-11-09 06:27:10 --> Language file loaded: language/english/ion_auth_lang.php
INFO - 2018-11-09 06:27:10 --> Helper loaded: cookie_helper
INFO - 2018-11-09 06:27:10 --> Helper loaded: language_helper
DEBUG - 2018-11-09 06:27:10 --> Session: "sess_save_path" is empty; using "session.save_path" value from php.ini.
INFO - 2018-11-09 06:27:10 --> Session: Class initialized using 'files' driver.
INFO - 2018-11-09 06:27:10 --> Model Class Initialized
INFO - 2018-11-09 06:27:10 --> Helper loaded: date_helper
INFO - 2018-11-09 06:27:10 --> User Agent Class Initialized
DEBUG - 2018-11-09 06:27:10 --> File loaded: C:\xampp\htdocs\ci\ussiweb\application\modules/admin/config/autoload.php
DEBUG - 2018-11-09 06:27:10 --> File loaded: C:\xampp\htdocs\ci\ussiweb\application\modules/admin/config/form_validation.php
INFO - 2018-11-09 06:27:10 --> Helper loaded: form_helper
INFO - 2018-11-09 06:27:10 --> Form Validation Class Initialized
INFO - 2018-11-09 06:27:10 --> Model Class Initialized
INFO - 2018-11-09 06:27:10 --> Model Class Initialized
INFO - 2018-11-09 06:27:10 --> Model Class Initialized
INFO - 2018-11-09 06:27:10 --> Model Class Initialized
INFO - 2018-11-09 06:27:10 --> Model Class Initialized
INFO - 2018-11-09 06:27:10 --> Model Class Initialized
INFO - 2018-11-09 06:27:10 --> Model Class Initialized
INFO - 2018-11-09 06:27:10 --> Model Class Initialized
INFO - 2018-11-09 06:27:10 --> Model Class Initialized
INFO - 2018-11-09 06:27:10 --> Model Class Initialized
INFO - 2018-11-09 06:27:10 --> Model Class Initialized
INFO - 2018-11-09 06:27:10 --> Model Class Initialized
INFO - 2018-11-09 06:27:10 --> Controller Class Initialized
DEBUG - 2018-11-09 06:27:10 --> Login MX_Controller Initialized
DEBUG - 2018-11-09 06:27:10 --> File loaded: C:\xampp\htdocs\ci\ussiweb\application\modules/admin/config/autoload.php
DEBUG - 2018-11-09 12:27:10 --> File loaded: C:\xampp\htdocs\ci\ussiweb\application\modules/admin/config/form_validation.php
INFO - 2018-11-09 12:27:10 --> Language file loaded: language/english/form_validation_lang.php
INFO - 2018-11-09 06:27:10 --> Config Class Initialized
INFO - 2018-11-09 06:27:10 --> Hooks Class Initialized
DEBUG - 2018-11-09 06:27:10 --> UTF-8 Support Enabled
INFO - 2018-11-09 06:27:10 --> Utf8 Class Initialized
INFO - 2018-11-09 06:27:10 --> URI Class Initialized
DEBUG - 2018-11-09 06:27:10 --> File loaded: C:\xampp\htdocs\ci\ussiweb\application\modules/admin/config/routes.php
INFO - 2018-11-09 06:27:10 --> Router Class Initialized
INFO - 2018-11-09 06:27:10 --> Output Class Initialized
INFO - 2018-11-09 06:27:10 --> Security Class Initialized
DEBUG - 2018-11-09 06:27:10 --> Global POST, GET and COOKIE data sanitized
INFO - 2018-11-09 06:27:10 --> Input Class Initialized
INFO - 2018-11-09 06:27:10 --> Language Class Initialized
INFO - 2018-11-09 06:27:10 --> Language Class Initialized
INFO - 2018-11-09 06:27:10 --> Config Class Initialized
INFO - 2018-11-09 06:27:10 --> Loader Class Initialized
DEBUG - 2018-11-09 06:27:10 --> File loaded: C:\xampp\htdocs\ci\ussiweb\application\modules/admin/config/site.php
INFO - 2018-11-09 06:27:10 --> Helper loaded: url_helper
INFO - 2018-11-09 06:27:10 --> Helper loaded: inflector_helper
INFO - 2018-11-09 06:27:10 --> Helper loaded: string_helper
INFO - 2018-11-09 06:27:10 --> Helper loaded: array_helper
INFO - 2018-11-09 06:27:10 --> Database Driver Class Initialized
DEBUG - 2018-11-09 06:27:10 --> File loaded: C:\xampp\htdocs\ci\ussiweb\application\modules/admin/config/ion_auth.php
DEBUG - 2018-11-09 06:27:10 --> File loaded: C:\xampp\htdocs\ci\ussiweb\application\modules/admin/config/ion_auth.php
INFO - 2018-11-09 06:27:10 --> Email Class Initialized
INFO - 2018-11-09 06:27:10 --> Language file loaded: language/english/ion_auth_lang.php
INFO - 2018-11-09 06:27:10 --> Helper loaded: cookie_helper
INFO - 2018-11-09 06:27:10 --> Helper loaded: language_helper
DEBUG - 2018-11-09 06:27:10 --> Session: "sess_save_path" is empty; using "session.save_path" value from php.ini.
INFO - 2018-11-09 06:27:10 --> Session: Class initialized using 'files' driver.
INFO - 2018-11-09 06:27:10 --> Model Class Initialized
INFO - 2018-11-09 06:27:10 --> Helper loaded: date_helper
INFO - 2018-11-09 06:27:10 --> User Agent Class Initialized
DEBUG - 2018-11-09 06:27:10 --> File loaded: C:\xampp\htdocs\ci\ussiweb\application\modules/admin/config/autoload.php
DEBUG - 2018-11-09 06:27:10 --> File loaded: C:\xampp\htdocs\ci\ussiweb\application\modules/admin/config/form_validation.php
INFO - 2018-11-09 06:27:10 --> Helper loaded: form_helper
INFO - 2018-11-09 06:27:10 --> Form Validation Class Initialized
INFO - 2018-11-09 06:27:10 --> Model Class Initialized
INFO - 2018-11-09 06:27:10 --> Model Class Initialized
INFO - 2018-11-09 06:27:10 --> Model Class Initialized
INFO - 2018-11-09 06:27:10 --> Model Class Initialized
INFO - 2018-11-09 06:27:10 --> Model Class Initialized
INFO - 2018-11-09 06:27:10 --> Model Class Initialized
INFO - 2018-11-09 06:27:10 --> Model Class Initialized
INFO - 2018-11-09 06:27:10 --> Model Class Initialized
INFO - 2018-11-09 06:27:10 --> Model Class Initialized
INFO - 2018-11-09 06:27:10 --> Model Class Initialized
INFO - 2018-11-09 06:27:10 --> Model Class Initialized
INFO - 2018-11-09 06:27:10 --> Model Class Initialized
INFO - 2018-11-09 06:27:10 --> Controller Class Initialized
DEBUG - 2018-11-09 06:27:11 --> Login MX_Controller Initialized
DEBUG - 2018-11-09 06:27:11 --> File loaded: C:\xampp\htdocs\ci\ussiweb\application\modules/admin/config/autoload.php
DEBUG - 2018-11-09 12:27:11 --> File loaded: C:\xampp\htdocs\ci\ussiweb\application\modules/admin/config/form_validation.php
DEBUG - 2018-11-09 12:27:11 --> File loaded: C:\xampp\htdocs\ci\ussiweb\application\views\_base/head.php
DEBUG - 2018-11-09 12:27:11 --> File loaded: C:\xampp\htdocs\ci\ussiweb\application\modules/admin/views/login.php
DEBUG - 2018-11-09 12:27:11 --> File loaded: C:\xampp\htdocs\ci\ussiweb\application\views\_layouts/empty.php
DEBUG - 2018-11-09 12:27:11 --> File loaded: C:\xampp\htdocs\ci\ussiweb\application\views\_partials/ga.php
DEBUG - 2018-11-09 12:27:11 --> File loaded: C:\xampp\htdocs\ci\ussiweb\application\views\_base/foot.php
INFO - 2018-11-09 12:27:11 --> Final output sent to browser
DEBUG - 2018-11-09 12:27:11 --> Total execution time: 0.3182
INFO - 2018-11-09 06:29:20 --> Config Class Initialized
INFO - 2018-11-09 06:29:20 --> Hooks Class Initialized
DEBUG - 2018-11-09 06:29:20 --> UTF-8 Support Enabled
INFO - 2018-11-09 06:29:20 --> Utf8 Class Initialized
INFO - 2018-11-09 06:29:20 --> URI Class Initialized
DEBUG - 2018-11-09 06:29:20 --> File loaded: C:\xampp\htdocs\ci\ussiweb\application\modules/admin/config/routes.php
INFO - 2018-11-09 06:29:20 --> Router Class Initialized
INFO - 2018-11-09 06:29:20 --> Output Class Initialized
INFO - 2018-11-09 06:29:20 --> Security Class Initialized
DEBUG - 2018-11-09 06:29:20 --> Global POST, GET and COOKIE data sanitized
INFO - 2018-11-09 06:29:20 --> Input Class Initialized
INFO - 2018-11-09 06:29:20 --> Language Class Initialized
INFO - 2018-11-09 06:29:20 --> Language Class Initialized
INFO - 2018-11-09 06:29:20 --> Config Class Initialized
INFO - 2018-11-09 06:29:20 --> Loader Class Initialized
DEBUG - 2018-11-09 06:29:20 --> File loaded: C:\xampp\htdocs\ci\ussiweb\application\modules/admin/config/site.php
INFO - 2018-11-09 06:29:20 --> Helper loaded: url_helper
INFO - 2018-11-09 06:29:20 --> Helper loaded: inflector_helper
INFO - 2018-11-09 06:29:20 --> Helper loaded: string_helper
INFO - 2018-11-09 06:29:20 --> Helper loaded: array_helper
INFO - 2018-11-09 06:29:20 --> Database Driver Class Initialized
DEBUG - 2018-11-09 06:29:20 --> File loaded: C:\xampp\htdocs\ci\ussiweb\application\modules/admin/config/ion_auth.php
DEBUG - 2018-11-09 06:29:20 --> File loaded: C:\xampp\htdocs\ci\ussiweb\application\modules/admin/config/ion_auth.php
INFO - 2018-11-09 06:29:20 --> Email Class Initialized
INFO - 2018-11-09 06:29:20 --> Language file loaded: language/english/ion_auth_lang.php
INFO - 2018-11-09 06:29:20 --> Helper loaded: cookie_helper
INFO - 2018-11-09 06:29:20 --> Helper loaded: language_helper
DEBUG - 2018-11-09 06:29:20 --> Session: "sess_save_path" is empty; using "session.save_path" value from php.ini.
INFO - 2018-11-09 06:29:20 --> Session: Class initialized using 'files' driver.
INFO - 2018-11-09 06:29:20 --> Model Class Initialized
INFO - 2018-11-09 06:29:20 --> Helper loaded: date_helper
INFO - 2018-11-09 06:29:20 --> User Agent Class Initialized
DEBUG - 2018-11-09 06:29:20 --> File loaded: C:\xampp\htdocs\ci\ussiweb\application\modules/admin/config/autoload.php
DEBUG - 2018-11-09 06:29:20 --> File loaded: C:\xampp\htdocs\ci\ussiweb\application\modules/admin/config/form_validation.php
INFO - 2018-11-09 06:29:20 --> Helper loaded: form_helper
INFO - 2018-11-09 06:29:20 --> Form Validation Class Initialized
INFO - 2018-11-09 06:29:20 --> Model Class Initialized
INFO - 2018-11-09 06:29:20 --> Model Class Initialized
INFO - 2018-11-09 06:29:20 --> Model Class Initialized
INFO - 2018-11-09 06:29:20 --> Model Class Initialized
INFO - 2018-11-09 06:29:20 --> Model Class Initialized
INFO - 2018-11-09 06:29:20 --> Model Class Initialized
INFO - 2018-11-09 06:29:20 --> Model Class Initialized
INFO - 2018-11-09 06:29:20 --> Model Class Initialized
INFO - 2018-11-09 06:29:20 --> Model Class Initialized
INFO - 2018-11-09 06:29:20 --> Model Class Initialized
INFO - 2018-11-09 06:29:20 --> Model Class Initialized
INFO - 2018-11-09 06:29:20 --> Model Class Initialized
INFO - 2018-11-09 06:29:20 --> Controller Class Initialized
DEBUG - 2018-11-09 06:29:20 --> Login MX_Controller Initialized
DEBUG - 2018-11-09 06:29:20 --> File loaded: C:\xampp\htdocs\ci\ussiweb\application\modules/admin/config/autoload.php
DEBUG - 2018-11-09 12:29:20 --> File loaded: C:\xampp\htdocs\ci\ussiweb\application\modules/admin/config/form_validation.php
DEBUG - 2018-11-09 12:29:20 --> File loaded: C:\xampp\htdocs\ci\ussiweb\application\views\_base/head.php
DEBUG - 2018-11-09 12:29:20 --> File loaded: C:\xampp\htdocs\ci\ussiweb\application\modules/admin/views/login.php
DEBUG - 2018-11-09 12:29:20 --> File loaded: C:\xampp\htdocs\ci\ussiweb\application\views\_layouts/empty.php
DEBUG - 2018-11-09 12:29:20 --> File loaded: C:\xampp\htdocs\ci\ussiweb\application\views\_partials/ga.php
DEBUG - 2018-11-09 12:29:20 --> File loaded: C:\xampp\htdocs\ci\ussiweb\application\views\_base/foot.php
INFO - 2018-11-09 12:29:20 --> Final output sent to browser
DEBUG - 2018-11-09 12:29:20 --> Total execution time: 0.3195
