INFO - 2018-03-21 17:29:33 --> Config Class Initialized
INFO - 2018-03-21 17:29:33 --> Hooks Class Initialized
DEBUG - 2018-03-21 17:29:33 --> UTF-8 Support Enabled
INFO - 2018-03-21 17:29:33 --> Utf8 Class Initialized
INFO - 2018-03-21 17:29:33 --> URI Class Initialized
INFO - 2018-03-21 17:29:33 --> Router Class Initialized
INFO - 2018-03-21 17:29:33 --> Output Class Initialized
INFO - 2018-03-21 17:29:33 --> Security Class Initialized
DEBUG - 2018-03-21 17:29:33 --> Global POST, GET and COOKIE data sanitized
INFO - 2018-03-21 17:29:33 --> Input Class Initialized
INFO - 2018-03-21 17:29:33 --> Language Class Initialized
INFO - 2018-03-21 17:29:33 --> Language Class Initialized
INFO - 2018-03-21 17:29:33 --> Config Class Initialized
INFO - 2018-03-21 17:29:33 --> Loader Class Initialized
DEBUG - 2018-03-21 17:29:33 --> File loaded: C:\xampp\htdocs\ci\ussiweb\application\modules/api/config/site.php
INFO - 2018-03-21 17:29:33 --> Helper loaded: url_helper
INFO - 2018-03-21 17:29:33 --> Helper loaded: inflector_helper
INFO - 2018-03-21 17:29:33 --> Helper loaded: string_helper
INFO - 2018-03-21 17:29:33 --> Helper loaded: array_helper
INFO - 2018-03-21 17:29:33 --> Database Driver Class Initialized
DEBUG - 2018-03-21 17:29:34 --> Config file loaded: C:\xampp\htdocs\ci\ussiweb\application\config/ion_auth.php
DEBUG - 2018-03-21 17:29:34 --> Config file loaded: C:\xampp\htdocs\ci\ussiweb\application\third_party/ion_auth/config/ion_auth.php
INFO - 2018-03-21 17:29:34 --> Email Class Initialized
INFO - 2018-03-21 17:29:34 --> Language file loaded: language/english/ion_auth_lang.php
INFO - 2018-03-21 17:29:34 --> Helper loaded: cookie_helper
INFO - 2018-03-21 17:29:34 --> Helper loaded: language_helper
DEBUG - 2018-03-21 17:29:34 --> Session: "sess_save_path" is empty; using "session.save_path" value from php.ini.
INFO - 2018-03-21 17:29:34 --> Session: Class initialized using 'files' driver.
INFO - 2018-03-21 17:29:34 --> Model Class Initialized
INFO - 2018-03-21 17:29:34 --> Helper loaded: date_helper
INFO - 2018-03-21 17:29:34 --> User Agent Class Initialized
DEBUG - 2018-03-21 17:29:34 --> File loaded: C:\xampp\htdocs\ci\ussiweb\application\modules/api/config/autoload.php
DEBUG - 2018-03-21 17:29:34 --> User_agent class already loaded. Second attempt ignored.
INFO - 2018-03-21 17:29:34 --> Model Class Initialized
INFO - 2018-03-21 17:29:34 --> Model Class Initialized
INFO - 2018-03-21 17:29:34 --> Model Class Initialized
INFO - 2018-03-21 17:29:34 --> Model Class Initialized
INFO - 2018-03-21 17:29:34 --> Model Class Initialized
INFO - 2018-03-21 17:29:34 --> Model Class Initialized
INFO - 2018-03-21 17:29:34 --> Model Class Initialized
INFO - 2018-03-21 17:29:34 --> Model Class Initialized
INFO - 2018-03-21 17:29:34 --> Model Class Initialized
INFO - 2018-03-21 17:29:34 --> Model Class Initialized
INFO - 2018-03-21 17:29:34 --> Model Class Initialized
INFO - 2018-03-21 17:29:34 --> Model Class Initialized
INFO - 2018-03-21 17:29:34 --> Model Class Initialized
INFO - 2018-03-21 17:29:34 --> Model Class Initialized
INFO - 2018-03-21 17:29:34 --> Model Class Initialized
INFO - 2018-03-21 17:29:34 --> Model Class Initialized
INFO - 2018-03-21 17:29:34 --> Model Class Initialized
INFO - 2018-03-21 17:29:34 --> Model Class Initialized
INFO - 2018-03-21 17:29:34 --> Controller Class Initialized
DEBUG - 2018-03-21 17:29:34 --> Generate MX_Controller Initialized
DEBUG - 2018-03-21 17:29:34 --> File loaded: C:\xampp\htdocs\ci\ussiweb\application\modules/api/config/autoload.php
DEBUG - 2018-03-21 17:29:34 --> User_agent class already loaded. Second attempt ignored.
INFO - 2018-03-21 23:29:35 --> Final output sent to browser
DEBUG - 2018-03-21 23:29:35 --> Total execution time: 2.0361
INFO - 2018-03-21 17:46:37 --> Config Class Initialized
INFO - 2018-03-21 17:46:37 --> Hooks Class Initialized
DEBUG - 2018-03-21 17:46:37 --> UTF-8 Support Enabled
INFO - 2018-03-21 17:46:37 --> Utf8 Class Initialized
INFO - 2018-03-21 17:46:37 --> URI Class Initialized
INFO - 2018-03-21 17:46:37 --> Router Class Initialized
INFO - 2018-03-21 17:46:37 --> Output Class Initialized
INFO - 2018-03-21 17:46:37 --> Security Class Initialized
DEBUG - 2018-03-21 17:46:37 --> Global POST, GET and COOKIE data sanitized
INFO - 2018-03-21 17:46:37 --> Input Class Initialized
INFO - 2018-03-21 17:46:37 --> Language Class Initialized
INFO - 2018-03-21 17:46:37 --> Language Class Initialized
INFO - 2018-03-21 17:46:37 --> Config Class Initialized
INFO - 2018-03-21 17:46:37 --> Loader Class Initialized
DEBUG - 2018-03-21 17:46:37 --> File loaded: C:\xampp\htdocs\ci\ussiweb\application\modules/api/config/site.php
INFO - 2018-03-21 17:46:37 --> Helper loaded: url_helper
INFO - 2018-03-21 17:46:37 --> Helper loaded: inflector_helper
INFO - 2018-03-21 17:46:37 --> Helper loaded: string_helper
INFO - 2018-03-21 17:46:37 --> Helper loaded: array_helper
INFO - 2018-03-21 17:46:37 --> Database Driver Class Initialized
DEBUG - 2018-03-21 17:46:38 --> Config file loaded: C:\xampp\htdocs\ci\ussiweb\application\config/ion_auth.php
DEBUG - 2018-03-21 17:46:38 --> Config file loaded: C:\xampp\htdocs\ci\ussiweb\application\third_party/ion_auth/config/ion_auth.php
INFO - 2018-03-21 17:46:38 --> Email Class Initialized
INFO - 2018-03-21 17:46:38 --> Language file loaded: language/english/ion_auth_lang.php
INFO - 2018-03-21 17:46:38 --> Helper loaded: cookie_helper
INFO - 2018-03-21 17:46:38 --> Helper loaded: language_helper
DEBUG - 2018-03-21 17:46:38 --> Session: "sess_save_path" is empty; using "session.save_path" value from php.ini.
INFO - 2018-03-21 17:46:38 --> Session: Class initialized using 'files' driver.
INFO - 2018-03-21 17:46:38 --> Model Class Initialized
INFO - 2018-03-21 17:46:38 --> Helper loaded: date_helper
INFO - 2018-03-21 17:46:38 --> User Agent Class Initialized
DEBUG - 2018-03-21 17:46:38 --> File loaded: C:\xampp\htdocs\ci\ussiweb\application\modules/api/config/autoload.php
DEBUG - 2018-03-21 17:46:38 --> User_agent class already loaded. Second attempt ignored.
INFO - 2018-03-21 17:46:38 --> Model Class Initialized
INFO - 2018-03-21 17:46:38 --> Model Class Initialized
INFO - 2018-03-21 17:46:38 --> Model Class Initialized
INFO - 2018-03-21 17:46:38 --> Model Class Initialized
INFO - 2018-03-21 17:46:38 --> Model Class Initialized
INFO - 2018-03-21 17:46:38 --> Model Class Initialized
INFO - 2018-03-21 17:46:38 --> Model Class Initialized
INFO - 2018-03-21 17:46:38 --> Model Class Initialized
INFO - 2018-03-21 17:46:38 --> Model Class Initialized
INFO - 2018-03-21 17:46:38 --> Model Class Initialized
INFO - 2018-03-21 17:46:38 --> Model Class Initialized
INFO - 2018-03-21 17:46:38 --> Model Class Initialized
INFO - 2018-03-21 17:46:38 --> Model Class Initialized
INFO - 2018-03-21 17:46:38 --> Model Class Initialized
INFO - 2018-03-21 17:46:38 --> Model Class Initialized
INFO - 2018-03-21 17:46:38 --> Model Class Initialized
INFO - 2018-03-21 17:46:38 --> Model Class Initialized
INFO - 2018-03-21 17:46:38 --> Model Class Initialized
INFO - 2018-03-21 17:46:38 --> Controller Class Initialized
DEBUG - 2018-03-21 17:46:38 --> Generate MX_Controller Initialized
DEBUG - 2018-03-21 17:46:38 --> File loaded: C:\xampp\htdocs\ci\ussiweb\application\modules/api/config/autoload.php
DEBUG - 2018-03-21 17:46:38 --> User_agent class already loaded. Second attempt ignored.
INFO - 2018-03-21 23:46:41 --> Final output sent to browser
DEBUG - 2018-03-21 23:46:41 --> Total execution time: 3.6782
INFO - 2018-03-21 17:47:45 --> Config Class Initialized
INFO - 2018-03-21 17:47:45 --> Hooks Class Initialized
DEBUG - 2018-03-21 17:47:45 --> UTF-8 Support Enabled
INFO - 2018-03-21 17:47:45 --> Utf8 Class Initialized
INFO - 2018-03-21 17:47:45 --> URI Class Initialized
INFO - 2018-03-21 17:47:45 --> Router Class Initialized
INFO - 2018-03-21 17:47:45 --> Output Class Initialized
INFO - 2018-03-21 17:47:45 --> Security Class Initialized
DEBUG - 2018-03-21 17:47:45 --> Global POST, GET and COOKIE data sanitized
INFO - 2018-03-21 17:47:45 --> Input Class Initialized
INFO - 2018-03-21 17:47:45 --> Language Class Initialized
INFO - 2018-03-21 17:47:45 --> Language Class Initialized
INFO - 2018-03-21 17:47:45 --> Config Class Initialized
INFO - 2018-03-21 17:47:45 --> Loader Class Initialized
DEBUG - 2018-03-21 17:47:45 --> File loaded: C:\xampp\htdocs\ci\ussiweb\application\modules/api/config/site.php
INFO - 2018-03-21 17:47:45 --> Helper loaded: url_helper
INFO - 2018-03-21 17:47:45 --> Helper loaded: inflector_helper
INFO - 2018-03-21 17:47:45 --> Helper loaded: string_helper
INFO - 2018-03-21 17:47:45 --> Helper loaded: array_helper
INFO - 2018-03-21 17:47:45 --> Database Driver Class Initialized
DEBUG - 2018-03-21 17:47:46 --> Config file loaded: C:\xampp\htdocs\ci\ussiweb\application\config/ion_auth.php
DEBUG - 2018-03-21 17:47:46 --> Config file loaded: C:\xampp\htdocs\ci\ussiweb\application\third_party/ion_auth/config/ion_auth.php
INFO - 2018-03-21 17:47:46 --> Email Class Initialized
INFO - 2018-03-21 17:47:46 --> Language file loaded: language/english/ion_auth_lang.php
INFO - 2018-03-21 17:47:46 --> Helper loaded: cookie_helper
INFO - 2018-03-21 17:47:46 --> Helper loaded: language_helper
DEBUG - 2018-03-21 17:47:46 --> Session: "sess_save_path" is empty; using "session.save_path" value from php.ini.
INFO - 2018-03-21 17:47:46 --> Session: Class initialized using 'files' driver.
INFO - 2018-03-21 17:47:46 --> Model Class Initialized
INFO - 2018-03-21 17:47:46 --> Helper loaded: date_helper
INFO - 2018-03-21 17:47:46 --> User Agent Class Initialized
DEBUG - 2018-03-21 17:47:46 --> File loaded: C:\xampp\htdocs\ci\ussiweb\application\modules/api/config/autoload.php
DEBUG - 2018-03-21 17:47:46 --> User_agent class already loaded. Second attempt ignored.
INFO - 2018-03-21 17:47:46 --> Model Class Initialized
INFO - 2018-03-21 17:47:46 --> Model Class Initialized
INFO - 2018-03-21 17:47:46 --> Model Class Initialized
INFO - 2018-03-21 17:47:46 --> Model Class Initialized
INFO - 2018-03-21 17:47:46 --> Model Class Initialized
INFO - 2018-03-21 17:47:46 --> Model Class Initialized
INFO - 2018-03-21 17:47:46 --> Model Class Initialized
INFO - 2018-03-21 17:47:46 --> Model Class Initialized
INFO - 2018-03-21 17:47:46 --> Model Class Initialized
INFO - 2018-03-21 17:47:46 --> Model Class Initialized
INFO - 2018-03-21 17:47:46 --> Model Class Initialized
INFO - 2018-03-21 17:47:46 --> Model Class Initialized
INFO - 2018-03-21 17:47:46 --> Model Class Initialized
INFO - 2018-03-21 17:47:46 --> Model Class Initialized
INFO - 2018-03-21 17:47:46 --> Model Class Initialized
INFO - 2018-03-21 17:47:46 --> Model Class Initialized
INFO - 2018-03-21 17:47:46 --> Model Class Initialized
INFO - 2018-03-21 17:47:46 --> Model Class Initialized
INFO - 2018-03-21 17:47:46 --> Controller Class Initialized
DEBUG - 2018-03-21 17:47:46 --> Generate MX_Controller Initialized
DEBUG - 2018-03-21 17:47:46 --> File loaded: C:\xampp\htdocs\ci\ussiweb\application\modules/api/config/autoload.php
DEBUG - 2018-03-21 17:47:46 --> User_agent class already loaded. Second attempt ignored.
INFO - 2018-03-21 23:48:09 --> Final output sent to browser
DEBUG - 2018-03-21 23:48:09 --> Total execution time: 24.6834
INFO - 2018-03-21 18:04:24 --> Config Class Initialized
INFO - 2018-03-21 18:04:24 --> Hooks Class Initialized
DEBUG - 2018-03-21 18:04:24 --> UTF-8 Support Enabled
INFO - 2018-03-21 18:04:24 --> Utf8 Class Initialized
INFO - 2018-03-21 18:04:24 --> URI Class Initialized
INFO - 2018-03-21 18:04:24 --> Router Class Initialized
INFO - 2018-03-21 18:04:24 --> Output Class Initialized
INFO - 2018-03-21 18:04:24 --> Security Class Initialized
DEBUG - 2018-03-21 18:04:24 --> Global POST, GET and COOKIE data sanitized
INFO - 2018-03-21 18:04:24 --> Input Class Initialized
INFO - 2018-03-21 18:04:24 --> Language Class Initialized
INFO - 2018-03-21 18:04:24 --> Language Class Initialized
INFO - 2018-03-21 18:04:24 --> Config Class Initialized
INFO - 2018-03-21 18:04:24 --> Loader Class Initialized
DEBUG - 2018-03-21 18:04:24 --> File loaded: C:\xampp\htdocs\ci\ussiweb\application\modules/api/config/site.php
INFO - 2018-03-21 18:04:24 --> Helper loaded: url_helper
INFO - 2018-03-21 18:04:24 --> Helper loaded: inflector_helper
INFO - 2018-03-21 18:04:24 --> Helper loaded: string_helper
INFO - 2018-03-21 18:04:24 --> Helper loaded: array_helper
INFO - 2018-03-21 18:04:24 --> Database Driver Class Initialized
DEBUG - 2018-03-21 18:04:25 --> Config file loaded: C:\xampp\htdocs\ci\ussiweb\application\config/ion_auth.php
DEBUG - 2018-03-21 18:04:25 --> Config file loaded: C:\xampp\htdocs\ci\ussiweb\application\third_party/ion_auth/config/ion_auth.php
INFO - 2018-03-21 18:04:25 --> Email Class Initialized
INFO - 2018-03-21 18:04:25 --> Language file loaded: language/english/ion_auth_lang.php
INFO - 2018-03-21 18:04:25 --> Helper loaded: cookie_helper
INFO - 2018-03-21 18:04:25 --> Helper loaded: language_helper
DEBUG - 2018-03-21 18:04:25 --> Session: "sess_save_path" is empty; using "session.save_path" value from php.ini.
INFO - 2018-03-21 18:04:25 --> Session: Class initialized using 'files' driver.
INFO - 2018-03-21 18:04:25 --> Model Class Initialized
INFO - 2018-03-21 18:04:25 --> Helper loaded: date_helper
INFO - 2018-03-21 18:04:25 --> User Agent Class Initialized
DEBUG - 2018-03-21 18:04:25 --> File loaded: C:\xampp\htdocs\ci\ussiweb\application\modules/api/config/autoload.php
DEBUG - 2018-03-21 18:04:25 --> User_agent class already loaded. Second attempt ignored.
INFO - 2018-03-21 18:04:25 --> Model Class Initialized
INFO - 2018-03-21 18:04:25 --> Model Class Initialized
INFO - 2018-03-21 18:04:25 --> Model Class Initialized
INFO - 2018-03-21 18:04:25 --> Model Class Initialized
INFO - 2018-03-21 18:04:25 --> Model Class Initialized
INFO - 2018-03-21 18:04:25 --> Model Class Initialized
INFO - 2018-03-21 18:04:25 --> Model Class Initialized
INFO - 2018-03-21 18:04:25 --> Model Class Initialized
INFO - 2018-03-21 18:04:25 --> Model Class Initialized
INFO - 2018-03-21 18:04:25 --> Model Class Initialized
INFO - 2018-03-21 18:04:25 --> Model Class Initialized
INFO - 2018-03-21 18:04:25 --> Model Class Initialized
INFO - 2018-03-21 18:04:25 --> Model Class Initialized
INFO - 2018-03-21 18:04:25 --> Model Class Initialized
INFO - 2018-03-21 18:04:25 --> Model Class Initialized
INFO - 2018-03-21 18:04:25 --> Model Class Initialized
INFO - 2018-03-21 18:04:25 --> Model Class Initialized
INFO - 2018-03-21 18:04:25 --> Model Class Initialized
INFO - 2018-03-21 18:04:25 --> Controller Class Initialized
DEBUG - 2018-03-21 18:04:25 --> Generate MX_Controller Initialized
DEBUG - 2018-03-21 18:04:25 --> File loaded: C:\xampp\htdocs\ci\ussiweb\application\modules/api/config/autoload.php
DEBUG - 2018-03-21 18:04:25 --> User_agent class already loaded. Second attempt ignored.
INFO - 2018-03-21 18:05:05 --> Config Class Initialized
INFO - 2018-03-21 18:05:05 --> Hooks Class Initialized
DEBUG - 2018-03-21 18:05:05 --> UTF-8 Support Enabled
INFO - 2018-03-21 18:05:05 --> Utf8 Class Initialized
INFO - 2018-03-21 18:05:05 --> URI Class Initialized
INFO - 2018-03-21 18:05:05 --> Router Class Initialized
INFO - 2018-03-21 18:05:05 --> Output Class Initialized
INFO - 2018-03-21 18:05:05 --> Security Class Initialized
DEBUG - 2018-03-21 18:05:05 --> Global POST, GET and COOKIE data sanitized
INFO - 2018-03-21 18:05:05 --> Input Class Initialized
INFO - 2018-03-21 18:05:05 --> Language Class Initialized
INFO - 2018-03-21 18:05:05 --> Language Class Initialized
INFO - 2018-03-21 18:05:05 --> Config Class Initialized
INFO - 2018-03-21 18:05:05 --> Loader Class Initialized
DEBUG - 2018-03-21 18:05:05 --> File loaded: C:\xampp\htdocs\ci\ussiweb\application\modules/api/config/site.php
INFO - 2018-03-21 18:05:05 --> Helper loaded: url_helper
INFO - 2018-03-21 18:05:05 --> Helper loaded: inflector_helper
INFO - 2018-03-21 18:05:05 --> Helper loaded: string_helper
INFO - 2018-03-21 18:05:05 --> Helper loaded: array_helper
INFO - 2018-03-21 18:05:05 --> Database Driver Class Initialized
DEBUG - 2018-03-21 18:05:06 --> Config file loaded: C:\xampp\htdocs\ci\ussiweb\application\config/ion_auth.php
DEBUG - 2018-03-21 18:05:06 --> Config file loaded: C:\xampp\htdocs\ci\ussiweb\application\third_party/ion_auth/config/ion_auth.php
INFO - 2018-03-21 18:05:06 --> Email Class Initialized
INFO - 2018-03-21 18:05:06 --> Language file loaded: language/english/ion_auth_lang.php
INFO - 2018-03-21 18:05:06 --> Helper loaded: cookie_helper
INFO - 2018-03-21 18:05:06 --> Helper loaded: language_helper
DEBUG - 2018-03-21 18:05:06 --> Session: "sess_save_path" is empty; using "session.save_path" value from php.ini.
INFO - 2018-03-21 18:05:06 --> Session: Class initialized using 'files' driver.
INFO - 2018-03-21 18:05:06 --> Model Class Initialized
INFO - 2018-03-21 18:05:06 --> Helper loaded: date_helper
INFO - 2018-03-21 18:05:06 --> User Agent Class Initialized
DEBUG - 2018-03-21 18:05:06 --> File loaded: C:\xampp\htdocs\ci\ussiweb\application\modules/api/config/autoload.php
DEBUG - 2018-03-21 18:05:06 --> User_agent class already loaded. Second attempt ignored.
INFO - 2018-03-21 18:05:06 --> Model Class Initialized
INFO - 2018-03-21 18:05:06 --> Model Class Initialized
INFO - 2018-03-21 18:05:06 --> Model Class Initialized
INFO - 2018-03-21 18:05:06 --> Model Class Initialized
INFO - 2018-03-21 18:05:06 --> Model Class Initialized
INFO - 2018-03-21 18:05:06 --> Model Class Initialized
INFO - 2018-03-21 18:05:06 --> Model Class Initialized
INFO - 2018-03-21 18:05:06 --> Model Class Initialized
INFO - 2018-03-21 18:05:06 --> Model Class Initialized
INFO - 2018-03-21 18:05:06 --> Model Class Initialized
INFO - 2018-03-21 18:05:06 --> Model Class Initialized
INFO - 2018-03-21 18:05:06 --> Model Class Initialized
INFO - 2018-03-21 18:05:06 --> Model Class Initialized
INFO - 2018-03-21 18:05:06 --> Model Class Initialized
INFO - 2018-03-21 18:05:06 --> Model Class Initialized
INFO - 2018-03-21 18:05:06 --> Model Class Initialized
INFO - 2018-03-21 18:05:06 --> Model Class Initialized
INFO - 2018-03-21 18:05:06 --> Model Class Initialized
INFO - 2018-03-21 18:05:06 --> Controller Class Initialized
DEBUG - 2018-03-21 18:05:06 --> Generate MX_Controller Initialized
DEBUG - 2018-03-21 18:05:06 --> File loaded: C:\xampp\htdocs\ci\ussiweb\application\modules/api/config/autoload.php
DEBUG - 2018-03-21 18:05:06 --> User_agent class already loaded. Second attempt ignored.
INFO - 2018-03-21 18:05:44 --> Config Class Initialized
INFO - 2018-03-21 18:05:44 --> Hooks Class Initialized
DEBUG - 2018-03-21 18:05:44 --> UTF-8 Support Enabled
INFO - 2018-03-21 18:05:44 --> Utf8 Class Initialized
INFO - 2018-03-21 18:05:44 --> URI Class Initialized
INFO - 2018-03-21 18:05:44 --> Router Class Initialized
INFO - 2018-03-21 18:05:44 --> Output Class Initialized
INFO - 2018-03-21 18:05:44 --> Security Class Initialized
DEBUG - 2018-03-21 18:05:44 --> Global POST, GET and COOKIE data sanitized
INFO - 2018-03-21 18:05:44 --> Input Class Initialized
INFO - 2018-03-21 18:05:44 --> Language Class Initialized
INFO - 2018-03-21 18:05:44 --> Language Class Initialized
INFO - 2018-03-21 18:05:44 --> Config Class Initialized
INFO - 2018-03-21 18:05:44 --> Loader Class Initialized
DEBUG - 2018-03-21 18:05:44 --> File loaded: C:\xampp\htdocs\ci\ussiweb\application\modules/api/config/site.php
INFO - 2018-03-21 18:05:44 --> Helper loaded: url_helper
INFO - 2018-03-21 18:05:44 --> Helper loaded: inflector_helper
INFO - 2018-03-21 18:05:44 --> Helper loaded: string_helper
INFO - 2018-03-21 18:05:44 --> Helper loaded: array_helper
INFO - 2018-03-21 18:05:44 --> Database Driver Class Initialized
DEBUG - 2018-03-21 18:05:45 --> Config file loaded: C:\xampp\htdocs\ci\ussiweb\application\config/ion_auth.php
DEBUG - 2018-03-21 18:05:45 --> Config file loaded: C:\xampp\htdocs\ci\ussiweb\application\third_party/ion_auth/config/ion_auth.php
INFO - 2018-03-21 18:05:45 --> Email Class Initialized
INFO - 2018-03-21 18:05:45 --> Language file loaded: language/english/ion_auth_lang.php
INFO - 2018-03-21 18:05:45 --> Helper loaded: cookie_helper
INFO - 2018-03-21 18:05:45 --> Helper loaded: language_helper
DEBUG - 2018-03-21 18:05:45 --> Session: "sess_save_path" is empty; using "session.save_path" value from php.ini.
INFO - 2018-03-21 18:05:45 --> Session: Class initialized using 'files' driver.
INFO - 2018-03-21 18:05:45 --> Model Class Initialized
INFO - 2018-03-21 18:05:45 --> Helper loaded: date_helper
INFO - 2018-03-21 18:05:45 --> User Agent Class Initialized
DEBUG - 2018-03-21 18:05:45 --> File loaded: C:\xampp\htdocs\ci\ussiweb\application\modules/api/config/autoload.php
DEBUG - 2018-03-21 18:05:45 --> User_agent class already loaded. Second attempt ignored.
INFO - 2018-03-21 18:05:45 --> Model Class Initialized
INFO - 2018-03-21 18:05:45 --> Model Class Initialized
INFO - 2018-03-21 18:05:45 --> Model Class Initialized
INFO - 2018-03-21 18:05:45 --> Model Class Initialized
INFO - 2018-03-21 18:05:45 --> Model Class Initialized
INFO - 2018-03-21 18:05:45 --> Model Class Initialized
INFO - 2018-03-21 18:05:45 --> Model Class Initialized
INFO - 2018-03-21 18:05:45 --> Model Class Initialized
INFO - 2018-03-21 18:05:45 --> Model Class Initialized
INFO - 2018-03-21 18:05:45 --> Model Class Initialized
INFO - 2018-03-21 18:05:45 --> Model Class Initialized
INFO - 2018-03-21 18:05:45 --> Model Class Initialized
INFO - 2018-03-21 18:05:45 --> Model Class Initialized
INFO - 2018-03-21 18:05:45 --> Model Class Initialized
INFO - 2018-03-21 18:05:45 --> Model Class Initialized
INFO - 2018-03-21 18:05:45 --> Model Class Initialized
INFO - 2018-03-21 18:05:45 --> Model Class Initialized
INFO - 2018-03-21 18:05:45 --> Model Class Initialized
INFO - 2018-03-21 18:05:45 --> Controller Class Initialized
DEBUG - 2018-03-21 18:05:45 --> Generate MX_Controller Initialized
DEBUG - 2018-03-21 18:05:45 --> File loaded: C:\xampp\htdocs\ci\ussiweb\application\modules/api/config/autoload.php
DEBUG - 2018-03-21 18:05:45 --> User_agent class already loaded. Second attempt ignored.
INFO - 2018-03-21 18:05:52 --> Config Class Initialized
INFO - 2018-03-21 18:05:52 --> Hooks Class Initialized
DEBUG - 2018-03-21 18:05:52 --> UTF-8 Support Enabled
INFO - 2018-03-21 18:05:52 --> Utf8 Class Initialized
INFO - 2018-03-21 18:05:52 --> URI Class Initialized
INFO - 2018-03-21 18:05:52 --> Router Class Initialized
INFO - 2018-03-21 18:05:52 --> Output Class Initialized
INFO - 2018-03-21 18:05:52 --> Security Class Initialized
DEBUG - 2018-03-21 18:05:52 --> Global POST, GET and COOKIE data sanitized
INFO - 2018-03-21 18:05:52 --> Input Class Initialized
INFO - 2018-03-21 18:05:52 --> Language Class Initialized
INFO - 2018-03-21 18:05:52 --> Language Class Initialized
INFO - 2018-03-21 18:05:52 --> Config Class Initialized
INFO - 2018-03-21 18:05:52 --> Loader Class Initialized
DEBUG - 2018-03-21 18:05:52 --> File loaded: C:\xampp\htdocs\ci\ussiweb\application\modules/api/config/site.php
INFO - 2018-03-21 18:05:52 --> Helper loaded: url_helper
INFO - 2018-03-21 18:05:52 --> Helper loaded: inflector_helper
INFO - 2018-03-21 18:05:52 --> Helper loaded: string_helper
INFO - 2018-03-21 18:05:52 --> Helper loaded: array_helper
INFO - 2018-03-21 18:05:52 --> Database Driver Class Initialized
DEBUG - 2018-03-21 18:05:53 --> Config file loaded: C:\xampp\htdocs\ci\ussiweb\application\config/ion_auth.php
DEBUG - 2018-03-21 18:05:53 --> Config file loaded: C:\xampp\htdocs\ci\ussiweb\application\third_party/ion_auth/config/ion_auth.php
INFO - 2018-03-21 18:05:53 --> Email Class Initialized
INFO - 2018-03-21 18:05:53 --> Language file loaded: language/english/ion_auth_lang.php
INFO - 2018-03-21 18:05:53 --> Helper loaded: cookie_helper
INFO - 2018-03-21 18:05:53 --> Helper loaded: language_helper
DEBUG - 2018-03-21 18:05:53 --> Session: "sess_save_path" is empty; using "session.save_path" value from php.ini.
INFO - 2018-03-21 18:05:53 --> Session: Class initialized using 'files' driver.
INFO - 2018-03-21 18:05:53 --> Model Class Initialized
INFO - 2018-03-21 18:05:53 --> Helper loaded: date_helper
INFO - 2018-03-21 18:05:53 --> User Agent Class Initialized
DEBUG - 2018-03-21 18:05:53 --> File loaded: C:\xampp\htdocs\ci\ussiweb\application\modules/api/config/autoload.php
DEBUG - 2018-03-21 18:05:53 --> User_agent class already loaded. Second attempt ignored.
INFO - 2018-03-21 18:05:53 --> Model Class Initialized
INFO - 2018-03-21 18:05:53 --> Model Class Initialized
INFO - 2018-03-21 18:05:53 --> Model Class Initialized
INFO - 2018-03-21 18:05:53 --> Model Class Initialized
INFO - 2018-03-21 18:05:53 --> Model Class Initialized
INFO - 2018-03-21 18:05:53 --> Model Class Initialized
INFO - 2018-03-21 18:05:53 --> Model Class Initialized
INFO - 2018-03-21 18:05:53 --> Model Class Initialized
INFO - 2018-03-21 18:05:53 --> Model Class Initialized
INFO - 2018-03-21 18:05:53 --> Model Class Initialized
INFO - 2018-03-21 18:05:53 --> Model Class Initialized
INFO - 2018-03-21 18:05:53 --> Model Class Initialized
INFO - 2018-03-21 18:05:53 --> Model Class Initialized
INFO - 2018-03-21 18:05:53 --> Model Class Initialized
INFO - 2018-03-21 18:05:53 --> Model Class Initialized
INFO - 2018-03-21 18:05:53 --> Model Class Initialized
INFO - 2018-03-21 18:05:53 --> Model Class Initialized
INFO - 2018-03-21 18:05:53 --> Model Class Initialized
INFO - 2018-03-21 18:05:53 --> Controller Class Initialized
DEBUG - 2018-03-21 18:05:53 --> Generate MX_Controller Initialized
DEBUG - 2018-03-21 18:05:53 --> File loaded: C:\xampp\htdocs\ci\ussiweb\application\modules/api/config/autoload.php
DEBUG - 2018-03-21 18:05:53 --> User_agent class already loaded. Second attempt ignored.
INFO - 2018-03-21 18:15:16 --> Config Class Initialized
INFO - 2018-03-21 18:15:16 --> Hooks Class Initialized
DEBUG - 2018-03-21 18:15:16 --> UTF-8 Support Enabled
INFO - 2018-03-21 18:15:16 --> Utf8 Class Initialized
INFO - 2018-03-21 18:15:16 --> URI Class Initialized
INFO - 2018-03-21 18:15:16 --> Router Class Initialized
INFO - 2018-03-21 18:15:16 --> Output Class Initialized
INFO - 2018-03-21 18:15:16 --> Security Class Initialized
DEBUG - 2018-03-21 18:15:16 --> Global POST, GET and COOKIE data sanitized
INFO - 2018-03-21 18:15:16 --> Input Class Initialized
INFO - 2018-03-21 18:15:16 --> Language Class Initialized
INFO - 2018-03-21 18:15:16 --> Language Class Initialized
INFO - 2018-03-21 18:15:16 --> Config Class Initialized
INFO - 2018-03-21 18:15:16 --> Loader Class Initialized
DEBUG - 2018-03-21 18:15:16 --> File loaded: C:\xampp\htdocs\ci\ussiweb\application\modules/api/config/site.php
INFO - 2018-03-21 18:15:16 --> Helper loaded: url_helper
INFO - 2018-03-21 18:15:16 --> Helper loaded: inflector_helper
INFO - 2018-03-21 18:15:16 --> Helper loaded: string_helper
INFO - 2018-03-21 18:15:16 --> Helper loaded: array_helper
INFO - 2018-03-21 18:15:16 --> Database Driver Class Initialized
DEBUG - 2018-03-21 18:15:17 --> Config file loaded: C:\xampp\htdocs\ci\ussiweb\application\config/ion_auth.php
DEBUG - 2018-03-21 18:15:17 --> Config file loaded: C:\xampp\htdocs\ci\ussiweb\application\third_party/ion_auth/config/ion_auth.php
INFO - 2018-03-21 18:15:17 --> Email Class Initialized
INFO - 2018-03-21 18:15:17 --> Language file loaded: language/english/ion_auth_lang.php
INFO - 2018-03-21 18:15:17 --> Helper loaded: cookie_helper
INFO - 2018-03-21 18:15:17 --> Helper loaded: language_helper
DEBUG - 2018-03-21 18:15:17 --> Session: "sess_save_path" is empty; using "session.save_path" value from php.ini.
INFO - 2018-03-21 18:15:17 --> Session: Class initialized using 'files' driver.
INFO - 2018-03-21 18:15:17 --> Model Class Initialized
INFO - 2018-03-21 18:15:17 --> Helper loaded: date_helper
INFO - 2018-03-21 18:15:17 --> User Agent Class Initialized
DEBUG - 2018-03-21 18:15:17 --> File loaded: C:\xampp\htdocs\ci\ussiweb\application\modules/api/config/autoload.php
DEBUG - 2018-03-21 18:15:17 --> User_agent class already loaded. Second attempt ignored.
INFO - 2018-03-21 18:15:17 --> Model Class Initialized
INFO - 2018-03-21 18:15:17 --> Model Class Initialized
INFO - 2018-03-21 18:15:17 --> Model Class Initialized
INFO - 2018-03-21 18:15:17 --> Model Class Initialized
INFO - 2018-03-21 18:15:17 --> Model Class Initialized
INFO - 2018-03-21 18:15:17 --> Model Class Initialized
INFO - 2018-03-21 18:15:17 --> Model Class Initialized
INFO - 2018-03-21 18:15:17 --> Model Class Initialized
INFO - 2018-03-21 18:15:17 --> Model Class Initialized
INFO - 2018-03-21 18:15:17 --> Model Class Initialized
INFO - 2018-03-21 18:15:17 --> Model Class Initialized
INFO - 2018-03-21 18:15:17 --> Model Class Initialized
INFO - 2018-03-21 18:15:17 --> Model Class Initialized
INFO - 2018-03-21 18:15:17 --> Model Class Initialized
INFO - 2018-03-21 18:15:17 --> Model Class Initialized
INFO - 2018-03-21 18:15:17 --> Model Class Initialized
INFO - 2018-03-21 18:15:17 --> Model Class Initialized
INFO - 2018-03-21 18:15:17 --> Model Class Initialized
INFO - 2018-03-21 18:15:17 --> Controller Class Initialized
DEBUG - 2018-03-21 18:15:17 --> Generate MX_Controller Initialized
DEBUG - 2018-03-21 18:15:17 --> File loaded: C:\xampp\htdocs\ci\ussiweb\application\modules/api/config/autoload.php
DEBUG - 2018-03-21 18:15:17 --> User_agent class already loaded. Second attempt ignored.
INFO - 2018-03-21 18:16:44 --> Config Class Initialized
INFO - 2018-03-21 18:16:44 --> Hooks Class Initialized
DEBUG - 2018-03-21 18:16:44 --> UTF-8 Support Enabled
INFO - 2018-03-21 18:16:44 --> Utf8 Class Initialized
INFO - 2018-03-21 18:16:44 --> URI Class Initialized
INFO - 2018-03-21 18:16:44 --> Router Class Initialized
INFO - 2018-03-21 18:16:44 --> Output Class Initialized
INFO - 2018-03-21 18:16:44 --> Security Class Initialized
DEBUG - 2018-03-21 18:16:44 --> Global POST, GET and COOKIE data sanitized
INFO - 2018-03-21 18:16:44 --> Input Class Initialized
INFO - 2018-03-21 18:16:44 --> Language Class Initialized
INFO - 2018-03-21 18:16:44 --> Language Class Initialized
INFO - 2018-03-21 18:16:44 --> Config Class Initialized
INFO - 2018-03-21 18:16:44 --> Loader Class Initialized
DEBUG - 2018-03-21 18:16:44 --> File loaded: C:\xampp\htdocs\ci\ussiweb\application\modules/api/config/site.php
INFO - 2018-03-21 18:16:44 --> Helper loaded: url_helper
INFO - 2018-03-21 18:16:44 --> Helper loaded: inflector_helper
INFO - 2018-03-21 18:16:44 --> Helper loaded: string_helper
INFO - 2018-03-21 18:16:44 --> Helper loaded: array_helper
INFO - 2018-03-21 18:16:44 --> Database Driver Class Initialized
DEBUG - 2018-03-21 18:16:45 --> Config file loaded: C:\xampp\htdocs\ci\ussiweb\application\config/ion_auth.php
DEBUG - 2018-03-21 18:16:45 --> Config file loaded: C:\xampp\htdocs\ci\ussiweb\application\third_party/ion_auth/config/ion_auth.php
INFO - 2018-03-21 18:16:45 --> Email Class Initialized
INFO - 2018-03-21 18:16:45 --> Language file loaded: language/english/ion_auth_lang.php
INFO - 2018-03-21 18:16:45 --> Helper loaded: cookie_helper
INFO - 2018-03-21 18:16:45 --> Helper loaded: language_helper
DEBUG - 2018-03-21 18:16:45 --> Session: "sess_save_path" is empty; using "session.save_path" value from php.ini.
INFO - 2018-03-21 18:16:45 --> Session: Class initialized using 'files' driver.
INFO - 2018-03-21 18:16:45 --> Model Class Initialized
INFO - 2018-03-21 18:16:45 --> Helper loaded: date_helper
INFO - 2018-03-21 18:16:45 --> User Agent Class Initialized
DEBUG - 2018-03-21 18:16:45 --> File loaded: C:\xampp\htdocs\ci\ussiweb\application\modules/api/config/autoload.php
DEBUG - 2018-03-21 18:16:45 --> User_agent class already loaded. Second attempt ignored.
INFO - 2018-03-21 18:16:45 --> Model Class Initialized
INFO - 2018-03-21 18:16:45 --> Model Class Initialized
INFO - 2018-03-21 18:16:45 --> Model Class Initialized
INFO - 2018-03-21 18:16:45 --> Model Class Initialized
INFO - 2018-03-21 18:16:45 --> Model Class Initialized
INFO - 2018-03-21 18:16:45 --> Model Class Initialized
INFO - 2018-03-21 18:16:45 --> Model Class Initialized
INFO - 2018-03-21 18:16:45 --> Model Class Initialized
INFO - 2018-03-21 18:16:45 --> Model Class Initialized
INFO - 2018-03-21 18:16:45 --> Model Class Initialized
INFO - 2018-03-21 18:16:45 --> Model Class Initialized
INFO - 2018-03-21 18:16:45 --> Model Class Initialized
INFO - 2018-03-21 18:16:45 --> Model Class Initialized
INFO - 2018-03-21 18:16:45 --> Model Class Initialized
INFO - 2018-03-21 18:16:45 --> Model Class Initialized
INFO - 2018-03-21 18:16:45 --> Model Class Initialized
INFO - 2018-03-21 18:16:45 --> Model Class Initialized
INFO - 2018-03-21 18:16:45 --> Model Class Initialized
INFO - 2018-03-21 18:16:45 --> Controller Class Initialized
DEBUG - 2018-03-21 18:16:45 --> Generate MX_Controller Initialized
DEBUG - 2018-03-21 18:16:45 --> File loaded: C:\xampp\htdocs\ci\ussiweb\application\modules/api/config/autoload.php
DEBUG - 2018-03-21 18:16:45 --> User_agent class already loaded. Second attempt ignored.
INFO - 2018-03-21 18:20:02 --> Config Class Initialized
INFO - 2018-03-21 18:20:02 --> Hooks Class Initialized
DEBUG - 2018-03-21 18:20:02 --> UTF-8 Support Enabled
INFO - 2018-03-21 18:20:02 --> Utf8 Class Initialized
INFO - 2018-03-21 18:20:02 --> URI Class Initialized
INFO - 2018-03-21 18:20:02 --> Router Class Initialized
INFO - 2018-03-21 18:20:02 --> Output Class Initialized
INFO - 2018-03-21 18:20:02 --> Security Class Initialized
DEBUG - 2018-03-21 18:20:02 --> Global POST, GET and COOKIE data sanitized
INFO - 2018-03-21 18:20:02 --> Input Class Initialized
INFO - 2018-03-21 18:20:02 --> Language Class Initialized
INFO - 2018-03-21 18:20:02 --> Language Class Initialized
INFO - 2018-03-21 18:20:02 --> Config Class Initialized
INFO - 2018-03-21 18:20:02 --> Loader Class Initialized
DEBUG - 2018-03-21 18:20:02 --> File loaded: C:\xampp\htdocs\ci\ussiweb\application\modules/api/config/site.php
INFO - 2018-03-21 18:20:02 --> Helper loaded: url_helper
INFO - 2018-03-21 18:20:02 --> Helper loaded: inflector_helper
INFO - 2018-03-21 18:20:02 --> Helper loaded: string_helper
INFO - 2018-03-21 18:20:02 --> Helper loaded: array_helper
INFO - 2018-03-21 18:20:02 --> Database Driver Class Initialized
DEBUG - 2018-03-21 18:20:03 --> Config file loaded: C:\xampp\htdocs\ci\ussiweb\application\config/ion_auth.php
DEBUG - 2018-03-21 18:20:03 --> Config file loaded: C:\xampp\htdocs\ci\ussiweb\application\third_party/ion_auth/config/ion_auth.php
INFO - 2018-03-21 18:20:03 --> Email Class Initialized
INFO - 2018-03-21 18:20:03 --> Language file loaded: language/english/ion_auth_lang.php
INFO - 2018-03-21 18:20:03 --> Helper loaded: cookie_helper
INFO - 2018-03-21 18:20:03 --> Helper loaded: language_helper
DEBUG - 2018-03-21 18:20:03 --> Session: "sess_save_path" is empty; using "session.save_path" value from php.ini.
INFO - 2018-03-21 18:20:03 --> Session: Class initialized using 'files' driver.
INFO - 2018-03-21 18:20:03 --> Model Class Initialized
INFO - 2018-03-21 18:20:03 --> Helper loaded: date_helper
INFO - 2018-03-21 18:20:03 --> User Agent Class Initialized
DEBUG - 2018-03-21 18:20:03 --> File loaded: C:\xampp\htdocs\ci\ussiweb\application\modules/api/config/autoload.php
DEBUG - 2018-03-21 18:20:03 --> User_agent class already loaded. Second attempt ignored.
INFO - 2018-03-21 18:20:03 --> Model Class Initialized
INFO - 2018-03-21 18:20:03 --> Model Class Initialized
INFO - 2018-03-21 18:20:03 --> Model Class Initialized
INFO - 2018-03-21 18:20:03 --> Model Class Initialized
INFO - 2018-03-21 18:20:03 --> Model Class Initialized
INFO - 2018-03-21 18:20:03 --> Model Class Initialized
INFO - 2018-03-21 18:20:03 --> Model Class Initialized
INFO - 2018-03-21 18:20:03 --> Model Class Initialized
INFO - 2018-03-21 18:20:03 --> Model Class Initialized
INFO - 2018-03-21 18:20:03 --> Model Class Initialized
INFO - 2018-03-21 18:20:03 --> Model Class Initialized
INFO - 2018-03-21 18:20:03 --> Model Class Initialized
INFO - 2018-03-21 18:20:03 --> Model Class Initialized
INFO - 2018-03-21 18:20:03 --> Model Class Initialized
INFO - 2018-03-21 18:20:03 --> Model Class Initialized
INFO - 2018-03-21 18:20:03 --> Model Class Initialized
INFO - 2018-03-21 18:20:03 --> Model Class Initialized
INFO - 2018-03-21 18:20:03 --> Model Class Initialized
INFO - 2018-03-21 18:20:03 --> Controller Class Initialized
DEBUG - 2018-03-21 18:20:03 --> Generate MX_Controller Initialized
DEBUG - 2018-03-21 18:20:03 --> File loaded: C:\xampp\htdocs\ci\ussiweb\application\modules/api/config/autoload.php
DEBUG - 2018-03-21 18:20:03 --> User_agent class already loaded. Second attempt ignored.
INFO - 2018-03-21 18:20:51 --> Config Class Initialized
INFO - 2018-03-21 18:20:51 --> Hooks Class Initialized
DEBUG - 2018-03-21 18:20:51 --> UTF-8 Support Enabled
INFO - 2018-03-21 18:20:51 --> Utf8 Class Initialized
INFO - 2018-03-21 18:20:51 --> URI Class Initialized
INFO - 2018-03-21 18:20:51 --> Router Class Initialized
INFO - 2018-03-21 18:20:51 --> Output Class Initialized
INFO - 2018-03-21 18:20:51 --> Security Class Initialized
DEBUG - 2018-03-21 18:20:51 --> Global POST, GET and COOKIE data sanitized
INFO - 2018-03-21 18:20:51 --> Input Class Initialized
INFO - 2018-03-21 18:20:51 --> Language Class Initialized
INFO - 2018-03-21 18:20:51 --> Language Class Initialized
INFO - 2018-03-21 18:20:51 --> Config Class Initialized
INFO - 2018-03-21 18:20:51 --> Loader Class Initialized
DEBUG - 2018-03-21 18:20:51 --> File loaded: C:\xampp\htdocs\ci\ussiweb\application\modules/api/config/site.php
INFO - 2018-03-21 18:20:51 --> Helper loaded: url_helper
INFO - 2018-03-21 18:20:51 --> Helper loaded: inflector_helper
INFO - 2018-03-21 18:20:51 --> Helper loaded: string_helper
INFO - 2018-03-21 18:20:51 --> Helper loaded: array_helper
INFO - 2018-03-21 18:20:51 --> Database Driver Class Initialized
DEBUG - 2018-03-21 18:20:52 --> Config file loaded: C:\xampp\htdocs\ci\ussiweb\application\config/ion_auth.php
DEBUG - 2018-03-21 18:20:52 --> Config file loaded: C:\xampp\htdocs\ci\ussiweb\application\third_party/ion_auth/config/ion_auth.php
INFO - 2018-03-21 18:20:52 --> Email Class Initialized
INFO - 2018-03-21 18:20:52 --> Language file loaded: language/english/ion_auth_lang.php
INFO - 2018-03-21 18:20:52 --> Helper loaded: cookie_helper
INFO - 2018-03-21 18:20:52 --> Helper loaded: language_helper
DEBUG - 2018-03-21 18:20:52 --> Session: "sess_save_path" is empty; using "session.save_path" value from php.ini.
INFO - 2018-03-21 18:20:52 --> Session: Class initialized using 'files' driver.
INFO - 2018-03-21 18:20:52 --> Model Class Initialized
INFO - 2018-03-21 18:20:52 --> Helper loaded: date_helper
INFO - 2018-03-21 18:20:52 --> User Agent Class Initialized
DEBUG - 2018-03-21 18:20:52 --> File loaded: C:\xampp\htdocs\ci\ussiweb\application\modules/api/config/autoload.php
DEBUG - 2018-03-21 18:20:52 --> User_agent class already loaded. Second attempt ignored.
INFO - 2018-03-21 18:20:52 --> Model Class Initialized
INFO - 2018-03-21 18:20:52 --> Model Class Initialized
INFO - 2018-03-21 18:20:52 --> Model Class Initialized
INFO - 2018-03-21 18:20:52 --> Model Class Initialized
INFO - 2018-03-21 18:20:52 --> Model Class Initialized
INFO - 2018-03-21 18:20:52 --> Model Class Initialized
INFO - 2018-03-21 18:20:52 --> Model Class Initialized
INFO - 2018-03-21 18:20:52 --> Model Class Initialized
INFO - 2018-03-21 18:20:52 --> Model Class Initialized
INFO - 2018-03-21 18:20:52 --> Model Class Initialized
INFO - 2018-03-21 18:20:52 --> Model Class Initialized
INFO - 2018-03-21 18:20:52 --> Model Class Initialized
INFO - 2018-03-21 18:20:52 --> Model Class Initialized
INFO - 2018-03-21 18:20:52 --> Model Class Initialized
INFO - 2018-03-21 18:20:52 --> Model Class Initialized
INFO - 2018-03-21 18:20:52 --> Model Class Initialized
INFO - 2018-03-21 18:20:52 --> Model Class Initialized
INFO - 2018-03-21 18:20:52 --> Model Class Initialized
INFO - 2018-03-21 18:20:52 --> Controller Class Initialized
DEBUG - 2018-03-21 18:20:52 --> Generate MX_Controller Initialized
DEBUG - 2018-03-21 18:20:52 --> File loaded: C:\xampp\htdocs\ci\ussiweb\application\modules/api/config/autoload.php
DEBUG - 2018-03-21 18:20:52 --> User_agent class already loaded. Second attempt ignored.
INFO - 2018-03-21 18:56:42 --> Config Class Initialized
INFO - 2018-03-21 18:56:42 --> Hooks Class Initialized
DEBUG - 2018-03-21 18:56:42 --> UTF-8 Support Enabled
INFO - 2018-03-21 18:56:42 --> Utf8 Class Initialized
INFO - 2018-03-21 18:56:42 --> URI Class Initialized
INFO - 2018-03-21 18:56:42 --> Router Class Initialized
INFO - 2018-03-21 18:56:42 --> Output Class Initialized
INFO - 2018-03-21 18:56:42 --> Security Class Initialized
DEBUG - 2018-03-21 18:56:42 --> Global POST, GET and COOKIE data sanitized
INFO - 2018-03-21 18:56:42 --> Input Class Initialized
INFO - 2018-03-21 18:56:42 --> Language Class Initialized
INFO - 2018-03-21 18:56:42 --> Language Class Initialized
INFO - 2018-03-21 18:56:42 --> Config Class Initialized
INFO - 2018-03-21 18:56:42 --> Loader Class Initialized
DEBUG - 2018-03-21 18:56:42 --> File loaded: C:\xampp\htdocs\ci\ussiweb\application\modules/api/config/site.php
INFO - 2018-03-21 18:56:42 --> Helper loaded: url_helper
INFO - 2018-03-21 18:56:42 --> Helper loaded: inflector_helper
INFO - 2018-03-21 18:56:42 --> Helper loaded: string_helper
INFO - 2018-03-21 18:56:42 --> Helper loaded: array_helper
INFO - 2018-03-21 18:56:42 --> Database Driver Class Initialized
DEBUG - 2018-03-21 18:56:43 --> Config file loaded: C:\xampp\htdocs\ci\ussiweb\application\config/ion_auth.php
DEBUG - 2018-03-21 18:56:43 --> Config file loaded: C:\xampp\htdocs\ci\ussiweb\application\third_party/ion_auth/config/ion_auth.php
INFO - 2018-03-21 18:56:43 --> Email Class Initialized
INFO - 2018-03-21 18:56:43 --> Language file loaded: language/english/ion_auth_lang.php
INFO - 2018-03-21 18:56:43 --> Helper loaded: cookie_helper
INFO - 2018-03-21 18:56:43 --> Helper loaded: language_helper
DEBUG - 2018-03-21 18:56:43 --> Session: "sess_save_path" is empty; using "session.save_path" value from php.ini.
INFO - 2018-03-21 18:56:43 --> Session: Class initialized using 'files' driver.
INFO - 2018-03-21 18:56:43 --> Model Class Initialized
INFO - 2018-03-21 18:56:43 --> Helper loaded: date_helper
INFO - 2018-03-21 18:56:43 --> User Agent Class Initialized
DEBUG - 2018-03-21 18:56:43 --> File loaded: C:\xampp\htdocs\ci\ussiweb\application\modules/api/config/autoload.php
DEBUG - 2018-03-21 18:56:43 --> User_agent class already loaded. Second attempt ignored.
INFO - 2018-03-21 18:56:43 --> Model Class Initialized
INFO - 2018-03-21 18:56:43 --> Model Class Initialized
INFO - 2018-03-21 18:56:43 --> Model Class Initialized
INFO - 2018-03-21 18:56:43 --> Model Class Initialized
INFO - 2018-03-21 18:56:43 --> Model Class Initialized
INFO - 2018-03-21 18:56:43 --> Model Class Initialized
INFO - 2018-03-21 18:56:43 --> Model Class Initialized
INFO - 2018-03-21 18:56:43 --> Model Class Initialized
INFO - 2018-03-21 18:56:43 --> Model Class Initialized
INFO - 2018-03-21 18:56:43 --> Model Class Initialized
INFO - 2018-03-21 18:56:43 --> Model Class Initialized
INFO - 2018-03-21 18:56:43 --> Model Class Initialized
INFO - 2018-03-21 18:56:43 --> Model Class Initialized
INFO - 2018-03-21 18:56:43 --> Model Class Initialized
INFO - 2018-03-21 18:56:43 --> Model Class Initialized
INFO - 2018-03-21 18:56:43 --> Model Class Initialized
INFO - 2018-03-21 18:56:43 --> Model Class Initialized
INFO - 2018-03-21 18:56:43 --> Model Class Initialized
INFO - 2018-03-21 18:56:43 --> Controller Class Initialized
DEBUG - 2018-03-21 18:56:43 --> Generate MX_Controller Initialized
DEBUG - 2018-03-21 18:56:43 --> File loaded: C:\xampp\htdocs\ci\ussiweb\application\modules/api/config/autoload.php
DEBUG - 2018-03-21 18:56:43 --> User_agent class already loaded. Second attempt ignored.
INFO - 2018-03-21 18:56:46 --> Config Class Initialized
INFO - 2018-03-21 18:56:46 --> Hooks Class Initialized
DEBUG - 2018-03-21 18:56:46 --> UTF-8 Support Enabled
INFO - 2018-03-21 18:56:46 --> Utf8 Class Initialized
INFO - 2018-03-21 18:56:46 --> URI Class Initialized
INFO - 2018-03-21 18:56:46 --> Router Class Initialized
INFO - 2018-03-21 18:56:46 --> Output Class Initialized
INFO - 2018-03-21 18:56:46 --> Security Class Initialized
DEBUG - 2018-03-21 18:56:46 --> Global POST, GET and COOKIE data sanitized
INFO - 2018-03-21 18:56:46 --> Input Class Initialized
INFO - 2018-03-21 18:56:46 --> Language Class Initialized
INFO - 2018-03-21 18:56:46 --> Language Class Initialized
INFO - 2018-03-21 18:56:46 --> Config Class Initialized
INFO - 2018-03-21 18:56:46 --> Loader Class Initialized
DEBUG - 2018-03-21 18:56:46 --> File loaded: C:\xampp\htdocs\ci\ussiweb\application\modules/api/config/site.php
INFO - 2018-03-21 18:56:46 --> Helper loaded: url_helper
INFO - 2018-03-21 18:56:46 --> Helper loaded: inflector_helper
INFO - 2018-03-21 18:56:46 --> Helper loaded: string_helper
INFO - 2018-03-21 18:56:46 --> Helper loaded: array_helper
INFO - 2018-03-21 18:56:46 --> Database Driver Class Initialized
DEBUG - 2018-03-21 18:56:47 --> Config file loaded: C:\xampp\htdocs\ci\ussiweb\application\config/ion_auth.php
DEBUG - 2018-03-21 18:56:47 --> Config file loaded: C:\xampp\htdocs\ci\ussiweb\application\third_party/ion_auth/config/ion_auth.php
INFO - 2018-03-21 18:56:47 --> Email Class Initialized
INFO - 2018-03-21 18:56:47 --> Language file loaded: language/english/ion_auth_lang.php
INFO - 2018-03-21 18:56:47 --> Helper loaded: cookie_helper
INFO - 2018-03-21 18:56:47 --> Helper loaded: language_helper
DEBUG - 2018-03-21 18:56:47 --> Session: "sess_save_path" is empty; using "session.save_path" value from php.ini.
INFO - 2018-03-21 18:56:47 --> Session: Class initialized using 'files' driver.
INFO - 2018-03-21 18:56:47 --> Model Class Initialized
INFO - 2018-03-21 18:56:47 --> Helper loaded: date_helper
INFO - 2018-03-21 18:56:47 --> User Agent Class Initialized
DEBUG - 2018-03-21 18:56:47 --> File loaded: C:\xampp\htdocs\ci\ussiweb\application\modules/api/config/autoload.php
DEBUG - 2018-03-21 18:56:47 --> User_agent class already loaded. Second attempt ignored.
INFO - 2018-03-21 18:56:47 --> Model Class Initialized
INFO - 2018-03-21 18:56:47 --> Model Class Initialized
INFO - 2018-03-21 18:56:47 --> Model Class Initialized
INFO - 2018-03-21 18:56:47 --> Model Class Initialized
INFO - 2018-03-21 18:56:47 --> Model Class Initialized
INFO - 2018-03-21 18:56:47 --> Model Class Initialized
INFO - 2018-03-21 18:56:47 --> Model Class Initialized
INFO - 2018-03-21 18:56:47 --> Model Class Initialized
INFO - 2018-03-21 18:56:47 --> Model Class Initialized
INFO - 2018-03-21 18:56:47 --> Model Class Initialized
INFO - 2018-03-21 18:56:47 --> Model Class Initialized
INFO - 2018-03-21 18:56:47 --> Model Class Initialized
INFO - 2018-03-21 18:56:47 --> Model Class Initialized
INFO - 2018-03-21 18:56:47 --> Model Class Initialized
INFO - 2018-03-21 18:56:47 --> Model Class Initialized
INFO - 2018-03-21 18:56:47 --> Model Class Initialized
INFO - 2018-03-21 18:56:47 --> Model Class Initialized
INFO - 2018-03-21 18:56:47 --> Model Class Initialized
INFO - 2018-03-21 18:56:47 --> Controller Class Initialized
DEBUG - 2018-03-21 18:56:47 --> Generate MX_Controller Initialized
DEBUG - 2018-03-21 18:56:47 --> File loaded: C:\xampp\htdocs\ci\ussiweb\application\modules/api/config/autoload.php
DEBUG - 2018-03-21 18:56:47 --> User_agent class already loaded. Second attempt ignored.
INFO - 2018-03-21 18:56:49 --> Config Class Initialized
INFO - 2018-03-21 18:56:49 --> Hooks Class Initialized
DEBUG - 2018-03-21 18:56:49 --> UTF-8 Support Enabled
INFO - 2018-03-21 18:56:49 --> Utf8 Class Initialized
INFO - 2018-03-21 18:56:49 --> URI Class Initialized
INFO - 2018-03-21 18:56:49 --> Router Class Initialized
INFO - 2018-03-21 18:56:49 --> Output Class Initialized
INFO - 2018-03-21 18:56:49 --> Security Class Initialized
DEBUG - 2018-03-21 18:56:49 --> Global POST, GET and COOKIE data sanitized
INFO - 2018-03-21 18:56:49 --> Input Class Initialized
INFO - 2018-03-21 18:56:49 --> Language Class Initialized
INFO - 2018-03-21 18:56:49 --> Language Class Initialized
INFO - 2018-03-21 18:56:49 --> Config Class Initialized
INFO - 2018-03-21 18:56:49 --> Loader Class Initialized
DEBUG - 2018-03-21 18:56:49 --> File loaded: C:\xampp\htdocs\ci\ussiweb\application\modules/api/config/site.php
INFO - 2018-03-21 18:56:49 --> Helper loaded: url_helper
INFO - 2018-03-21 18:56:49 --> Helper loaded: inflector_helper
INFO - 2018-03-21 18:56:49 --> Helper loaded: string_helper
INFO - 2018-03-21 18:56:49 --> Helper loaded: array_helper
INFO - 2018-03-21 18:56:49 --> Database Driver Class Initialized
DEBUG - 2018-03-21 18:56:50 --> Config file loaded: C:\xampp\htdocs\ci\ussiweb\application\config/ion_auth.php
DEBUG - 2018-03-21 18:56:50 --> Config file loaded: C:\xampp\htdocs\ci\ussiweb\application\third_party/ion_auth/config/ion_auth.php
INFO - 2018-03-21 18:56:50 --> Email Class Initialized
INFO - 2018-03-21 18:56:50 --> Language file loaded: language/english/ion_auth_lang.php
INFO - 2018-03-21 18:56:50 --> Helper loaded: cookie_helper
INFO - 2018-03-21 18:56:50 --> Helper loaded: language_helper
DEBUG - 2018-03-21 18:56:50 --> Session: "sess_save_path" is empty; using "session.save_path" value from php.ini.
INFO - 2018-03-21 18:56:50 --> Session: Class initialized using 'files' driver.
INFO - 2018-03-21 18:56:50 --> Model Class Initialized
INFO - 2018-03-21 18:56:50 --> Helper loaded: date_helper
INFO - 2018-03-21 18:56:50 --> User Agent Class Initialized
DEBUG - 2018-03-21 18:56:50 --> File loaded: C:\xampp\htdocs\ci\ussiweb\application\modules/api/config/autoload.php
DEBUG - 2018-03-21 18:56:50 --> User_agent class already loaded. Second attempt ignored.
INFO - 2018-03-21 18:56:50 --> Model Class Initialized
INFO - 2018-03-21 18:56:50 --> Model Class Initialized
INFO - 2018-03-21 18:56:50 --> Model Class Initialized
INFO - 2018-03-21 18:56:50 --> Model Class Initialized
INFO - 2018-03-21 18:56:50 --> Model Class Initialized
INFO - 2018-03-21 18:56:50 --> Model Class Initialized
INFO - 2018-03-21 18:56:50 --> Model Class Initialized
INFO - 2018-03-21 18:56:50 --> Model Class Initialized
INFO - 2018-03-21 18:56:50 --> Model Class Initialized
INFO - 2018-03-21 18:56:50 --> Model Class Initialized
INFO - 2018-03-21 18:56:50 --> Model Class Initialized
INFO - 2018-03-21 18:56:50 --> Model Class Initialized
INFO - 2018-03-21 18:56:50 --> Model Class Initialized
INFO - 2018-03-21 18:56:50 --> Model Class Initialized
INFO - 2018-03-21 18:56:50 --> Model Class Initialized
INFO - 2018-03-21 18:56:50 --> Model Class Initialized
INFO - 2018-03-21 18:56:50 --> Model Class Initialized
INFO - 2018-03-21 18:56:50 --> Model Class Initialized
INFO - 2018-03-21 18:56:50 --> Controller Class Initialized
DEBUG - 2018-03-21 18:56:50 --> Generate MX_Controller Initialized
DEBUG - 2018-03-21 18:56:50 --> File loaded: C:\xampp\htdocs\ci\ussiweb\application\modules/api/config/autoload.php
DEBUG - 2018-03-21 18:56:50 --> User_agent class already loaded. Second attempt ignored.
INFO - 2018-03-21 18:57:08 --> Config Class Initialized
INFO - 2018-03-21 18:57:08 --> Hooks Class Initialized
DEBUG - 2018-03-21 18:57:08 --> UTF-8 Support Enabled
INFO - 2018-03-21 18:57:08 --> Utf8 Class Initialized
INFO - 2018-03-21 18:57:08 --> URI Class Initialized
INFO - 2018-03-21 18:57:08 --> Router Class Initialized
INFO - 2018-03-21 18:57:08 --> Output Class Initialized
INFO - 2018-03-21 18:57:08 --> Security Class Initialized
DEBUG - 2018-03-21 18:57:08 --> Global POST, GET and COOKIE data sanitized
INFO - 2018-03-21 18:57:08 --> Input Class Initialized
INFO - 2018-03-21 18:57:08 --> Language Class Initialized
INFO - 2018-03-21 18:57:08 --> Language Class Initialized
INFO - 2018-03-21 18:57:08 --> Config Class Initialized
INFO - 2018-03-21 18:57:08 --> Loader Class Initialized
DEBUG - 2018-03-21 18:57:08 --> File loaded: C:\xampp\htdocs\ci\ussiweb\application\modules/api/config/site.php
INFO - 2018-03-21 18:57:08 --> Helper loaded: url_helper
INFO - 2018-03-21 18:57:08 --> Helper loaded: inflector_helper
INFO - 2018-03-21 18:57:08 --> Helper loaded: string_helper
INFO - 2018-03-21 18:57:08 --> Helper loaded: array_helper
INFO - 2018-03-21 18:57:08 --> Database Driver Class Initialized
DEBUG - 2018-03-21 18:57:09 --> Config file loaded: C:\xampp\htdocs\ci\ussiweb\application\config/ion_auth.php
DEBUG - 2018-03-21 18:57:09 --> Config file loaded: C:\xampp\htdocs\ci\ussiweb\application\third_party/ion_auth/config/ion_auth.php
INFO - 2018-03-21 18:57:09 --> Email Class Initialized
INFO - 2018-03-21 18:57:09 --> Language file loaded: language/english/ion_auth_lang.php
INFO - 2018-03-21 18:57:09 --> Helper loaded: cookie_helper
INFO - 2018-03-21 18:57:09 --> Helper loaded: language_helper
DEBUG - 2018-03-21 18:57:09 --> Session: "sess_save_path" is empty; using "session.save_path" value from php.ini.
INFO - 2018-03-21 18:57:09 --> Session: Class initialized using 'files' driver.
INFO - 2018-03-21 18:57:09 --> Model Class Initialized
INFO - 2018-03-21 18:57:09 --> Helper loaded: date_helper
INFO - 2018-03-21 18:57:09 --> User Agent Class Initialized
DEBUG - 2018-03-21 18:57:09 --> File loaded: C:\xampp\htdocs\ci\ussiweb\application\modules/api/config/autoload.php
DEBUG - 2018-03-21 18:57:09 --> User_agent class already loaded. Second attempt ignored.
INFO - 2018-03-21 18:57:09 --> Model Class Initialized
INFO - 2018-03-21 18:57:09 --> Model Class Initialized
INFO - 2018-03-21 18:57:09 --> Model Class Initialized
INFO - 2018-03-21 18:57:09 --> Model Class Initialized
INFO - 2018-03-21 18:57:09 --> Model Class Initialized
INFO - 2018-03-21 18:57:09 --> Model Class Initialized
INFO - 2018-03-21 18:57:09 --> Model Class Initialized
INFO - 2018-03-21 18:57:09 --> Model Class Initialized
INFO - 2018-03-21 18:57:09 --> Model Class Initialized
INFO - 2018-03-21 18:57:09 --> Model Class Initialized
INFO - 2018-03-21 18:57:09 --> Model Class Initialized
INFO - 2018-03-21 18:57:09 --> Model Class Initialized
INFO - 2018-03-21 18:57:09 --> Model Class Initialized
INFO - 2018-03-21 18:57:09 --> Model Class Initialized
INFO - 2018-03-21 18:57:09 --> Model Class Initialized
INFO - 2018-03-21 18:57:09 --> Model Class Initialized
INFO - 2018-03-21 18:57:09 --> Model Class Initialized
INFO - 2018-03-21 18:57:09 --> Model Class Initialized
INFO - 2018-03-21 18:57:09 --> Controller Class Initialized
DEBUG - 2018-03-21 18:57:09 --> Generate MX_Controller Initialized
DEBUG - 2018-03-21 18:57:09 --> File loaded: C:\xampp\htdocs\ci\ussiweb\application\modules/api/config/autoload.php
DEBUG - 2018-03-21 18:57:09 --> User_agent class already loaded. Second attempt ignored.
INFO - 2018-03-21 18:57:29 --> Config Class Initialized
INFO - 2018-03-21 18:57:29 --> Hooks Class Initialized
DEBUG - 2018-03-21 18:57:29 --> UTF-8 Support Enabled
INFO - 2018-03-21 18:57:29 --> Utf8 Class Initialized
INFO - 2018-03-21 18:57:29 --> URI Class Initialized
INFO - 2018-03-21 18:57:29 --> Router Class Initialized
INFO - 2018-03-21 18:57:29 --> Output Class Initialized
INFO - 2018-03-21 18:57:29 --> Security Class Initialized
DEBUG - 2018-03-21 18:57:29 --> Global POST, GET and COOKIE data sanitized
INFO - 2018-03-21 18:57:29 --> Input Class Initialized
INFO - 2018-03-21 18:57:29 --> Language Class Initialized
INFO - 2018-03-21 18:57:29 --> Language Class Initialized
INFO - 2018-03-21 18:57:29 --> Config Class Initialized
INFO - 2018-03-21 18:57:29 --> Loader Class Initialized
DEBUG - 2018-03-21 18:57:29 --> File loaded: C:\xampp\htdocs\ci\ussiweb\application\modules/api/config/site.php
INFO - 2018-03-21 18:57:29 --> Helper loaded: url_helper
INFO - 2018-03-21 18:57:29 --> Helper loaded: inflector_helper
INFO - 2018-03-21 18:57:29 --> Helper loaded: string_helper
INFO - 2018-03-21 18:57:29 --> Helper loaded: array_helper
INFO - 2018-03-21 18:57:29 --> Database Driver Class Initialized
DEBUG - 2018-03-21 18:57:31 --> Config file loaded: C:\xampp\htdocs\ci\ussiweb\application\config/ion_auth.php
DEBUG - 2018-03-21 18:57:31 --> Config file loaded: C:\xampp\htdocs\ci\ussiweb\application\third_party/ion_auth/config/ion_auth.php
INFO - 2018-03-21 18:57:31 --> Email Class Initialized
INFO - 2018-03-21 18:57:31 --> Language file loaded: language/english/ion_auth_lang.php
INFO - 2018-03-21 18:57:31 --> Helper loaded: cookie_helper
INFO - 2018-03-21 18:57:31 --> Helper loaded: language_helper
DEBUG - 2018-03-21 18:57:31 --> Session: "sess_save_path" is empty; using "session.save_path" value from php.ini.
INFO - 2018-03-21 18:57:31 --> Session: Class initialized using 'files' driver.
INFO - 2018-03-21 18:57:31 --> Model Class Initialized
INFO - 2018-03-21 18:57:31 --> Helper loaded: date_helper
INFO - 2018-03-21 18:57:31 --> User Agent Class Initialized
DEBUG - 2018-03-21 18:57:31 --> File loaded: C:\xampp\htdocs\ci\ussiweb\application\modules/api/config/autoload.php
DEBUG - 2018-03-21 18:57:31 --> User_agent class already loaded. Second attempt ignored.
INFO - 2018-03-21 18:57:31 --> Model Class Initialized
INFO - 2018-03-21 18:57:31 --> Model Class Initialized
INFO - 2018-03-21 18:57:31 --> Model Class Initialized
INFO - 2018-03-21 18:57:31 --> Model Class Initialized
INFO - 2018-03-21 18:57:31 --> Model Class Initialized
INFO - 2018-03-21 18:57:31 --> Model Class Initialized
INFO - 2018-03-21 18:57:31 --> Model Class Initialized
INFO - 2018-03-21 18:57:31 --> Model Class Initialized
INFO - 2018-03-21 18:57:31 --> Model Class Initialized
INFO - 2018-03-21 18:57:31 --> Model Class Initialized
INFO - 2018-03-21 18:57:31 --> Model Class Initialized
INFO - 2018-03-21 18:57:31 --> Model Class Initialized
INFO - 2018-03-21 18:57:31 --> Model Class Initialized
INFO - 2018-03-21 18:57:31 --> Model Class Initialized
INFO - 2018-03-21 18:57:31 --> Model Class Initialized
INFO - 2018-03-21 18:57:31 --> Model Class Initialized
INFO - 2018-03-21 18:57:31 --> Model Class Initialized
INFO - 2018-03-21 18:57:31 --> Model Class Initialized
INFO - 2018-03-21 18:57:31 --> Controller Class Initialized
DEBUG - 2018-03-21 18:57:31 --> Generate MX_Controller Initialized
DEBUG - 2018-03-21 18:57:31 --> File loaded: C:\xampp\htdocs\ci\ussiweb\application\modules/api/config/autoload.php
DEBUG - 2018-03-21 18:57:31 --> User_agent class already loaded. Second attempt ignored.
INFO - 2018-03-21 20:05:27 --> Config Class Initialized
INFO - 2018-03-21 20:05:27 --> Hooks Class Initialized
DEBUG - 2018-03-21 20:05:27 --> UTF-8 Support Enabled
INFO - 2018-03-21 20:05:27 --> Utf8 Class Initialized
INFO - 2018-03-21 20:05:27 --> URI Class Initialized
INFO - 2018-03-21 20:05:27 --> Router Class Initialized
INFO - 2018-03-21 20:05:27 --> Output Class Initialized
INFO - 2018-03-21 20:05:27 --> Security Class Initialized
DEBUG - 2018-03-21 20:05:27 --> Global POST, GET and COOKIE data sanitized
INFO - 2018-03-21 20:05:27 --> Input Class Initialized
INFO - 2018-03-21 20:05:27 --> Language Class Initialized
INFO - 2018-03-21 20:05:27 --> Language Class Initialized
INFO - 2018-03-21 20:05:27 --> Config Class Initialized
INFO - 2018-03-21 20:05:27 --> Loader Class Initialized
DEBUG - 2018-03-21 20:05:27 --> File loaded: C:\xampp\htdocs\ci\ussiweb\application\modules/api/config/site.php
INFO - 2018-03-21 20:05:27 --> Helper loaded: url_helper
INFO - 2018-03-21 20:05:27 --> Helper loaded: inflector_helper
INFO - 2018-03-21 20:05:27 --> Helper loaded: string_helper
INFO - 2018-03-21 20:05:27 --> Helper loaded: array_helper
INFO - 2018-03-21 20:05:27 --> Database Driver Class Initialized
DEBUG - 2018-03-21 20:05:28 --> Config file loaded: C:\xampp\htdocs\ci\ussiweb\application\config/ion_auth.php
DEBUG - 2018-03-21 20:05:28 --> Config file loaded: C:\xampp\htdocs\ci\ussiweb\application\third_party/ion_auth/config/ion_auth.php
INFO - 2018-03-21 20:05:28 --> Email Class Initialized
INFO - 2018-03-21 20:05:28 --> Language file loaded: language/english/ion_auth_lang.php
INFO - 2018-03-21 20:05:28 --> Helper loaded: cookie_helper
INFO - 2018-03-21 20:05:28 --> Helper loaded: language_helper
DEBUG - 2018-03-21 20:05:28 --> Session: "sess_save_path" is empty; using "session.save_path" value from php.ini.
INFO - 2018-03-21 20:05:28 --> Session: Class initialized using 'files' driver.
INFO - 2018-03-21 20:05:28 --> Model Class Initialized
INFO - 2018-03-21 20:05:28 --> Helper loaded: date_helper
INFO - 2018-03-21 20:05:28 --> User Agent Class Initialized
DEBUG - 2018-03-21 20:05:28 --> File loaded: C:\xampp\htdocs\ci\ussiweb\application\modules/api/config/autoload.php
DEBUG - 2018-03-21 20:05:28 --> User_agent class already loaded. Second attempt ignored.
INFO - 2018-03-21 20:05:28 --> Model Class Initialized
INFO - 2018-03-21 20:05:28 --> Model Class Initialized
INFO - 2018-03-21 20:05:28 --> Model Class Initialized
INFO - 2018-03-21 20:05:28 --> Model Class Initialized
INFO - 2018-03-21 20:05:28 --> Model Class Initialized
INFO - 2018-03-21 20:05:28 --> Model Class Initialized
INFO - 2018-03-21 20:05:28 --> Model Class Initialized
INFO - 2018-03-21 20:05:28 --> Model Class Initialized
INFO - 2018-03-21 20:05:28 --> Model Class Initialized
INFO - 2018-03-21 20:05:28 --> Model Class Initialized
INFO - 2018-03-21 20:05:28 --> Model Class Initialized
INFO - 2018-03-21 20:05:28 --> Model Class Initialized
INFO - 2018-03-21 20:05:28 --> Model Class Initialized
INFO - 2018-03-21 20:05:28 --> Model Class Initialized
INFO - 2018-03-21 20:05:28 --> Model Class Initialized
INFO - 2018-03-21 20:05:28 --> Model Class Initialized
INFO - 2018-03-21 20:05:28 --> Model Class Initialized
INFO - 2018-03-21 20:05:28 --> Model Class Initialized
INFO - 2018-03-21 20:05:28 --> Controller Class Initialized
DEBUG - 2018-03-21 20:05:28 --> Generate MX_Controller Initialized
DEBUG - 2018-03-21 20:05:28 --> File loaded: C:\xampp\htdocs\ci\ussiweb\application\modules/api/config/autoload.php
DEBUG - 2018-03-21 20:05:28 --> User_agent class already loaded. Second attempt ignored.
INFO - 2018-03-21 20:08:36 --> Config Class Initialized
INFO - 2018-03-21 20:08:36 --> Hooks Class Initialized
DEBUG - 2018-03-21 20:08:36 --> UTF-8 Support Enabled
INFO - 2018-03-21 20:08:36 --> Utf8 Class Initialized
INFO - 2018-03-21 20:08:36 --> URI Class Initialized
INFO - 2018-03-21 20:08:36 --> Router Class Initialized
INFO - 2018-03-21 20:08:36 --> Output Class Initialized
INFO - 2018-03-21 20:08:36 --> Security Class Initialized
DEBUG - 2018-03-21 20:08:36 --> Global POST, GET and COOKIE data sanitized
INFO - 2018-03-21 20:08:36 --> Input Class Initialized
INFO - 2018-03-21 20:08:36 --> Language Class Initialized
INFO - 2018-03-21 20:08:36 --> Language Class Initialized
INFO - 2018-03-21 20:08:36 --> Config Class Initialized
INFO - 2018-03-21 20:08:36 --> Loader Class Initialized
DEBUG - 2018-03-21 20:08:36 --> File loaded: C:\xampp\htdocs\ci\ussiweb\application\modules/api/config/site.php
INFO - 2018-03-21 20:08:36 --> Helper loaded: url_helper
INFO - 2018-03-21 20:08:36 --> Helper loaded: inflector_helper
INFO - 2018-03-21 20:08:36 --> Helper loaded: string_helper
INFO - 2018-03-21 20:08:36 --> Helper loaded: array_helper
INFO - 2018-03-21 20:08:36 --> Database Driver Class Initialized
DEBUG - 2018-03-21 20:08:37 --> Config file loaded: C:\xampp\htdocs\ci\ussiweb\application\config/ion_auth.php
DEBUG - 2018-03-21 20:08:37 --> Config file loaded: C:\xampp\htdocs\ci\ussiweb\application\third_party/ion_auth/config/ion_auth.php
INFO - 2018-03-21 20:08:37 --> Email Class Initialized
INFO - 2018-03-21 20:08:37 --> Language file loaded: language/english/ion_auth_lang.php
INFO - 2018-03-21 20:08:37 --> Helper loaded: cookie_helper
INFO - 2018-03-21 20:08:37 --> Helper loaded: language_helper
DEBUG - 2018-03-21 20:08:37 --> Session: "sess_save_path" is empty; using "session.save_path" value from php.ini.
INFO - 2018-03-21 20:08:37 --> Session: Class initialized using 'files' driver.
INFO - 2018-03-21 20:08:37 --> Model Class Initialized
INFO - 2018-03-21 20:08:37 --> Helper loaded: date_helper
INFO - 2018-03-21 20:08:37 --> User Agent Class Initialized
DEBUG - 2018-03-21 20:08:37 --> File loaded: C:\xampp\htdocs\ci\ussiweb\application\modules/api/config/autoload.php
DEBUG - 2018-03-21 20:08:37 --> User_agent class already loaded. Second attempt ignored.
INFO - 2018-03-21 20:08:37 --> Model Class Initialized
INFO - 2018-03-21 20:08:37 --> Model Class Initialized
INFO - 2018-03-21 20:08:37 --> Model Class Initialized
INFO - 2018-03-21 20:08:37 --> Model Class Initialized
INFO - 2018-03-21 20:08:37 --> Model Class Initialized
INFO - 2018-03-21 20:08:37 --> Model Class Initialized
INFO - 2018-03-21 20:08:37 --> Model Class Initialized
INFO - 2018-03-21 20:08:37 --> Model Class Initialized
INFO - 2018-03-21 20:08:37 --> Model Class Initialized
INFO - 2018-03-21 20:08:37 --> Model Class Initialized
INFO - 2018-03-21 20:08:37 --> Model Class Initialized
INFO - 2018-03-21 20:08:37 --> Model Class Initialized
INFO - 2018-03-21 20:08:37 --> Model Class Initialized
INFO - 2018-03-21 20:08:37 --> Model Class Initialized
INFO - 2018-03-21 20:08:37 --> Model Class Initialized
INFO - 2018-03-21 20:08:37 --> Model Class Initialized
INFO - 2018-03-21 20:08:37 --> Model Class Initialized
INFO - 2018-03-21 20:08:37 --> Model Class Initialized
INFO - 2018-03-21 20:08:37 --> Controller Class Initialized
DEBUG - 2018-03-21 20:08:37 --> Generate MX_Controller Initialized
DEBUG - 2018-03-21 20:08:37 --> File loaded: C:\xampp\htdocs\ci\ussiweb\application\modules/api/config/autoload.php
DEBUG - 2018-03-21 20:08:37 --> User_agent class already loaded. Second attempt ignored.
INFO - 2018-03-21 20:09:39 --> Config Class Initialized
INFO - 2018-03-21 20:09:39 --> Hooks Class Initialized
DEBUG - 2018-03-21 20:09:39 --> UTF-8 Support Enabled
INFO - 2018-03-21 20:09:39 --> Utf8 Class Initialized
INFO - 2018-03-21 20:09:39 --> URI Class Initialized
INFO - 2018-03-21 20:09:39 --> Router Class Initialized
INFO - 2018-03-21 20:09:39 --> Output Class Initialized
INFO - 2018-03-21 20:09:39 --> Security Class Initialized
DEBUG - 2018-03-21 20:09:39 --> Global POST, GET and COOKIE data sanitized
INFO - 2018-03-21 20:09:39 --> Input Class Initialized
INFO - 2018-03-21 20:09:39 --> Language Class Initialized
INFO - 2018-03-21 20:09:39 --> Language Class Initialized
INFO - 2018-03-21 20:09:39 --> Config Class Initialized
INFO - 2018-03-21 20:09:39 --> Loader Class Initialized
DEBUG - 2018-03-21 20:09:39 --> File loaded: C:\xampp\htdocs\ci\ussiweb\application\modules/api/config/site.php
INFO - 2018-03-21 20:09:39 --> Helper loaded: url_helper
INFO - 2018-03-21 20:09:39 --> Helper loaded: inflector_helper
INFO - 2018-03-21 20:09:39 --> Helper loaded: string_helper
INFO - 2018-03-21 20:09:39 --> Helper loaded: array_helper
INFO - 2018-03-21 20:09:39 --> Database Driver Class Initialized
DEBUG - 2018-03-21 20:09:40 --> Config file loaded: C:\xampp\htdocs\ci\ussiweb\application\config/ion_auth.php
DEBUG - 2018-03-21 20:09:40 --> Config file loaded: C:\xampp\htdocs\ci\ussiweb\application\third_party/ion_auth/config/ion_auth.php
INFO - 2018-03-21 20:09:40 --> Email Class Initialized
INFO - 2018-03-21 20:09:40 --> Language file loaded: language/english/ion_auth_lang.php
INFO - 2018-03-21 20:09:40 --> Helper loaded: cookie_helper
INFO - 2018-03-21 20:09:40 --> Helper loaded: language_helper
DEBUG - 2018-03-21 20:09:40 --> Session: "sess_save_path" is empty; using "session.save_path" value from php.ini.
INFO - 2018-03-21 20:09:40 --> Session: Class initialized using 'files' driver.
INFO - 2018-03-21 20:09:40 --> Model Class Initialized
INFO - 2018-03-21 20:09:40 --> Helper loaded: date_helper
INFO - 2018-03-21 20:09:40 --> User Agent Class Initialized
DEBUG - 2018-03-21 20:09:40 --> File loaded: C:\xampp\htdocs\ci\ussiweb\application\modules/api/config/autoload.php
DEBUG - 2018-03-21 20:09:40 --> User_agent class already loaded. Second attempt ignored.
INFO - 2018-03-21 20:09:40 --> Model Class Initialized
INFO - 2018-03-21 20:09:40 --> Model Class Initialized
INFO - 2018-03-21 20:09:40 --> Model Class Initialized
INFO - 2018-03-21 20:09:40 --> Model Class Initialized
INFO - 2018-03-21 20:09:40 --> Model Class Initialized
INFO - 2018-03-21 20:09:40 --> Model Class Initialized
INFO - 2018-03-21 20:09:40 --> Model Class Initialized
INFO - 2018-03-21 20:09:40 --> Model Class Initialized
INFO - 2018-03-21 20:09:40 --> Model Class Initialized
INFO - 2018-03-21 20:09:40 --> Model Class Initialized
INFO - 2018-03-21 20:09:40 --> Model Class Initialized
INFO - 2018-03-21 20:09:40 --> Model Class Initialized
INFO - 2018-03-21 20:09:40 --> Model Class Initialized
INFO - 2018-03-21 20:09:40 --> Model Class Initialized
INFO - 2018-03-21 20:09:40 --> Model Class Initialized
INFO - 2018-03-21 20:09:40 --> Model Class Initialized
INFO - 2018-03-21 20:09:40 --> Model Class Initialized
INFO - 2018-03-21 20:09:40 --> Model Class Initialized
INFO - 2018-03-21 20:09:40 --> Controller Class Initialized
DEBUG - 2018-03-21 20:09:40 --> Generate MX_Controller Initialized
DEBUG - 2018-03-21 20:09:40 --> File loaded: C:\xampp\htdocs\ci\ussiweb\application\modules/api/config/autoload.php
DEBUG - 2018-03-21 20:09:40 --> User_agent class already loaded. Second attempt ignored.
