INFO - 2017-12-13 07:22:06 --> Config Class Initialized
INFO - 2017-12-13 07:22:06 --> Hooks Class Initialized
DEBUG - 2017-12-13 07:22:06 --> UTF-8 Support Enabled
INFO - 2017-12-13 07:22:06 --> Utf8 Class Initialized
INFO - 2017-12-13 07:22:06 --> URI Class Initialized
DEBUG - 2017-12-13 07:22:06 --> File loaded: C:\xampp\htdocs\ci\ussiweb\application\modules/admin/config/routes.php
INFO - 2017-12-13 07:22:06 --> Router Class Initialized
INFO - 2017-12-13 07:22:06 --> Output Class Initialized
INFO - 2017-12-13 07:22:06 --> Security Class Initialized
DEBUG - 2017-12-13 07:22:06 --> Global POST, GET and COOKIE data sanitized
INFO - 2017-12-13 07:22:06 --> Input Class Initialized
INFO - 2017-12-13 07:22:06 --> Language Class Initialized
INFO - 2017-12-13 07:22:07 --> Language Class Initialized
INFO - 2017-12-13 07:22:07 --> Config Class Initialized
INFO - 2017-12-13 07:22:07 --> Loader Class Initialized
DEBUG - 2017-12-13 07:22:07 --> File loaded: C:\xampp\htdocs\ci\ussiweb\application\modules/admin/config/site.php
INFO - 2017-12-13 07:22:07 --> Helper loaded: url_helper
INFO - 2017-12-13 07:22:07 --> Helper loaded: inflector_helper
INFO - 2017-12-13 07:22:07 --> Helper loaded: string_helper
INFO - 2017-12-13 07:22:07 --> Helper loaded: array_helper
INFO - 2017-12-13 07:22:07 --> Database Driver Class Initialized
DEBUG - 2017-12-13 07:22:08 --> File loaded: C:\xampp\htdocs\ci\ussiweb\application\modules/admin/config/ion_auth.php
DEBUG - 2017-12-13 07:22:08 --> File loaded: C:\xampp\htdocs\ci\ussiweb\application\modules/admin/config/ion_auth.php
INFO - 2017-12-13 07:22:09 --> Email Class Initialized
INFO - 2017-12-13 07:22:09 --> Language file loaded: language/english/ion_auth_lang.php
INFO - 2017-12-13 07:22:09 --> Helper loaded: cookie_helper
INFO - 2017-12-13 07:22:09 --> Helper loaded: language_helper
DEBUG - 2017-12-13 07:22:09 --> Session: "sess_save_path" is empty; using "session.save_path" value from php.ini.
INFO - 2017-12-13 07:22:09 --> Session: Class initialized using 'files' driver.
INFO - 2017-12-13 07:22:09 --> Model Class Initialized
INFO - 2017-12-13 07:22:09 --> Helper loaded: date_helper
INFO - 2017-12-13 07:22:09 --> User Agent Class Initialized
DEBUG - 2017-12-13 07:22:09 --> File loaded: C:\xampp\htdocs\ci\ussiweb\application\modules/admin/config/autoload.php
DEBUG - 2017-12-13 07:22:09 --> File loaded: C:\xampp\htdocs\ci\ussiweb\application\modules/admin/config/form_validation.php
INFO - 2017-12-13 07:22:09 --> Helper loaded: form_helper
INFO - 2017-12-13 07:22:09 --> Form Validation Class Initialized
INFO - 2017-12-13 07:22:09 --> Model Class Initialized
INFO - 2017-12-13 07:22:09 --> Model Class Initialized
INFO - 2017-12-13 07:22:09 --> Model Class Initialized
INFO - 2017-12-13 07:22:09 --> Model Class Initialized
INFO - 2017-12-13 07:22:09 --> Model Class Initialized
INFO - 2017-12-13 07:22:09 --> Model Class Initialized
INFO - 2017-12-13 07:22:09 --> Model Class Initialized
INFO - 2017-12-13 07:22:09 --> Model Class Initialized
INFO - 2017-12-13 07:22:09 --> Model Class Initialized
INFO - 2017-12-13 07:22:09 --> Model Class Initialized
INFO - 2017-12-13 07:22:09 --> Model Class Initialized
INFO - 2017-12-13 07:22:09 --> Model Class Initialized
INFO - 2017-12-13 07:22:09 --> Controller Class Initialized
DEBUG - 2017-12-13 07:22:09 --> Com MX_Controller Initialized
DEBUG - 2017-12-13 07:22:09 --> File loaded: C:\xampp\htdocs\ci\ussiweb\application\modules/admin/config/autoload.php
INFO - 2017-12-13 07:22:10 --> Config Class Initialized
INFO - 2017-12-13 07:22:10 --> Hooks Class Initialized
DEBUG - 2017-12-13 07:22:10 --> UTF-8 Support Enabled
INFO - 2017-12-13 07:22:10 --> Utf8 Class Initialized
INFO - 2017-12-13 07:22:10 --> URI Class Initialized
DEBUG - 2017-12-13 07:22:10 --> File loaded: C:\xampp\htdocs\ci\ussiweb\application\modules/admin/config/routes.php
INFO - 2017-12-13 07:22:10 --> Router Class Initialized
INFO - 2017-12-13 07:22:10 --> Output Class Initialized
INFO - 2017-12-13 07:22:10 --> Security Class Initialized
DEBUG - 2017-12-13 07:22:10 --> Global POST, GET and COOKIE data sanitized
INFO - 2017-12-13 07:22:10 --> Input Class Initialized
INFO - 2017-12-13 07:22:10 --> Language Class Initialized
INFO - 2017-12-13 07:22:10 --> Language Class Initialized
INFO - 2017-12-13 07:22:10 --> Config Class Initialized
INFO - 2017-12-13 07:22:10 --> Loader Class Initialized
DEBUG - 2017-12-13 07:22:10 --> File loaded: C:\xampp\htdocs\ci\ussiweb\application\modules/admin/config/site.php
INFO - 2017-12-13 07:22:10 --> Helper loaded: url_helper
INFO - 2017-12-13 07:22:10 --> Helper loaded: inflector_helper
INFO - 2017-12-13 07:22:10 --> Helper loaded: string_helper
INFO - 2017-12-13 07:22:10 --> Helper loaded: array_helper
INFO - 2017-12-13 07:22:10 --> Database Driver Class Initialized
INFO - 2017-12-13 07:22:10 --> Config Class Initialized
INFO - 2017-12-13 07:22:10 --> Hooks Class Initialized
DEBUG - 2017-12-13 07:22:10 --> UTF-8 Support Enabled
INFO - 2017-12-13 07:22:10 --> Utf8 Class Initialized
INFO - 2017-12-13 07:22:10 --> URI Class Initialized
DEBUG - 2017-12-13 07:22:10 --> File loaded: C:\xampp\htdocs\ci\ussiweb\application\modules/admin/config/routes.php
INFO - 2017-12-13 07:22:10 --> Router Class Initialized
INFO - 2017-12-13 07:22:10 --> Output Class Initialized
INFO - 2017-12-13 07:22:10 --> Security Class Initialized
DEBUG - 2017-12-13 07:22:10 --> Global POST, GET and COOKIE data sanitized
INFO - 2017-12-13 07:22:10 --> Input Class Initialized
INFO - 2017-12-13 07:22:10 --> Language Class Initialized
INFO - 2017-12-13 07:22:10 --> Language Class Initialized
INFO - 2017-12-13 07:22:10 --> Config Class Initialized
INFO - 2017-12-13 07:22:10 --> Loader Class Initialized
DEBUG - 2017-12-13 07:22:10 --> File loaded: C:\xampp\htdocs\ci\ussiweb\application\modules/admin/config/site.php
INFO - 2017-12-13 07:22:10 --> Helper loaded: url_helper
INFO - 2017-12-13 07:22:10 --> Helper loaded: inflector_helper
INFO - 2017-12-13 07:22:10 --> Helper loaded: string_helper
INFO - 2017-12-13 07:22:10 --> Helper loaded: array_helper
INFO - 2017-12-13 07:22:10 --> Database Driver Class Initialized
DEBUG - 2017-12-13 07:22:11 --> File loaded: C:\xampp\htdocs\ci\ussiweb\application\modules/admin/config/ion_auth.php
DEBUG - 2017-12-13 07:22:11 --> File loaded: C:\xampp\htdocs\ci\ussiweb\application\modules/admin/config/ion_auth.php
INFO - 2017-12-13 07:22:11 --> Email Class Initialized
INFO - 2017-12-13 07:22:11 --> Language file loaded: language/english/ion_auth_lang.php
INFO - 2017-12-13 07:22:11 --> Helper loaded: cookie_helper
INFO - 2017-12-13 07:22:11 --> Helper loaded: language_helper
DEBUG - 2017-12-13 07:22:11 --> Session: "sess_save_path" is empty; using "session.save_path" value from php.ini.
INFO - 2017-12-13 07:22:11 --> Session: Class initialized using 'files' driver.
INFO - 2017-12-13 07:22:11 --> Model Class Initialized
INFO - 2017-12-13 07:22:11 --> Helper loaded: date_helper
INFO - 2017-12-13 07:22:11 --> User Agent Class Initialized
DEBUG - 2017-12-13 07:22:11 --> File loaded: C:\xampp\htdocs\ci\ussiweb\application\modules/admin/config/autoload.php
DEBUG - 2017-12-13 07:22:11 --> File loaded: C:\xampp\htdocs\ci\ussiweb\application\modules/admin/config/form_validation.php
INFO - 2017-12-13 07:22:11 --> Helper loaded: form_helper
INFO - 2017-12-13 07:22:11 --> Form Validation Class Initialized
INFO - 2017-12-13 07:22:11 --> Model Class Initialized
INFO - 2017-12-13 07:22:11 --> Model Class Initialized
INFO - 2017-12-13 07:22:11 --> Model Class Initialized
INFO - 2017-12-13 07:22:11 --> Model Class Initialized
INFO - 2017-12-13 07:22:11 --> Model Class Initialized
INFO - 2017-12-13 07:22:11 --> Model Class Initialized
INFO - 2017-12-13 07:22:11 --> Model Class Initialized
INFO - 2017-12-13 07:22:11 --> Model Class Initialized
INFO - 2017-12-13 07:22:11 --> Model Class Initialized
INFO - 2017-12-13 07:22:11 --> Model Class Initialized
INFO - 2017-12-13 07:22:11 --> Model Class Initialized
INFO - 2017-12-13 07:22:11 --> Model Class Initialized
INFO - 2017-12-13 07:22:11 --> Controller Class Initialized
DEBUG - 2017-12-13 07:22:11 --> Login MX_Controller Initialized
DEBUG - 2017-12-13 07:22:11 --> File loaded: C:\xampp\htdocs\ci\ussiweb\application\modules/admin/config/autoload.php
DEBUG - 2017-12-13 13:22:11 --> File loaded: C:\xampp\htdocs\ci\ussiweb\application\modules/admin/config/form_validation.php
DEBUG - 2017-12-13 13:22:11 --> File loaded: C:\xampp\htdocs\ci\ussiweb\application\views\_base/head.php
DEBUG - 2017-12-13 13:22:11 --> File loaded: C:\xampp\htdocs\ci\ussiweb\application\modules/admin/views/login.php
DEBUG - 2017-12-13 13:22:11 --> File loaded: C:\xampp\htdocs\ci\ussiweb\application\views\_layouts/empty.php
DEBUG - 2017-12-13 13:22:11 --> File loaded: C:\xampp\htdocs\ci\ussiweb\application\views\_partials/ga.php
DEBUG - 2017-12-13 13:22:11 --> File loaded: C:\xampp\htdocs\ci\ussiweb\application\views\_base/foot.php
INFO - 2017-12-13 13:22:11 --> Final output sent to browser
DEBUG - 2017-12-13 13:22:11 --> Total execution time: 1.3900
DEBUG - 2017-12-13 07:22:11 --> File loaded: C:\xampp\htdocs\ci\ussiweb\application\modules/admin/config/ion_auth.php
DEBUG - 2017-12-13 07:22:11 --> File loaded: C:\xampp\htdocs\ci\ussiweb\application\modules/admin/config/ion_auth.php
INFO - 2017-12-13 07:22:11 --> Email Class Initialized
INFO - 2017-12-13 07:22:11 --> Language file loaded: language/english/ion_auth_lang.php
INFO - 2017-12-13 07:22:11 --> Helper loaded: cookie_helper
INFO - 2017-12-13 07:22:11 --> Helper loaded: language_helper
DEBUG - 2017-12-13 07:22:11 --> Session: "sess_save_path" is empty; using "session.save_path" value from php.ini.
INFO - 2017-12-13 07:22:11 --> Session: Class initialized using 'files' driver.
INFO - 2017-12-13 07:22:11 --> Model Class Initialized
INFO - 2017-12-13 07:22:11 --> Helper loaded: date_helper
INFO - 2017-12-13 07:22:12 --> User Agent Class Initialized
DEBUG - 2017-12-13 07:22:12 --> File loaded: C:\xampp\htdocs\ci\ussiweb\application\modules/admin/config/autoload.php
DEBUG - 2017-12-13 07:22:12 --> File loaded: C:\xampp\htdocs\ci\ussiweb\application\modules/admin/config/form_validation.php
INFO - 2017-12-13 07:22:12 --> Helper loaded: form_helper
INFO - 2017-12-13 07:22:12 --> Form Validation Class Initialized
INFO - 2017-12-13 07:22:12 --> Model Class Initialized
INFO - 2017-12-13 07:22:12 --> Model Class Initialized
INFO - 2017-12-13 07:22:12 --> Model Class Initialized
INFO - 2017-12-13 07:22:12 --> Model Class Initialized
INFO - 2017-12-13 07:22:12 --> Model Class Initialized
INFO - 2017-12-13 07:22:12 --> Model Class Initialized
INFO - 2017-12-13 07:22:12 --> Model Class Initialized
INFO - 2017-12-13 07:22:12 --> Model Class Initialized
INFO - 2017-12-13 07:22:12 --> Model Class Initialized
INFO - 2017-12-13 07:22:12 --> Model Class Initialized
INFO - 2017-12-13 07:22:12 --> Model Class Initialized
INFO - 2017-12-13 07:22:12 --> Model Class Initialized
INFO - 2017-12-13 07:22:12 --> Controller Class Initialized
DEBUG - 2017-12-13 07:22:12 --> Com MX_Controller Initialized
DEBUG - 2017-12-13 07:22:12 --> File loaded: C:\xampp\htdocs\ci\ussiweb\application\modules/admin/config/autoload.php
INFO - 2017-12-13 07:22:12 --> Config Class Initialized
INFO - 2017-12-13 07:22:12 --> Hooks Class Initialized
DEBUG - 2017-12-13 07:22:12 --> UTF-8 Support Enabled
INFO - 2017-12-13 07:22:12 --> Utf8 Class Initialized
INFO - 2017-12-13 07:22:12 --> URI Class Initialized
DEBUG - 2017-12-13 07:22:12 --> File loaded: C:\xampp\htdocs\ci\ussiweb\application\modules/admin/config/routes.php
INFO - 2017-12-13 07:22:12 --> Router Class Initialized
INFO - 2017-12-13 07:22:12 --> Output Class Initialized
INFO - 2017-12-13 07:22:12 --> Security Class Initialized
DEBUG - 2017-12-13 07:22:12 --> Global POST, GET and COOKIE data sanitized
INFO - 2017-12-13 07:22:12 --> Input Class Initialized
INFO - 2017-12-13 07:22:12 --> Language Class Initialized
INFO - 2017-12-13 07:22:12 --> Language Class Initialized
INFO - 2017-12-13 07:22:12 --> Config Class Initialized
INFO - 2017-12-13 07:22:12 --> Loader Class Initialized
DEBUG - 2017-12-13 07:22:12 --> File loaded: C:\xampp\htdocs\ci\ussiweb\application\modules/admin/config/site.php
INFO - 2017-12-13 07:22:12 --> Helper loaded: url_helper
INFO - 2017-12-13 07:22:12 --> Helper loaded: inflector_helper
INFO - 2017-12-13 07:22:12 --> Helper loaded: string_helper
INFO - 2017-12-13 07:22:12 --> Helper loaded: array_helper
INFO - 2017-12-13 07:22:12 --> Database Driver Class Initialized
DEBUG - 2017-12-13 07:22:13 --> File loaded: C:\xampp\htdocs\ci\ussiweb\application\modules/admin/config/ion_auth.php
DEBUG - 2017-12-13 07:22:13 --> File loaded: C:\xampp\htdocs\ci\ussiweb\application\modules/admin/config/ion_auth.php
INFO - 2017-12-13 07:22:13 --> Email Class Initialized
INFO - 2017-12-13 07:22:13 --> Language file loaded: language/english/ion_auth_lang.php
INFO - 2017-12-13 07:22:13 --> Helper loaded: cookie_helper
INFO - 2017-12-13 07:22:13 --> Helper loaded: language_helper
DEBUG - 2017-12-13 07:22:13 --> Session: "sess_save_path" is empty; using "session.save_path" value from php.ini.
INFO - 2017-12-13 07:22:13 --> Session: Class initialized using 'files' driver.
INFO - 2017-12-13 07:22:13 --> Model Class Initialized
INFO - 2017-12-13 07:22:13 --> Helper loaded: date_helper
INFO - 2017-12-13 07:22:13 --> User Agent Class Initialized
DEBUG - 2017-12-13 07:22:13 --> File loaded: C:\xampp\htdocs\ci\ussiweb\application\modules/admin/config/autoload.php
DEBUG - 2017-12-13 07:22:13 --> File loaded: C:\xampp\htdocs\ci\ussiweb\application\modules/admin/config/form_validation.php
INFO - 2017-12-13 07:22:13 --> Helper loaded: form_helper
INFO - 2017-12-13 07:22:13 --> Form Validation Class Initialized
INFO - 2017-12-13 07:22:13 --> Model Class Initialized
INFO - 2017-12-13 07:22:13 --> Model Class Initialized
INFO - 2017-12-13 07:22:13 --> Model Class Initialized
INFO - 2017-12-13 07:22:13 --> Model Class Initialized
INFO - 2017-12-13 07:22:13 --> Model Class Initialized
INFO - 2017-12-13 07:22:13 --> Model Class Initialized
INFO - 2017-12-13 07:22:13 --> Model Class Initialized
INFO - 2017-12-13 07:22:13 --> Model Class Initialized
INFO - 2017-12-13 07:22:13 --> Model Class Initialized
INFO - 2017-12-13 07:22:13 --> Model Class Initialized
INFO - 2017-12-13 07:22:13 --> Model Class Initialized
INFO - 2017-12-13 07:22:13 --> Model Class Initialized
INFO - 2017-12-13 07:22:13 --> Controller Class Initialized
DEBUG - 2017-12-13 07:22:13 --> Login MX_Controller Initialized
DEBUG - 2017-12-13 07:22:13 --> File loaded: C:\xampp\htdocs\ci\ussiweb\application\modules/admin/config/autoload.php
DEBUG - 2017-12-13 13:22:13 --> File loaded: C:\xampp\htdocs\ci\ussiweb\application\modules/admin/config/form_validation.php
DEBUG - 2017-12-13 13:22:13 --> File loaded: C:\xampp\htdocs\ci\ussiweb\application\views\_base/head.php
DEBUG - 2017-12-13 13:22:13 --> File loaded: C:\xampp\htdocs\ci\ussiweb\application\modules/admin/views/login.php
DEBUG - 2017-12-13 13:22:13 --> File loaded: C:\xampp\htdocs\ci\ussiweb\application\views\_layouts/empty.php
DEBUG - 2017-12-13 13:22:13 --> File loaded: C:\xampp\htdocs\ci\ussiweb\application\views\_partials/ga.php
DEBUG - 2017-12-13 13:22:13 --> File loaded: C:\xampp\htdocs\ci\ussiweb\application\views\_base/foot.php
INFO - 2017-12-13 13:22:13 --> Final output sent to browser
DEBUG - 2017-12-13 13:22:13 --> Total execution time: 1.2760
INFO - 2017-12-13 07:22:21 --> Config Class Initialized
INFO - 2017-12-13 07:22:21 --> Hooks Class Initialized
DEBUG - 2017-12-13 07:22:21 --> UTF-8 Support Enabled
INFO - 2017-12-13 07:22:21 --> Utf8 Class Initialized
INFO - 2017-12-13 07:22:21 --> URI Class Initialized
DEBUG - 2017-12-13 07:22:21 --> File loaded: C:\xampp\htdocs\ci\ussiweb\application\modules/admin/config/routes.php
INFO - 2017-12-13 07:22:21 --> Router Class Initialized
INFO - 2017-12-13 07:22:21 --> Output Class Initialized
INFO - 2017-12-13 07:22:21 --> Security Class Initialized
DEBUG - 2017-12-13 07:22:21 --> Global POST, GET and COOKIE data sanitized
INFO - 2017-12-13 07:22:21 --> Input Class Initialized
INFO - 2017-12-13 07:22:21 --> Language Class Initialized
INFO - 2017-12-13 07:22:21 --> Language Class Initialized
INFO - 2017-12-13 07:22:21 --> Config Class Initialized
INFO - 2017-12-13 07:22:21 --> Loader Class Initialized
DEBUG - 2017-12-13 07:22:21 --> File loaded: C:\xampp\htdocs\ci\ussiweb\application\modules/admin/config/site.php
INFO - 2017-12-13 07:22:21 --> Helper loaded: url_helper
INFO - 2017-12-13 07:22:21 --> Helper loaded: inflector_helper
INFO - 2017-12-13 07:22:21 --> Helper loaded: string_helper
INFO - 2017-12-13 07:22:21 --> Helper loaded: array_helper
INFO - 2017-12-13 07:22:21 --> Database Driver Class Initialized
DEBUG - 2017-12-13 07:22:22 --> File loaded: C:\xampp\htdocs\ci\ussiweb\application\modules/admin/config/ion_auth.php
DEBUG - 2017-12-13 07:22:22 --> File loaded: C:\xampp\htdocs\ci\ussiweb\application\modules/admin/config/ion_auth.php
INFO - 2017-12-13 07:22:22 --> Email Class Initialized
INFO - 2017-12-13 07:22:22 --> Language file loaded: language/english/ion_auth_lang.php
INFO - 2017-12-13 07:22:22 --> Helper loaded: cookie_helper
INFO - 2017-12-13 07:22:22 --> Helper loaded: language_helper
DEBUG - 2017-12-13 07:22:22 --> Session: "sess_save_path" is empty; using "session.save_path" value from php.ini.
INFO - 2017-12-13 07:22:22 --> Session: Class initialized using 'files' driver.
INFO - 2017-12-13 07:22:22 --> Model Class Initialized
INFO - 2017-12-13 07:22:22 --> Helper loaded: date_helper
INFO - 2017-12-13 07:22:22 --> User Agent Class Initialized
DEBUG - 2017-12-13 07:22:22 --> File loaded: C:\xampp\htdocs\ci\ussiweb\application\modules/admin/config/autoload.php
DEBUG - 2017-12-13 07:22:22 --> File loaded: C:\xampp\htdocs\ci\ussiweb\application\modules/admin/config/form_validation.php
INFO - 2017-12-13 07:22:22 --> Helper loaded: form_helper
INFO - 2017-12-13 07:22:22 --> Form Validation Class Initialized
INFO - 2017-12-13 07:22:22 --> Model Class Initialized
INFO - 2017-12-13 07:22:22 --> Model Class Initialized
INFO - 2017-12-13 07:22:22 --> Model Class Initialized
INFO - 2017-12-13 07:22:22 --> Model Class Initialized
INFO - 2017-12-13 07:22:22 --> Model Class Initialized
INFO - 2017-12-13 07:22:22 --> Model Class Initialized
INFO - 2017-12-13 07:22:22 --> Model Class Initialized
INFO - 2017-12-13 07:22:22 --> Model Class Initialized
INFO - 2017-12-13 07:22:22 --> Model Class Initialized
INFO - 2017-12-13 07:22:22 --> Model Class Initialized
INFO - 2017-12-13 07:22:22 --> Model Class Initialized
INFO - 2017-12-13 07:22:22 --> Model Class Initialized
INFO - 2017-12-13 07:22:22 --> Controller Class Initialized
DEBUG - 2017-12-13 07:22:22 --> Login MX_Controller Initialized
DEBUG - 2017-12-13 07:22:22 --> File loaded: C:\xampp\htdocs\ci\ussiweb\application\modules/admin/config/autoload.php
DEBUG - 2017-12-13 13:22:22 --> File loaded: C:\xampp\htdocs\ci\ussiweb\application\modules/admin/config/form_validation.php
INFO - 2017-12-13 13:22:22 --> Language file loaded: language/english/form_validation_lang.php
INFO - 2017-12-13 07:22:23 --> Config Class Initialized
INFO - 2017-12-13 07:22:23 --> Hooks Class Initialized
DEBUG - 2017-12-13 07:22:23 --> UTF-8 Support Enabled
INFO - 2017-12-13 07:22:23 --> Utf8 Class Initialized
INFO - 2017-12-13 07:22:23 --> URI Class Initialized
DEBUG - 2017-12-13 07:22:23 --> File loaded: C:\xampp\htdocs\ci\ussiweb\application\modules/admin/config/routes.php
INFO - 2017-12-13 07:22:23 --> Router Class Initialized
INFO - 2017-12-13 07:22:23 --> Output Class Initialized
INFO - 2017-12-13 07:22:23 --> Security Class Initialized
DEBUG - 2017-12-13 07:22:23 --> Global POST, GET and COOKIE data sanitized
INFO - 2017-12-13 07:22:23 --> Input Class Initialized
INFO - 2017-12-13 07:22:23 --> Language Class Initialized
INFO - 2017-12-13 07:22:23 --> Language Class Initialized
INFO - 2017-12-13 07:22:23 --> Config Class Initialized
INFO - 2017-12-13 07:22:23 --> Loader Class Initialized
DEBUG - 2017-12-13 07:22:23 --> File loaded: C:\xampp\htdocs\ci\ussiweb\application\modules/admin/config/site.php
INFO - 2017-12-13 07:22:23 --> Helper loaded: url_helper
INFO - 2017-12-13 07:22:23 --> Helper loaded: inflector_helper
INFO - 2017-12-13 07:22:23 --> Helper loaded: string_helper
INFO - 2017-12-13 07:22:23 --> Helper loaded: array_helper
INFO - 2017-12-13 07:22:23 --> Database Driver Class Initialized
DEBUG - 2017-12-13 07:22:24 --> File loaded: C:\xampp\htdocs\ci\ussiweb\application\modules/admin/config/ion_auth.php
DEBUG - 2017-12-13 07:22:24 --> File loaded: C:\xampp\htdocs\ci\ussiweb\application\modules/admin/config/ion_auth.php
INFO - 2017-12-13 07:22:24 --> Email Class Initialized
INFO - 2017-12-13 07:22:24 --> Language file loaded: language/english/ion_auth_lang.php
INFO - 2017-12-13 07:22:24 --> Helper loaded: cookie_helper
INFO - 2017-12-13 07:22:24 --> Helper loaded: language_helper
DEBUG - 2017-12-13 07:22:24 --> Session: "sess_save_path" is empty; using "session.save_path" value from php.ini.
INFO - 2017-12-13 07:22:24 --> Session: Class initialized using 'files' driver.
INFO - 2017-12-13 07:22:24 --> Model Class Initialized
INFO - 2017-12-13 07:22:24 --> Helper loaded: date_helper
INFO - 2017-12-13 07:22:24 --> User Agent Class Initialized
DEBUG - 2017-12-13 07:22:24 --> File loaded: C:\xampp\htdocs\ci\ussiweb\application\modules/admin/config/autoload.php
DEBUG - 2017-12-13 07:22:24 --> File loaded: C:\xampp\htdocs\ci\ussiweb\application\modules/admin/config/form_validation.php
INFO - 2017-12-13 07:22:24 --> Helper loaded: form_helper
INFO - 2017-12-13 07:22:24 --> Form Validation Class Initialized
INFO - 2017-12-13 07:22:24 --> Model Class Initialized
INFO - 2017-12-13 07:22:24 --> Model Class Initialized
INFO - 2017-12-13 07:22:24 --> Model Class Initialized
INFO - 2017-12-13 07:22:24 --> Model Class Initialized
INFO - 2017-12-13 07:22:24 --> Model Class Initialized
INFO - 2017-12-13 07:22:24 --> Model Class Initialized
INFO - 2017-12-13 07:22:24 --> Model Class Initialized
INFO - 2017-12-13 07:22:24 --> Model Class Initialized
INFO - 2017-12-13 07:22:24 --> Model Class Initialized
INFO - 2017-12-13 07:22:24 --> Model Class Initialized
INFO - 2017-12-13 07:22:24 --> Model Class Initialized
INFO - 2017-12-13 07:22:24 --> Model Class Initialized
INFO - 2017-12-13 07:22:24 --> Controller Class Initialized
DEBUG - 2017-12-13 07:22:24 --> Home MX_Controller Initialized
DEBUG - 2017-12-13 07:22:24 --> File loaded: C:\xampp\htdocs\ci\ussiweb\application\modules/admin/config/autoload.php
INFO - 2017-12-13 13:22:25 --> Model Class Initialized
DEBUG - 2017-12-13 13:22:26 --> File loaded: C:\xampp\htdocs\ci\ussiweb\application\views\_base/head.php
DEBUG - 2017-12-13 13:22:26 --> File loaded: C:\xampp\htdocs\ci\ussiweb\application\modules/admin/views/_partials/navbar.php
DEBUG - 2017-12-13 13:22:26 --> File loaded: C:\xampp\htdocs\ci\ussiweb\application\modules/admin/views/_partials/sidemenu_search.php
DEBUG - 2017-12-13 13:22:26 --> File loaded: C:\xampp\htdocs\ci\ussiweb\application\modules/admin/views/_partials/sidemenu.php
DEBUG - 2017-12-13 13:22:26 --> File loaded: C:\xampp\htdocs\ci\ussiweb\application\modules/admin/views/_partials/breadcrumb.php
DEBUG - 2017-12-13 13:22:26 --> File loaded: C:\xampp\htdocs\ci\ussiweb\application\modules/admin/views/_partials/errorpage.php
DEBUG - 2017-12-13 13:22:26 --> File loaded: C:\xampp\htdocs\ci\ussiweb\application\controllers/../modules/adminlte/controllers/Widget.php
DEBUG - 2017-12-13 13:22:26 --> Widget MX_Controller Initialized
DEBUG - 2017-12-13 13:22:26 --> File loaded: C:\xampp\htdocs\ci\ussiweb\application\modules/admin/views/home.php
DEBUG - 2017-12-13 13:22:26 --> File loaded: C:\xampp\htdocs\ci\ussiweb\application\modules/admin/views/_partials/back_btn.php
DEBUG - 2017-12-13 13:22:26 --> File loaded: C:\xampp\htdocs\ci\ussiweb\application\modules/admin/views/_layouts/default.php
DEBUG - 2017-12-13 13:22:26 --> File loaded: C:\xampp\htdocs\ci\ussiweb\application\views\_partials/ga.php
DEBUG - 2017-12-13 13:22:26 --> File loaded: C:\xampp\htdocs\ci\ussiweb\application\views\_base/foot.php
INFO - 2017-12-13 13:22:26 --> Final output sent to browser
DEBUG - 2017-12-13 13:22:26 --> Total execution time: 2.5300
