INFO - 2017-12-07 07:20:57 --> Config Class Initialized
INFO - 2017-12-07 07:20:57 --> Hooks Class Initialized
DEBUG - 2017-12-07 07:20:57 --> UTF-8 Support Enabled
INFO - 2017-12-07 07:20:57 --> Utf8 Class Initialized
INFO - 2017-12-07 07:20:57 --> URI Class Initialized
DEBUG - 2017-12-07 07:20:57 --> File loaded: C:\xampp\htdocs\ci\ussiweb\application\modules/admin/config/routes.php
INFO - 2017-12-07 07:20:57 --> Router Class Initialized
INFO - 2017-12-07 07:20:57 --> Output Class Initialized
INFO - 2017-12-07 07:20:57 --> Security Class Initialized
DEBUG - 2017-12-07 07:20:57 --> Global POST, GET and COOKIE data sanitized
INFO - 2017-12-07 07:20:57 --> Input Class Initialized
INFO - 2017-12-07 07:20:57 --> Language Class Initialized
INFO - 2017-12-07 07:20:57 --> Language Class Initialized
INFO - 2017-12-07 07:20:57 --> Config Class Initialized
INFO - 2017-12-07 07:20:57 --> Loader Class Initialized
DEBUG - 2017-12-07 07:20:57 --> File loaded: C:\xampp\htdocs\ci\ussiweb\application\modules/admin/config/site.php
INFO - 2017-12-07 07:20:57 --> Helper loaded: url_helper
INFO - 2017-12-07 07:20:57 --> Helper loaded: inflector_helper
INFO - 2017-12-07 07:20:57 --> Helper loaded: string_helper
INFO - 2017-12-07 07:20:57 --> Helper loaded: array_helper
INFO - 2017-12-07 07:20:57 --> Database Driver Class Initialized
DEBUG - 2017-12-07 07:20:57 --> File loaded: C:\xampp\htdocs\ci\ussiweb\application\modules/admin/config/ion_auth.php
DEBUG - 2017-12-07 07:20:57 --> File loaded: C:\xampp\htdocs\ci\ussiweb\application\modules/admin/config/ion_auth.php
INFO - 2017-12-07 07:20:58 --> Email Class Initialized
INFO - 2017-12-07 07:20:58 --> Language file loaded: language/english/ion_auth_lang.php
INFO - 2017-12-07 07:20:58 --> Helper loaded: cookie_helper
INFO - 2017-12-07 07:20:58 --> Helper loaded: language_helper
DEBUG - 2017-12-07 07:20:58 --> Session: "sess_save_path" is empty; using "session.save_path" value from php.ini.
INFO - 2017-12-07 07:20:58 --> Session: Class initialized using 'files' driver.
INFO - 2017-12-07 07:20:58 --> Model Class Initialized
INFO - 2017-12-07 07:20:58 --> Helper loaded: date_helper
INFO - 2017-12-07 07:20:58 --> User Agent Class Initialized
DEBUG - 2017-12-07 07:20:58 --> File loaded: C:\xampp\htdocs\ci\ussiweb\application\modules/admin/config/autoload.php
DEBUG - 2017-12-07 07:20:58 --> File loaded: C:\xampp\htdocs\ci\ussiweb\application\modules/admin/config/form_validation.php
INFO - 2017-12-07 07:20:58 --> Helper loaded: form_helper
INFO - 2017-12-07 07:20:58 --> Form Validation Class Initialized
INFO - 2017-12-07 07:20:58 --> Model Class Initialized
INFO - 2017-12-07 07:20:58 --> Model Class Initialized
INFO - 2017-12-07 07:20:58 --> Model Class Initialized
INFO - 2017-12-07 07:20:58 --> Model Class Initialized
INFO - 2017-12-07 07:20:58 --> Model Class Initialized
INFO - 2017-12-07 07:20:58 --> Model Class Initialized
INFO - 2017-12-07 07:20:58 --> Model Class Initialized
INFO - 2017-12-07 07:20:58 --> Model Class Initialized
INFO - 2017-12-07 07:20:58 --> Model Class Initialized
INFO - 2017-12-07 07:20:58 --> Model Class Initialized
INFO - 2017-12-07 07:20:58 --> Model Class Initialized
INFO - 2017-12-07 07:20:58 --> Model Class Initialized
INFO - 2017-12-07 07:20:58 --> Controller Class Initialized
DEBUG - 2017-12-07 07:20:58 --> Simpanan MX_Controller Initialized
DEBUG - 2017-12-07 07:20:58 --> File loaded: C:\xampp\htdocs\ci\ussiweb\application\modules/admin/config/autoload.php
INFO - 2017-12-07 07:20:58 --> Config Class Initialized
INFO - 2017-12-07 07:20:58 --> Hooks Class Initialized
DEBUG - 2017-12-07 07:20:58 --> UTF-8 Support Enabled
INFO - 2017-12-07 07:20:58 --> Utf8 Class Initialized
INFO - 2017-12-07 07:20:58 --> URI Class Initialized
DEBUG - 2017-12-07 07:20:58 --> File loaded: C:\xampp\htdocs\ci\ussiweb\application\modules/admin/config/routes.php
INFO - 2017-12-07 07:20:58 --> Router Class Initialized
INFO - 2017-12-07 07:20:58 --> Output Class Initialized
INFO - 2017-12-07 07:20:58 --> Security Class Initialized
DEBUG - 2017-12-07 07:20:58 --> Global POST, GET and COOKIE data sanitized
INFO - 2017-12-07 07:20:58 --> Input Class Initialized
INFO - 2017-12-07 07:20:58 --> Language Class Initialized
INFO - 2017-12-07 07:20:58 --> Language Class Initialized
INFO - 2017-12-07 07:20:58 --> Config Class Initialized
INFO - 2017-12-07 07:20:58 --> Loader Class Initialized
DEBUG - 2017-12-07 07:20:58 --> File loaded: C:\xampp\htdocs\ci\ussiweb\application\modules/admin/config/site.php
INFO - 2017-12-07 07:20:58 --> Helper loaded: url_helper
INFO - 2017-12-07 07:20:58 --> Helper loaded: inflector_helper
INFO - 2017-12-07 07:20:58 --> Helper loaded: string_helper
INFO - 2017-12-07 07:20:58 --> Helper loaded: array_helper
INFO - 2017-12-07 07:20:58 --> Database Driver Class Initialized
DEBUG - 2017-12-07 07:20:58 --> File loaded: C:\xampp\htdocs\ci\ussiweb\application\modules/admin/config/ion_auth.php
DEBUG - 2017-12-07 07:20:58 --> File loaded: C:\xampp\htdocs\ci\ussiweb\application\modules/admin/config/ion_auth.php
INFO - 2017-12-07 07:20:58 --> Email Class Initialized
INFO - 2017-12-07 07:20:58 --> Language file loaded: language/english/ion_auth_lang.php
INFO - 2017-12-07 07:20:58 --> Helper loaded: cookie_helper
INFO - 2017-12-07 07:20:58 --> Helper loaded: language_helper
DEBUG - 2017-12-07 07:20:58 --> Session: "sess_save_path" is empty; using "session.save_path" value from php.ini.
INFO - 2017-12-07 07:20:58 --> Session: Class initialized using 'files' driver.
INFO - 2017-12-07 07:20:58 --> Model Class Initialized
INFO - 2017-12-07 07:20:58 --> Helper loaded: date_helper
INFO - 2017-12-07 07:20:58 --> User Agent Class Initialized
DEBUG - 2017-12-07 07:20:58 --> File loaded: C:\xampp\htdocs\ci\ussiweb\application\modules/admin/config/autoload.php
DEBUG - 2017-12-07 07:20:58 --> File loaded: C:\xampp\htdocs\ci\ussiweb\application\modules/admin/config/form_validation.php
INFO - 2017-12-07 07:20:58 --> Helper loaded: form_helper
INFO - 2017-12-07 07:20:58 --> Form Validation Class Initialized
INFO - 2017-12-07 07:20:58 --> Model Class Initialized
INFO - 2017-12-07 07:20:58 --> Model Class Initialized
INFO - 2017-12-07 07:20:58 --> Model Class Initialized
INFO - 2017-12-07 07:20:58 --> Model Class Initialized
INFO - 2017-12-07 07:20:58 --> Model Class Initialized
INFO - 2017-12-07 07:20:58 --> Model Class Initialized
INFO - 2017-12-07 07:20:58 --> Model Class Initialized
INFO - 2017-12-07 07:20:58 --> Model Class Initialized
INFO - 2017-12-07 07:20:58 --> Model Class Initialized
INFO - 2017-12-07 07:20:58 --> Model Class Initialized
INFO - 2017-12-07 07:20:58 --> Model Class Initialized
INFO - 2017-12-07 07:20:58 --> Model Class Initialized
INFO - 2017-12-07 07:20:58 --> Controller Class Initialized
DEBUG - 2017-12-07 07:20:58 --> Login MX_Controller Initialized
DEBUG - 2017-12-07 07:20:58 --> File loaded: C:\xampp\htdocs\ci\ussiweb\application\modules/admin/config/autoload.php
DEBUG - 2017-12-07 13:20:58 --> File loaded: C:\xampp\htdocs\ci\ussiweb\application\modules/admin/config/form_validation.php
DEBUG - 2017-12-07 13:20:58 --> File loaded: C:\xampp\htdocs\ci\ussiweb\application\views\_base/head.php
DEBUG - 2017-12-07 13:20:58 --> File loaded: C:\xampp\htdocs\ci\ussiweb\application\modules/admin/views/login.php
DEBUG - 2017-12-07 13:20:58 --> File loaded: C:\xampp\htdocs\ci\ussiweb\application\views\_layouts/empty.php
DEBUG - 2017-12-07 13:20:58 --> File loaded: C:\xampp\htdocs\ci\ussiweb\application\views\_partials/ga.php
DEBUG - 2017-12-07 13:20:58 --> File loaded: C:\xampp\htdocs\ci\ussiweb\application\views\_base/foot.php
INFO - 2017-12-07 13:20:58 --> Final output sent to browser
DEBUG - 2017-12-07 13:20:58 --> Total execution time: 0.1700
INFO - 2017-12-07 07:21:02 --> Config Class Initialized
INFO - 2017-12-07 07:21:02 --> Hooks Class Initialized
DEBUG - 2017-12-07 07:21:02 --> UTF-8 Support Enabled
INFO - 2017-12-07 07:21:02 --> Utf8 Class Initialized
INFO - 2017-12-07 07:21:02 --> URI Class Initialized
DEBUG - 2017-12-07 07:21:02 --> File loaded: C:\xampp\htdocs\ci\ussiweb\application\modules/admin/config/routes.php
INFO - 2017-12-07 07:21:02 --> Router Class Initialized
INFO - 2017-12-07 07:21:02 --> Output Class Initialized
INFO - 2017-12-07 07:21:02 --> Security Class Initialized
DEBUG - 2017-12-07 07:21:02 --> Global POST, GET and COOKIE data sanitized
INFO - 2017-12-07 07:21:02 --> Input Class Initialized
INFO - 2017-12-07 07:21:02 --> Language Class Initialized
INFO - 2017-12-07 07:21:02 --> Language Class Initialized
INFO - 2017-12-07 07:21:02 --> Config Class Initialized
INFO - 2017-12-07 07:21:02 --> Loader Class Initialized
DEBUG - 2017-12-07 07:21:02 --> File loaded: C:\xampp\htdocs\ci\ussiweb\application\modules/admin/config/site.php
INFO - 2017-12-07 07:21:02 --> Helper loaded: url_helper
INFO - 2017-12-07 07:21:02 --> Helper loaded: inflector_helper
INFO - 2017-12-07 07:21:02 --> Helper loaded: string_helper
INFO - 2017-12-07 07:21:02 --> Helper loaded: array_helper
INFO - 2017-12-07 07:21:02 --> Database Driver Class Initialized
DEBUG - 2017-12-07 07:21:02 --> File loaded: C:\xampp\htdocs\ci\ussiweb\application\modules/admin/config/ion_auth.php
DEBUG - 2017-12-07 07:21:02 --> File loaded: C:\xampp\htdocs\ci\ussiweb\application\modules/admin/config/ion_auth.php
INFO - 2017-12-07 07:21:02 --> Email Class Initialized
INFO - 2017-12-07 07:21:02 --> Language file loaded: language/english/ion_auth_lang.php
INFO - 2017-12-07 07:21:02 --> Helper loaded: cookie_helper
INFO - 2017-12-07 07:21:02 --> Helper loaded: language_helper
DEBUG - 2017-12-07 07:21:02 --> Session: "sess_save_path" is empty; using "session.save_path" value from php.ini.
INFO - 2017-12-07 07:21:02 --> Session: Class initialized using 'files' driver.
INFO - 2017-12-07 07:21:02 --> Model Class Initialized
INFO - 2017-12-07 07:21:02 --> Helper loaded: date_helper
INFO - 2017-12-07 07:21:02 --> User Agent Class Initialized
DEBUG - 2017-12-07 07:21:02 --> File loaded: C:\xampp\htdocs\ci\ussiweb\application\modules/admin/config/autoload.php
DEBUG - 2017-12-07 07:21:02 --> File loaded: C:\xampp\htdocs\ci\ussiweb\application\modules/admin/config/form_validation.php
INFO - 2017-12-07 07:21:02 --> Helper loaded: form_helper
INFO - 2017-12-07 07:21:02 --> Form Validation Class Initialized
INFO - 2017-12-07 07:21:02 --> Model Class Initialized
INFO - 2017-12-07 07:21:02 --> Model Class Initialized
INFO - 2017-12-07 07:21:02 --> Model Class Initialized
INFO - 2017-12-07 07:21:02 --> Model Class Initialized
INFO - 2017-12-07 07:21:02 --> Model Class Initialized
INFO - 2017-12-07 07:21:02 --> Model Class Initialized
INFO - 2017-12-07 07:21:02 --> Model Class Initialized
INFO - 2017-12-07 07:21:02 --> Model Class Initialized
INFO - 2017-12-07 07:21:02 --> Model Class Initialized
INFO - 2017-12-07 07:21:02 --> Model Class Initialized
INFO - 2017-12-07 07:21:02 --> Model Class Initialized
INFO - 2017-12-07 07:21:02 --> Model Class Initialized
INFO - 2017-12-07 07:21:02 --> Controller Class Initialized
DEBUG - 2017-12-07 07:21:02 --> Login MX_Controller Initialized
DEBUG - 2017-12-07 07:21:02 --> File loaded: C:\xampp\htdocs\ci\ussiweb\application\modules/admin/config/autoload.php
DEBUG - 2017-12-07 13:21:02 --> File loaded: C:\xampp\htdocs\ci\ussiweb\application\modules/admin/config/form_validation.php
INFO - 2017-12-07 13:21:02 --> Language file loaded: language/english/form_validation_lang.php
INFO - 2017-12-07 07:21:02 --> Config Class Initialized
INFO - 2017-12-07 07:21:02 --> Hooks Class Initialized
DEBUG - 2017-12-07 07:21:02 --> UTF-8 Support Enabled
INFO - 2017-12-07 07:21:02 --> Utf8 Class Initialized
INFO - 2017-12-07 07:21:02 --> URI Class Initialized
DEBUG - 2017-12-07 07:21:02 --> File loaded: C:\xampp\htdocs\ci\ussiweb\application\modules/admin/config/routes.php
INFO - 2017-12-07 07:21:02 --> Router Class Initialized
INFO - 2017-12-07 07:21:02 --> Output Class Initialized
INFO - 2017-12-07 07:21:02 --> Security Class Initialized
DEBUG - 2017-12-07 07:21:02 --> Global POST, GET and COOKIE data sanitized
INFO - 2017-12-07 07:21:02 --> Input Class Initialized
INFO - 2017-12-07 07:21:02 --> Language Class Initialized
INFO - 2017-12-07 07:21:02 --> Language Class Initialized
INFO - 2017-12-07 07:21:02 --> Config Class Initialized
INFO - 2017-12-07 07:21:02 --> Loader Class Initialized
DEBUG - 2017-12-07 07:21:02 --> File loaded: C:\xampp\htdocs\ci\ussiweb\application\modules/admin/config/site.php
INFO - 2017-12-07 07:21:02 --> Helper loaded: url_helper
INFO - 2017-12-07 07:21:02 --> Helper loaded: inflector_helper
INFO - 2017-12-07 07:21:02 --> Helper loaded: string_helper
INFO - 2017-12-07 07:21:02 --> Helper loaded: array_helper
INFO - 2017-12-07 07:21:02 --> Database Driver Class Initialized
DEBUG - 2017-12-07 07:21:02 --> File loaded: C:\xampp\htdocs\ci\ussiweb\application\modules/admin/config/ion_auth.php
DEBUG - 2017-12-07 07:21:02 --> File loaded: C:\xampp\htdocs\ci\ussiweb\application\modules/admin/config/ion_auth.php
INFO - 2017-12-07 07:21:02 --> Email Class Initialized
INFO - 2017-12-07 07:21:02 --> Language file loaded: language/english/ion_auth_lang.php
INFO - 2017-12-07 07:21:02 --> Helper loaded: cookie_helper
INFO - 2017-12-07 07:21:02 --> Helper loaded: language_helper
DEBUG - 2017-12-07 07:21:02 --> Session: "sess_save_path" is empty; using "session.save_path" value from php.ini.
INFO - 2017-12-07 07:21:02 --> Session: Class initialized using 'files' driver.
INFO - 2017-12-07 07:21:02 --> Model Class Initialized
INFO - 2017-12-07 07:21:02 --> Helper loaded: date_helper
INFO - 2017-12-07 07:21:02 --> User Agent Class Initialized
DEBUG - 2017-12-07 07:21:02 --> File loaded: C:\xampp\htdocs\ci\ussiweb\application\modules/admin/config/autoload.php
DEBUG - 2017-12-07 07:21:02 --> File loaded: C:\xampp\htdocs\ci\ussiweb\application\modules/admin/config/form_validation.php
INFO - 2017-12-07 07:21:02 --> Helper loaded: form_helper
INFO - 2017-12-07 07:21:02 --> Form Validation Class Initialized
INFO - 2017-12-07 07:21:02 --> Model Class Initialized
INFO - 2017-12-07 07:21:02 --> Model Class Initialized
INFO - 2017-12-07 07:21:02 --> Model Class Initialized
INFO - 2017-12-07 07:21:02 --> Model Class Initialized
INFO - 2017-12-07 07:21:02 --> Model Class Initialized
INFO - 2017-12-07 07:21:02 --> Model Class Initialized
INFO - 2017-12-07 07:21:02 --> Model Class Initialized
INFO - 2017-12-07 07:21:02 --> Model Class Initialized
INFO - 2017-12-07 07:21:02 --> Model Class Initialized
INFO - 2017-12-07 07:21:02 --> Model Class Initialized
INFO - 2017-12-07 07:21:02 --> Model Class Initialized
INFO - 2017-12-07 07:21:02 --> Model Class Initialized
INFO - 2017-12-07 07:21:02 --> Controller Class Initialized
DEBUG - 2017-12-07 07:21:02 --> Home MX_Controller Initialized
DEBUG - 2017-12-07 07:21:02 --> File loaded: C:\xampp\htdocs\ci\ussiweb\application\modules/admin/config/autoload.php
INFO - 2017-12-07 13:21:03 --> Model Class Initialized
DEBUG - 2017-12-07 13:21:03 --> File loaded: C:\xampp\htdocs\ci\ussiweb\application\views\_base/head.php
DEBUG - 2017-12-07 13:21:03 --> File loaded: C:\xampp\htdocs\ci\ussiweb\application\modules/admin/views/_partials/navbar.php
DEBUG - 2017-12-07 13:21:03 --> File loaded: C:\xampp\htdocs\ci\ussiweb\application\modules/admin/views/_partials/sidemenu_search.php
DEBUG - 2017-12-07 13:21:03 --> File loaded: C:\xampp\htdocs\ci\ussiweb\application\modules/admin/views/_partials/sidemenu.php
DEBUG - 2017-12-07 13:21:03 --> File loaded: C:\xampp\htdocs\ci\ussiweb\application\modules/admin/views/_partials/breadcrumb.php
DEBUG - 2017-12-07 13:21:03 --> File loaded: C:\xampp\htdocs\ci\ussiweb\application\modules/admin/views/_partials/errorpage.php
DEBUG - 2017-12-07 13:21:03 --> File loaded: C:\xampp\htdocs\ci\ussiweb\application\controllers/../modules/adminlte/controllers/Widget.php
DEBUG - 2017-12-07 13:21:03 --> Widget MX_Controller Initialized
DEBUG - 2017-12-07 13:21:03 --> File loaded: C:\xampp\htdocs\ci\ussiweb\application\modules/admin/views/home.php
DEBUG - 2017-12-07 13:21:03 --> File loaded: C:\xampp\htdocs\ci\ussiweb\application\modules/admin/views/_partials/back_btn.php
DEBUG - 2017-12-07 13:21:03 --> File loaded: C:\xampp\htdocs\ci\ussiweb\application\modules/admin/views/_layouts/default.php
DEBUG - 2017-12-07 13:21:03 --> File loaded: C:\xampp\htdocs\ci\ussiweb\application\views\_partials/ga.php
DEBUG - 2017-12-07 13:21:03 --> File loaded: C:\xampp\htdocs\ci\ussiweb\application\views\_base/foot.php
INFO - 2017-12-07 13:21:03 --> Final output sent to browser
DEBUG - 2017-12-07 13:21:03 --> Total execution time: 0.3600
