INFO - 2018-01-24 03:46:21 --> Config Class Initialized
INFO - 2018-01-24 03:46:21 --> Hooks Class Initialized
DEBUG - 2018-01-24 03:46:21 --> UTF-8 Support Enabled
INFO - 2018-01-24 03:46:21 --> Utf8 Class Initialized
INFO - 2018-01-24 03:46:21 --> URI Class Initialized
INFO - 2018-01-24 03:46:21 --> Router Class Initialized
INFO - 2018-01-24 03:46:21 --> Output Class Initialized
INFO - 2018-01-24 03:46:21 --> Security Class Initialized
DEBUG - 2018-01-24 03:46:21 --> Global POST, GET and COOKIE data sanitized
INFO - 2018-01-24 03:46:21 --> Input Class Initialized
INFO - 2018-01-24 03:46:21 --> Language Class Initialized
INFO - 2018-01-24 03:46:21 --> Language Class Initialized
INFO - 2018-01-24 03:46:21 --> Config Class Initialized
INFO - 2018-01-24 03:46:21 --> Loader Class Initialized
DEBUG - 2018-01-24 03:46:21 --> File loaded: C:\xampp\htdocs\ci\ussiweb\application\modules/api/config/site.php
INFO - 2018-01-24 03:46:21 --> Helper loaded: url_helper
INFO - 2018-01-24 03:46:21 --> Helper loaded: inflector_helper
INFO - 2018-01-24 03:46:21 --> Helper loaded: string_helper
INFO - 2018-01-24 03:46:21 --> Helper loaded: array_helper
INFO - 2018-01-24 03:46:21 --> Database Driver Class Initialized
DEBUG - 2018-01-24 03:46:22 --> Config file loaded: C:\xampp\htdocs\ci\ussiweb\application\config/ion_auth.php
DEBUG - 2018-01-24 03:46:22 --> Config file loaded: C:\xampp\htdocs\ci\ussiweb\application\third_party/ion_auth/config/ion_auth.php
INFO - 2018-01-24 03:46:22 --> Email Class Initialized
INFO - 2018-01-24 03:46:22 --> Language file loaded: language/english/ion_auth_lang.php
INFO - 2018-01-24 03:46:22 --> Helper loaded: cookie_helper
INFO - 2018-01-24 03:46:22 --> Helper loaded: language_helper
DEBUG - 2018-01-24 03:46:22 --> Session: "sess_save_path" is empty; using "session.save_path" value from php.ini.
INFO - 2018-01-24 03:46:22 --> Session: Class initialized using 'files' driver.
INFO - 2018-01-24 03:46:22 --> Model Class Initialized
INFO - 2018-01-24 03:46:22 --> Helper loaded: date_helper
INFO - 2018-01-24 03:46:22 --> User Agent Class Initialized
DEBUG - 2018-01-24 03:46:22 --> File loaded: C:\xampp\htdocs\ci\ussiweb\application\modules/api/config/autoload.php
DEBUG - 2018-01-24 03:46:22 --> User_agent class already loaded. Second attempt ignored.
INFO - 2018-01-24 03:46:22 --> Model Class Initialized
INFO - 2018-01-24 03:46:22 --> Model Class Initialized
INFO - 2018-01-24 03:46:22 --> Model Class Initialized
INFO - 2018-01-24 03:46:22 --> Model Class Initialized
INFO - 2018-01-24 03:46:22 --> Model Class Initialized
INFO - 2018-01-24 03:46:22 --> Model Class Initialized
INFO - 2018-01-24 03:46:22 --> Model Class Initialized
INFO - 2018-01-24 03:46:22 --> Model Class Initialized
INFO - 2018-01-24 03:46:22 --> Model Class Initialized
INFO - 2018-01-24 03:46:22 --> Model Class Initialized
INFO - 2018-01-24 03:46:22 --> Model Class Initialized
INFO - 2018-01-24 03:46:22 --> Model Class Initialized
INFO - 2018-01-24 03:46:22 --> Model Class Initialized
INFO - 2018-01-24 03:46:22 --> Model Class Initialized
INFO - 2018-01-24 03:46:22 --> Model Class Initialized
INFO - 2018-01-24 03:46:22 --> Model Class Initialized
INFO - 2018-01-24 03:46:22 --> Model Class Initialized
INFO - 2018-01-24 03:46:22 --> Model Class Initialized
INFO - 2018-01-24 03:46:22 --> Controller Class Initialized
DEBUG - 2018-01-24 03:46:22 --> Report MX_Controller Initialized
DEBUG - 2018-01-24 03:46:22 --> File loaded: C:\xampp\htdocs\ci\ussiweb\application\modules/api/config/autoload.php
DEBUG - 2018-01-24 03:46:22 --> User_agent class already loaded. Second attempt ignored.
DEBUG - 2018-01-24 03:46:22 --> File loaded: C:\xampp\htdocs\ci\ussiweb\application\modules/api/config/rest.php
DEBUG - 2018-01-24 03:46:22 --> File loaded: C:\xampp\htdocs\ci\ussiweb\application\modules/api/libraries/Format.php
DEBUG - 2018-01-24 03:46:22 --> File loaded: C:\xampp\htdocs\ci\ussiweb\application\modules/api/language/english/rest_controller_lang.php
INFO - 2018-01-24 03:46:22 --> Database Driver Class Initialized
INFO - 2018-01-24 09:46:24 --> Model Class Initialized
INFO - 2018-01-24 09:46:24 --> Action: begin|API|sYFNIbpZt23Lkh[::1] 
INFO - 2018-01-24 09:46:24 --> Action: receiver |API|sYFNIbpZt23Lkh ---|data: Array([uri] => api/report/getdownline_report[method] => post[params] => a:3:{s:11:"downlineid1";s:3:"103";s:6:"tgl_fr";s:10:"2017-08-03";s:6:"tgl_to";s:10:"2017-08-24";}[api_key] => a1s2d3f4g5Q[key_session] => [time] => 1516761984)
INFO - 2018-01-24 09:46:24 --> Final output sent to browser
DEBUG - 2018-01-24 09:46:24 --> Total execution time: 2.4751
