INFO - 2018-05-10 07:54:16 --> Config Class Initialized
INFO - 2018-05-10 07:54:16 --> Hooks Class Initialized
DEBUG - 2018-05-10 07:54:16 --> UTF-8 Support Enabled
INFO - 2018-05-10 07:54:16 --> Utf8 Class Initialized
INFO - 2018-05-10 07:54:16 --> URI Class Initialized
DEBUG - 2018-05-10 07:54:17 --> File loaded: C:\xampp\htdocs\ci\ussiweb\application\modules/admin/config/routes.php
INFO - 2018-05-10 07:54:17 --> Router Class Initialized
INFO - 2018-05-10 07:54:17 --> Output Class Initialized
INFO - 2018-05-10 07:54:17 --> Security Class Initialized
DEBUG - 2018-05-10 07:54:17 --> Global POST, GET and COOKIE data sanitized
INFO - 2018-05-10 07:54:17 --> Input Class Initialized
INFO - 2018-05-10 07:54:17 --> Language Class Initialized
INFO - 2018-05-10 07:54:17 --> Language Class Initialized
INFO - 2018-05-10 07:54:17 --> Config Class Initialized
INFO - 2018-05-10 07:54:17 --> Loader Class Initialized
DEBUG - 2018-05-10 07:54:17 --> File loaded: C:\xampp\htdocs\ci\ussiweb\application\modules/admin/config/site.php
INFO - 2018-05-10 07:54:17 --> Helper loaded: url_helper
INFO - 2018-05-10 07:54:17 --> Helper loaded: inflector_helper
INFO - 2018-05-10 07:54:17 --> Helper loaded: string_helper
INFO - 2018-05-10 07:54:17 --> Helper loaded: array_helper
INFO - 2018-05-10 07:54:17 --> Database Driver Class Initialized
DEBUG - 2018-05-10 07:54:18 --> File loaded: C:\xampp\htdocs\ci\ussiweb\application\modules/admin/config/ion_auth.php
DEBUG - 2018-05-10 07:54:18 --> File loaded: C:\xampp\htdocs\ci\ussiweb\application\modules/admin/config/ion_auth.php
INFO - 2018-05-10 07:54:18 --> Email Class Initialized
INFO - 2018-05-10 07:54:18 --> Language file loaded: language/english/ion_auth_lang.php
INFO - 2018-05-10 07:54:18 --> Helper loaded: cookie_helper
INFO - 2018-05-10 07:54:18 --> Helper loaded: language_helper
DEBUG - 2018-05-10 07:54:18 --> Session: "sess_save_path" is empty; using "session.save_path" value from php.ini.
INFO - 2018-05-10 07:54:18 --> Session: Class initialized using 'files' driver.
INFO - 2018-05-10 07:54:18 --> Model Class Initialized
INFO - 2018-05-10 07:54:18 --> Helper loaded: date_helper
INFO - 2018-05-10 07:54:18 --> User Agent Class Initialized
DEBUG - 2018-05-10 07:54:19 --> File loaded: C:\xampp\htdocs\ci\ussiweb\application\modules/admin/config/autoload.php
DEBUG - 2018-05-10 07:54:19 --> File loaded: C:\xampp\htdocs\ci\ussiweb\application\modules/admin/config/form_validation.php
INFO - 2018-05-10 07:54:19 --> Helper loaded: form_helper
INFO - 2018-05-10 07:54:19 --> Form Validation Class Initialized
INFO - 2018-05-10 07:54:19 --> Model Class Initialized
INFO - 2018-05-10 07:54:19 --> Model Class Initialized
INFO - 2018-05-10 07:54:19 --> Model Class Initialized
INFO - 2018-05-10 07:54:19 --> Model Class Initialized
INFO - 2018-05-10 07:54:19 --> Model Class Initialized
INFO - 2018-05-10 07:54:19 --> Model Class Initialized
INFO - 2018-05-10 07:54:19 --> Model Class Initialized
INFO - 2018-05-10 07:54:19 --> Model Class Initialized
INFO - 2018-05-10 07:54:19 --> Model Class Initialized
INFO - 2018-05-10 07:54:19 --> Model Class Initialized
INFO - 2018-05-10 07:54:19 --> Model Class Initialized
INFO - 2018-05-10 07:54:19 --> Model Class Initialized
INFO - 2018-05-10 07:54:19 --> Controller Class Initialized
DEBUG - 2018-05-10 07:54:19 --> Simpanan MX_Controller Initialized
DEBUG - 2018-05-10 07:54:19 --> File loaded: C:\xampp\htdocs\ci\ussiweb\application\modules/admin/config/autoload.php
INFO - 2018-05-10 11:48:57 --> Config Class Initialized
INFO - 2018-05-10 11:48:57 --> Hooks Class Initialized
DEBUG - 2018-05-10 11:48:57 --> UTF-8 Support Enabled
INFO - 2018-05-10 11:48:57 --> Utf8 Class Initialized
INFO - 2018-05-10 11:48:57 --> URI Class Initialized
DEBUG - 2018-05-10 11:48:57 --> File loaded: C:\xampp\htdocs\ci\ussiweb\application\modules/admin/config/routes.php
INFO - 2018-05-10 11:48:57 --> Router Class Initialized
INFO - 2018-05-10 11:48:58 --> Output Class Initialized
INFO - 2018-05-10 11:48:58 --> Security Class Initialized
DEBUG - 2018-05-10 11:48:58 --> Global POST, GET and COOKIE data sanitized
INFO - 2018-05-10 11:48:58 --> Input Class Initialized
INFO - 2018-05-10 11:48:58 --> Language Class Initialized
INFO - 2018-05-10 11:48:58 --> Language Class Initialized
INFO - 2018-05-10 11:48:58 --> Config Class Initialized
INFO - 2018-05-10 11:48:58 --> Loader Class Initialized
DEBUG - 2018-05-10 11:48:58 --> File loaded: C:\xampp\htdocs\ci\ussiweb\application\modules/admin/config/site.php
INFO - 2018-05-10 11:48:58 --> Helper loaded: url_helper
INFO - 2018-05-10 11:48:58 --> Helper loaded: inflector_helper
INFO - 2018-05-10 11:48:58 --> Helper loaded: string_helper
INFO - 2018-05-10 11:48:58 --> Helper loaded: array_helper
INFO - 2018-05-10 11:48:58 --> Database Driver Class Initialized
DEBUG - 2018-05-10 11:48:59 --> File loaded: C:\xampp\htdocs\ci\ussiweb\application\modules/admin/config/ion_auth.php
DEBUG - 2018-05-10 11:48:59 --> File loaded: C:\xampp\htdocs\ci\ussiweb\application\modules/admin/config/ion_auth.php
INFO - 2018-05-10 11:48:59 --> Email Class Initialized
INFO - 2018-05-10 11:48:59 --> Language file loaded: language/english/ion_auth_lang.php
INFO - 2018-05-10 11:48:59 --> Helper loaded: cookie_helper
INFO - 2018-05-10 11:48:59 --> Helper loaded: language_helper
DEBUG - 2018-05-10 11:48:59 --> Session: "sess_save_path" is empty; using "session.save_path" value from php.ini.
INFO - 2018-05-10 11:48:59 --> Session: Class initialized using 'files' driver.
INFO - 2018-05-10 11:48:59 --> Model Class Initialized
INFO - 2018-05-10 11:48:59 --> Helper loaded: date_helper
INFO - 2018-05-10 11:49:00 --> User Agent Class Initialized
DEBUG - 2018-05-10 11:49:00 --> File loaded: C:\xampp\htdocs\ci\ussiweb\application\modules/admin/config/autoload.php
DEBUG - 2018-05-10 11:49:00 --> File loaded: C:\xampp\htdocs\ci\ussiweb\application\modules/admin/config/form_validation.php
INFO - 2018-05-10 11:49:00 --> Helper loaded: form_helper
INFO - 2018-05-10 11:49:00 --> Form Validation Class Initialized
INFO - 2018-05-10 11:49:00 --> Model Class Initialized
INFO - 2018-05-10 11:49:00 --> Model Class Initialized
INFO - 2018-05-10 11:49:00 --> Model Class Initialized
INFO - 2018-05-10 11:49:00 --> Model Class Initialized
INFO - 2018-05-10 11:49:00 --> Model Class Initialized
INFO - 2018-05-10 11:49:00 --> Model Class Initialized
INFO - 2018-05-10 11:49:00 --> Model Class Initialized
INFO - 2018-05-10 11:49:00 --> Model Class Initialized
INFO - 2018-05-10 11:49:00 --> Model Class Initialized
INFO - 2018-05-10 11:49:00 --> Model Class Initialized
INFO - 2018-05-10 11:49:00 --> Model Class Initialized
INFO - 2018-05-10 11:49:00 --> Model Class Initialized
INFO - 2018-05-10 11:49:00 --> Controller Class Initialized
DEBUG - 2018-05-10 11:49:00 --> Simpanan MX_Controller Initialized
DEBUG - 2018-05-10 11:49:00 --> File loaded: C:\xampp\htdocs\ci\ussiweb\application\modules/admin/config/autoload.php
INFO - 2018-05-10 11:49:00 --> Config Class Initialized
INFO - 2018-05-10 11:49:00 --> Hooks Class Initialized
DEBUG - 2018-05-10 11:49:00 --> UTF-8 Support Enabled
INFO - 2018-05-10 11:49:00 --> Utf8 Class Initialized
INFO - 2018-05-10 11:49:00 --> URI Class Initialized
DEBUG - 2018-05-10 11:49:00 --> File loaded: C:\xampp\htdocs\ci\ussiweb\application\modules/admin/config/routes.php
INFO - 2018-05-10 11:49:00 --> Router Class Initialized
INFO - 2018-05-10 11:49:00 --> Output Class Initialized
INFO - 2018-05-10 11:49:00 --> Security Class Initialized
DEBUG - 2018-05-10 11:49:00 --> Global POST, GET and COOKIE data sanitized
INFO - 2018-05-10 11:49:00 --> Input Class Initialized
INFO - 2018-05-10 11:49:00 --> Language Class Initialized
INFO - 2018-05-10 11:49:00 --> Language Class Initialized
INFO - 2018-05-10 11:49:00 --> Config Class Initialized
INFO - 2018-05-10 11:49:00 --> Loader Class Initialized
DEBUG - 2018-05-10 11:49:00 --> File loaded: C:\xampp\htdocs\ci\ussiweb\application\modules/admin/config/site.php
INFO - 2018-05-10 11:49:00 --> Helper loaded: url_helper
INFO - 2018-05-10 11:49:00 --> Helper loaded: inflector_helper
INFO - 2018-05-10 11:49:00 --> Helper loaded: string_helper
INFO - 2018-05-10 11:49:00 --> Helper loaded: array_helper
INFO - 2018-05-10 11:49:00 --> Database Driver Class Initialized
DEBUG - 2018-05-10 11:49:01 --> File loaded: C:\xampp\htdocs\ci\ussiweb\application\modules/admin/config/ion_auth.php
DEBUG - 2018-05-10 11:49:01 --> File loaded: C:\xampp\htdocs\ci\ussiweb\application\modules/admin/config/ion_auth.php
INFO - 2018-05-10 11:49:01 --> Email Class Initialized
INFO - 2018-05-10 11:49:01 --> Language file loaded: language/english/ion_auth_lang.php
INFO - 2018-05-10 11:49:01 --> Helper loaded: cookie_helper
INFO - 2018-05-10 11:49:01 --> Helper loaded: language_helper
DEBUG - 2018-05-10 11:49:01 --> Session: "sess_save_path" is empty; using "session.save_path" value from php.ini.
INFO - 2018-05-10 11:49:01 --> Session: Class initialized using 'files' driver.
INFO - 2018-05-10 11:49:01 --> Model Class Initialized
INFO - 2018-05-10 11:49:01 --> Helper loaded: date_helper
INFO - 2018-05-10 11:49:01 --> User Agent Class Initialized
DEBUG - 2018-05-10 11:49:01 --> File loaded: C:\xampp\htdocs\ci\ussiweb\application\modules/admin/config/autoload.php
DEBUG - 2018-05-10 11:49:01 --> File loaded: C:\xampp\htdocs\ci\ussiweb\application\modules/admin/config/form_validation.php
INFO - 2018-05-10 11:49:01 --> Helper loaded: form_helper
INFO - 2018-05-10 11:49:01 --> Form Validation Class Initialized
INFO - 2018-05-10 11:49:01 --> Model Class Initialized
INFO - 2018-05-10 11:49:01 --> Model Class Initialized
INFO - 2018-05-10 11:49:01 --> Model Class Initialized
INFO - 2018-05-10 11:49:01 --> Model Class Initialized
INFO - 2018-05-10 11:49:01 --> Model Class Initialized
INFO - 2018-05-10 11:49:01 --> Model Class Initialized
INFO - 2018-05-10 11:49:01 --> Model Class Initialized
INFO - 2018-05-10 11:49:01 --> Model Class Initialized
INFO - 2018-05-10 11:49:01 --> Model Class Initialized
INFO - 2018-05-10 11:49:01 --> Model Class Initialized
INFO - 2018-05-10 11:49:01 --> Model Class Initialized
INFO - 2018-05-10 11:49:01 --> Model Class Initialized
INFO - 2018-05-10 11:49:01 --> Controller Class Initialized
DEBUG - 2018-05-10 11:49:01 --> Login MX_Controller Initialized
DEBUG - 2018-05-10 11:49:01 --> File loaded: C:\xampp\htdocs\ci\ussiweb\application\modules/admin/config/autoload.php
DEBUG - 2018-05-10 16:49:01 --> File loaded: C:\xampp\htdocs\ci\ussiweb\application\modules/admin/config/form_validation.php
DEBUG - 2018-05-10 16:49:01 --> File loaded: C:\xampp\htdocs\ci\ussiweb\application\views\_base/head.php
DEBUG - 2018-05-10 16:49:01 --> File loaded: C:\xampp\htdocs\ci\ussiweb\application\modules/admin/views/login.php
DEBUG - 2018-05-10 16:49:01 --> File loaded: C:\xampp\htdocs\ci\ussiweb\application\views\_layouts/empty.php
DEBUG - 2018-05-10 16:49:01 --> File loaded: C:\xampp\htdocs\ci\ussiweb\application\views\_partials/ga.php
DEBUG - 2018-05-10 16:49:01 --> File loaded: C:\xampp\htdocs\ci\ussiweb\application\views\_base/foot.php
INFO - 2018-05-10 16:49:01 --> Final output sent to browser
DEBUG - 2018-05-10 16:49:01 --> Total execution time: 1.4352
INFO - 2018-05-10 11:49:04 --> Config Class Initialized
INFO - 2018-05-10 11:49:04 --> Hooks Class Initialized
DEBUG - 2018-05-10 11:49:04 --> UTF-8 Support Enabled
INFO - 2018-05-10 11:49:04 --> Utf8 Class Initialized
INFO - 2018-05-10 11:49:04 --> URI Class Initialized
DEBUG - 2018-05-10 11:49:04 --> File loaded: C:\xampp\htdocs\ci\ussiweb\application\modules/admin/config/routes.php
INFO - 2018-05-10 11:49:04 --> Router Class Initialized
INFO - 2018-05-10 11:49:04 --> Output Class Initialized
INFO - 2018-05-10 11:49:04 --> Security Class Initialized
DEBUG - 2018-05-10 11:49:04 --> Global POST, GET and COOKIE data sanitized
INFO - 2018-05-10 11:49:04 --> Input Class Initialized
INFO - 2018-05-10 11:49:04 --> Language Class Initialized
INFO - 2018-05-10 11:49:04 --> Language Class Initialized
INFO - 2018-05-10 11:49:04 --> Config Class Initialized
INFO - 2018-05-10 11:49:04 --> Loader Class Initialized
DEBUG - 2018-05-10 11:49:04 --> File loaded: C:\xampp\htdocs\ci\ussiweb\application\modules/admin/config/site.php
INFO - 2018-05-10 11:49:04 --> Helper loaded: url_helper
INFO - 2018-05-10 11:49:04 --> Helper loaded: inflector_helper
INFO - 2018-05-10 11:49:04 --> Helper loaded: string_helper
INFO - 2018-05-10 11:49:04 --> Helper loaded: array_helper
INFO - 2018-05-10 11:49:04 --> Database Driver Class Initialized
DEBUG - 2018-05-10 11:49:05 --> File loaded: C:\xampp\htdocs\ci\ussiweb\application\modules/admin/config/ion_auth.php
DEBUG - 2018-05-10 11:49:05 --> File loaded: C:\xampp\htdocs\ci\ussiweb\application\modules/admin/config/ion_auth.php
INFO - 2018-05-10 11:49:05 --> Email Class Initialized
INFO - 2018-05-10 11:49:05 --> Language file loaded: language/english/ion_auth_lang.php
INFO - 2018-05-10 11:49:05 --> Helper loaded: cookie_helper
INFO - 2018-05-10 11:49:05 --> Helper loaded: language_helper
DEBUG - 2018-05-10 11:49:05 --> Session: "sess_save_path" is empty; using "session.save_path" value from php.ini.
INFO - 2018-05-10 11:49:05 --> Session: Class initialized using 'files' driver.
INFO - 2018-05-10 11:49:05 --> Model Class Initialized
INFO - 2018-05-10 11:49:05 --> Helper loaded: date_helper
INFO - 2018-05-10 11:49:05 --> User Agent Class Initialized
DEBUG - 2018-05-10 11:49:05 --> File loaded: C:\xampp\htdocs\ci\ussiweb\application\modules/admin/config/autoload.php
DEBUG - 2018-05-10 11:49:05 --> File loaded: C:\xampp\htdocs\ci\ussiweb\application\modules/admin/config/form_validation.php
INFO - 2018-05-10 11:49:05 --> Helper loaded: form_helper
INFO - 2018-05-10 11:49:05 --> Form Validation Class Initialized
INFO - 2018-05-10 11:49:05 --> Model Class Initialized
INFO - 2018-05-10 11:49:05 --> Model Class Initialized
INFO - 2018-05-10 11:49:05 --> Model Class Initialized
INFO - 2018-05-10 11:49:05 --> Model Class Initialized
INFO - 2018-05-10 11:49:05 --> Model Class Initialized
INFO - 2018-05-10 11:49:05 --> Model Class Initialized
INFO - 2018-05-10 11:49:05 --> Model Class Initialized
INFO - 2018-05-10 11:49:05 --> Model Class Initialized
INFO - 2018-05-10 11:49:05 --> Model Class Initialized
INFO - 2018-05-10 11:49:05 --> Model Class Initialized
INFO - 2018-05-10 11:49:05 --> Model Class Initialized
INFO - 2018-05-10 11:49:05 --> Model Class Initialized
INFO - 2018-05-10 11:49:05 --> Controller Class Initialized
DEBUG - 2018-05-10 11:49:05 --> Login MX_Controller Initialized
DEBUG - 2018-05-10 11:49:05 --> File loaded: C:\xampp\htdocs\ci\ussiweb\application\modules/admin/config/autoload.php
DEBUG - 2018-05-10 16:49:05 --> File loaded: C:\xampp\htdocs\ci\ussiweb\application\modules/admin/config/form_validation.php
INFO - 2018-05-10 16:49:05 --> Language file loaded: language/english/form_validation_lang.php
INFO - 2018-05-10 11:49:05 --> Config Class Initialized
INFO - 2018-05-10 11:49:05 --> Hooks Class Initialized
DEBUG - 2018-05-10 11:49:05 --> UTF-8 Support Enabled
INFO - 2018-05-10 11:49:05 --> Utf8 Class Initialized
INFO - 2018-05-10 11:49:05 --> URI Class Initialized
DEBUG - 2018-05-10 11:49:05 --> File loaded: C:\xampp\htdocs\ci\ussiweb\application\modules/admin/config/routes.php
INFO - 2018-05-10 11:49:05 --> Router Class Initialized
INFO - 2018-05-10 11:49:05 --> Output Class Initialized
INFO - 2018-05-10 11:49:05 --> Security Class Initialized
DEBUG - 2018-05-10 11:49:05 --> Global POST, GET and COOKIE data sanitized
INFO - 2018-05-10 11:49:05 --> Input Class Initialized
INFO - 2018-05-10 11:49:05 --> Language Class Initialized
INFO - 2018-05-10 11:49:05 --> Language Class Initialized
INFO - 2018-05-10 11:49:05 --> Config Class Initialized
INFO - 2018-05-10 11:49:05 --> Loader Class Initialized
DEBUG - 2018-05-10 11:49:05 --> File loaded: C:\xampp\htdocs\ci\ussiweb\application\modules/admin/config/site.php
INFO - 2018-05-10 11:49:05 --> Helper loaded: url_helper
INFO - 2018-05-10 11:49:05 --> Helper loaded: inflector_helper
INFO - 2018-05-10 11:49:05 --> Helper loaded: string_helper
INFO - 2018-05-10 11:49:05 --> Helper loaded: array_helper
INFO - 2018-05-10 11:49:05 --> Database Driver Class Initialized
DEBUG - 2018-05-10 11:49:06 --> File loaded: C:\xampp\htdocs\ci\ussiweb\application\modules/admin/config/ion_auth.php
DEBUG - 2018-05-10 11:49:06 --> File loaded: C:\xampp\htdocs\ci\ussiweb\application\modules/admin/config/ion_auth.php
INFO - 2018-05-10 11:49:06 --> Email Class Initialized
INFO - 2018-05-10 11:49:06 --> Language file loaded: language/english/ion_auth_lang.php
INFO - 2018-05-10 11:49:06 --> Helper loaded: cookie_helper
INFO - 2018-05-10 11:49:06 --> Helper loaded: language_helper
DEBUG - 2018-05-10 11:49:06 --> Session: "sess_save_path" is empty; using "session.save_path" value from php.ini.
INFO - 2018-05-10 11:49:06 --> Session: Class initialized using 'files' driver.
INFO - 2018-05-10 11:49:06 --> Model Class Initialized
INFO - 2018-05-10 11:49:06 --> Helper loaded: date_helper
INFO - 2018-05-10 11:49:06 --> User Agent Class Initialized
DEBUG - 2018-05-10 11:49:06 --> File loaded: C:\xampp\htdocs\ci\ussiweb\application\modules/admin/config/autoload.php
DEBUG - 2018-05-10 11:49:06 --> File loaded: C:\xampp\htdocs\ci\ussiweb\application\modules/admin/config/form_validation.php
INFO - 2018-05-10 11:49:06 --> Helper loaded: form_helper
INFO - 2018-05-10 11:49:06 --> Form Validation Class Initialized
INFO - 2018-05-10 11:49:06 --> Model Class Initialized
INFO - 2018-05-10 11:49:06 --> Model Class Initialized
INFO - 2018-05-10 11:49:06 --> Model Class Initialized
INFO - 2018-05-10 11:49:06 --> Model Class Initialized
INFO - 2018-05-10 11:49:06 --> Model Class Initialized
INFO - 2018-05-10 11:49:06 --> Model Class Initialized
INFO - 2018-05-10 11:49:06 --> Model Class Initialized
INFO - 2018-05-10 11:49:06 --> Model Class Initialized
INFO - 2018-05-10 11:49:06 --> Model Class Initialized
INFO - 2018-05-10 11:49:06 --> Model Class Initialized
INFO - 2018-05-10 11:49:06 --> Model Class Initialized
INFO - 2018-05-10 11:49:06 --> Model Class Initialized
INFO - 2018-05-10 11:49:06 --> Controller Class Initialized
DEBUG - 2018-05-10 11:49:06 --> Login MX_Controller Initialized
DEBUG - 2018-05-10 11:49:06 --> File loaded: C:\xampp\htdocs\ci\ussiweb\application\modules/admin/config/autoload.php
DEBUG - 2018-05-10 16:49:06 --> File loaded: C:\xampp\htdocs\ci\ussiweb\application\modules/admin/config/form_validation.php
DEBUG - 2018-05-10 16:49:06 --> File loaded: C:\xampp\htdocs\ci\ussiweb\application\views\_base/head.php
DEBUG - 2018-05-10 16:49:06 --> File loaded: C:\xampp\htdocs\ci\ussiweb\application\modules/admin/views/login.php
DEBUG - 2018-05-10 16:49:06 --> File loaded: C:\xampp\htdocs\ci\ussiweb\application\views\_layouts/empty.php
DEBUG - 2018-05-10 16:49:06 --> File loaded: C:\xampp\htdocs\ci\ussiweb\application\views\_partials/ga.php
DEBUG - 2018-05-10 16:49:06 --> File loaded: C:\xampp\htdocs\ci\ussiweb\application\views\_base/foot.php
INFO - 2018-05-10 16:49:06 --> Final output sent to browser
DEBUG - 2018-05-10 16:49:06 --> Total execution time: 1.1232
INFO - 2018-05-10 11:49:13 --> Config Class Initialized
INFO - 2018-05-10 11:49:13 --> Hooks Class Initialized
DEBUG - 2018-05-10 11:49:13 --> UTF-8 Support Enabled
INFO - 2018-05-10 11:49:13 --> Utf8 Class Initialized
INFO - 2018-05-10 11:49:13 --> URI Class Initialized
DEBUG - 2018-05-10 11:49:13 --> File loaded: C:\xampp\htdocs\ci\ussiweb\application\modules/admin/config/routes.php
INFO - 2018-05-10 11:49:13 --> Router Class Initialized
INFO - 2018-05-10 11:49:13 --> Output Class Initialized
INFO - 2018-05-10 11:49:13 --> Security Class Initialized
DEBUG - 2018-05-10 11:49:13 --> Global POST, GET and COOKIE data sanitized
INFO - 2018-05-10 11:49:13 --> Input Class Initialized
INFO - 2018-05-10 11:49:13 --> Language Class Initialized
INFO - 2018-05-10 11:49:13 --> Language Class Initialized
INFO - 2018-05-10 11:49:13 --> Config Class Initialized
INFO - 2018-05-10 11:49:13 --> Loader Class Initialized
DEBUG - 2018-05-10 11:49:13 --> File loaded: C:\xampp\htdocs\ci\ussiweb\application\modules/admin/config/site.php
INFO - 2018-05-10 11:49:13 --> Helper loaded: url_helper
INFO - 2018-05-10 11:49:13 --> Helper loaded: inflector_helper
INFO - 2018-05-10 11:49:13 --> Helper loaded: string_helper
INFO - 2018-05-10 11:49:13 --> Helper loaded: array_helper
INFO - 2018-05-10 11:49:13 --> Database Driver Class Initialized
DEBUG - 2018-05-10 11:49:14 --> File loaded: C:\xampp\htdocs\ci\ussiweb\application\modules/admin/config/ion_auth.php
DEBUG - 2018-05-10 11:49:14 --> File loaded: C:\xampp\htdocs\ci\ussiweb\application\modules/admin/config/ion_auth.php
INFO - 2018-05-10 11:49:14 --> Email Class Initialized
INFO - 2018-05-10 11:49:14 --> Language file loaded: language/english/ion_auth_lang.php
INFO - 2018-05-10 11:49:14 --> Helper loaded: cookie_helper
INFO - 2018-05-10 11:49:14 --> Helper loaded: language_helper
DEBUG - 2018-05-10 11:49:14 --> Session: "sess_save_path" is empty; using "session.save_path" value from php.ini.
INFO - 2018-05-10 11:49:14 --> Session: Class initialized using 'files' driver.
INFO - 2018-05-10 11:49:14 --> Model Class Initialized
INFO - 2018-05-10 11:49:14 --> Helper loaded: date_helper
INFO - 2018-05-10 11:49:14 --> User Agent Class Initialized
DEBUG - 2018-05-10 11:49:14 --> File loaded: C:\xampp\htdocs\ci\ussiweb\application\modules/admin/config/autoload.php
DEBUG - 2018-05-10 11:49:14 --> File loaded: C:\xampp\htdocs\ci\ussiweb\application\modules/admin/config/form_validation.php
INFO - 2018-05-10 11:49:14 --> Helper loaded: form_helper
INFO - 2018-05-10 11:49:14 --> Form Validation Class Initialized
INFO - 2018-05-10 11:49:14 --> Model Class Initialized
INFO - 2018-05-10 11:49:14 --> Model Class Initialized
INFO - 2018-05-10 11:49:14 --> Model Class Initialized
INFO - 2018-05-10 11:49:14 --> Model Class Initialized
INFO - 2018-05-10 11:49:14 --> Model Class Initialized
INFO - 2018-05-10 11:49:14 --> Model Class Initialized
INFO - 2018-05-10 11:49:14 --> Model Class Initialized
INFO - 2018-05-10 11:49:14 --> Model Class Initialized
INFO - 2018-05-10 11:49:14 --> Model Class Initialized
INFO - 2018-05-10 11:49:14 --> Model Class Initialized
INFO - 2018-05-10 11:49:14 --> Model Class Initialized
INFO - 2018-05-10 11:49:14 --> Model Class Initialized
INFO - 2018-05-10 11:49:14 --> Controller Class Initialized
DEBUG - 2018-05-10 11:49:14 --> Login MX_Controller Initialized
DEBUG - 2018-05-10 11:49:14 --> File loaded: C:\xampp\htdocs\ci\ussiweb\application\modules/admin/config/autoload.php
DEBUG - 2018-05-10 16:49:14 --> File loaded: C:\xampp\htdocs\ci\ussiweb\application\modules/admin/config/form_validation.php
INFO - 2018-05-10 16:49:14 --> Language file loaded: language/english/form_validation_lang.php
INFO - 2018-05-10 11:49:14 --> Config Class Initialized
INFO - 2018-05-10 11:49:14 --> Hooks Class Initialized
DEBUG - 2018-05-10 11:49:14 --> UTF-8 Support Enabled
INFO - 2018-05-10 11:49:14 --> Utf8 Class Initialized
INFO - 2018-05-10 11:49:14 --> URI Class Initialized
DEBUG - 2018-05-10 11:49:14 --> File loaded: C:\xampp\htdocs\ci\ussiweb\application\modules/admin/config/routes.php
INFO - 2018-05-10 11:49:14 --> Router Class Initialized
INFO - 2018-05-10 11:49:14 --> Output Class Initialized
INFO - 2018-05-10 11:49:14 --> Security Class Initialized
DEBUG - 2018-05-10 11:49:14 --> Global POST, GET and COOKIE data sanitized
INFO - 2018-05-10 11:49:14 --> Input Class Initialized
INFO - 2018-05-10 11:49:14 --> Language Class Initialized
INFO - 2018-05-10 11:49:14 --> Language Class Initialized
INFO - 2018-05-10 11:49:14 --> Config Class Initialized
INFO - 2018-05-10 11:49:14 --> Loader Class Initialized
DEBUG - 2018-05-10 11:49:14 --> File loaded: C:\xampp\htdocs\ci\ussiweb\application\modules/admin/config/site.php
INFO - 2018-05-10 11:49:14 --> Helper loaded: url_helper
INFO - 2018-05-10 11:49:14 --> Helper loaded: inflector_helper
INFO - 2018-05-10 11:49:14 --> Helper loaded: string_helper
INFO - 2018-05-10 11:49:14 --> Helper loaded: array_helper
INFO - 2018-05-10 11:49:14 --> Database Driver Class Initialized
DEBUG - 2018-05-10 11:49:15 --> File loaded: C:\xampp\htdocs\ci\ussiweb\application\modules/admin/config/ion_auth.php
DEBUG - 2018-05-10 11:49:15 --> File loaded: C:\xampp\htdocs\ci\ussiweb\application\modules/admin/config/ion_auth.php
INFO - 2018-05-10 11:49:15 --> Email Class Initialized
INFO - 2018-05-10 11:49:15 --> Language file loaded: language/english/ion_auth_lang.php
INFO - 2018-05-10 11:49:15 --> Helper loaded: cookie_helper
INFO - 2018-05-10 11:49:15 --> Helper loaded: language_helper
DEBUG - 2018-05-10 11:49:15 --> Session: "sess_save_path" is empty; using "session.save_path" value from php.ini.
INFO - 2018-05-10 11:49:15 --> Session: Class initialized using 'files' driver.
INFO - 2018-05-10 11:49:15 --> Model Class Initialized
INFO - 2018-05-10 11:49:15 --> Helper loaded: date_helper
INFO - 2018-05-10 11:49:15 --> User Agent Class Initialized
DEBUG - 2018-05-10 11:49:15 --> File loaded: C:\xampp\htdocs\ci\ussiweb\application\modules/admin/config/autoload.php
DEBUG - 2018-05-10 11:49:15 --> File loaded: C:\xampp\htdocs\ci\ussiweb\application\modules/admin/config/form_validation.php
INFO - 2018-05-10 11:49:15 --> Helper loaded: form_helper
INFO - 2018-05-10 11:49:15 --> Form Validation Class Initialized
INFO - 2018-05-10 11:49:15 --> Model Class Initialized
INFO - 2018-05-10 11:49:15 --> Model Class Initialized
INFO - 2018-05-10 11:49:15 --> Model Class Initialized
INFO - 2018-05-10 11:49:15 --> Model Class Initialized
INFO - 2018-05-10 11:49:15 --> Model Class Initialized
INFO - 2018-05-10 11:49:15 --> Model Class Initialized
INFO - 2018-05-10 11:49:15 --> Model Class Initialized
INFO - 2018-05-10 11:49:15 --> Model Class Initialized
INFO - 2018-05-10 11:49:15 --> Model Class Initialized
INFO - 2018-05-10 11:49:15 --> Model Class Initialized
INFO - 2018-05-10 11:49:15 --> Model Class Initialized
INFO - 2018-05-10 11:49:15 --> Model Class Initialized
INFO - 2018-05-10 11:49:15 --> Controller Class Initialized
DEBUG - 2018-05-10 11:49:15 --> Home MX_Controller Initialized
DEBUG - 2018-05-10 11:49:15 --> File loaded: C:\xampp\htdocs\ci\ussiweb\application\modules/admin/config/autoload.php
INFO - 2018-05-10 16:49:15 --> Model Class Initialized
DEBUG - 2018-05-10 16:49:15 --> File loaded: C:\xampp\htdocs\ci\ussiweb\application\views\_base/head.php
DEBUG - 2018-05-10 16:49:15 --> File loaded: C:\xampp\htdocs\ci\ussiweb\application\modules/admin/views/_partials/navbar.php
DEBUG - 2018-05-10 16:49:15 --> File loaded: C:\xampp\htdocs\ci\ussiweb\application\modules/admin/views/_partials/sidemenu_search.php
DEBUG - 2018-05-10 16:49:16 --> File loaded: C:\xampp\htdocs\ci\ussiweb\application\modules/admin/views/_partials/sidemenu.php
DEBUG - 2018-05-10 16:49:16 --> File loaded: C:\xampp\htdocs\ci\ussiweb\application\modules/admin/views/_partials/breadcrumb.php
DEBUG - 2018-05-10 16:49:16 --> File loaded: C:\xampp\htdocs\ci\ussiweb\application\modules/admin/views/_partials/errorpage.php
DEBUG - 2018-05-10 16:49:16 --> File loaded: C:\xampp\htdocs\ci\ussiweb\application\controllers/../modules/adminlte/controllers/Widget.php
DEBUG - 2018-05-10 16:49:16 --> Widget MX_Controller Initialized
DEBUG - 2018-05-10 16:49:16 --> File loaded: C:\xampp\htdocs\ci\ussiweb\application\modules/admin/views/home.php
DEBUG - 2018-05-10 16:49:16 --> File loaded: C:\xampp\htdocs\ci\ussiweb\application\modules/admin/views/_partials/back_btn.php
DEBUG - 2018-05-10 16:49:16 --> File loaded: C:\xampp\htdocs\ci\ussiweb\application\modules/admin/views/_layouts/default.php
DEBUG - 2018-05-10 16:49:16 --> File loaded: C:\xampp\htdocs\ci\ussiweb\application\views\_partials/ga.php
DEBUG - 2018-05-10 16:49:16 --> File loaded: C:\xampp\htdocs\ci\ussiweb\application\views\_base/foot.php
INFO - 2018-05-10 16:49:16 --> Final output sent to browser
DEBUG - 2018-05-10 16:49:16 --> Total execution time: 1.5132
INFO - 2018-05-10 11:49:16 --> Config Class Initialized
INFO - 2018-05-10 11:49:16 --> Hooks Class Initialized
DEBUG - 2018-05-10 11:49:16 --> UTF-8 Support Enabled
INFO - 2018-05-10 11:49:16 --> Utf8 Class Initialized
INFO - 2018-05-10 11:49:16 --> URI Class Initialized
INFO - 2018-05-10 11:49:16 --> Router Class Initialized
INFO - 2018-05-10 11:49:16 --> Output Class Initialized
INFO - 2018-05-10 11:49:16 --> Security Class Initialized
DEBUG - 2018-05-10 11:49:16 --> Global POST, GET and COOKIE data sanitized
INFO - 2018-05-10 11:49:16 --> Input Class Initialized
INFO - 2018-05-10 11:49:16 --> Language Class Initialized
INFO - 2018-05-10 11:49:16 --> Language Class Initialized
INFO - 2018-05-10 11:49:16 --> Config Class Initialized
INFO - 2018-05-10 11:49:16 --> Loader Class Initialized
DEBUG - 2018-05-10 11:49:16 --> Config file loaded: C:\xampp\htdocs\ci\ussiweb\application\config/site.php
INFO - 2018-05-10 11:49:16 --> Helper loaded: url_helper
INFO - 2018-05-10 11:49:16 --> Helper loaded: inflector_helper
INFO - 2018-05-10 11:49:16 --> Helper loaded: string_helper
INFO - 2018-05-10 11:49:16 --> Helper loaded: array_helper
INFO - 2018-05-10 11:49:16 --> Database Driver Class Initialized
DEBUG - 2018-05-10 11:49:17 --> Config file loaded: C:\xampp\htdocs\ci\ussiweb\application\config/ion_auth.php
DEBUG - 2018-05-10 11:49:17 --> Config file loaded: C:\xampp\htdocs\ci\ussiweb\application\third_party/ion_auth/config/ion_auth.php
INFO - 2018-05-10 11:49:17 --> Email Class Initialized
INFO - 2018-05-10 11:49:17 --> Language file loaded: language/english/ion_auth_lang.php
INFO - 2018-05-10 11:49:17 --> Helper loaded: cookie_helper
INFO - 2018-05-10 11:49:17 --> Helper loaded: language_helper
DEBUG - 2018-05-10 11:49:17 --> Session: "sess_save_path" is empty; using "session.save_path" value from php.ini.
INFO - 2018-05-10 11:49:17 --> Session: Class initialized using 'files' driver.
INFO - 2018-05-10 11:49:17 --> Model Class Initialized
INFO - 2018-05-10 11:49:17 --> Helper loaded: date_helper
INFO - 2018-05-10 11:49:17 --> User Agent Class Initialized
INFO - 2018-05-10 11:49:17 --> Controller Class Initialized
ERROR - 2018-05-10 11:49:17 --> 404 Page Not Found: /index
INFO - 2018-05-10 11:59:14 --> Config Class Initialized
INFO - 2018-05-10 11:59:14 --> Hooks Class Initialized
DEBUG - 2018-05-10 11:59:14 --> UTF-8 Support Enabled
INFO - 2018-05-10 11:59:14 --> Utf8 Class Initialized
INFO - 2018-05-10 11:59:14 --> URI Class Initialized
DEBUG - 2018-05-10 11:59:14 --> File loaded: C:\xampp\htdocs\ci\ussiweb\application\modules/admin/config/routes.php
INFO - 2018-05-10 11:59:14 --> Router Class Initialized
INFO - 2018-05-10 11:59:14 --> Output Class Initialized
INFO - 2018-05-10 11:59:14 --> Security Class Initialized
DEBUG - 2018-05-10 11:59:14 --> Global POST, GET and COOKIE data sanitized
INFO - 2018-05-10 11:59:14 --> Input Class Initialized
INFO - 2018-05-10 11:59:14 --> Language Class Initialized
INFO - 2018-05-10 11:59:14 --> Language Class Initialized
INFO - 2018-05-10 11:59:14 --> Config Class Initialized
INFO - 2018-05-10 11:59:14 --> Loader Class Initialized
DEBUG - 2018-05-10 11:59:14 --> File loaded: C:\xampp\htdocs\ci\ussiweb\application\modules/admin/config/site.php
INFO - 2018-05-10 11:59:14 --> Helper loaded: url_helper
INFO - 2018-05-10 11:59:14 --> Helper loaded: inflector_helper
INFO - 2018-05-10 11:59:14 --> Helper loaded: string_helper
INFO - 2018-05-10 11:59:14 --> Helper loaded: array_helper
INFO - 2018-05-10 11:59:14 --> Database Driver Class Initialized
DEBUG - 2018-05-10 11:59:15 --> File loaded: C:\xampp\htdocs\ci\ussiweb\application\modules/admin/config/ion_auth.php
DEBUG - 2018-05-10 11:59:15 --> File loaded: C:\xampp\htdocs\ci\ussiweb\application\modules/admin/config/ion_auth.php
INFO - 2018-05-10 11:59:15 --> Email Class Initialized
INFO - 2018-05-10 11:59:15 --> Language file loaded: language/english/ion_auth_lang.php
INFO - 2018-05-10 11:59:15 --> Helper loaded: cookie_helper
INFO - 2018-05-10 11:59:15 --> Helper loaded: language_helper
DEBUG - 2018-05-10 11:59:15 --> Session: "sess_save_path" is empty; using "session.save_path" value from php.ini.
INFO - 2018-05-10 11:59:15 --> Session: Class initialized using 'files' driver.
INFO - 2018-05-10 11:59:15 --> Model Class Initialized
INFO - 2018-05-10 11:59:15 --> Helper loaded: date_helper
INFO - 2018-05-10 11:59:15 --> User Agent Class Initialized
DEBUG - 2018-05-10 11:59:15 --> File loaded: C:\xampp\htdocs\ci\ussiweb\application\modules/admin/config/autoload.php
DEBUG - 2018-05-10 11:59:15 --> File loaded: C:\xampp\htdocs\ci\ussiweb\application\modules/admin/config/form_validation.php
INFO - 2018-05-10 11:59:15 --> Helper loaded: form_helper
INFO - 2018-05-10 11:59:15 --> Form Validation Class Initialized
INFO - 2018-05-10 11:59:15 --> Model Class Initialized
INFO - 2018-05-10 11:59:15 --> Model Class Initialized
INFO - 2018-05-10 11:59:15 --> Model Class Initialized
INFO - 2018-05-10 11:59:15 --> Model Class Initialized
INFO - 2018-05-10 11:59:15 --> Model Class Initialized
INFO - 2018-05-10 11:59:15 --> Model Class Initialized
INFO - 2018-05-10 11:59:15 --> Model Class Initialized
INFO - 2018-05-10 11:59:15 --> Model Class Initialized
INFO - 2018-05-10 11:59:15 --> Model Class Initialized
INFO - 2018-05-10 11:59:15 --> Model Class Initialized
INFO - 2018-05-10 11:59:15 --> Model Class Initialized
INFO - 2018-05-10 11:59:15 --> Model Class Initialized
INFO - 2018-05-10 11:59:15 --> Controller Class Initialized
DEBUG - 2018-05-10 11:59:15 --> Panel MX_Controller Initialized
DEBUG - 2018-05-10 11:59:15 --> File loaded: C:\xampp\htdocs\ci\ussiweb\application\modules/admin/config/autoload.php
DEBUG - 2018-05-10 16:59:16 --> File loaded: C:\xampp\htdocs\ci\ussiweb\application\modules/admin/config/form_validation.php
INFO - 2018-05-10 11:59:16 --> Config Class Initialized
INFO - 2018-05-10 11:59:16 --> Hooks Class Initialized
DEBUG - 2018-05-10 11:59:16 --> UTF-8 Support Enabled
INFO - 2018-05-10 11:59:16 --> Utf8 Class Initialized
INFO - 2018-05-10 11:59:16 --> URI Class Initialized
DEBUG - 2018-05-10 11:59:16 --> File loaded: C:\xampp\htdocs\ci\ussiweb\application\modules/admin/config/routes.php
INFO - 2018-05-10 11:59:16 --> Router Class Initialized
INFO - 2018-05-10 11:59:16 --> Output Class Initialized
INFO - 2018-05-10 11:59:16 --> Security Class Initialized
DEBUG - 2018-05-10 11:59:16 --> Global POST, GET and COOKIE data sanitized
INFO - 2018-05-10 11:59:16 --> Input Class Initialized
INFO - 2018-05-10 11:59:16 --> Language Class Initialized
INFO - 2018-05-10 11:59:16 --> Language Class Initialized
INFO - 2018-05-10 11:59:16 --> Config Class Initialized
INFO - 2018-05-10 11:59:16 --> Loader Class Initialized
DEBUG - 2018-05-10 11:59:16 --> File loaded: C:\xampp\htdocs\ci\ussiweb\application\modules/admin/config/site.php
INFO - 2018-05-10 11:59:16 --> Helper loaded: url_helper
INFO - 2018-05-10 11:59:16 --> Helper loaded: inflector_helper
INFO - 2018-05-10 11:59:16 --> Helper loaded: string_helper
INFO - 2018-05-10 11:59:16 --> Helper loaded: array_helper
INFO - 2018-05-10 11:59:16 --> Database Driver Class Initialized
DEBUG - 2018-05-10 11:59:17 --> File loaded: C:\xampp\htdocs\ci\ussiweb\application\modules/admin/config/ion_auth.php
DEBUG - 2018-05-10 11:59:17 --> File loaded: C:\xampp\htdocs\ci\ussiweb\application\modules/admin/config/ion_auth.php
INFO - 2018-05-10 11:59:17 --> Email Class Initialized
INFO - 2018-05-10 11:59:17 --> Language file loaded: language/english/ion_auth_lang.php
INFO - 2018-05-10 11:59:17 --> Helper loaded: cookie_helper
INFO - 2018-05-10 11:59:17 --> Helper loaded: language_helper
DEBUG - 2018-05-10 11:59:17 --> Session: "sess_save_path" is empty; using "session.save_path" value from php.ini.
INFO - 2018-05-10 11:59:17 --> Session: Class initialized using 'files' driver.
INFO - 2018-05-10 11:59:17 --> Model Class Initialized
INFO - 2018-05-10 11:59:17 --> Helper loaded: date_helper
INFO - 2018-05-10 11:59:17 --> User Agent Class Initialized
DEBUG - 2018-05-10 11:59:17 --> File loaded: C:\xampp\htdocs\ci\ussiweb\application\modules/admin/config/autoload.php
DEBUG - 2018-05-10 11:59:17 --> File loaded: C:\xampp\htdocs\ci\ussiweb\application\modules/admin/config/form_validation.php
INFO - 2018-05-10 11:59:17 --> Helper loaded: form_helper
INFO - 2018-05-10 11:59:17 --> Form Validation Class Initialized
INFO - 2018-05-10 11:59:17 --> Model Class Initialized
INFO - 2018-05-10 11:59:17 --> Model Class Initialized
INFO - 2018-05-10 11:59:17 --> Model Class Initialized
INFO - 2018-05-10 11:59:17 --> Model Class Initialized
INFO - 2018-05-10 11:59:17 --> Model Class Initialized
INFO - 2018-05-10 11:59:17 --> Model Class Initialized
INFO - 2018-05-10 11:59:17 --> Model Class Initialized
INFO - 2018-05-10 11:59:17 --> Model Class Initialized
INFO - 2018-05-10 11:59:17 --> Model Class Initialized
INFO - 2018-05-10 11:59:17 --> Model Class Initialized
INFO - 2018-05-10 11:59:17 --> Model Class Initialized
INFO - 2018-05-10 11:59:17 --> Model Class Initialized
INFO - 2018-05-10 11:59:17 --> Controller Class Initialized
DEBUG - 2018-05-10 11:59:17 --> Login MX_Controller Initialized
DEBUG - 2018-05-10 11:59:17 --> File loaded: C:\xampp\htdocs\ci\ussiweb\application\modules/admin/config/autoload.php
DEBUG - 2018-05-10 16:59:17 --> File loaded: C:\xampp\htdocs\ci\ussiweb\application\modules/admin/config/form_validation.php
DEBUG - 2018-05-10 16:59:17 --> File loaded: C:\xampp\htdocs\ci\ussiweb\application\views\_base/head.php
DEBUG - 2018-05-10 16:59:17 --> File loaded: C:\xampp\htdocs\ci\ussiweb\application\modules/admin/views/login.php
DEBUG - 2018-05-10 16:59:17 --> File loaded: C:\xampp\htdocs\ci\ussiweb\application\views\_layouts/empty.php
DEBUG - 2018-05-10 16:59:17 --> File loaded: C:\xampp\htdocs\ci\ussiweb\application\views\_partials/ga.php
DEBUG - 2018-05-10 16:59:17 --> File loaded: C:\xampp\htdocs\ci\ussiweb\application\views\_base/foot.php
INFO - 2018-05-10 16:59:17 --> Final output sent to browser
DEBUG - 2018-05-10 16:59:17 --> Total execution time: 1.2324
