INFO - 2018-04-09 08:17:20 --> Config Class Initialized
INFO - 2018-04-09 08:17:20 --> Hooks Class Initialized
DEBUG - 2018-04-09 08:17:20 --> UTF-8 Support Enabled
INFO - 2018-04-09 08:17:20 --> Utf8 Class Initialized
INFO - 2018-04-09 08:17:20 --> URI Class Initialized
DEBUG - 2018-04-09 08:17:20 --> File loaded: C:\xampp\htdocs\ci\ussiweb\application\modules/admin/config/routes.php
INFO - 2018-04-09 08:17:20 --> Router Class Initialized
INFO - 2018-04-09 08:17:20 --> Output Class Initialized
INFO - 2018-04-09 08:17:20 --> Security Class Initialized
DEBUG - 2018-04-09 08:17:20 --> Global POST, GET and COOKIE data sanitized
INFO - 2018-04-09 08:17:20 --> Input Class Initialized
INFO - 2018-04-09 08:17:20 --> Language Class Initialized
INFO - 2018-04-09 08:17:21 --> Language Class Initialized
INFO - 2018-04-09 08:17:21 --> Config Class Initialized
INFO - 2018-04-09 08:17:21 --> Loader Class Initialized
DEBUG - 2018-04-09 08:17:21 --> File loaded: C:\xampp\htdocs\ci\ussiweb\application\modules/admin/config/site.php
INFO - 2018-04-09 08:17:21 --> Helper loaded: url_helper
INFO - 2018-04-09 08:17:21 --> Helper loaded: inflector_helper
INFO - 2018-04-09 08:17:21 --> Helper loaded: string_helper
INFO - 2018-04-09 08:17:21 --> Helper loaded: array_helper
INFO - 2018-04-09 08:17:21 --> Database Driver Class Initialized
DEBUG - 2018-04-09 08:17:22 --> File loaded: C:\xampp\htdocs\ci\ussiweb\application\modules/admin/config/ion_auth.php
DEBUG - 2018-04-09 08:17:22 --> File loaded: C:\xampp\htdocs\ci\ussiweb\application\modules/admin/config/ion_auth.php
INFO - 2018-04-09 08:17:22 --> Email Class Initialized
INFO - 2018-04-09 08:17:22 --> Language file loaded: language/english/ion_auth_lang.php
INFO - 2018-04-09 08:17:22 --> Helper loaded: cookie_helper
INFO - 2018-04-09 08:17:22 --> Helper loaded: language_helper
DEBUG - 2018-04-09 08:17:22 --> Session: "sess_save_path" is empty; using "session.save_path" value from php.ini.
INFO - 2018-04-09 08:17:22 --> Session: Class initialized using 'files' driver.
INFO - 2018-04-09 08:17:22 --> Model Class Initialized
INFO - 2018-04-09 08:17:22 --> Helper loaded: date_helper
INFO - 2018-04-09 08:17:22 --> User Agent Class Initialized
DEBUG - 2018-04-09 08:17:23 --> File loaded: C:\xampp\htdocs\ci\ussiweb\application\modules/admin/config/autoload.php
DEBUG - 2018-04-09 08:17:23 --> File loaded: C:\xampp\htdocs\ci\ussiweb\application\modules/admin/config/form_validation.php
INFO - 2018-04-09 08:17:23 --> Helper loaded: form_helper
INFO - 2018-04-09 08:17:23 --> Form Validation Class Initialized
INFO - 2018-04-09 08:17:23 --> Model Class Initialized
INFO - 2018-04-09 08:17:23 --> Model Class Initialized
INFO - 2018-04-09 08:17:23 --> Model Class Initialized
INFO - 2018-04-09 08:17:23 --> Model Class Initialized
INFO - 2018-04-09 08:17:23 --> Model Class Initialized
INFO - 2018-04-09 08:17:23 --> Model Class Initialized
INFO - 2018-04-09 08:17:23 --> Model Class Initialized
INFO - 2018-04-09 08:17:23 --> Model Class Initialized
INFO - 2018-04-09 08:17:23 --> Model Class Initialized
INFO - 2018-04-09 08:17:23 --> Model Class Initialized
INFO - 2018-04-09 08:17:23 --> Model Class Initialized
INFO - 2018-04-09 08:17:23 --> Model Class Initialized
INFO - 2018-04-09 08:17:23 --> Controller Class Initialized
DEBUG - 2018-04-09 08:17:23 --> Simpanan MX_Controller Initialized
DEBUG - 2018-04-09 08:17:23 --> File loaded: C:\xampp\htdocs\ci\ussiweb\application\modules/admin/config/autoload.php
INFO - 2018-04-09 08:17:23 --> Config Class Initialized
INFO - 2018-04-09 08:17:23 --> Hooks Class Initialized
DEBUG - 2018-04-09 08:17:23 --> UTF-8 Support Enabled
INFO - 2018-04-09 08:17:23 --> Utf8 Class Initialized
INFO - 2018-04-09 08:17:23 --> URI Class Initialized
DEBUG - 2018-04-09 08:17:23 --> File loaded: C:\xampp\htdocs\ci\ussiweb\application\modules/admin/config/routes.php
INFO - 2018-04-09 08:17:23 --> Router Class Initialized
INFO - 2018-04-09 08:17:23 --> Output Class Initialized
INFO - 2018-04-09 08:17:23 --> Security Class Initialized
DEBUG - 2018-04-09 08:17:23 --> Global POST, GET and COOKIE data sanitized
INFO - 2018-04-09 08:17:23 --> Input Class Initialized
INFO - 2018-04-09 08:17:23 --> Language Class Initialized
INFO - 2018-04-09 08:17:23 --> Language Class Initialized
INFO - 2018-04-09 08:17:23 --> Config Class Initialized
INFO - 2018-04-09 08:17:23 --> Loader Class Initialized
DEBUG - 2018-04-09 08:17:23 --> File loaded: C:\xampp\htdocs\ci\ussiweb\application\modules/admin/config/site.php
INFO - 2018-04-09 08:17:23 --> Helper loaded: url_helper
INFO - 2018-04-09 08:17:23 --> Helper loaded: inflector_helper
INFO - 2018-04-09 08:17:23 --> Helper loaded: string_helper
INFO - 2018-04-09 08:17:23 --> Helper loaded: array_helper
INFO - 2018-04-09 08:17:23 --> Database Driver Class Initialized
DEBUG - 2018-04-09 08:17:24 --> File loaded: C:\xampp\htdocs\ci\ussiweb\application\modules/admin/config/ion_auth.php
DEBUG - 2018-04-09 08:17:24 --> File loaded: C:\xampp\htdocs\ci\ussiweb\application\modules/admin/config/ion_auth.php
INFO - 2018-04-09 08:17:24 --> Email Class Initialized
INFO - 2018-04-09 08:17:24 --> Language file loaded: language/english/ion_auth_lang.php
INFO - 2018-04-09 08:17:24 --> Helper loaded: cookie_helper
INFO - 2018-04-09 08:17:24 --> Helper loaded: language_helper
DEBUG - 2018-04-09 08:17:24 --> Session: "sess_save_path" is empty; using "session.save_path" value from php.ini.
INFO - 2018-04-09 08:17:24 --> Session: Class initialized using 'files' driver.
INFO - 2018-04-09 08:17:24 --> Model Class Initialized
INFO - 2018-04-09 08:17:24 --> Helper loaded: date_helper
INFO - 2018-04-09 08:17:24 --> User Agent Class Initialized
DEBUG - 2018-04-09 08:17:24 --> File loaded: C:\xampp\htdocs\ci\ussiweb\application\modules/admin/config/autoload.php
DEBUG - 2018-04-09 08:17:24 --> File loaded: C:\xampp\htdocs\ci\ussiweb\application\modules/admin/config/form_validation.php
INFO - 2018-04-09 08:17:24 --> Helper loaded: form_helper
INFO - 2018-04-09 08:17:24 --> Form Validation Class Initialized
INFO - 2018-04-09 08:17:24 --> Model Class Initialized
INFO - 2018-04-09 08:17:24 --> Model Class Initialized
INFO - 2018-04-09 08:17:24 --> Model Class Initialized
INFO - 2018-04-09 08:17:24 --> Model Class Initialized
INFO - 2018-04-09 08:17:24 --> Model Class Initialized
INFO - 2018-04-09 08:17:24 --> Model Class Initialized
INFO - 2018-04-09 08:17:24 --> Model Class Initialized
INFO - 2018-04-09 08:17:24 --> Model Class Initialized
INFO - 2018-04-09 08:17:24 --> Model Class Initialized
INFO - 2018-04-09 08:17:24 --> Model Class Initialized
INFO - 2018-04-09 08:17:24 --> Model Class Initialized
INFO - 2018-04-09 08:17:24 --> Model Class Initialized
INFO - 2018-04-09 08:17:24 --> Controller Class Initialized
DEBUG - 2018-04-09 08:17:24 --> Login MX_Controller Initialized
DEBUG - 2018-04-09 08:17:24 --> File loaded: C:\xampp\htdocs\ci\ussiweb\application\modules/admin/config/autoload.php
DEBUG - 2018-04-09 13:17:24 --> File loaded: C:\xampp\htdocs\ci\ussiweb\application\modules/admin/config/form_validation.php
DEBUG - 2018-04-09 13:17:25 --> File loaded: C:\xampp\htdocs\ci\ussiweb\application\views\_base/head.php
DEBUG - 2018-04-09 13:17:25 --> File loaded: C:\xampp\htdocs\ci\ussiweb\application\modules/admin/views/login.php
DEBUG - 2018-04-09 13:17:25 --> File loaded: C:\xampp\htdocs\ci\ussiweb\application\views\_layouts/empty.php
DEBUG - 2018-04-09 13:17:25 --> File loaded: C:\xampp\htdocs\ci\ussiweb\application\views\_partials/ga.php
DEBUG - 2018-04-09 13:17:25 --> File loaded: C:\xampp\htdocs\ci\ussiweb\application\views\_base/foot.php
INFO - 2018-04-09 13:17:25 --> Final output sent to browser
DEBUG - 2018-04-09 13:17:25 --> Total execution time: 1.4850
