INFO - 2018-04-11 08:10:08 --> Config Class Initialized
INFO - 2018-04-11 08:10:08 --> Hooks Class Initialized
DEBUG - 2018-04-11 08:10:08 --> UTF-8 Support Enabled
INFO - 2018-04-11 08:10:08 --> Utf8 Class Initialized
INFO - 2018-04-11 08:10:08 --> URI Class Initialized
DEBUG - 2018-04-11 08:10:08 --> File loaded: C:\xampp\htdocs\ci\ussiweb\application\modules/admin/config/routes.php
INFO - 2018-04-11 08:10:08 --> Router Class Initialized
INFO - 2018-04-11 08:10:08 --> Output Class Initialized
INFO - 2018-04-11 08:10:08 --> Security Class Initialized
DEBUG - 2018-04-11 08:10:08 --> Global POST, GET and COOKIE data sanitized
INFO - 2018-04-11 08:10:08 --> Input Class Initialized
INFO - 2018-04-11 08:10:08 --> Language Class Initialized
INFO - 2018-04-11 08:10:08 --> Language Class Initialized
INFO - 2018-04-11 08:10:08 --> Config Class Initialized
INFO - 2018-04-11 08:10:08 --> Loader Class Initialized
DEBUG - 2018-04-11 08:10:08 --> File loaded: C:\xampp\htdocs\ci\ussiweb\application\modules/admin/config/site.php
INFO - 2018-04-11 08:10:08 --> Helper loaded: url_helper
INFO - 2018-04-11 08:10:08 --> Helper loaded: inflector_helper
INFO - 2018-04-11 08:10:08 --> Helper loaded: string_helper
INFO - 2018-04-11 08:10:08 --> Helper loaded: array_helper
INFO - 2018-04-11 08:10:09 --> Database Driver Class Initialized
DEBUG - 2018-04-11 08:10:10 --> File loaded: C:\xampp\htdocs\ci\ussiweb\application\modules/admin/config/ion_auth.php
DEBUG - 2018-04-11 08:10:10 --> File loaded: C:\xampp\htdocs\ci\ussiweb\application\modules/admin/config/ion_auth.php
INFO - 2018-04-11 08:10:10 --> Email Class Initialized
INFO - 2018-04-11 08:10:10 --> Language file loaded: language/english/ion_auth_lang.php
INFO - 2018-04-11 08:10:10 --> Helper loaded: cookie_helper
INFO - 2018-04-11 08:10:10 --> Helper loaded: language_helper
DEBUG - 2018-04-11 08:10:10 --> Session: "sess_save_path" is empty; using "session.save_path" value from php.ini.
INFO - 2018-04-11 08:10:10 --> Session: Class initialized using 'files' driver.
INFO - 2018-04-11 08:10:10 --> Model Class Initialized
INFO - 2018-04-11 08:10:10 --> Helper loaded: date_helper
INFO - 2018-04-11 08:10:10 --> User Agent Class Initialized
DEBUG - 2018-04-11 08:10:10 --> File loaded: C:\xampp\htdocs\ci\ussiweb\application\modules/admin/config/autoload.php
DEBUG - 2018-04-11 08:10:10 --> File loaded: C:\xampp\htdocs\ci\ussiweb\application\modules/admin/config/form_validation.php
INFO - 2018-04-11 08:10:10 --> Helper loaded: form_helper
INFO - 2018-04-11 08:10:10 --> Form Validation Class Initialized
INFO - 2018-04-11 08:10:10 --> Model Class Initialized
INFO - 2018-04-11 08:10:10 --> Model Class Initialized
INFO - 2018-04-11 08:10:10 --> Model Class Initialized
INFO - 2018-04-11 08:10:10 --> Model Class Initialized
INFO - 2018-04-11 08:10:10 --> Model Class Initialized
INFO - 2018-04-11 08:10:10 --> Model Class Initialized
INFO - 2018-04-11 08:10:10 --> Model Class Initialized
INFO - 2018-04-11 08:10:10 --> Model Class Initialized
INFO - 2018-04-11 08:10:10 --> Model Class Initialized
INFO - 2018-04-11 08:10:10 --> Model Class Initialized
INFO - 2018-04-11 08:10:10 --> Model Class Initialized
INFO - 2018-04-11 08:10:10 --> Model Class Initialized
INFO - 2018-04-11 08:10:10 --> Controller Class Initialized
DEBUG - 2018-04-11 08:10:10 --> Simpanan MX_Controller Initialized
DEBUG - 2018-04-11 08:10:10 --> File loaded: C:\xampp\htdocs\ci\ussiweb\application\modules/admin/config/autoload.php
INFO - 2018-04-11 08:10:11 --> Config Class Initialized
INFO - 2018-04-11 08:10:11 --> Hooks Class Initialized
DEBUG - 2018-04-11 08:10:11 --> UTF-8 Support Enabled
INFO - 2018-04-11 08:10:11 --> Utf8 Class Initialized
INFO - 2018-04-11 08:10:11 --> URI Class Initialized
DEBUG - 2018-04-11 08:10:11 --> File loaded: C:\xampp\htdocs\ci\ussiweb\application\modules/admin/config/routes.php
INFO - 2018-04-11 08:10:11 --> Router Class Initialized
INFO - 2018-04-11 08:10:11 --> Output Class Initialized
INFO - 2018-04-11 08:10:11 --> Security Class Initialized
DEBUG - 2018-04-11 08:10:11 --> Global POST, GET and COOKIE data sanitized
INFO - 2018-04-11 08:10:11 --> Input Class Initialized
INFO - 2018-04-11 08:10:11 --> Language Class Initialized
INFO - 2018-04-11 08:10:11 --> Language Class Initialized
INFO - 2018-04-11 08:10:11 --> Config Class Initialized
INFO - 2018-04-11 08:10:11 --> Loader Class Initialized
DEBUG - 2018-04-11 08:10:11 --> File loaded: C:\xampp\htdocs\ci\ussiweb\application\modules/admin/config/site.php
INFO - 2018-04-11 08:10:11 --> Helper loaded: url_helper
INFO - 2018-04-11 08:10:11 --> Helper loaded: inflector_helper
INFO - 2018-04-11 08:10:11 --> Helper loaded: string_helper
INFO - 2018-04-11 08:10:11 --> Helper loaded: array_helper
INFO - 2018-04-11 08:10:11 --> Database Driver Class Initialized
DEBUG - 2018-04-11 08:10:12 --> File loaded: C:\xampp\htdocs\ci\ussiweb\application\modules/admin/config/ion_auth.php
DEBUG - 2018-04-11 08:10:12 --> File loaded: C:\xampp\htdocs\ci\ussiweb\application\modules/admin/config/ion_auth.php
INFO - 2018-04-11 08:10:12 --> Email Class Initialized
INFO - 2018-04-11 08:10:12 --> Language file loaded: language/english/ion_auth_lang.php
INFO - 2018-04-11 08:10:12 --> Helper loaded: cookie_helper
INFO - 2018-04-11 08:10:12 --> Helper loaded: language_helper
DEBUG - 2018-04-11 08:10:12 --> Session: "sess_save_path" is empty; using "session.save_path" value from php.ini.
INFO - 2018-04-11 08:10:12 --> Session: Class initialized using 'files' driver.
INFO - 2018-04-11 08:10:12 --> Model Class Initialized
INFO - 2018-04-11 08:10:12 --> Helper loaded: date_helper
INFO - 2018-04-11 08:10:12 --> User Agent Class Initialized
DEBUG - 2018-04-11 08:10:12 --> File loaded: C:\xampp\htdocs\ci\ussiweb\application\modules/admin/config/autoload.php
DEBUG - 2018-04-11 08:10:12 --> File loaded: C:\xampp\htdocs\ci\ussiweb\application\modules/admin/config/form_validation.php
INFO - 2018-04-11 08:10:12 --> Helper loaded: form_helper
INFO - 2018-04-11 08:10:12 --> Form Validation Class Initialized
INFO - 2018-04-11 08:10:12 --> Model Class Initialized
INFO - 2018-04-11 08:10:12 --> Model Class Initialized
INFO - 2018-04-11 08:10:12 --> Model Class Initialized
INFO - 2018-04-11 08:10:12 --> Model Class Initialized
INFO - 2018-04-11 08:10:12 --> Model Class Initialized
INFO - 2018-04-11 08:10:12 --> Model Class Initialized
INFO - 2018-04-11 08:10:12 --> Model Class Initialized
INFO - 2018-04-11 08:10:12 --> Model Class Initialized
INFO - 2018-04-11 08:10:12 --> Model Class Initialized
INFO - 2018-04-11 08:10:12 --> Model Class Initialized
INFO - 2018-04-11 08:10:12 --> Model Class Initialized
INFO - 2018-04-11 08:10:12 --> Model Class Initialized
INFO - 2018-04-11 08:10:12 --> Controller Class Initialized
DEBUG - 2018-04-11 08:10:12 --> Login MX_Controller Initialized
DEBUG - 2018-04-11 08:10:12 --> File loaded: C:\xampp\htdocs\ci\ussiweb\application\modules/admin/config/autoload.php
DEBUG - 2018-04-11 13:10:12 --> File loaded: C:\xampp\htdocs\ci\ussiweb\application\modules/admin/config/form_validation.php
DEBUG - 2018-04-11 13:10:12 --> File loaded: C:\xampp\htdocs\ci\ussiweb\application\views\_base/head.php
DEBUG - 2018-04-11 13:10:12 --> File loaded: C:\xampp\htdocs\ci\ussiweb\application\modules/admin/views/login.php
DEBUG - 2018-04-11 13:10:12 --> File loaded: C:\xampp\htdocs\ci\ussiweb\application\views\_layouts/empty.php
DEBUG - 2018-04-11 13:10:12 --> File loaded: C:\xampp\htdocs\ci\ussiweb\application\views\_partials/ga.php
DEBUG - 2018-04-11 13:10:12 --> File loaded: C:\xampp\htdocs\ci\ussiweb\application\views\_base/foot.php
INFO - 2018-04-11 13:10:12 --> Final output sent to browser
DEBUG - 2018-04-11 13:10:12 --> Total execution time: 1.3200
INFO - 2018-04-11 09:50:29 --> Config Class Initialized
INFO - 2018-04-11 09:50:29 --> Hooks Class Initialized
DEBUG - 2018-04-11 09:50:29 --> UTF-8 Support Enabled
INFO - 2018-04-11 09:50:29 --> Utf8 Class Initialized
INFO - 2018-04-11 09:50:29 --> URI Class Initialized
DEBUG - 2018-04-11 09:50:29 --> File loaded: C:\xampp\htdocs\ci\ussiweb\application\modules/admin/config/routes.php
INFO - 2018-04-11 09:50:29 --> Router Class Initialized
INFO - 2018-04-11 09:50:29 --> Output Class Initialized
INFO - 2018-04-11 09:50:29 --> Security Class Initialized
DEBUG - 2018-04-11 09:50:29 --> Global POST, GET and COOKIE data sanitized
INFO - 2018-04-11 09:50:29 --> Input Class Initialized
INFO - 2018-04-11 09:50:29 --> Language Class Initialized
INFO - 2018-04-11 09:50:30 --> Language Class Initialized
INFO - 2018-04-11 09:50:30 --> Config Class Initialized
INFO - 2018-04-11 09:50:30 --> Loader Class Initialized
DEBUG - 2018-04-11 09:50:30 --> File loaded: C:\xampp\htdocs\ci\ussiweb\application\modules/admin/config/site.php
INFO - 2018-04-11 09:50:30 --> Helper loaded: url_helper
INFO - 2018-04-11 09:50:30 --> Helper loaded: inflector_helper
INFO - 2018-04-11 09:50:30 --> Helper loaded: string_helper
INFO - 2018-04-11 09:50:30 --> Helper loaded: array_helper
INFO - 2018-04-11 09:50:30 --> Database Driver Class Initialized
DEBUG - 2018-04-11 09:50:31 --> File loaded: C:\xampp\htdocs\ci\ussiweb\application\modules/admin/config/ion_auth.php
DEBUG - 2018-04-11 09:50:31 --> File loaded: C:\xampp\htdocs\ci\ussiweb\application\modules/admin/config/ion_auth.php
INFO - 2018-04-11 09:50:31 --> Email Class Initialized
INFO - 2018-04-11 09:50:31 --> Language file loaded: language/english/ion_auth_lang.php
INFO - 2018-04-11 09:50:32 --> Helper loaded: cookie_helper
INFO - 2018-04-11 09:50:32 --> Helper loaded: language_helper
DEBUG - 2018-04-11 09:50:32 --> Session: "sess_save_path" is empty; using "session.save_path" value from php.ini.
INFO - 2018-04-11 09:50:32 --> Session: Class initialized using 'files' driver.
INFO - 2018-04-11 09:50:32 --> Model Class Initialized
INFO - 2018-04-11 09:50:32 --> Helper loaded: date_helper
INFO - 2018-04-11 09:50:32 --> User Agent Class Initialized
DEBUG - 2018-04-11 09:50:32 --> File loaded: C:\xampp\htdocs\ci\ussiweb\application\modules/admin/config/autoload.php
DEBUG - 2018-04-11 09:50:32 --> File loaded: C:\xampp\htdocs\ci\ussiweb\application\modules/admin/config/form_validation.php
INFO - 2018-04-11 09:50:32 --> Helper loaded: form_helper
INFO - 2018-04-11 09:50:32 --> Form Validation Class Initialized
INFO - 2018-04-11 09:50:33 --> Model Class Initialized
INFO - 2018-04-11 09:50:33 --> Model Class Initialized
INFO - 2018-04-11 09:50:33 --> Model Class Initialized
INFO - 2018-04-11 09:50:33 --> Model Class Initialized
INFO - 2018-04-11 09:50:33 --> Model Class Initialized
INFO - 2018-04-11 09:50:33 --> Model Class Initialized
INFO - 2018-04-11 09:50:33 --> Model Class Initialized
INFO - 2018-04-11 09:50:33 --> Model Class Initialized
INFO - 2018-04-11 09:50:33 --> Model Class Initialized
INFO - 2018-04-11 09:50:33 --> Model Class Initialized
INFO - 2018-04-11 09:50:33 --> Model Class Initialized
INFO - 2018-04-11 09:50:33 --> Model Class Initialized
INFO - 2018-04-11 09:50:33 --> Controller Class Initialized
DEBUG - 2018-04-11 09:50:33 --> Chart MX_Controller Initialized
DEBUG - 2018-04-11 09:50:33 --> File loaded: C:\xampp\htdocs\ci\ussiweb\application\modules/admin/config/autoload.php
INFO - 2018-04-11 09:50:33 --> Config Class Initialized
INFO - 2018-04-11 09:50:33 --> Hooks Class Initialized
DEBUG - 2018-04-11 09:50:33 --> UTF-8 Support Enabled
INFO - 2018-04-11 09:50:33 --> Utf8 Class Initialized
INFO - 2018-04-11 09:50:33 --> URI Class Initialized
DEBUG - 2018-04-11 09:50:33 --> File loaded: C:\xampp\htdocs\ci\ussiweb\application\modules/admin/config/routes.php
INFO - 2018-04-11 09:50:33 --> Router Class Initialized
INFO - 2018-04-11 09:50:33 --> Output Class Initialized
INFO - 2018-04-11 09:50:33 --> Security Class Initialized
DEBUG - 2018-04-11 09:50:33 --> Global POST, GET and COOKIE data sanitized
INFO - 2018-04-11 09:50:33 --> Input Class Initialized
INFO - 2018-04-11 09:50:33 --> Language Class Initialized
INFO - 2018-04-11 09:50:33 --> Language Class Initialized
INFO - 2018-04-11 09:50:33 --> Config Class Initialized
INFO - 2018-04-11 09:50:33 --> Loader Class Initialized
DEBUG - 2018-04-11 09:50:33 --> File loaded: C:\xampp\htdocs\ci\ussiweb\application\modules/admin/config/site.php
INFO - 2018-04-11 09:50:33 --> Helper loaded: url_helper
INFO - 2018-04-11 09:50:33 --> Helper loaded: inflector_helper
INFO - 2018-04-11 09:50:33 --> Helper loaded: string_helper
INFO - 2018-04-11 09:50:33 --> Helper loaded: array_helper
INFO - 2018-04-11 09:50:33 --> Database Driver Class Initialized
DEBUG - 2018-04-11 09:50:34 --> File loaded: C:\xampp\htdocs\ci\ussiweb\application\modules/admin/config/ion_auth.php
DEBUG - 2018-04-11 09:50:34 --> File loaded: C:\xampp\htdocs\ci\ussiweb\application\modules/admin/config/ion_auth.php
INFO - 2018-04-11 09:50:34 --> Email Class Initialized
INFO - 2018-04-11 09:50:34 --> Language file loaded: language/english/ion_auth_lang.php
INFO - 2018-04-11 09:50:34 --> Helper loaded: cookie_helper
INFO - 2018-04-11 09:50:34 --> Helper loaded: language_helper
DEBUG - 2018-04-11 09:50:34 --> Session: "sess_save_path" is empty; using "session.save_path" value from php.ini.
INFO - 2018-04-11 09:50:34 --> Session: Class initialized using 'files' driver.
INFO - 2018-04-11 09:50:34 --> Model Class Initialized
INFO - 2018-04-11 09:50:34 --> Helper loaded: date_helper
INFO - 2018-04-11 09:50:34 --> User Agent Class Initialized
DEBUG - 2018-04-11 09:50:34 --> File loaded: C:\xampp\htdocs\ci\ussiweb\application\modules/admin/config/autoload.php
DEBUG - 2018-04-11 09:50:34 --> File loaded: C:\xampp\htdocs\ci\ussiweb\application\modules/admin/config/form_validation.php
INFO - 2018-04-11 09:50:34 --> Helper loaded: form_helper
INFO - 2018-04-11 09:50:34 --> Form Validation Class Initialized
INFO - 2018-04-11 09:50:34 --> Model Class Initialized
INFO - 2018-04-11 09:50:34 --> Model Class Initialized
INFO - 2018-04-11 09:50:34 --> Model Class Initialized
INFO - 2018-04-11 09:50:34 --> Model Class Initialized
INFO - 2018-04-11 09:50:34 --> Model Class Initialized
INFO - 2018-04-11 09:50:34 --> Model Class Initialized
INFO - 2018-04-11 09:50:34 --> Model Class Initialized
INFO - 2018-04-11 09:50:34 --> Model Class Initialized
INFO - 2018-04-11 09:50:34 --> Model Class Initialized
INFO - 2018-04-11 09:50:34 --> Model Class Initialized
INFO - 2018-04-11 09:50:34 --> Model Class Initialized
INFO - 2018-04-11 09:50:34 --> Model Class Initialized
INFO - 2018-04-11 09:50:34 --> Controller Class Initialized
DEBUG - 2018-04-11 09:50:34 --> Login MX_Controller Initialized
DEBUG - 2018-04-11 09:50:34 --> File loaded: C:\xampp\htdocs\ci\ussiweb\application\modules/admin/config/autoload.php
DEBUG - 2018-04-11 14:50:34 --> File loaded: C:\xampp\htdocs\ci\ussiweb\application\modules/admin/config/form_validation.php
DEBUG - 2018-04-11 14:50:34 --> File loaded: C:\xampp\htdocs\ci\ussiweb\application\views\_base/head.php
DEBUG - 2018-04-11 14:50:34 --> File loaded: C:\xampp\htdocs\ci\ussiweb\application\modules/admin/views/login.php
DEBUG - 2018-04-11 14:50:34 --> File loaded: C:\xampp\htdocs\ci\ussiweb\application\views\_layouts/empty.php
DEBUG - 2018-04-11 14:50:34 --> File loaded: C:\xampp\htdocs\ci\ussiweb\application\views\_partials/ga.php
DEBUG - 2018-04-11 14:50:34 --> File loaded: C:\xampp\htdocs\ci\ussiweb\application\views\_base/foot.php
INFO - 2018-04-11 14:50:34 --> Final output sent to browser
DEBUG - 2018-04-11 14:50:34 --> Total execution time: 1.3131
INFO - 2018-04-11 09:50:39 --> Config Class Initialized
INFO - 2018-04-11 09:50:39 --> Hooks Class Initialized
DEBUG - 2018-04-11 09:50:39 --> UTF-8 Support Enabled
INFO - 2018-04-11 09:50:39 --> Utf8 Class Initialized
INFO - 2018-04-11 09:50:39 --> URI Class Initialized
DEBUG - 2018-04-11 09:50:39 --> File loaded: C:\xampp\htdocs\ci\ussiweb\application\modules/admin/config/routes.php
INFO - 2018-04-11 09:50:39 --> Router Class Initialized
INFO - 2018-04-11 09:50:39 --> Output Class Initialized
INFO - 2018-04-11 09:50:39 --> Security Class Initialized
DEBUG - 2018-04-11 09:50:39 --> Global POST, GET and COOKIE data sanitized
INFO - 2018-04-11 09:50:39 --> Input Class Initialized
INFO - 2018-04-11 09:50:39 --> Language Class Initialized
INFO - 2018-04-11 09:50:39 --> Language Class Initialized
INFO - 2018-04-11 09:50:39 --> Config Class Initialized
INFO - 2018-04-11 09:50:39 --> Loader Class Initialized
DEBUG - 2018-04-11 09:50:39 --> File loaded: C:\xampp\htdocs\ci\ussiweb\application\modules/admin/config/site.php
INFO - 2018-04-11 09:50:39 --> Helper loaded: url_helper
INFO - 2018-04-11 09:50:39 --> Helper loaded: inflector_helper
INFO - 2018-04-11 09:50:39 --> Helper loaded: string_helper
INFO - 2018-04-11 09:50:39 --> Helper loaded: array_helper
INFO - 2018-04-11 09:50:39 --> Database Driver Class Initialized
DEBUG - 2018-04-11 09:50:40 --> File loaded: C:\xampp\htdocs\ci\ussiweb\application\modules/admin/config/ion_auth.php
DEBUG - 2018-04-11 09:50:40 --> File loaded: C:\xampp\htdocs\ci\ussiweb\application\modules/admin/config/ion_auth.php
INFO - 2018-04-11 09:50:40 --> Email Class Initialized
INFO - 2018-04-11 09:50:40 --> Language file loaded: language/english/ion_auth_lang.php
INFO - 2018-04-11 09:50:40 --> Helper loaded: cookie_helper
INFO - 2018-04-11 09:50:40 --> Helper loaded: language_helper
DEBUG - 2018-04-11 09:50:40 --> Session: "sess_save_path" is empty; using "session.save_path" value from php.ini.
INFO - 2018-04-11 09:50:40 --> Session: Class initialized using 'files' driver.
INFO - 2018-04-11 09:50:40 --> Model Class Initialized
INFO - 2018-04-11 09:50:40 --> Helper loaded: date_helper
INFO - 2018-04-11 09:50:40 --> User Agent Class Initialized
DEBUG - 2018-04-11 09:50:40 --> File loaded: C:\xampp\htdocs\ci\ussiweb\application\modules/admin/config/autoload.php
DEBUG - 2018-04-11 09:50:40 --> File loaded: C:\xampp\htdocs\ci\ussiweb\application\modules/admin/config/form_validation.php
INFO - 2018-04-11 09:50:40 --> Helper loaded: form_helper
INFO - 2018-04-11 09:50:40 --> Form Validation Class Initialized
INFO - 2018-04-11 09:50:40 --> Model Class Initialized
INFO - 2018-04-11 09:50:40 --> Model Class Initialized
INFO - 2018-04-11 09:50:40 --> Model Class Initialized
INFO - 2018-04-11 09:50:41 --> Model Class Initialized
INFO - 2018-04-11 09:50:41 --> Model Class Initialized
INFO - 2018-04-11 09:50:41 --> Model Class Initialized
INFO - 2018-04-11 09:50:41 --> Model Class Initialized
INFO - 2018-04-11 09:50:41 --> Model Class Initialized
INFO - 2018-04-11 09:50:41 --> Model Class Initialized
INFO - 2018-04-11 09:50:41 --> Model Class Initialized
INFO - 2018-04-11 09:50:41 --> Model Class Initialized
INFO - 2018-04-11 09:50:41 --> Model Class Initialized
INFO - 2018-04-11 09:50:41 --> Controller Class Initialized
DEBUG - 2018-04-11 09:50:41 --> Login MX_Controller Initialized
DEBUG - 2018-04-11 09:50:41 --> File loaded: C:\xampp\htdocs\ci\ussiweb\application\modules/admin/config/autoload.php
DEBUG - 2018-04-11 14:50:41 --> File loaded: C:\xampp\htdocs\ci\ussiweb\application\modules/admin/config/form_validation.php
INFO - 2018-04-11 14:50:41 --> Language file loaded: language/english/form_validation_lang.php
INFO - 2018-04-11 09:50:41 --> Config Class Initialized
INFO - 2018-04-11 09:50:41 --> Hooks Class Initialized
DEBUG - 2018-04-11 09:50:41 --> UTF-8 Support Enabled
INFO - 2018-04-11 09:50:41 --> Utf8 Class Initialized
INFO - 2018-04-11 09:50:41 --> URI Class Initialized
DEBUG - 2018-04-11 09:50:41 --> File loaded: C:\xampp\htdocs\ci\ussiweb\application\modules/admin/config/routes.php
INFO - 2018-04-11 09:50:41 --> Router Class Initialized
INFO - 2018-04-11 09:50:41 --> Output Class Initialized
INFO - 2018-04-11 09:50:41 --> Security Class Initialized
DEBUG - 2018-04-11 09:50:41 --> Global POST, GET and COOKIE data sanitized
INFO - 2018-04-11 09:50:41 --> Input Class Initialized
INFO - 2018-04-11 09:50:41 --> Language Class Initialized
INFO - 2018-04-11 09:50:41 --> Language Class Initialized
INFO - 2018-04-11 09:50:41 --> Config Class Initialized
INFO - 2018-04-11 09:50:41 --> Loader Class Initialized
DEBUG - 2018-04-11 09:50:41 --> File loaded: C:\xampp\htdocs\ci\ussiweb\application\modules/admin/config/site.php
INFO - 2018-04-11 09:50:41 --> Helper loaded: url_helper
INFO - 2018-04-11 09:50:41 --> Helper loaded: inflector_helper
INFO - 2018-04-11 09:50:41 --> Helper loaded: string_helper
INFO - 2018-04-11 09:50:41 --> Helper loaded: array_helper
INFO - 2018-04-11 09:50:41 --> Database Driver Class Initialized
DEBUG - 2018-04-11 09:50:42 --> File loaded: C:\xampp\htdocs\ci\ussiweb\application\modules/admin/config/ion_auth.php
DEBUG - 2018-04-11 09:50:42 --> File loaded: C:\xampp\htdocs\ci\ussiweb\application\modules/admin/config/ion_auth.php
INFO - 2018-04-11 09:50:42 --> Email Class Initialized
INFO - 2018-04-11 09:50:42 --> Language file loaded: language/english/ion_auth_lang.php
INFO - 2018-04-11 09:50:42 --> Helper loaded: cookie_helper
INFO - 2018-04-11 09:50:42 --> Helper loaded: language_helper
DEBUG - 2018-04-11 09:50:42 --> Session: "sess_save_path" is empty; using "session.save_path" value from php.ini.
INFO - 2018-04-11 09:50:42 --> Session: Class initialized using 'files' driver.
INFO - 2018-04-11 09:50:42 --> Model Class Initialized
INFO - 2018-04-11 09:50:42 --> Helper loaded: date_helper
INFO - 2018-04-11 09:50:42 --> User Agent Class Initialized
DEBUG - 2018-04-11 09:50:42 --> File loaded: C:\xampp\htdocs\ci\ussiweb\application\modules/admin/config/autoload.php
DEBUG - 2018-04-11 09:50:42 --> File loaded: C:\xampp\htdocs\ci\ussiweb\application\modules/admin/config/form_validation.php
INFO - 2018-04-11 09:50:42 --> Helper loaded: form_helper
INFO - 2018-04-11 09:50:42 --> Form Validation Class Initialized
INFO - 2018-04-11 09:50:42 --> Model Class Initialized
INFO - 2018-04-11 09:50:42 --> Model Class Initialized
INFO - 2018-04-11 09:50:42 --> Model Class Initialized
INFO - 2018-04-11 09:50:42 --> Model Class Initialized
INFO - 2018-04-11 09:50:42 --> Model Class Initialized
INFO - 2018-04-11 09:50:42 --> Model Class Initialized
INFO - 2018-04-11 09:50:42 --> Model Class Initialized
INFO - 2018-04-11 09:50:42 --> Model Class Initialized
INFO - 2018-04-11 09:50:42 --> Model Class Initialized
INFO - 2018-04-11 09:50:42 --> Model Class Initialized
INFO - 2018-04-11 09:50:42 --> Model Class Initialized
INFO - 2018-04-11 09:50:42 --> Model Class Initialized
INFO - 2018-04-11 09:50:42 --> Controller Class Initialized
DEBUG - 2018-04-11 09:50:42 --> Home MX_Controller Initialized
DEBUG - 2018-04-11 09:50:42 --> File loaded: C:\xampp\htdocs\ci\ussiweb\application\modules/admin/config/autoload.php
INFO - 2018-04-11 14:50:43 --> Model Class Initialized
DEBUG - 2018-04-11 14:50:43 --> File loaded: C:\xampp\htdocs\ci\ussiweb\application\views\_base/head.php
DEBUG - 2018-04-11 14:50:43 --> File loaded: C:\xampp\htdocs\ci\ussiweb\application\modules/admin/views/_partials/navbar.php
DEBUG - 2018-04-11 14:50:43 --> File loaded: C:\xampp\htdocs\ci\ussiweb\application\modules/admin/views/_partials/sidemenu_search.php
DEBUG - 2018-04-11 14:50:43 --> File loaded: C:\xampp\htdocs\ci\ussiweb\application\modules/admin/views/_partials/sidemenu.php
DEBUG - 2018-04-11 14:50:43 --> File loaded: C:\xampp\htdocs\ci\ussiweb\application\modules/admin/views/_partials/breadcrumb.php
DEBUG - 2018-04-11 14:50:43 --> File loaded: C:\xampp\htdocs\ci\ussiweb\application\modules/admin/views/_partials/errorpage.php
DEBUG - 2018-04-11 14:50:43 --> File loaded: C:\xampp\htdocs\ci\ussiweb\application\controllers/../modules/adminlte/controllers/Widget.php
DEBUG - 2018-04-11 14:50:43 --> Widget MX_Controller Initialized
DEBUG - 2018-04-11 14:50:43 --> File loaded: C:\xampp\htdocs\ci\ussiweb\application\modules/admin/views/home.php
DEBUG - 2018-04-11 14:50:43 --> File loaded: C:\xampp\htdocs\ci\ussiweb\application\modules/admin/views/_partials/back_btn.php
DEBUG - 2018-04-11 14:50:43 --> File loaded: C:\xampp\htdocs\ci\ussiweb\application\modules/admin/views/_layouts/default.php
DEBUG - 2018-04-11 14:50:43 --> File loaded: C:\xampp\htdocs\ci\ussiweb\application\views\_partials/ga.php
DEBUG - 2018-04-11 14:50:43 --> File loaded: C:\xampp\htdocs\ci\ussiweb\application\views\_base/foot.php
INFO - 2018-04-11 14:50:43 --> Final output sent to browser
DEBUG - 2018-04-11 14:50:43 --> Total execution time: 1.8661
INFO - 2018-04-11 09:50:43 --> Config Class Initialized
INFO - 2018-04-11 09:50:43 --> Hooks Class Initialized
DEBUG - 2018-04-11 09:50:43 --> UTF-8 Support Enabled
INFO - 2018-04-11 09:50:43 --> Utf8 Class Initialized
INFO - 2018-04-11 09:50:43 --> URI Class Initialized
INFO - 2018-04-11 09:50:43 --> Router Class Initialized
INFO - 2018-04-11 09:50:43 --> Output Class Initialized
INFO - 2018-04-11 09:50:43 --> Security Class Initialized
DEBUG - 2018-04-11 09:50:43 --> Global POST, GET and COOKIE data sanitized
INFO - 2018-04-11 09:50:43 --> Input Class Initialized
INFO - 2018-04-11 09:50:43 --> Language Class Initialized
INFO - 2018-04-11 09:50:43 --> Language Class Initialized
INFO - 2018-04-11 09:50:43 --> Config Class Initialized
INFO - 2018-04-11 09:50:43 --> Loader Class Initialized
DEBUG - 2018-04-11 09:50:43 --> Config file loaded: C:\xampp\htdocs\ci\ussiweb\application\config/site.php
INFO - 2018-04-11 09:50:43 --> Helper loaded: url_helper
INFO - 2018-04-11 09:50:43 --> Helper loaded: inflector_helper
INFO - 2018-04-11 09:50:43 --> Helper loaded: string_helper
INFO - 2018-04-11 09:50:43 --> Helper loaded: array_helper
INFO - 2018-04-11 09:50:44 --> Database Driver Class Initialized
DEBUG - 2018-04-11 09:50:45 --> Config file loaded: C:\xampp\htdocs\ci\ussiweb\application\config/ion_auth.php
DEBUG - 2018-04-11 09:50:45 --> Config file loaded: C:\xampp\htdocs\ci\ussiweb\application\third_party/ion_auth/config/ion_auth.php
INFO - 2018-04-11 09:50:45 --> Email Class Initialized
INFO - 2018-04-11 09:50:45 --> Language file loaded: language/english/ion_auth_lang.php
INFO - 2018-04-11 09:50:45 --> Helper loaded: cookie_helper
INFO - 2018-04-11 09:50:45 --> Helper loaded: language_helper
DEBUG - 2018-04-11 09:50:45 --> Session: "sess_save_path" is empty; using "session.save_path" value from php.ini.
INFO - 2018-04-11 09:50:45 --> Session: Class initialized using 'files' driver.
INFO - 2018-04-11 09:50:45 --> Model Class Initialized
INFO - 2018-04-11 09:50:45 --> Helper loaded: date_helper
INFO - 2018-04-11 09:50:45 --> User Agent Class Initialized
INFO - 2018-04-11 09:50:45 --> Controller Class Initialized
ERROR - 2018-04-11 09:50:45 --> 404 Page Not Found: /index
INFO - 2018-04-11 09:50:50 --> Config Class Initialized
INFO - 2018-04-11 09:50:50 --> Hooks Class Initialized
DEBUG - 2018-04-11 09:50:50 --> UTF-8 Support Enabled
INFO - 2018-04-11 09:50:50 --> Utf8 Class Initialized
INFO - 2018-04-11 09:50:50 --> URI Class Initialized
DEBUG - 2018-04-11 09:50:50 --> File loaded: C:\xampp\htdocs\ci\ussiweb\application\modules/admin/config/routes.php
INFO - 2018-04-11 09:50:50 --> Router Class Initialized
INFO - 2018-04-11 09:50:50 --> Output Class Initialized
INFO - 2018-04-11 09:50:50 --> Security Class Initialized
DEBUG - 2018-04-11 09:50:50 --> Global POST, GET and COOKIE data sanitized
INFO - 2018-04-11 09:50:50 --> Input Class Initialized
INFO - 2018-04-11 09:50:50 --> Language Class Initialized
INFO - 2018-04-11 09:50:50 --> Language Class Initialized
INFO - 2018-04-11 09:50:50 --> Config Class Initialized
INFO - 2018-04-11 09:50:50 --> Loader Class Initialized
DEBUG - 2018-04-11 09:50:50 --> File loaded: C:\xampp\htdocs\ci\ussiweb\application\modules/admin/config/site.php
INFO - 2018-04-11 09:50:50 --> Helper loaded: url_helper
INFO - 2018-04-11 09:50:50 --> Helper loaded: inflector_helper
INFO - 2018-04-11 09:50:50 --> Helper loaded: string_helper
INFO - 2018-04-11 09:50:50 --> Helper loaded: array_helper
INFO - 2018-04-11 09:50:50 --> Database Driver Class Initialized
DEBUG - 2018-04-11 09:50:51 --> File loaded: C:\xampp\htdocs\ci\ussiweb\application\modules/admin/config/ion_auth.php
DEBUG - 2018-04-11 09:50:51 --> File loaded: C:\xampp\htdocs\ci\ussiweb\application\modules/admin/config/ion_auth.php
INFO - 2018-04-11 09:50:51 --> Email Class Initialized
INFO - 2018-04-11 09:50:51 --> Language file loaded: language/english/ion_auth_lang.php
INFO - 2018-04-11 09:50:51 --> Helper loaded: cookie_helper
INFO - 2018-04-11 09:50:51 --> Helper loaded: language_helper
DEBUG - 2018-04-11 09:50:51 --> Session: "sess_save_path" is empty; using "session.save_path" value from php.ini.
INFO - 2018-04-11 09:50:51 --> Session: Class initialized using 'files' driver.
INFO - 2018-04-11 09:50:51 --> Model Class Initialized
INFO - 2018-04-11 09:50:51 --> Helper loaded: date_helper
INFO - 2018-04-11 09:50:51 --> User Agent Class Initialized
DEBUG - 2018-04-11 09:50:51 --> File loaded: C:\xampp\htdocs\ci\ussiweb\application\modules/admin/config/autoload.php
DEBUG - 2018-04-11 09:50:51 --> File loaded: C:\xampp\htdocs\ci\ussiweb\application\modules/admin/config/form_validation.php
INFO - 2018-04-11 09:50:51 --> Helper loaded: form_helper
INFO - 2018-04-11 09:50:51 --> Form Validation Class Initialized
INFO - 2018-04-11 09:50:51 --> Model Class Initialized
INFO - 2018-04-11 09:50:51 --> Model Class Initialized
INFO - 2018-04-11 09:50:51 --> Model Class Initialized
INFO - 2018-04-11 09:50:51 --> Model Class Initialized
INFO - 2018-04-11 09:50:51 --> Model Class Initialized
INFO - 2018-04-11 09:50:51 --> Model Class Initialized
INFO - 2018-04-11 09:50:51 --> Model Class Initialized
INFO - 2018-04-11 09:50:51 --> Model Class Initialized
INFO - 2018-04-11 09:50:51 --> Model Class Initialized
INFO - 2018-04-11 09:50:51 --> Model Class Initialized
INFO - 2018-04-11 09:50:51 --> Model Class Initialized
INFO - 2018-04-11 09:50:51 --> Model Class Initialized
INFO - 2018-04-11 09:50:51 --> Controller Class Initialized
DEBUG - 2018-04-11 09:50:51 --> Chart MX_Controller Initialized
DEBUG - 2018-04-11 09:50:51 --> File loaded: C:\xampp\htdocs\ci\ussiweb\application\modules/admin/config/autoload.php
DEBUG - 2018-04-11 14:50:51 --> File loaded: C:\xampp\htdocs\ci\ussiweb\application\modules/admin/views/_chart/v_chart1.php
INFO - 2018-04-11 14:50:51 --> Final output sent to browser
DEBUG - 2018-04-11 14:50:51 --> Total execution time: 1.1621
INFO - 2018-04-11 09:50:54 --> Config Class Initialized
INFO - 2018-04-11 09:50:54 --> Hooks Class Initialized
DEBUG - 2018-04-11 09:50:54 --> UTF-8 Support Enabled
INFO - 2018-04-11 09:50:54 --> Utf8 Class Initialized
INFO - 2018-04-11 09:50:54 --> URI Class Initialized
DEBUG - 2018-04-11 09:50:54 --> File loaded: C:\xampp\htdocs\ci\ussiweb\application\modules/admin/config/routes.php
INFO - 2018-04-11 09:50:54 --> Router Class Initialized
INFO - 2018-04-11 09:50:54 --> Output Class Initialized
INFO - 2018-04-11 09:50:54 --> Security Class Initialized
DEBUG - 2018-04-11 09:50:54 --> Global POST, GET and COOKIE data sanitized
INFO - 2018-04-11 09:50:54 --> Input Class Initialized
INFO - 2018-04-11 09:50:54 --> Language Class Initialized
INFO - 2018-04-11 09:50:54 --> Language Class Initialized
INFO - 2018-04-11 09:50:54 --> Config Class Initialized
INFO - 2018-04-11 09:50:54 --> Loader Class Initialized
DEBUG - 2018-04-11 09:50:54 --> File loaded: C:\xampp\htdocs\ci\ussiweb\application\modules/admin/config/site.php
INFO - 2018-04-11 09:50:54 --> Helper loaded: url_helper
INFO - 2018-04-11 09:50:54 --> Helper loaded: inflector_helper
INFO - 2018-04-11 09:50:54 --> Helper loaded: string_helper
INFO - 2018-04-11 09:50:54 --> Helper loaded: array_helper
INFO - 2018-04-11 09:50:54 --> Database Driver Class Initialized
DEBUG - 2018-04-11 09:50:55 --> File loaded: C:\xampp\htdocs\ci\ussiweb\application\modules/admin/config/ion_auth.php
DEBUG - 2018-04-11 09:50:55 --> File loaded: C:\xampp\htdocs\ci\ussiweb\application\modules/admin/config/ion_auth.php
INFO - 2018-04-11 09:50:55 --> Email Class Initialized
INFO - 2018-04-11 09:50:55 --> Language file loaded: language/english/ion_auth_lang.php
INFO - 2018-04-11 09:50:55 --> Helper loaded: cookie_helper
INFO - 2018-04-11 09:50:55 --> Helper loaded: language_helper
DEBUG - 2018-04-11 09:50:55 --> Session: "sess_save_path" is empty; using "session.save_path" value from php.ini.
INFO - 2018-04-11 09:50:55 --> Session: Class initialized using 'files' driver.
INFO - 2018-04-11 09:50:55 --> Model Class Initialized
INFO - 2018-04-11 09:50:55 --> Helper loaded: date_helper
INFO - 2018-04-11 09:50:55 --> User Agent Class Initialized
DEBUG - 2018-04-11 09:50:55 --> File loaded: C:\xampp\htdocs\ci\ussiweb\application\modules/admin/config/autoload.php
DEBUG - 2018-04-11 09:50:55 --> File loaded: C:\xampp\htdocs\ci\ussiweb\application\modules/admin/config/form_validation.php
INFO - 2018-04-11 09:50:55 --> Helper loaded: form_helper
INFO - 2018-04-11 09:50:55 --> Form Validation Class Initialized
INFO - 2018-04-11 09:50:55 --> Model Class Initialized
INFO - 2018-04-11 09:50:55 --> Model Class Initialized
INFO - 2018-04-11 09:50:55 --> Model Class Initialized
INFO - 2018-04-11 09:50:55 --> Model Class Initialized
INFO - 2018-04-11 09:50:55 --> Model Class Initialized
INFO - 2018-04-11 09:50:55 --> Model Class Initialized
INFO - 2018-04-11 09:50:55 --> Model Class Initialized
INFO - 2018-04-11 09:50:55 --> Model Class Initialized
INFO - 2018-04-11 09:50:55 --> Model Class Initialized
INFO - 2018-04-11 09:50:55 --> Model Class Initialized
INFO - 2018-04-11 09:50:55 --> Model Class Initialized
INFO - 2018-04-11 09:50:55 --> Model Class Initialized
INFO - 2018-04-11 09:50:55 --> Controller Class Initialized
DEBUG - 2018-04-11 09:50:55 --> Chart MX_Controller Initialized
DEBUG - 2018-04-11 09:50:55 --> File loaded: C:\xampp\htdocs\ci\ussiweb\application\modules/admin/config/autoload.php
DEBUG - 2018-04-11 14:50:55 --> File loaded: C:\xampp\htdocs\ci\ussiweb\application\modules/admin/views/_chart/v_chart1.php
INFO - 2018-04-11 14:50:55 --> Final output sent to browser
DEBUG - 2018-04-11 14:50:55 --> Total execution time: 1.5121
