INFO - 2018-02-02 08:37:28 --> Config Class Initialized
INFO - 2018-02-02 08:37:28 --> Hooks Class Initialized
DEBUG - 2018-02-02 08:37:29 --> UTF-8 Support Enabled
INFO - 2018-02-02 08:37:29 --> Utf8 Class Initialized
INFO - 2018-02-02 08:37:29 --> URI Class Initialized
INFO - 2018-02-02 08:37:29 --> Router Class Initialized
INFO - 2018-02-02 08:37:29 --> Output Class Initialized
INFO - 2018-02-02 08:37:29 --> Security Class Initialized
DEBUG - 2018-02-02 08:37:29 --> Global POST, GET and COOKIE data sanitized
INFO - 2018-02-02 08:37:29 --> Input Class Initialized
INFO - 2018-02-02 08:37:29 --> Language Class Initialized
INFO - 2018-02-02 08:37:29 --> Language Class Initialized
INFO - 2018-02-02 08:37:29 --> Config Class Initialized
INFO - 2018-02-02 08:37:29 --> Loader Class Initialized
DEBUG - 2018-02-02 08:37:29 --> File loaded: C:\xampp\htdocs\ci\ussiweb\application\modules/api/config/site.php
INFO - 2018-02-02 08:37:29 --> Helper loaded: url_helper
INFO - 2018-02-02 08:37:29 --> Helper loaded: inflector_helper
INFO - 2018-02-02 08:37:29 --> Helper loaded: string_helper
INFO - 2018-02-02 08:37:29 --> Helper loaded: array_helper
INFO - 2018-02-02 08:37:29 --> Database Driver Class Initialized
DEBUG - 2018-02-02 08:37:32 --> Config file loaded: C:\xampp\htdocs\ci\ussiweb\application\config/ion_auth.php
DEBUG - 2018-02-02 08:37:32 --> Config file loaded: C:\xampp\htdocs\ci\ussiweb\application\third_party/ion_auth/config/ion_auth.php
INFO - 2018-02-02 08:37:32 --> Email Class Initialized
INFO - 2018-02-02 08:37:32 --> Language file loaded: language/english/ion_auth_lang.php
INFO - 2018-02-02 08:37:32 --> Helper loaded: cookie_helper
INFO - 2018-02-02 08:37:32 --> Helper loaded: language_helper
DEBUG - 2018-02-02 08:37:32 --> Session: "sess_save_path" is empty; using "session.save_path" value from php.ini.
INFO - 2018-02-02 08:37:33 --> Session: Class initialized using 'files' driver.
INFO - 2018-02-02 08:37:33 --> Model Class Initialized
INFO - 2018-02-02 08:37:33 --> Helper loaded: date_helper
INFO - 2018-02-02 08:37:33 --> User Agent Class Initialized
DEBUG - 2018-02-02 08:37:33 --> File loaded: C:\xampp\htdocs\ci\ussiweb\application\modules/api/config/autoload.php
DEBUG - 2018-02-02 08:37:33 --> User_agent class already loaded. Second attempt ignored.
INFO - 2018-02-02 08:37:33 --> Model Class Initialized
INFO - 2018-02-02 08:37:33 --> Model Class Initialized
INFO - 2018-02-02 08:37:33 --> Model Class Initialized
INFO - 2018-02-02 08:37:33 --> Model Class Initialized
INFO - 2018-02-02 08:37:33 --> Model Class Initialized
INFO - 2018-02-02 08:37:33 --> Model Class Initialized
INFO - 2018-02-02 08:37:33 --> Model Class Initialized
INFO - 2018-02-02 08:37:33 --> Model Class Initialized
INFO - 2018-02-02 08:37:33 --> Model Class Initialized
INFO - 2018-02-02 08:37:33 --> Model Class Initialized
INFO - 2018-02-02 08:37:33 --> Model Class Initialized
INFO - 2018-02-02 08:37:33 --> Model Class Initialized
INFO - 2018-02-02 08:37:33 --> Model Class Initialized
INFO - 2018-02-02 08:37:33 --> Model Class Initialized
INFO - 2018-02-02 08:37:33 --> Model Class Initialized
INFO - 2018-02-02 08:37:33 --> Model Class Initialized
INFO - 2018-02-02 08:37:33 --> Model Class Initialized
INFO - 2018-02-02 08:37:33 --> Model Class Initialized
INFO - 2018-02-02 08:37:33 --> Controller Class Initialized
DEBUG - 2018-02-02 08:37:33 --> Commerce MX_Controller Initialized
DEBUG - 2018-02-02 08:37:33 --> File loaded: C:\xampp\htdocs\ci\ussiweb\application\modules/api/config/autoload.php
DEBUG - 2018-02-02 08:37:33 --> User_agent class already loaded. Second attempt ignored.
DEBUG - 2018-02-02 08:37:33 --> File loaded: C:\xampp\htdocs\ci\ussiweb\application\modules/api/config/rest.php
DEBUG - 2018-02-02 08:37:33 --> File loaded: C:\xampp\htdocs\ci\ussiweb\application\modules/api/libraries/Format.php
DEBUG - 2018-02-02 08:37:33 --> File loaded: C:\xampp\htdocs\ci\ussiweb\application\modules/api/language/english/rest_controller_lang.php
INFO - 2018-02-02 08:37:33 --> Database Driver Class Initialized
INFO - 2018-02-02 14:37:36 --> Action: begin|API|bgj5eUskdh4DCa[::1] 
INFO - 2018-02-02 14:37:36 --> Action: receiver |API|bgj5eUskdh4DCa ---|data: Array([uri] => api/commerce/bpjs_inq[method] => post[params] => a:3:{s:7:"agentid";s:3:"103";s:6:"bpjsid";s:14:"92372982942974";s:7:"periode";s:1:"1";}[api_key] => a1s2d3f4g5Q[key_session] => [time] => 1517557056)
ERROR - 2018-02-02 14:37:37 --> Severity: Notice --> Undefined variable: topup_respon_code C:\xampp\htdocs\ci\ussiweb\application\models\Transhoot.php 27
ERROR - 2018-02-02 14:37:37 --> Severity: Notice --> Undefined variable: topup_respon_code C:\xampp\htdocs\ci\ussiweb\application\models\Transhoot.php 28
ERROR - 2018-02-02 14:37:37 --> Severity: Notice --> Undefined variable: topup_respon_code C:\xampp\htdocs\ci\ussiweb\application\models\Transhoot.php 30
ERROR - 2018-02-02 14:37:37 --> Severity: Notice --> Undefined variable: topup_respon_code C:\xampp\htdocs\ci\ussiweb\application\models\Transhoot.php 30
ERROR - 2018-02-02 14:37:37 --> Severity: Notice --> Undefined variable: topup_respon_code C:\xampp\htdocs\ci\ussiweb\application\models\Transhoot.php 32
ERROR - 2018-02-02 14:37:37 --> Severity: Notice --> Undefined variable: topup_respon_code C:\xampp\htdocs\ci\ussiweb\application\models\Transhoot.php 34
ERROR - 2018-02-02 14:37:37 --> Severity: Notice --> Undefined variable: topup_respon_code C:\xampp\htdocs\ci\ussiweb\application\models\Transhoot.php 36
ERROR - 2018-02-02 14:37:37 --> Severity: Notice --> Undefined variable: topup_respon_code C:\xampp\htdocs\ci\ussiweb\application\models\Transhoot.php 38
ERROR - 2018-02-02 14:37:37 --> Severity: Notice --> Undefined property: CI::$res_result C:\xampp\htdocs\ci\ussiweb\system\core\Model.php 77
ERROR - 2018-02-02 14:37:37 --> Severity: error --> Exception: Call to undefined method Transhoot::logAction() C:\xampp\htdocs\ci\ussiweb\application\models\Transhoot.php 44
ERROR - 2018-02-02 14:37:37 --> Severity: Warning --> Cannot modify header information - headers already sent by (output started at C:\xampp\htdocs\ci\ussiweb\system\core\Exceptions.php:273) C:\xampp\htdocs\ci\ussiweb\system\core\Common.php 573
