INFO - 2018-07-25 12:05:27 --> Config Class Initialized
INFO - 2018-07-25 12:05:27 --> Hooks Class Initialized
DEBUG - 2018-07-25 12:05:27 --> UTF-8 Support Enabled
INFO - 2018-07-25 12:05:27 --> Utf8 Class Initialized
INFO - 2018-07-25 12:05:27 --> URI Class Initialized
DEBUG - 2018-07-25 12:05:27 --> File loaded: C:\xampp\htdocs\ci\ussiweb\application\modules/admin/config/routes.php
INFO - 2018-07-25 12:05:27 --> Router Class Initialized
INFO - 2018-07-25 12:05:27 --> Output Class Initialized
INFO - 2018-07-25 12:05:27 --> Security Class Initialized
DEBUG - 2018-07-25 12:05:27 --> Global POST, GET and COOKIE data sanitized
INFO - 2018-07-25 12:05:27 --> Input Class Initialized
INFO - 2018-07-25 12:05:27 --> Language Class Initialized
INFO - 2018-07-25 12:05:27 --> Language Class Initialized
INFO - 2018-07-25 12:05:27 --> Config Class Initialized
INFO - 2018-07-25 12:05:27 --> Loader Class Initialized
DEBUG - 2018-07-25 12:05:27 --> File loaded: C:\xampp\htdocs\ci\ussiweb\application\modules/admin/config/site.php
INFO - 2018-07-25 12:05:27 --> Helper loaded: url_helper
INFO - 2018-07-25 12:05:27 --> Helper loaded: inflector_helper
INFO - 2018-07-25 12:05:27 --> Helper loaded: string_helper
INFO - 2018-07-25 12:05:27 --> Helper loaded: array_helper
INFO - 2018-07-25 12:05:27 --> Database Driver Class Initialized
DEBUG - 2018-07-25 12:05:28 --> File loaded: C:\xampp\htdocs\ci\ussiweb\application\modules/admin/config/ion_auth.php
DEBUG - 2018-07-25 12:05:28 --> File loaded: C:\xampp\htdocs\ci\ussiweb\application\modules/admin/config/ion_auth.php
INFO - 2018-07-25 12:05:28 --> Email Class Initialized
INFO - 2018-07-25 12:05:28 --> Language file loaded: language/english/ion_auth_lang.php
INFO - 2018-07-25 12:05:28 --> Helper loaded: cookie_helper
INFO - 2018-07-25 12:05:28 --> Helper loaded: language_helper
DEBUG - 2018-07-25 12:05:28 --> Session: "sess_save_path" is empty; using "session.save_path" value from php.ini.
INFO - 2018-07-25 12:05:28 --> Session: Class initialized using 'files' driver.
INFO - 2018-07-25 12:05:28 --> Model Class Initialized
INFO - 2018-07-25 12:05:28 --> Helper loaded: date_helper
INFO - 2018-07-25 12:05:28 --> User Agent Class Initialized
DEBUG - 2018-07-25 12:05:28 --> File loaded: C:\xampp\htdocs\ci\ussiweb\application\modules/admin/config/autoload.php
DEBUG - 2018-07-25 12:05:28 --> File loaded: C:\xampp\htdocs\ci\ussiweb\application\modules/admin/config/form_validation.php
INFO - 2018-07-25 12:05:28 --> Helper loaded: form_helper
INFO - 2018-07-25 12:05:28 --> Form Validation Class Initialized
INFO - 2018-07-25 12:05:29 --> Model Class Initialized
INFO - 2018-07-25 12:05:29 --> Model Class Initialized
INFO - 2018-07-25 12:05:29 --> Model Class Initialized
INFO - 2018-07-25 12:05:29 --> Model Class Initialized
INFO - 2018-07-25 12:05:29 --> Model Class Initialized
INFO - 2018-07-25 12:05:29 --> Model Class Initialized
INFO - 2018-07-25 12:05:29 --> Model Class Initialized
INFO - 2018-07-25 12:05:29 --> Model Class Initialized
INFO - 2018-07-25 12:05:29 --> Model Class Initialized
INFO - 2018-07-25 12:05:29 --> Model Class Initialized
INFO - 2018-07-25 12:05:29 --> Model Class Initialized
INFO - 2018-07-25 12:05:29 --> Model Class Initialized
INFO - 2018-07-25 12:05:29 --> Controller Class Initialized
DEBUG - 2018-07-25 12:05:29 --> Simpanan MX_Controller Initialized
DEBUG - 2018-07-25 12:05:29 --> File loaded: C:\xampp\htdocs\ci\ussiweb\application\modules/admin/config/autoload.php
INFO - 2018-07-25 12:05:29 --> Config Class Initialized
INFO - 2018-07-25 12:05:29 --> Hooks Class Initialized
DEBUG - 2018-07-25 12:05:29 --> UTF-8 Support Enabled
INFO - 2018-07-25 12:05:29 --> Utf8 Class Initialized
INFO - 2018-07-25 12:05:29 --> URI Class Initialized
DEBUG - 2018-07-25 12:05:29 --> File loaded: C:\xampp\htdocs\ci\ussiweb\application\modules/admin/config/routes.php
INFO - 2018-07-25 12:05:29 --> Router Class Initialized
INFO - 2018-07-25 12:05:29 --> Output Class Initialized
INFO - 2018-07-25 12:05:29 --> Security Class Initialized
DEBUG - 2018-07-25 12:05:29 --> Global POST, GET and COOKIE data sanitized
INFO - 2018-07-25 12:05:29 --> Input Class Initialized
INFO - 2018-07-25 12:05:29 --> Language Class Initialized
INFO - 2018-07-25 12:05:29 --> Language Class Initialized
INFO - 2018-07-25 12:05:29 --> Config Class Initialized
INFO - 2018-07-25 12:05:29 --> Loader Class Initialized
DEBUG - 2018-07-25 12:05:29 --> File loaded: C:\xampp\htdocs\ci\ussiweb\application\modules/admin/config/site.php
INFO - 2018-07-25 12:05:29 --> Helper loaded: url_helper
INFO - 2018-07-25 12:05:29 --> Helper loaded: inflector_helper
INFO - 2018-07-25 12:05:29 --> Helper loaded: string_helper
INFO - 2018-07-25 12:05:29 --> Helper loaded: array_helper
INFO - 2018-07-25 12:05:29 --> Database Driver Class Initialized
DEBUG - 2018-07-25 12:05:30 --> File loaded: C:\xampp\htdocs\ci\ussiweb\application\modules/admin/config/ion_auth.php
DEBUG - 2018-07-25 12:05:30 --> File loaded: C:\xampp\htdocs\ci\ussiweb\application\modules/admin/config/ion_auth.php
INFO - 2018-07-25 12:05:30 --> Email Class Initialized
INFO - 2018-07-25 12:05:30 --> Language file loaded: language/english/ion_auth_lang.php
INFO - 2018-07-25 12:05:30 --> Helper loaded: cookie_helper
INFO - 2018-07-25 12:05:30 --> Helper loaded: language_helper
DEBUG - 2018-07-25 12:05:30 --> Session: "sess_save_path" is empty; using "session.save_path" value from php.ini.
INFO - 2018-07-25 12:05:30 --> Session: Class initialized using 'files' driver.
INFO - 2018-07-25 12:05:30 --> Model Class Initialized
INFO - 2018-07-25 12:05:30 --> Helper loaded: date_helper
INFO - 2018-07-25 12:05:30 --> User Agent Class Initialized
DEBUG - 2018-07-25 12:05:30 --> File loaded: C:\xampp\htdocs\ci\ussiweb\application\modules/admin/config/autoload.php
DEBUG - 2018-07-25 12:05:30 --> File loaded: C:\xampp\htdocs\ci\ussiweb\application\modules/admin/config/form_validation.php
INFO - 2018-07-25 12:05:30 --> Helper loaded: form_helper
INFO - 2018-07-25 12:05:30 --> Form Validation Class Initialized
INFO - 2018-07-25 12:05:30 --> Model Class Initialized
INFO - 2018-07-25 12:05:30 --> Model Class Initialized
INFO - 2018-07-25 12:05:30 --> Model Class Initialized
INFO - 2018-07-25 12:05:30 --> Model Class Initialized
INFO - 2018-07-25 12:05:30 --> Model Class Initialized
INFO - 2018-07-25 12:05:30 --> Model Class Initialized
INFO - 2018-07-25 12:05:30 --> Model Class Initialized
INFO - 2018-07-25 12:05:30 --> Model Class Initialized
INFO - 2018-07-25 12:05:30 --> Model Class Initialized
INFO - 2018-07-25 12:05:30 --> Model Class Initialized
INFO - 2018-07-25 12:05:30 --> Model Class Initialized
INFO - 2018-07-25 12:05:30 --> Model Class Initialized
INFO - 2018-07-25 12:05:30 --> Controller Class Initialized
DEBUG - 2018-07-25 12:05:30 --> Login MX_Controller Initialized
DEBUG - 2018-07-25 12:05:30 --> File loaded: C:\xampp\htdocs\ci\ussiweb\application\modules/admin/config/autoload.php
DEBUG - 2018-07-25 17:05:30 --> File loaded: C:\xampp\htdocs\ci\ussiweb\application\modules/admin/config/form_validation.php
DEBUG - 2018-07-25 17:05:31 --> File loaded: C:\xampp\htdocs\ci\ussiweb\application\views\_base/head.php
DEBUG - 2018-07-25 17:05:31 --> File loaded: C:\xampp\htdocs\ci\ussiweb\application\modules/admin/views/login.php
DEBUG - 2018-07-25 17:05:31 --> File loaded: C:\xampp\htdocs\ci\ussiweb\application\views\_layouts/empty.php
DEBUG - 2018-07-25 17:05:31 --> File loaded: C:\xampp\htdocs\ci\ussiweb\application\views\_partials/ga.php
DEBUG - 2018-07-25 17:05:31 --> File loaded: C:\xampp\htdocs\ci\ussiweb\application\views\_base/foot.php
INFO - 2018-07-25 17:05:31 --> Final output sent to browser
DEBUG - 2018-07-25 17:05:31 --> Total execution time: 1.2981
INFO - 2018-07-25 12:05:34 --> Config Class Initialized
INFO - 2018-07-25 12:05:34 --> Hooks Class Initialized
DEBUG - 2018-07-25 12:05:34 --> UTF-8 Support Enabled
INFO - 2018-07-25 12:05:34 --> Utf8 Class Initialized
INFO - 2018-07-25 12:05:34 --> URI Class Initialized
DEBUG - 2018-07-25 12:05:34 --> File loaded: C:\xampp\htdocs\ci\ussiweb\application\modules/admin/config/routes.php
INFO - 2018-07-25 12:05:34 --> Router Class Initialized
INFO - 2018-07-25 12:05:34 --> Output Class Initialized
INFO - 2018-07-25 12:05:34 --> Security Class Initialized
DEBUG - 2018-07-25 12:05:34 --> Global POST, GET and COOKIE data sanitized
INFO - 2018-07-25 12:05:34 --> Input Class Initialized
INFO - 2018-07-25 12:05:34 --> Language Class Initialized
INFO - 2018-07-25 12:05:34 --> Language Class Initialized
INFO - 2018-07-25 12:05:34 --> Config Class Initialized
INFO - 2018-07-25 12:05:34 --> Loader Class Initialized
DEBUG - 2018-07-25 12:05:34 --> File loaded: C:\xampp\htdocs\ci\ussiweb\application\modules/admin/config/site.php
INFO - 2018-07-25 12:05:34 --> Helper loaded: url_helper
INFO - 2018-07-25 12:05:34 --> Helper loaded: inflector_helper
INFO - 2018-07-25 12:05:34 --> Helper loaded: string_helper
INFO - 2018-07-25 12:05:34 --> Helper loaded: array_helper
INFO - 2018-07-25 12:05:34 --> Database Driver Class Initialized
DEBUG - 2018-07-25 12:05:35 --> File loaded: C:\xampp\htdocs\ci\ussiweb\application\modules/admin/config/ion_auth.php
DEBUG - 2018-07-25 12:05:35 --> File loaded: C:\xampp\htdocs\ci\ussiweb\application\modules/admin/config/ion_auth.php
INFO - 2018-07-25 12:05:35 --> Email Class Initialized
INFO - 2018-07-25 12:05:35 --> Language file loaded: language/english/ion_auth_lang.php
INFO - 2018-07-25 12:05:35 --> Helper loaded: cookie_helper
INFO - 2018-07-25 12:05:35 --> Helper loaded: language_helper
DEBUG - 2018-07-25 12:05:35 --> Session: "sess_save_path" is empty; using "session.save_path" value from php.ini.
INFO - 2018-07-25 12:05:35 --> Session: Class initialized using 'files' driver.
INFO - 2018-07-25 12:05:35 --> Model Class Initialized
INFO - 2018-07-25 12:05:35 --> Helper loaded: date_helper
INFO - 2018-07-25 12:05:35 --> User Agent Class Initialized
DEBUG - 2018-07-25 12:05:35 --> File loaded: C:\xampp\htdocs\ci\ussiweb\application\modules/admin/config/autoload.php
DEBUG - 2018-07-25 12:05:35 --> File loaded: C:\xampp\htdocs\ci\ussiweb\application\modules/admin/config/form_validation.php
INFO - 2018-07-25 12:05:35 --> Helper loaded: form_helper
INFO - 2018-07-25 12:05:35 --> Form Validation Class Initialized
INFO - 2018-07-25 12:05:35 --> Model Class Initialized
INFO - 2018-07-25 12:05:35 --> Model Class Initialized
INFO - 2018-07-25 12:05:35 --> Model Class Initialized
INFO - 2018-07-25 12:05:35 --> Model Class Initialized
INFO - 2018-07-25 12:05:35 --> Model Class Initialized
INFO - 2018-07-25 12:05:35 --> Model Class Initialized
INFO - 2018-07-25 12:05:35 --> Model Class Initialized
INFO - 2018-07-25 12:05:35 --> Model Class Initialized
INFO - 2018-07-25 12:05:35 --> Model Class Initialized
INFO - 2018-07-25 12:05:35 --> Model Class Initialized
INFO - 2018-07-25 12:05:35 --> Model Class Initialized
INFO - 2018-07-25 12:05:35 --> Model Class Initialized
INFO - 2018-07-25 12:05:35 --> Controller Class Initialized
DEBUG - 2018-07-25 12:05:35 --> Login MX_Controller Initialized
DEBUG - 2018-07-25 12:05:35 --> File loaded: C:\xampp\htdocs\ci\ussiweb\application\modules/admin/config/autoload.php
DEBUG - 2018-07-25 17:05:35 --> File loaded: C:\xampp\htdocs\ci\ussiweb\application\modules/admin/config/form_validation.php
INFO - 2018-07-25 17:05:35 --> Language file loaded: language/english/form_validation_lang.php
INFO - 2018-07-25 12:05:36 --> Config Class Initialized
INFO - 2018-07-25 12:05:36 --> Hooks Class Initialized
DEBUG - 2018-07-25 12:05:36 --> UTF-8 Support Enabled
INFO - 2018-07-25 12:05:36 --> Utf8 Class Initialized
INFO - 2018-07-25 12:05:36 --> URI Class Initialized
DEBUG - 2018-07-25 12:05:36 --> File loaded: C:\xampp\htdocs\ci\ussiweb\application\modules/admin/config/routes.php
INFO - 2018-07-25 12:05:36 --> Router Class Initialized
INFO - 2018-07-25 12:05:36 --> Output Class Initialized
INFO - 2018-07-25 12:05:36 --> Security Class Initialized
DEBUG - 2018-07-25 12:05:36 --> Global POST, GET and COOKIE data sanitized
INFO - 2018-07-25 12:05:36 --> Input Class Initialized
INFO - 2018-07-25 12:05:36 --> Language Class Initialized
INFO - 2018-07-25 12:05:36 --> Language Class Initialized
INFO - 2018-07-25 12:05:36 --> Config Class Initialized
INFO - 2018-07-25 12:05:36 --> Loader Class Initialized
DEBUG - 2018-07-25 12:05:36 --> File loaded: C:\xampp\htdocs\ci\ussiweb\application\modules/admin/config/site.php
INFO - 2018-07-25 12:05:36 --> Helper loaded: url_helper
INFO - 2018-07-25 12:05:36 --> Helper loaded: inflector_helper
INFO - 2018-07-25 12:05:36 --> Helper loaded: string_helper
INFO - 2018-07-25 12:05:36 --> Helper loaded: array_helper
INFO - 2018-07-25 12:05:36 --> Database Driver Class Initialized
DEBUG - 2018-07-25 12:05:37 --> File loaded: C:\xampp\htdocs\ci\ussiweb\application\modules/admin/config/ion_auth.php
DEBUG - 2018-07-25 12:05:37 --> File loaded: C:\xampp\htdocs\ci\ussiweb\application\modules/admin/config/ion_auth.php
INFO - 2018-07-25 12:05:37 --> Email Class Initialized
INFO - 2018-07-25 12:05:37 --> Language file loaded: language/english/ion_auth_lang.php
INFO - 2018-07-25 12:05:37 --> Helper loaded: cookie_helper
INFO - 2018-07-25 12:05:37 --> Helper loaded: language_helper
DEBUG - 2018-07-25 12:05:37 --> Session: "sess_save_path" is empty; using "session.save_path" value from php.ini.
INFO - 2018-07-25 12:05:37 --> Session: Class initialized using 'files' driver.
INFO - 2018-07-25 12:05:37 --> Model Class Initialized
INFO - 2018-07-25 12:05:37 --> Helper loaded: date_helper
INFO - 2018-07-25 12:05:37 --> User Agent Class Initialized
DEBUG - 2018-07-25 12:05:37 --> File loaded: C:\xampp\htdocs\ci\ussiweb\application\modules/admin/config/autoload.php
DEBUG - 2018-07-25 12:05:37 --> File loaded: C:\xampp\htdocs\ci\ussiweb\application\modules/admin/config/form_validation.php
INFO - 2018-07-25 12:05:37 --> Helper loaded: form_helper
INFO - 2018-07-25 12:05:37 --> Form Validation Class Initialized
INFO - 2018-07-25 12:05:37 --> Model Class Initialized
INFO - 2018-07-25 12:05:37 --> Model Class Initialized
INFO - 2018-07-25 12:05:37 --> Model Class Initialized
INFO - 2018-07-25 12:05:37 --> Model Class Initialized
INFO - 2018-07-25 12:05:37 --> Model Class Initialized
INFO - 2018-07-25 12:05:37 --> Model Class Initialized
INFO - 2018-07-25 12:05:37 --> Model Class Initialized
INFO - 2018-07-25 12:05:37 --> Model Class Initialized
INFO - 2018-07-25 12:05:37 --> Model Class Initialized
INFO - 2018-07-25 12:05:37 --> Model Class Initialized
INFO - 2018-07-25 12:05:37 --> Model Class Initialized
INFO - 2018-07-25 12:05:37 --> Model Class Initialized
INFO - 2018-07-25 12:05:37 --> Controller Class Initialized
DEBUG - 2018-07-25 12:05:37 --> Login MX_Controller Initialized
DEBUG - 2018-07-25 12:05:37 --> File loaded: C:\xampp\htdocs\ci\ussiweb\application\modules/admin/config/autoload.php
DEBUG - 2018-07-25 17:05:37 --> File loaded: C:\xampp\htdocs\ci\ussiweb\application\modules/admin/config/form_validation.php
DEBUG - 2018-07-25 17:05:37 --> File loaded: C:\xampp\htdocs\ci\ussiweb\application\views\_base/head.php
DEBUG - 2018-07-25 17:05:37 --> File loaded: C:\xampp\htdocs\ci\ussiweb\application\modules/admin/views/login.php
DEBUG - 2018-07-25 17:05:37 --> File loaded: C:\xampp\htdocs\ci\ussiweb\application\views\_layouts/empty.php
DEBUG - 2018-07-25 17:05:37 --> File loaded: C:\xampp\htdocs\ci\ussiweb\application\views\_partials/ga.php
DEBUG - 2018-07-25 17:05:37 --> File loaded: C:\xampp\htdocs\ci\ussiweb\application\views\_base/foot.php
INFO - 2018-07-25 17:05:37 --> Final output sent to browser
DEBUG - 2018-07-25 17:05:37 --> Total execution time: 1.1131
INFO - 2018-07-25 12:05:42 --> Config Class Initialized
INFO - 2018-07-25 12:05:42 --> Hooks Class Initialized
DEBUG - 2018-07-25 12:05:42 --> UTF-8 Support Enabled
INFO - 2018-07-25 12:05:42 --> Utf8 Class Initialized
INFO - 2018-07-25 12:05:42 --> URI Class Initialized
DEBUG - 2018-07-25 12:05:42 --> File loaded: C:\xampp\htdocs\ci\ussiweb\application\modules/admin/config/routes.php
INFO - 2018-07-25 12:05:42 --> Router Class Initialized
INFO - 2018-07-25 12:05:42 --> Output Class Initialized
INFO - 2018-07-25 12:05:42 --> Security Class Initialized
DEBUG - 2018-07-25 12:05:42 --> Global POST, GET and COOKIE data sanitized
INFO - 2018-07-25 12:05:42 --> Input Class Initialized
INFO - 2018-07-25 12:05:42 --> Language Class Initialized
INFO - 2018-07-25 12:05:42 --> Language Class Initialized
INFO - 2018-07-25 12:05:42 --> Config Class Initialized
INFO - 2018-07-25 12:05:42 --> Loader Class Initialized
DEBUG - 2018-07-25 12:05:42 --> File loaded: C:\xampp\htdocs\ci\ussiweb\application\modules/admin/config/site.php
INFO - 2018-07-25 12:05:42 --> Helper loaded: url_helper
INFO - 2018-07-25 12:05:42 --> Helper loaded: inflector_helper
INFO - 2018-07-25 12:05:42 --> Helper loaded: string_helper
INFO - 2018-07-25 12:05:42 --> Helper loaded: array_helper
INFO - 2018-07-25 12:05:42 --> Database Driver Class Initialized
DEBUG - 2018-07-25 12:05:43 --> File loaded: C:\xampp\htdocs\ci\ussiweb\application\modules/admin/config/ion_auth.php
DEBUG - 2018-07-25 12:05:43 --> File loaded: C:\xampp\htdocs\ci\ussiweb\application\modules/admin/config/ion_auth.php
INFO - 2018-07-25 12:05:43 --> Email Class Initialized
INFO - 2018-07-25 12:05:43 --> Language file loaded: language/english/ion_auth_lang.php
INFO - 2018-07-25 12:05:43 --> Helper loaded: cookie_helper
INFO - 2018-07-25 12:05:43 --> Helper loaded: language_helper
DEBUG - 2018-07-25 12:05:43 --> Session: "sess_save_path" is empty; using "session.save_path" value from php.ini.
INFO - 2018-07-25 12:05:43 --> Session: Class initialized using 'files' driver.
INFO - 2018-07-25 12:05:43 --> Model Class Initialized
INFO - 2018-07-25 12:05:43 --> Helper loaded: date_helper
INFO - 2018-07-25 12:05:43 --> User Agent Class Initialized
DEBUG - 2018-07-25 12:05:43 --> File loaded: C:\xampp\htdocs\ci\ussiweb\application\modules/admin/config/autoload.php
DEBUG - 2018-07-25 12:05:43 --> File loaded: C:\xampp\htdocs\ci\ussiweb\application\modules/admin/config/form_validation.php
INFO - 2018-07-25 12:05:43 --> Helper loaded: form_helper
INFO - 2018-07-25 12:05:43 --> Form Validation Class Initialized
INFO - 2018-07-25 12:05:43 --> Model Class Initialized
INFO - 2018-07-25 12:05:43 --> Model Class Initialized
INFO - 2018-07-25 12:05:43 --> Model Class Initialized
INFO - 2018-07-25 12:05:43 --> Model Class Initialized
INFO - 2018-07-25 12:05:43 --> Model Class Initialized
INFO - 2018-07-25 12:05:43 --> Model Class Initialized
INFO - 2018-07-25 12:05:43 --> Model Class Initialized
INFO - 2018-07-25 12:05:43 --> Model Class Initialized
INFO - 2018-07-25 12:05:43 --> Model Class Initialized
INFO - 2018-07-25 12:05:43 --> Model Class Initialized
INFO - 2018-07-25 12:05:43 --> Model Class Initialized
INFO - 2018-07-25 12:05:43 --> Model Class Initialized
INFO - 2018-07-25 12:05:43 --> Controller Class Initialized
DEBUG - 2018-07-25 12:05:43 --> Login MX_Controller Initialized
DEBUG - 2018-07-25 12:05:43 --> File loaded: C:\xampp\htdocs\ci\ussiweb\application\modules/admin/config/autoload.php
DEBUG - 2018-07-25 17:05:43 --> File loaded: C:\xampp\htdocs\ci\ussiweb\application\modules/admin/config/form_validation.php
INFO - 2018-07-25 17:05:43 --> Language file loaded: language/english/form_validation_lang.php
INFO - 2018-07-25 12:05:43 --> Config Class Initialized
INFO - 2018-07-25 12:05:43 --> Hooks Class Initialized
DEBUG - 2018-07-25 12:05:43 --> UTF-8 Support Enabled
INFO - 2018-07-25 12:05:43 --> Utf8 Class Initialized
INFO - 2018-07-25 12:05:43 --> URI Class Initialized
DEBUG - 2018-07-25 12:05:43 --> File loaded: C:\xampp\htdocs\ci\ussiweb\application\modules/admin/config/routes.php
INFO - 2018-07-25 12:05:43 --> Router Class Initialized
INFO - 2018-07-25 12:05:43 --> Output Class Initialized
INFO - 2018-07-25 12:05:43 --> Security Class Initialized
DEBUG - 2018-07-25 12:05:43 --> Global POST, GET and COOKIE data sanitized
INFO - 2018-07-25 12:05:43 --> Input Class Initialized
INFO - 2018-07-25 12:05:43 --> Language Class Initialized
INFO - 2018-07-25 12:05:43 --> Language Class Initialized
INFO - 2018-07-25 12:05:43 --> Config Class Initialized
INFO - 2018-07-25 12:05:43 --> Loader Class Initialized
DEBUG - 2018-07-25 12:05:43 --> File loaded: C:\xampp\htdocs\ci\ussiweb\application\modules/admin/config/site.php
INFO - 2018-07-25 12:05:43 --> Helper loaded: url_helper
INFO - 2018-07-25 12:05:43 --> Helper loaded: inflector_helper
INFO - 2018-07-25 12:05:43 --> Helper loaded: string_helper
INFO - 2018-07-25 12:05:43 --> Helper loaded: array_helper
INFO - 2018-07-25 12:05:43 --> Database Driver Class Initialized
DEBUG - 2018-07-25 12:05:44 --> File loaded: C:\xampp\htdocs\ci\ussiweb\application\modules/admin/config/ion_auth.php
DEBUG - 2018-07-25 12:05:44 --> File loaded: C:\xampp\htdocs\ci\ussiweb\application\modules/admin/config/ion_auth.php
INFO - 2018-07-25 12:05:44 --> Email Class Initialized
INFO - 2018-07-25 12:05:44 --> Language file loaded: language/english/ion_auth_lang.php
INFO - 2018-07-25 12:05:44 --> Helper loaded: cookie_helper
INFO - 2018-07-25 12:05:44 --> Helper loaded: language_helper
DEBUG - 2018-07-25 12:05:44 --> Session: "sess_save_path" is empty; using "session.save_path" value from php.ini.
INFO - 2018-07-25 12:05:44 --> Session: Class initialized using 'files' driver.
INFO - 2018-07-25 12:05:44 --> Model Class Initialized
INFO - 2018-07-25 12:05:44 --> Helper loaded: date_helper
INFO - 2018-07-25 12:05:44 --> User Agent Class Initialized
DEBUG - 2018-07-25 12:05:44 --> File loaded: C:\xampp\htdocs\ci\ussiweb\application\modules/admin/config/autoload.php
DEBUG - 2018-07-25 12:05:44 --> File loaded: C:\xampp\htdocs\ci\ussiweb\application\modules/admin/config/form_validation.php
INFO - 2018-07-25 12:05:44 --> Helper loaded: form_helper
INFO - 2018-07-25 12:05:44 --> Form Validation Class Initialized
INFO - 2018-07-25 12:05:44 --> Model Class Initialized
INFO - 2018-07-25 12:05:44 --> Model Class Initialized
INFO - 2018-07-25 12:05:44 --> Model Class Initialized
INFO - 2018-07-25 12:05:44 --> Model Class Initialized
INFO - 2018-07-25 12:05:44 --> Model Class Initialized
INFO - 2018-07-25 12:05:44 --> Model Class Initialized
INFO - 2018-07-25 12:05:44 --> Model Class Initialized
INFO - 2018-07-25 12:05:44 --> Model Class Initialized
INFO - 2018-07-25 12:05:44 --> Model Class Initialized
INFO - 2018-07-25 12:05:44 --> Model Class Initialized
INFO - 2018-07-25 12:05:44 --> Model Class Initialized
INFO - 2018-07-25 12:05:44 --> Model Class Initialized
INFO - 2018-07-25 12:05:44 --> Controller Class Initialized
DEBUG - 2018-07-25 12:05:44 --> Home MX_Controller Initialized
DEBUG - 2018-07-25 12:05:44 --> File loaded: C:\xampp\htdocs\ci\ussiweb\application\modules/admin/config/autoload.php
INFO - 2018-07-25 17:05:45 --> Model Class Initialized
DEBUG - 2018-07-25 17:05:45 --> File loaded: C:\xampp\htdocs\ci\ussiweb\application\views\_base/head.php
DEBUG - 2018-07-25 17:05:45 --> File loaded: C:\xampp\htdocs\ci\ussiweb\application\modules/admin/views/_partials/navbar.php
DEBUG - 2018-07-25 17:05:45 --> File loaded: C:\xampp\htdocs\ci\ussiweb\application\modules/admin/views/_partials/sidemenu_search.php
DEBUG - 2018-07-25 17:05:45 --> File loaded: C:\xampp\htdocs\ci\ussiweb\application\modules/admin/views/_partials/sidemenu.php
DEBUG - 2018-07-25 17:05:45 --> File loaded: C:\xampp\htdocs\ci\ussiweb\application\modules/admin/views/_partials/breadcrumb.php
DEBUG - 2018-07-25 17:05:45 --> File loaded: C:\xampp\htdocs\ci\ussiweb\application\modules/admin/views/_partials/errorpage.php
DEBUG - 2018-07-25 17:05:45 --> File loaded: C:\xampp\htdocs\ci\ussiweb\application\controllers/../modules/adminlte/controllers/Widget.php
DEBUG - 2018-07-25 17:05:45 --> Widget MX_Controller Initialized
DEBUG - 2018-07-25 17:05:45 --> File loaded: C:\xampp\htdocs\ci\ussiweb\application\modules/admin/views/home.php
DEBUG - 2018-07-25 17:05:45 --> File loaded: C:\xampp\htdocs\ci\ussiweb\application\modules/admin/views/_partials/back_btn.php
DEBUG - 2018-07-25 17:05:45 --> File loaded: C:\xampp\htdocs\ci\ussiweb\application\modules/admin/views/_layouts/default.php
DEBUG - 2018-07-25 17:05:45 --> File loaded: C:\xampp\htdocs\ci\ussiweb\application\views\_partials/ga.php
DEBUG - 2018-07-25 17:05:45 --> File loaded: C:\xampp\htdocs\ci\ussiweb\application\views\_base/foot.php
INFO - 2018-07-25 17:05:45 --> Final output sent to browser
DEBUG - 2018-07-25 17:05:45 --> Total execution time: 2.2161
INFO - 2018-07-25 12:05:45 --> Config Class Initialized
INFO - 2018-07-25 12:05:45 --> Hooks Class Initialized
DEBUG - 2018-07-25 12:05:45 --> UTF-8 Support Enabled
INFO - 2018-07-25 12:05:45 --> Utf8 Class Initialized
INFO - 2018-07-25 12:05:45 --> URI Class Initialized
INFO - 2018-07-25 12:05:45 --> Router Class Initialized
INFO - 2018-07-25 12:05:45 --> Output Class Initialized
INFO - 2018-07-25 12:05:45 --> Security Class Initialized
DEBUG - 2018-07-25 12:05:45 --> Global POST, GET and COOKIE data sanitized
INFO - 2018-07-25 12:05:45 --> Input Class Initialized
INFO - 2018-07-25 12:05:45 --> Language Class Initialized
INFO - 2018-07-25 12:05:45 --> Language Class Initialized
INFO - 2018-07-25 12:05:45 --> Config Class Initialized
INFO - 2018-07-25 12:05:45 --> Loader Class Initialized
DEBUG - 2018-07-25 12:05:45 --> Config file loaded: C:\xampp\htdocs\ci\ussiweb\application\config/site.php
INFO - 2018-07-25 12:05:45 --> Helper loaded: url_helper
INFO - 2018-07-25 12:05:45 --> Helper loaded: inflector_helper
INFO - 2018-07-25 12:05:45 --> Helper loaded: string_helper
INFO - 2018-07-25 12:05:45 --> Helper loaded: array_helper
INFO - 2018-07-25 12:05:45 --> Database Driver Class Initialized
DEBUG - 2018-07-25 12:05:46 --> Config file loaded: C:\xampp\htdocs\ci\ussiweb\application\config/ion_auth.php
DEBUG - 2018-07-25 12:05:46 --> Config file loaded: C:\xampp\htdocs\ci\ussiweb\application\third_party/ion_auth/config/ion_auth.php
INFO - 2018-07-25 12:05:46 --> Email Class Initialized
INFO - 2018-07-25 12:05:46 --> Language file loaded: language/english/ion_auth_lang.php
INFO - 2018-07-25 12:05:46 --> Helper loaded: cookie_helper
INFO - 2018-07-25 12:05:46 --> Helper loaded: language_helper
DEBUG - 2018-07-25 12:05:46 --> Session: "sess_save_path" is empty; using "session.save_path" value from php.ini.
INFO - 2018-07-25 12:05:46 --> Session: Class initialized using 'files' driver.
INFO - 2018-07-25 12:05:46 --> Model Class Initialized
INFO - 2018-07-25 12:05:46 --> Helper loaded: date_helper
INFO - 2018-07-25 12:05:46 --> User Agent Class Initialized
INFO - 2018-07-25 12:05:46 --> Controller Class Initialized
ERROR - 2018-07-25 12:05:46 --> 404 Page Not Found: /index
INFO - 2018-07-25 12:05:54 --> Config Class Initialized
INFO - 2018-07-25 12:05:54 --> Hooks Class Initialized
DEBUG - 2018-07-25 12:05:54 --> UTF-8 Support Enabled
INFO - 2018-07-25 12:05:54 --> Utf8 Class Initialized
INFO - 2018-07-25 12:05:54 --> URI Class Initialized
DEBUG - 2018-07-25 12:05:54 --> File loaded: C:\xampp\htdocs\ci\ussiweb\application\modules/admin/config/routes.php
INFO - 2018-07-25 12:05:54 --> Router Class Initialized
INFO - 2018-07-25 12:05:54 --> Output Class Initialized
INFO - 2018-07-25 12:05:54 --> Security Class Initialized
DEBUG - 2018-07-25 12:05:54 --> Global POST, GET and COOKIE data sanitized
INFO - 2018-07-25 12:05:54 --> Input Class Initialized
INFO - 2018-07-25 12:05:54 --> Language Class Initialized
INFO - 2018-07-25 12:05:54 --> Language Class Initialized
INFO - 2018-07-25 12:05:54 --> Config Class Initialized
INFO - 2018-07-25 12:05:54 --> Loader Class Initialized
DEBUG - 2018-07-25 12:05:54 --> File loaded: C:\xampp\htdocs\ci\ussiweb\application\modules/admin/config/site.php
INFO - 2018-07-25 12:05:54 --> Helper loaded: url_helper
INFO - 2018-07-25 12:05:54 --> Helper loaded: inflector_helper
INFO - 2018-07-25 12:05:54 --> Helper loaded: string_helper
INFO - 2018-07-25 12:05:54 --> Helper loaded: array_helper
INFO - 2018-07-25 12:05:54 --> Database Driver Class Initialized
DEBUG - 2018-07-25 12:05:55 --> File loaded: C:\xampp\htdocs\ci\ussiweb\application\modules/admin/config/ion_auth.php
DEBUG - 2018-07-25 12:05:55 --> File loaded: C:\xampp\htdocs\ci\ussiweb\application\modules/admin/config/ion_auth.php
INFO - 2018-07-25 12:05:55 --> Email Class Initialized
INFO - 2018-07-25 12:05:55 --> Language file loaded: language/english/ion_auth_lang.php
INFO - 2018-07-25 12:05:55 --> Helper loaded: cookie_helper
INFO - 2018-07-25 12:05:55 --> Helper loaded: language_helper
DEBUG - 2018-07-25 12:05:55 --> Session: "sess_save_path" is empty; using "session.save_path" value from php.ini.
INFO - 2018-07-25 12:05:55 --> Session: Class initialized using 'files' driver.
INFO - 2018-07-25 12:05:55 --> Model Class Initialized
INFO - 2018-07-25 12:05:55 --> Helper loaded: date_helper
INFO - 2018-07-25 12:05:55 --> User Agent Class Initialized
DEBUG - 2018-07-25 12:05:55 --> File loaded: C:\xampp\htdocs\ci\ussiweb\application\modules/admin/config/autoload.php
DEBUG - 2018-07-25 12:05:55 --> File loaded: C:\xampp\htdocs\ci\ussiweb\application\modules/admin/config/form_validation.php
INFO - 2018-07-25 12:05:55 --> Helper loaded: form_helper
INFO - 2018-07-25 12:05:55 --> Form Validation Class Initialized
INFO - 2018-07-25 12:05:55 --> Model Class Initialized
INFO - 2018-07-25 12:05:55 --> Model Class Initialized
INFO - 2018-07-25 12:05:55 --> Model Class Initialized
INFO - 2018-07-25 12:05:55 --> Model Class Initialized
INFO - 2018-07-25 12:05:55 --> Model Class Initialized
INFO - 2018-07-25 12:05:55 --> Model Class Initialized
INFO - 2018-07-25 12:05:55 --> Model Class Initialized
INFO - 2018-07-25 12:05:55 --> Model Class Initialized
INFO - 2018-07-25 12:05:55 --> Model Class Initialized
INFO - 2018-07-25 12:05:55 --> Model Class Initialized
INFO - 2018-07-25 12:05:55 --> Model Class Initialized
INFO - 2018-07-25 12:05:55 --> Model Class Initialized
INFO - 2018-07-25 12:05:55 --> Controller Class Initialized
DEBUG - 2018-07-25 12:05:55 --> Com MX_Controller Initialized
DEBUG - 2018-07-25 12:05:55 --> File loaded: C:\xampp\htdocs\ci\ussiweb\application\modules/admin/config/autoload.php
INFO - 2018-07-25 17:05:55 --> Model Class Initialized
INFO - 2018-07-25 17:05:55 --> Model Class Initialized
INFO - 2018-07-25 17:05:55 --> Model Class Initialized
INFO - 2018-07-25 17:05:55 --> Model Class Initialized
DEBUG - 2018-07-25 17:05:55 --> File loaded: C:\xampp\htdocs\ci\ussiweb\application\modules/admin/config/grocery_crud.php
DEBUG - 2018-07-25 17:05:55 --> File loaded: C:\xampp\htdocs\ci\ussiweb\application\modules/admin/libraries/Grocery_CRUD.php
DEBUG - 2018-07-25 17:05:55 --> File loaded: C:\xampp\htdocs\ci\ussiweb\application\modules/admin/config/grocery_crud.php
DEBUG - 2018-07-25 17:05:55 --> File loaded: C:\xampp\htdocs\ci\ussiweb\application\modules/admin/models/Grocery_crud_model.php
INFO - 2018-07-25 17:05:55 --> Model Class Initialized
INFO - 2018-07-25 17:05:55 --> Model Class Initialized
DEBUG - 2018-07-25 17:05:56 --> File loaded: C:\xampp\htdocs\ci\ussiweb\application\views\_base/head.php
DEBUG - 2018-07-25 17:05:56 --> File loaded: C:\xampp\htdocs\ci\ussiweb\application\modules/admin/views/_partials/navbar.php
DEBUG - 2018-07-25 17:05:56 --> File loaded: C:\xampp\htdocs\ci\ussiweb\application\modules/admin/views/_partials/sidemenu_search.php
DEBUG - 2018-07-25 17:05:56 --> File loaded: C:\xampp\htdocs\ci\ussiweb\application\modules/admin/views/_partials/sidemenu.php
DEBUG - 2018-07-25 17:05:56 --> File loaded: C:\xampp\htdocs\ci\ussiweb\application\modules/admin/views/_partials/breadcrumb.php
DEBUG - 2018-07-25 17:05:56 --> File loaded: C:\xampp\htdocs\ci\ussiweb\application\modules/admin/views/_partials/errorpage.php
DEBUG - 2018-07-25 17:05:56 --> File loaded: C:\xampp\htdocs\ci\ussiweb\application\modules/admin/views/crud.php
DEBUG - 2018-07-25 17:05:56 --> File loaded: C:\xampp\htdocs\ci\ussiweb\application\modules/admin/views/_partials/back_btn.php
DEBUG - 2018-07-25 17:05:56 --> File loaded: C:\xampp\htdocs\ci\ussiweb\application\modules/admin/views/_layouts/default.php
DEBUG - 2018-07-25 17:05:56 --> File loaded: C:\xampp\htdocs\ci\ussiweb\application\views\_partials/ga.php
DEBUG - 2018-07-25 17:05:56 --> File loaded: C:\xampp\htdocs\ci\ussiweb\application\views\_base/foot.php
INFO - 2018-07-25 17:05:56 --> Final output sent to browser
DEBUG - 2018-07-25 17:05:56 --> Total execution time: 1.7001
INFO - 2018-07-25 12:05:56 --> Config Class Initialized
INFO - 2018-07-25 12:05:56 --> Hooks Class Initialized
DEBUG - 2018-07-25 12:05:56 --> UTF-8 Support Enabled
INFO - 2018-07-25 12:05:56 --> Utf8 Class Initialized
INFO - 2018-07-25 12:05:56 --> URI Class Initialized
INFO - 2018-07-25 12:05:56 --> Router Class Initialized
INFO - 2018-07-25 12:05:56 --> Output Class Initialized
INFO - 2018-07-25 12:05:56 --> Security Class Initialized
DEBUG - 2018-07-25 12:05:56 --> Global POST, GET and COOKIE data sanitized
INFO - 2018-07-25 12:05:56 --> Input Class Initialized
INFO - 2018-07-25 12:05:56 --> Language Class Initialized
INFO - 2018-07-25 12:05:56 --> Language Class Initialized
INFO - 2018-07-25 12:05:56 --> Config Class Initialized
INFO - 2018-07-25 12:05:56 --> Loader Class Initialized
DEBUG - 2018-07-25 12:05:56 --> Config file loaded: C:\xampp\htdocs\ci\ussiweb\application\config/site.php
INFO - 2018-07-25 12:05:56 --> Helper loaded: url_helper
INFO - 2018-07-25 12:05:56 --> Helper loaded: inflector_helper
INFO - 2018-07-25 12:05:56 --> Helper loaded: string_helper
INFO - 2018-07-25 12:05:56 --> Helper loaded: array_helper
INFO - 2018-07-25 12:05:56 --> Database Driver Class Initialized
DEBUG - 2018-07-25 12:05:57 --> Config file loaded: C:\xampp\htdocs\ci\ussiweb\application\config/ion_auth.php
DEBUG - 2018-07-25 12:05:57 --> Config file loaded: C:\xampp\htdocs\ci\ussiweb\application\third_party/ion_auth/config/ion_auth.php
INFO - 2018-07-25 12:05:57 --> Email Class Initialized
INFO - 2018-07-25 12:05:57 --> Language file loaded: language/english/ion_auth_lang.php
INFO - 2018-07-25 12:05:57 --> Helper loaded: cookie_helper
INFO - 2018-07-25 12:05:57 --> Helper loaded: language_helper
DEBUG - 2018-07-25 12:05:57 --> Session: "sess_save_path" is empty; using "session.save_path" value from php.ini.
INFO - 2018-07-25 12:05:57 --> Session: Class initialized using 'files' driver.
INFO - 2018-07-25 12:05:57 --> Model Class Initialized
INFO - 2018-07-25 12:05:57 --> Helper loaded: date_helper
INFO - 2018-07-25 12:05:57 --> User Agent Class Initialized
INFO - 2018-07-25 12:05:57 --> Controller Class Initialized
ERROR - 2018-07-25 12:05:57 --> 404 Page Not Found: /index
INFO - 2018-07-25 12:06:08 --> Config Class Initialized
INFO - 2018-07-25 12:06:08 --> Hooks Class Initialized
DEBUG - 2018-07-25 12:06:08 --> UTF-8 Support Enabled
INFO - 2018-07-25 12:06:08 --> Utf8 Class Initialized
INFO - 2018-07-25 12:06:08 --> URI Class Initialized
DEBUG - 2018-07-25 12:06:08 --> File loaded: C:\xampp\htdocs\ci\ussiweb\application\modules/admin/config/routes.php
INFO - 2018-07-25 12:06:08 --> Router Class Initialized
INFO - 2018-07-25 12:06:08 --> Output Class Initialized
INFO - 2018-07-25 12:06:08 --> Security Class Initialized
DEBUG - 2018-07-25 12:06:08 --> Global POST, GET and COOKIE data sanitized
INFO - 2018-07-25 12:06:08 --> Input Class Initialized
INFO - 2018-07-25 12:06:08 --> Language Class Initialized
INFO - 2018-07-25 12:06:08 --> Language Class Initialized
INFO - 2018-07-25 12:06:08 --> Config Class Initialized
INFO - 2018-07-25 12:06:08 --> Loader Class Initialized
DEBUG - 2018-07-25 12:06:08 --> File loaded: C:\xampp\htdocs\ci\ussiweb\application\modules/admin/config/site.php
INFO - 2018-07-25 12:06:08 --> Helper loaded: url_helper
INFO - 2018-07-25 12:06:08 --> Helper loaded: inflector_helper
INFO - 2018-07-25 12:06:08 --> Helper loaded: string_helper
INFO - 2018-07-25 12:06:08 --> Helper loaded: array_helper
INFO - 2018-07-25 12:06:08 --> Database Driver Class Initialized
DEBUG - 2018-07-25 12:06:09 --> File loaded: C:\xampp\htdocs\ci\ussiweb\application\modules/admin/config/ion_auth.php
DEBUG - 2018-07-25 12:06:09 --> File loaded: C:\xampp\htdocs\ci\ussiweb\application\modules/admin/config/ion_auth.php
INFO - 2018-07-25 12:06:09 --> Email Class Initialized
INFO - 2018-07-25 12:06:09 --> Language file loaded: language/english/ion_auth_lang.php
INFO - 2018-07-25 12:06:09 --> Helper loaded: cookie_helper
INFO - 2018-07-25 12:06:09 --> Helper loaded: language_helper
DEBUG - 2018-07-25 12:06:09 --> Session: "sess_save_path" is empty; using "session.save_path" value from php.ini.
INFO - 2018-07-25 12:06:09 --> Session: Class initialized using 'files' driver.
INFO - 2018-07-25 12:06:09 --> Model Class Initialized
INFO - 2018-07-25 12:06:09 --> Helper loaded: date_helper
INFO - 2018-07-25 12:06:09 --> User Agent Class Initialized
DEBUG - 2018-07-25 12:06:09 --> File loaded: C:\xampp\htdocs\ci\ussiweb\application\modules/admin/config/autoload.php
DEBUG - 2018-07-25 12:06:09 --> File loaded: C:\xampp\htdocs\ci\ussiweb\application\modules/admin/config/form_validation.php
INFO - 2018-07-25 12:06:09 --> Helper loaded: form_helper
INFO - 2018-07-25 12:06:09 --> Form Validation Class Initialized
INFO - 2018-07-25 12:06:09 --> Model Class Initialized
INFO - 2018-07-25 12:06:09 --> Model Class Initialized
INFO - 2018-07-25 12:06:09 --> Model Class Initialized
INFO - 2018-07-25 12:06:09 --> Model Class Initialized
INFO - 2018-07-25 12:06:09 --> Model Class Initialized
INFO - 2018-07-25 12:06:09 --> Model Class Initialized
INFO - 2018-07-25 12:06:09 --> Model Class Initialized
INFO - 2018-07-25 12:06:09 --> Model Class Initialized
INFO - 2018-07-25 12:06:09 --> Model Class Initialized
INFO - 2018-07-25 12:06:09 --> Model Class Initialized
INFO - 2018-07-25 12:06:09 --> Model Class Initialized
INFO - 2018-07-25 12:06:09 --> Model Class Initialized
INFO - 2018-07-25 12:06:09 --> Controller Class Initialized
DEBUG - 2018-07-25 12:06:09 --> Rekon MX_Controller Initialized
DEBUG - 2018-07-25 12:06:09 --> File loaded: C:\xampp\htdocs\ci\ussiweb\application\modules/admin/config/autoload.php
DEBUG - 2018-07-25 17:06:09 --> Unable to find validation rules
DEBUG - 2018-07-25 17:06:09 --> File loaded: C:\xampp\htdocs\ci\ussiweb\application\views\_base/head.php
DEBUG - 2018-07-25 17:06:09 --> File loaded: C:\xampp\htdocs\ci\ussiweb\application\modules/admin/views/_partials/navbar.php
DEBUG - 2018-07-25 17:06:09 --> File loaded: C:\xampp\htdocs\ci\ussiweb\application\modules/admin/views/_partials/sidemenu_search.php
DEBUG - 2018-07-25 17:06:09 --> File loaded: C:\xampp\htdocs\ci\ussiweb\application\modules/admin/views/_partials/sidemenu.php
DEBUG - 2018-07-25 17:06:09 --> File loaded: C:\xampp\htdocs\ci\ussiweb\application\modules/admin/views/_partials/breadcrumb.php
DEBUG - 2018-07-25 17:06:09 --> File loaded: C:\xampp\htdocs\ci\ussiweb\application\modules/admin/views/_partials/errorpage.php
DEBUG - 2018-07-25 17:06:09 --> File loaded: C:\xampp\htdocs\ci\ussiweb\application\modules/admin/views/report/lap_trans_rekonsiliasi.php
DEBUG - 2018-07-25 17:06:09 --> File loaded: C:\xampp\htdocs\ci\ussiweb\application\modules/admin/views/_partials/back_btn.php
DEBUG - 2018-07-25 17:06:09 --> File loaded: C:\xampp\htdocs\ci\ussiweb\application\modules/admin/views/_layouts/default.php
DEBUG - 2018-07-25 17:06:09 --> File loaded: C:\xampp\htdocs\ci\ussiweb\application\views\_partials/ga.php
DEBUG - 2018-07-25 17:06:09 --> File loaded: C:\xampp\htdocs\ci\ussiweb\application\views\_base/foot.php
INFO - 2018-07-25 17:06:09 --> Final output sent to browser
DEBUG - 2018-07-25 17:06:09 --> Total execution time: 1.3251
INFO - 2018-07-25 12:06:09 --> Config Class Initialized
INFO - 2018-07-25 12:06:09 --> Hooks Class Initialized
DEBUG - 2018-07-25 12:06:09 --> UTF-8 Support Enabled
INFO - 2018-07-25 12:06:09 --> Utf8 Class Initialized
INFO - 2018-07-25 12:06:09 --> URI Class Initialized
INFO - 2018-07-25 12:06:09 --> Router Class Initialized
INFO - 2018-07-25 12:06:09 --> Output Class Initialized
INFO - 2018-07-25 12:06:09 --> Security Class Initialized
DEBUG - 2018-07-25 12:06:09 --> Global POST, GET and COOKIE data sanitized
INFO - 2018-07-25 12:06:09 --> Input Class Initialized
INFO - 2018-07-25 12:06:09 --> Language Class Initialized
INFO - 2018-07-25 12:06:09 --> Language Class Initialized
INFO - 2018-07-25 12:06:09 --> Config Class Initialized
INFO - 2018-07-25 12:06:09 --> Loader Class Initialized
DEBUG - 2018-07-25 12:06:09 --> Config file loaded: C:\xampp\htdocs\ci\ussiweb\application\config/site.php
INFO - 2018-07-25 12:06:09 --> Helper loaded: url_helper
INFO - 2018-07-25 12:06:09 --> Helper loaded: inflector_helper
INFO - 2018-07-25 12:06:09 --> Helper loaded: string_helper
INFO - 2018-07-25 12:06:09 --> Helper loaded: array_helper
INFO - 2018-07-25 12:06:09 --> Database Driver Class Initialized
DEBUG - 2018-07-25 12:06:10 --> Config file loaded: C:\xampp\htdocs\ci\ussiweb\application\config/ion_auth.php
DEBUG - 2018-07-25 12:06:10 --> Config file loaded: C:\xampp\htdocs\ci\ussiweb\application\third_party/ion_auth/config/ion_auth.php
INFO - 2018-07-25 12:06:10 --> Email Class Initialized
INFO - 2018-07-25 12:06:10 --> Language file loaded: language/english/ion_auth_lang.php
INFO - 2018-07-25 12:06:10 --> Helper loaded: cookie_helper
INFO - 2018-07-25 12:06:10 --> Helper loaded: language_helper
DEBUG - 2018-07-25 12:06:10 --> Session: "sess_save_path" is empty; using "session.save_path" value from php.ini.
INFO - 2018-07-25 12:06:10 --> Session: Class initialized using 'files' driver.
INFO - 2018-07-25 12:06:10 --> Model Class Initialized
INFO - 2018-07-25 12:06:10 --> Helper loaded: date_helper
INFO - 2018-07-25 12:06:10 --> User Agent Class Initialized
INFO - 2018-07-25 12:06:10 --> Controller Class Initialized
ERROR - 2018-07-25 12:06:10 --> 404 Page Not Found: /index
INFO - 2018-07-25 12:06:15 --> Config Class Initialized
INFO - 2018-07-25 12:06:15 --> Hooks Class Initialized
DEBUG - 2018-07-25 12:06:15 --> UTF-8 Support Enabled
INFO - 2018-07-25 12:06:15 --> Utf8 Class Initialized
INFO - 2018-07-25 12:06:15 --> URI Class Initialized
DEBUG - 2018-07-25 12:06:15 --> File loaded: C:\xampp\htdocs\ci\ussiweb\application\modules/admin/config/routes.php
INFO - 2018-07-25 12:06:15 --> Router Class Initialized
INFO - 2018-07-25 12:06:15 --> Output Class Initialized
INFO - 2018-07-25 12:06:15 --> Security Class Initialized
DEBUG - 2018-07-25 12:06:15 --> Global POST, GET and COOKIE data sanitized
INFO - 2018-07-25 12:06:15 --> Input Class Initialized
INFO - 2018-07-25 12:06:15 --> Language Class Initialized
INFO - 2018-07-25 12:06:15 --> Language Class Initialized
INFO - 2018-07-25 12:06:15 --> Config Class Initialized
INFO - 2018-07-25 12:06:15 --> Loader Class Initialized
DEBUG - 2018-07-25 12:06:15 --> File loaded: C:\xampp\htdocs\ci\ussiweb\application\modules/admin/config/site.php
INFO - 2018-07-25 12:06:15 --> Helper loaded: url_helper
INFO - 2018-07-25 12:06:15 --> Helper loaded: inflector_helper
INFO - 2018-07-25 12:06:15 --> Helper loaded: string_helper
INFO - 2018-07-25 12:06:15 --> Helper loaded: array_helper
INFO - 2018-07-25 12:06:15 --> Database Driver Class Initialized
DEBUG - 2018-07-25 12:06:16 --> File loaded: C:\xampp\htdocs\ci\ussiweb\application\modules/admin/config/ion_auth.php
DEBUG - 2018-07-25 12:06:16 --> File loaded: C:\xampp\htdocs\ci\ussiweb\application\modules/admin/config/ion_auth.php
INFO - 2018-07-25 12:06:16 --> Email Class Initialized
INFO - 2018-07-25 12:06:16 --> Language file loaded: language/english/ion_auth_lang.php
INFO - 2018-07-25 12:06:16 --> Helper loaded: cookie_helper
INFO - 2018-07-25 12:06:16 --> Helper loaded: language_helper
DEBUG - 2018-07-25 12:06:16 --> Session: "sess_save_path" is empty; using "session.save_path" value from php.ini.
INFO - 2018-07-25 12:06:16 --> Session: Class initialized using 'files' driver.
INFO - 2018-07-25 12:06:16 --> Model Class Initialized
INFO - 2018-07-25 12:06:16 --> Helper loaded: date_helper
INFO - 2018-07-25 12:06:16 --> User Agent Class Initialized
DEBUG - 2018-07-25 12:06:16 --> File loaded: C:\xampp\htdocs\ci\ussiweb\application\modules/admin/config/autoload.php
DEBUG - 2018-07-25 12:06:16 --> File loaded: C:\xampp\htdocs\ci\ussiweb\application\modules/admin/config/form_validation.php
INFO - 2018-07-25 12:06:16 --> Helper loaded: form_helper
INFO - 2018-07-25 12:06:16 --> Form Validation Class Initialized
INFO - 2018-07-25 12:06:16 --> Model Class Initialized
INFO - 2018-07-25 12:06:16 --> Model Class Initialized
INFO - 2018-07-25 12:06:16 --> Model Class Initialized
INFO - 2018-07-25 12:06:16 --> Model Class Initialized
INFO - 2018-07-25 12:06:16 --> Model Class Initialized
INFO - 2018-07-25 12:06:16 --> Model Class Initialized
INFO - 2018-07-25 12:06:16 --> Model Class Initialized
INFO - 2018-07-25 12:06:16 --> Model Class Initialized
INFO - 2018-07-25 12:06:16 --> Model Class Initialized
INFO - 2018-07-25 12:06:16 --> Model Class Initialized
INFO - 2018-07-25 12:06:16 --> Model Class Initialized
INFO - 2018-07-25 12:06:16 --> Model Class Initialized
INFO - 2018-07-25 12:06:16 --> Controller Class Initialized
DEBUG - 2018-07-25 12:06:16 --> Com MX_Controller Initialized
DEBUG - 2018-07-25 12:06:16 --> File loaded: C:\xampp\htdocs\ci\ussiweb\application\modules/admin/config/autoload.php
DEBUG - 2018-07-25 17:06:16 --> File loaded: C:\xampp\htdocs\ci\ussiweb\application\modules/admin/config/grocery_crud.php
DEBUG - 2018-07-25 17:06:16 --> File loaded: C:\xampp\htdocs\ci\ussiweb\application\modules/admin/libraries/Grocery_CRUD.php
DEBUG - 2018-07-25 17:06:16 --> File loaded: C:\xampp\htdocs\ci\ussiweb\application\modules/admin/config/grocery_crud.php
DEBUG - 2018-07-25 17:06:16 --> File loaded: C:\xampp\htdocs\ci\ussiweb\application\modules/admin/models/Grocery_crud_model.php
INFO - 2018-07-25 17:06:16 --> Model Class Initialized
INFO - 2018-07-25 17:06:16 --> Model Class Initialized
DEBUG - 2018-07-25 17:06:16 --> File loaded: C:\xampp\htdocs\ci\ussiweb\application\views\_base/head.php
DEBUG - 2018-07-25 17:06:16 --> File loaded: C:\xampp\htdocs\ci\ussiweb\application\modules/admin/views/_partials/navbar.php
DEBUG - 2018-07-25 17:06:16 --> File loaded: C:\xampp\htdocs\ci\ussiweb\application\modules/admin/views/_partials/sidemenu_search.php
DEBUG - 2018-07-25 17:06:16 --> File loaded: C:\xampp\htdocs\ci\ussiweb\application\modules/admin/views/_partials/sidemenu.php
DEBUG - 2018-07-25 17:06:16 --> File loaded: C:\xampp\htdocs\ci\ussiweb\application\modules/admin/views/_partials/breadcrumb.php
DEBUG - 2018-07-25 17:06:16 --> File loaded: C:\xampp\htdocs\ci\ussiweb\application\modules/admin/views/_partials/errorpage.php
DEBUG - 2018-07-25 17:06:16 --> File loaded: C:\xampp\htdocs\ci\ussiweb\application\modules/admin/views/crud.php
DEBUG - 2018-07-25 17:06:16 --> File loaded: C:\xampp\htdocs\ci\ussiweb\application\modules/admin/views/_partials/back_btn.php
DEBUG - 2018-07-25 17:06:16 --> File loaded: C:\xampp\htdocs\ci\ussiweb\application\modules/admin/views/_layouts/default.php
DEBUG - 2018-07-25 17:06:16 --> File loaded: C:\xampp\htdocs\ci\ussiweb\application\views\_partials/ga.php
DEBUG - 2018-07-25 17:06:16 --> File loaded: C:\xampp\htdocs\ci\ussiweb\application\views\_base/foot.php
INFO - 2018-07-25 17:06:16 --> Final output sent to browser
DEBUG - 2018-07-25 17:06:16 --> Total execution time: 1.4511
INFO - 2018-07-25 12:06:17 --> Config Class Initialized
INFO - 2018-07-25 12:06:17 --> Hooks Class Initialized
DEBUG - 2018-07-25 12:06:17 --> UTF-8 Support Enabled
INFO - 2018-07-25 12:06:17 --> Utf8 Class Initialized
INFO - 2018-07-25 12:06:17 --> URI Class Initialized
INFO - 2018-07-25 12:06:17 --> Router Class Initialized
INFO - 2018-07-25 12:06:17 --> Output Class Initialized
INFO - 2018-07-25 12:06:17 --> Security Class Initialized
DEBUG - 2018-07-25 12:06:17 --> Global POST, GET and COOKIE data sanitized
INFO - 2018-07-25 12:06:17 --> Input Class Initialized
INFO - 2018-07-25 12:06:17 --> Language Class Initialized
INFO - 2018-07-25 12:06:17 --> Language Class Initialized
INFO - 2018-07-25 12:06:17 --> Config Class Initialized
INFO - 2018-07-25 12:06:17 --> Loader Class Initialized
DEBUG - 2018-07-25 12:06:17 --> Config file loaded: C:\xampp\htdocs\ci\ussiweb\application\config/site.php
INFO - 2018-07-25 12:06:17 --> Helper loaded: url_helper
INFO - 2018-07-25 12:06:17 --> Helper loaded: inflector_helper
INFO - 2018-07-25 12:06:17 --> Helper loaded: string_helper
INFO - 2018-07-25 12:06:17 --> Helper loaded: array_helper
INFO - 2018-07-25 12:06:17 --> Database Driver Class Initialized
DEBUG - 2018-07-25 12:06:18 --> Config file loaded: C:\xampp\htdocs\ci\ussiweb\application\config/ion_auth.php
DEBUG - 2018-07-25 12:06:18 --> Config file loaded: C:\xampp\htdocs\ci\ussiweb\application\third_party/ion_auth/config/ion_auth.php
INFO - 2018-07-25 12:06:18 --> Email Class Initialized
INFO - 2018-07-25 12:06:18 --> Language file loaded: language/english/ion_auth_lang.php
INFO - 2018-07-25 12:06:18 --> Helper loaded: cookie_helper
INFO - 2018-07-25 12:06:18 --> Helper loaded: language_helper
DEBUG - 2018-07-25 12:06:18 --> Session: "sess_save_path" is empty; using "session.save_path" value from php.ini.
INFO - 2018-07-25 12:06:18 --> Session: Class initialized using 'files' driver.
INFO - 2018-07-25 12:06:18 --> Model Class Initialized
INFO - 2018-07-25 12:06:18 --> Helper loaded: date_helper
INFO - 2018-07-25 12:06:18 --> User Agent Class Initialized
INFO - 2018-07-25 12:06:18 --> Controller Class Initialized
ERROR - 2018-07-25 12:06:18 --> 404 Page Not Found: /index
INFO - 2018-07-25 12:13:16 --> Config Class Initialized
INFO - 2018-07-25 12:13:16 --> Hooks Class Initialized
DEBUG - 2018-07-25 12:13:16 --> UTF-8 Support Enabled
INFO - 2018-07-25 12:13:16 --> Utf8 Class Initialized
INFO - 2018-07-25 12:13:16 --> URI Class Initialized
DEBUG - 2018-07-25 12:13:16 --> File loaded: C:\xampp\htdocs\ci\ussiweb\application\modules/admin/config/routes.php
INFO - 2018-07-25 12:13:16 --> Router Class Initialized
INFO - 2018-07-25 12:13:16 --> Output Class Initialized
INFO - 2018-07-25 12:13:16 --> Security Class Initialized
DEBUG - 2018-07-25 12:13:16 --> Global POST, GET and COOKIE data sanitized
INFO - 2018-07-25 12:13:16 --> Input Class Initialized
INFO - 2018-07-25 12:13:16 --> Language Class Initialized
INFO - 2018-07-25 12:13:16 --> Language Class Initialized
INFO - 2018-07-25 12:13:16 --> Config Class Initialized
INFO - 2018-07-25 12:13:16 --> Loader Class Initialized
DEBUG - 2018-07-25 12:13:16 --> File loaded: C:\xampp\htdocs\ci\ussiweb\application\modules/admin/config/site.php
INFO - 2018-07-25 12:13:16 --> Helper loaded: url_helper
INFO - 2018-07-25 12:13:16 --> Helper loaded: inflector_helper
INFO - 2018-07-25 12:13:16 --> Helper loaded: string_helper
INFO - 2018-07-25 12:13:16 --> Helper loaded: array_helper
INFO - 2018-07-25 12:13:16 --> Database Driver Class Initialized
DEBUG - 2018-07-25 12:13:17 --> File loaded: C:\xampp\htdocs\ci\ussiweb\application\modules/admin/config/ion_auth.php
DEBUG - 2018-07-25 12:13:17 --> File loaded: C:\xampp\htdocs\ci\ussiweb\application\modules/admin/config/ion_auth.php
INFO - 2018-07-25 12:13:17 --> Email Class Initialized
INFO - 2018-07-25 12:13:17 --> Language file loaded: language/english/ion_auth_lang.php
INFO - 2018-07-25 12:13:17 --> Helper loaded: cookie_helper
INFO - 2018-07-25 12:13:17 --> Helper loaded: language_helper
DEBUG - 2018-07-25 12:13:17 --> Session: "sess_save_path" is empty; using "session.save_path" value from php.ini.
INFO - 2018-07-25 12:13:17 --> Session: Class initialized using 'files' driver.
INFO - 2018-07-25 12:13:17 --> Model Class Initialized
INFO - 2018-07-25 12:13:17 --> Helper loaded: date_helper
INFO - 2018-07-25 12:13:17 --> User Agent Class Initialized
DEBUG - 2018-07-25 12:13:17 --> File loaded: C:\xampp\htdocs\ci\ussiweb\application\modules/admin/config/autoload.php
DEBUG - 2018-07-25 12:13:17 --> File loaded: C:\xampp\htdocs\ci\ussiweb\application\modules/admin/config/form_validation.php
INFO - 2018-07-25 12:13:17 --> Helper loaded: form_helper
INFO - 2018-07-25 12:13:17 --> Form Validation Class Initialized
INFO - 2018-07-25 12:13:17 --> Model Class Initialized
INFO - 2018-07-25 12:13:17 --> Model Class Initialized
INFO - 2018-07-25 12:13:17 --> Model Class Initialized
INFO - 2018-07-25 12:13:17 --> Model Class Initialized
INFO - 2018-07-25 12:13:17 --> Model Class Initialized
INFO - 2018-07-25 12:13:17 --> Model Class Initialized
INFO - 2018-07-25 12:13:17 --> Model Class Initialized
INFO - 2018-07-25 12:13:17 --> Model Class Initialized
INFO - 2018-07-25 12:13:17 --> Model Class Initialized
INFO - 2018-07-25 12:13:17 --> Model Class Initialized
INFO - 2018-07-25 12:13:17 --> Model Class Initialized
INFO - 2018-07-25 12:13:17 --> Model Class Initialized
INFO - 2018-07-25 12:13:17 --> Controller Class Initialized
DEBUG - 2018-07-25 12:13:17 --> Panel MX_Controller Initialized
DEBUG - 2018-07-25 12:13:17 --> File loaded: C:\xampp\htdocs\ci\ussiweb\application\modules/admin/config/autoload.php
DEBUG - 2018-07-25 17:13:17 --> File loaded: C:\xampp\htdocs\ci\ussiweb\application\modules/admin/config/form_validation.php
DEBUG - 2018-07-25 17:13:17 --> File loaded: C:\xampp\htdocs\ci\ussiweb\application\modules/admin/config/grocery_crud.php
DEBUG - 2018-07-25 17:13:17 --> File loaded: C:\xampp\htdocs\ci\ussiweb\application\modules/admin/libraries/Grocery_CRUD.php
DEBUG - 2018-07-25 17:13:17 --> File loaded: C:\xampp\htdocs\ci\ussiweb\application\modules/admin/config/grocery_crud.php
DEBUG - 2018-07-25 17:13:17 --> File loaded: C:\xampp\htdocs\ci\ussiweb\application\modules/admin/models/Grocery_crud_model.php
INFO - 2018-07-25 17:13:17 --> Model Class Initialized
INFO - 2018-07-25 17:13:17 --> Model Class Initialized
DEBUG - 2018-07-25 17:13:17 --> File loaded: C:\xampp\htdocs\ci\ussiweb\application\views\_base/head.php
DEBUG - 2018-07-25 17:13:17 --> File loaded: C:\xampp\htdocs\ci\ussiweb\application\modules/admin/views/_partials/navbar.php
DEBUG - 2018-07-25 17:13:17 --> File loaded: C:\xampp\htdocs\ci\ussiweb\application\modules/admin/views/_partials/sidemenu_search.php
DEBUG - 2018-07-25 17:13:17 --> File loaded: C:\xampp\htdocs\ci\ussiweb\application\modules/admin/views/_partials/sidemenu.php
DEBUG - 2018-07-25 17:13:17 --> File loaded: C:\xampp\htdocs\ci\ussiweb\application\modules/admin/views/_partials/breadcrumb.php
DEBUG - 2018-07-25 17:13:17 --> File loaded: C:\xampp\htdocs\ci\ussiweb\application\modules/admin/views/_partials/errorpage.php
DEBUG - 2018-07-25 17:13:17 --> File loaded: C:\xampp\htdocs\ci\ussiweb\application\modules/admin/views/crud.php
DEBUG - 2018-07-25 17:13:17 --> File loaded: C:\xampp\htdocs\ci\ussiweb\application\modules/admin/views/_partials/back_btn.php
DEBUG - 2018-07-25 17:13:17 --> File loaded: C:\xampp\htdocs\ci\ussiweb\application\modules/admin/views/_layouts/default.php
DEBUG - 2018-07-25 17:13:17 --> File loaded: C:\xampp\htdocs\ci\ussiweb\application\views\_partials/ga.php
DEBUG - 2018-07-25 17:13:17 --> File loaded: C:\xampp\htdocs\ci\ussiweb\application\views\_base/foot.php
INFO - 2018-07-25 17:13:17 --> Final output sent to browser
DEBUG - 2018-07-25 17:13:17 --> Total execution time: 1.3751
INFO - 2018-07-25 12:13:17 --> Config Class Initialized
INFO - 2018-07-25 12:13:17 --> Hooks Class Initialized
DEBUG - 2018-07-25 12:13:17 --> UTF-8 Support Enabled
INFO - 2018-07-25 12:13:17 --> Utf8 Class Initialized
INFO - 2018-07-25 12:13:17 --> URI Class Initialized
INFO - 2018-07-25 12:13:17 --> Router Class Initialized
INFO - 2018-07-25 12:13:17 --> Output Class Initialized
INFO - 2018-07-25 12:13:17 --> Security Class Initialized
DEBUG - 2018-07-25 12:13:17 --> Global POST, GET and COOKIE data sanitized
INFO - 2018-07-25 12:13:17 --> Input Class Initialized
INFO - 2018-07-25 12:13:17 --> Language Class Initialized
INFO - 2018-07-25 12:13:17 --> Language Class Initialized
INFO - 2018-07-25 12:13:17 --> Config Class Initialized
INFO - 2018-07-25 12:13:17 --> Loader Class Initialized
DEBUG - 2018-07-25 12:13:17 --> Config file loaded: C:\xampp\htdocs\ci\ussiweb\application\config/site.php
INFO - 2018-07-25 12:13:17 --> Helper loaded: url_helper
INFO - 2018-07-25 12:13:17 --> Helper loaded: inflector_helper
INFO - 2018-07-25 12:13:17 --> Helper loaded: string_helper
INFO - 2018-07-25 12:13:17 --> Helper loaded: array_helper
INFO - 2018-07-25 12:13:17 --> Database Driver Class Initialized
DEBUG - 2018-07-25 12:13:18 --> Config file loaded: C:\xampp\htdocs\ci\ussiweb\application\config/ion_auth.php
DEBUG - 2018-07-25 12:13:18 --> Config file loaded: C:\xampp\htdocs\ci\ussiweb\application\third_party/ion_auth/config/ion_auth.php
INFO - 2018-07-25 12:13:18 --> Email Class Initialized
INFO - 2018-07-25 12:13:18 --> Language file loaded: language/english/ion_auth_lang.php
INFO - 2018-07-25 12:13:18 --> Helper loaded: cookie_helper
INFO - 2018-07-25 12:13:18 --> Helper loaded: language_helper
DEBUG - 2018-07-25 12:13:18 --> Session: "sess_save_path" is empty; using "session.save_path" value from php.ini.
INFO - 2018-07-25 12:13:18 --> Session: Class initialized using 'files' driver.
INFO - 2018-07-25 12:13:18 --> Model Class Initialized
INFO - 2018-07-25 12:13:18 --> Helper loaded: date_helper
INFO - 2018-07-25 12:13:18 --> User Agent Class Initialized
INFO - 2018-07-25 12:13:18 --> Controller Class Initialized
ERROR - 2018-07-25 12:13:18 --> 404 Page Not Found: /index
INFO - 2018-07-25 12:13:48 --> Config Class Initialized
INFO - 2018-07-25 12:13:48 --> Hooks Class Initialized
DEBUG - 2018-07-25 12:13:48 --> UTF-8 Support Enabled
INFO - 2018-07-25 12:13:48 --> Utf8 Class Initialized
INFO - 2018-07-25 12:13:48 --> URI Class Initialized
DEBUG - 2018-07-25 12:13:48 --> File loaded: C:\xampp\htdocs\ci\ussiweb\application\modules/admin/config/routes.php
INFO - 2018-07-25 12:13:48 --> Router Class Initialized
INFO - 2018-07-25 12:13:48 --> Output Class Initialized
INFO - 2018-07-25 12:13:48 --> Security Class Initialized
DEBUG - 2018-07-25 12:13:48 --> Global POST, GET and COOKIE data sanitized
INFO - 2018-07-25 12:13:48 --> Input Class Initialized
INFO - 2018-07-25 12:13:48 --> Language Class Initialized
INFO - 2018-07-25 12:13:48 --> Language Class Initialized
INFO - 2018-07-25 12:13:48 --> Config Class Initialized
INFO - 2018-07-25 12:13:48 --> Loader Class Initialized
DEBUG - 2018-07-25 12:13:48 --> File loaded: C:\xampp\htdocs\ci\ussiweb\application\modules/admin/config/site.php
INFO - 2018-07-25 12:13:48 --> Helper loaded: url_helper
INFO - 2018-07-25 12:13:48 --> Helper loaded: inflector_helper
INFO - 2018-07-25 12:13:48 --> Helper loaded: string_helper
INFO - 2018-07-25 12:13:48 --> Helper loaded: array_helper
INFO - 2018-07-25 12:13:48 --> Database Driver Class Initialized
DEBUG - 2018-07-25 12:13:49 --> File loaded: C:\xampp\htdocs\ci\ussiweb\application\modules/admin/config/ion_auth.php
DEBUG - 2018-07-25 12:13:49 --> File loaded: C:\xampp\htdocs\ci\ussiweb\application\modules/admin/config/ion_auth.php
INFO - 2018-07-25 12:13:49 --> Email Class Initialized
INFO - 2018-07-25 12:13:49 --> Language file loaded: language/english/ion_auth_lang.php
INFO - 2018-07-25 12:13:49 --> Helper loaded: cookie_helper
INFO - 2018-07-25 12:13:49 --> Helper loaded: language_helper
DEBUG - 2018-07-25 12:13:49 --> Session: "sess_save_path" is empty; using "session.save_path" value from php.ini.
INFO - 2018-07-25 12:13:49 --> Session: Class initialized using 'files' driver.
INFO - 2018-07-25 12:13:49 --> Model Class Initialized
INFO - 2018-07-25 12:13:49 --> Helper loaded: date_helper
INFO - 2018-07-25 12:13:49 --> User Agent Class Initialized
DEBUG - 2018-07-25 12:13:49 --> File loaded: C:\xampp\htdocs\ci\ussiweb\application\modules/admin/config/autoload.php
DEBUG - 2018-07-25 12:13:49 --> File loaded: C:\xampp\htdocs\ci\ussiweb\application\modules/admin/config/form_validation.php
INFO - 2018-07-25 12:13:49 --> Helper loaded: form_helper
INFO - 2018-07-25 12:13:49 --> Form Validation Class Initialized
INFO - 2018-07-25 12:13:49 --> Model Class Initialized
INFO - 2018-07-25 12:13:49 --> Model Class Initialized
INFO - 2018-07-25 12:13:49 --> Model Class Initialized
INFO - 2018-07-25 12:13:49 --> Model Class Initialized
INFO - 2018-07-25 12:13:49 --> Model Class Initialized
INFO - 2018-07-25 12:13:49 --> Model Class Initialized
INFO - 2018-07-25 12:13:49 --> Model Class Initialized
INFO - 2018-07-25 12:13:49 --> Model Class Initialized
INFO - 2018-07-25 12:13:49 --> Model Class Initialized
INFO - 2018-07-25 12:13:49 --> Model Class Initialized
INFO - 2018-07-25 12:13:49 --> Model Class Initialized
INFO - 2018-07-25 12:13:49 --> Model Class Initialized
INFO - 2018-07-25 12:13:49 --> Controller Class Initialized
DEBUG - 2018-07-25 12:13:49 --> Sett_parameter MX_Controller Initialized
DEBUG - 2018-07-25 12:13:49 --> File loaded: C:\xampp\htdocs\ci\ussiweb\application\modules/admin/config/autoload.php
DEBUG - 2018-07-25 17:13:49 --> File loaded: C:\xampp\htdocs\ci\ussiweb\application\modules/admin/config/grocery_crud.php
DEBUG - 2018-07-25 17:13:49 --> File loaded: C:\xampp\htdocs\ci\ussiweb\application\modules/admin/libraries/Grocery_CRUD.php
DEBUG - 2018-07-25 17:13:49 --> File loaded: C:\xampp\htdocs\ci\ussiweb\application\modules/admin/config/grocery_crud.php
DEBUG - 2018-07-25 17:13:49 --> File loaded: C:\xampp\htdocs\ci\ussiweb\application\modules/admin/models/Grocery_crud_model.php
INFO - 2018-07-25 17:13:49 --> Model Class Initialized
INFO - 2018-07-25 17:13:49 --> Model Class Initialized
DEBUG - 2018-07-25 17:13:49 --> File loaded: C:\xampp\htdocs\ci\ussiweb\application\views\_base/head.php
DEBUG - 2018-07-25 17:13:49 --> File loaded: C:\xampp\htdocs\ci\ussiweb\application\modules/admin/views/_partials/navbar.php
DEBUG - 2018-07-25 17:13:49 --> File loaded: C:\xampp\htdocs\ci\ussiweb\application\modules/admin/views/_partials/sidemenu_search.php
DEBUG - 2018-07-25 17:13:49 --> File loaded: C:\xampp\htdocs\ci\ussiweb\application\modules/admin/views/_partials/sidemenu.php
DEBUG - 2018-07-25 17:13:49 --> File loaded: C:\xampp\htdocs\ci\ussiweb\application\modules/admin/views/_partials/breadcrumb.php
DEBUG - 2018-07-25 17:13:49 --> File loaded: C:\xampp\htdocs\ci\ussiweb\application\modules/admin/views/_partials/errorpage.php
DEBUG - 2018-07-25 17:13:49 --> File loaded: C:\xampp\htdocs\ci\ussiweb\application\modules/admin/views/crud.php
DEBUG - 2018-07-25 17:13:49 --> File loaded: C:\xampp\htdocs\ci\ussiweb\application\modules/admin/views/_partials/back_btn.php
DEBUG - 2018-07-25 17:13:49 --> File loaded: C:\xampp\htdocs\ci\ussiweb\application\modules/admin/views/_layouts/default.php
DEBUG - 2018-07-25 17:13:49 --> File loaded: C:\xampp\htdocs\ci\ussiweb\application\views\_partials/ga.php
DEBUG - 2018-07-25 17:13:49 --> File loaded: C:\xampp\htdocs\ci\ussiweb\application\views\_base/foot.php
INFO - 2018-07-25 17:13:49 --> Final output sent to browser
DEBUG - 2018-07-25 17:13:49 --> Total execution time: 1.4311
INFO - 2018-07-25 12:13:49 --> Config Class Initialized
INFO - 2018-07-25 12:13:49 --> Hooks Class Initialized
DEBUG - 2018-07-25 12:13:49 --> UTF-8 Support Enabled
INFO - 2018-07-25 12:13:49 --> Utf8 Class Initialized
INFO - 2018-07-25 12:13:49 --> URI Class Initialized
INFO - 2018-07-25 12:13:49 --> Router Class Initialized
INFO - 2018-07-25 12:13:49 --> Output Class Initialized
INFO - 2018-07-25 12:13:49 --> Security Class Initialized
DEBUG - 2018-07-25 12:13:49 --> Global POST, GET and COOKIE data sanitized
INFO - 2018-07-25 12:13:49 --> Input Class Initialized
INFO - 2018-07-25 12:13:49 --> Language Class Initialized
INFO - 2018-07-25 12:13:49 --> Language Class Initialized
INFO - 2018-07-25 12:13:49 --> Config Class Initialized
INFO - 2018-07-25 12:13:49 --> Loader Class Initialized
DEBUG - 2018-07-25 12:13:49 --> Config file loaded: C:\xampp\htdocs\ci\ussiweb\application\config/site.php
INFO - 2018-07-25 12:13:49 --> Helper loaded: url_helper
INFO - 2018-07-25 12:13:49 --> Helper loaded: inflector_helper
INFO - 2018-07-25 12:13:49 --> Helper loaded: string_helper
INFO - 2018-07-25 12:13:49 --> Helper loaded: array_helper
INFO - 2018-07-25 12:13:49 --> Database Driver Class Initialized
DEBUG - 2018-07-25 12:13:51 --> Config file loaded: C:\xampp\htdocs\ci\ussiweb\application\config/ion_auth.php
DEBUG - 2018-07-25 12:13:51 --> Config file loaded: C:\xampp\htdocs\ci\ussiweb\application\third_party/ion_auth/config/ion_auth.php
INFO - 2018-07-25 12:13:51 --> Email Class Initialized
INFO - 2018-07-25 12:13:51 --> Language file loaded: language/english/ion_auth_lang.php
INFO - 2018-07-25 12:13:51 --> Helper loaded: cookie_helper
INFO - 2018-07-25 12:13:51 --> Helper loaded: language_helper
DEBUG - 2018-07-25 12:13:51 --> Session: "sess_save_path" is empty; using "session.save_path" value from php.ini.
INFO - 2018-07-25 12:13:51 --> Session: Class initialized using 'files' driver.
INFO - 2018-07-25 12:13:51 --> Model Class Initialized
INFO - 2018-07-25 12:13:51 --> Helper loaded: date_helper
INFO - 2018-07-25 12:13:51 --> User Agent Class Initialized
INFO - 2018-07-25 12:13:51 --> Controller Class Initialized
ERROR - 2018-07-25 12:13:51 --> 404 Page Not Found: /index
INFO - 2018-07-25 12:14:05 --> Config Class Initialized
INFO - 2018-07-25 12:14:05 --> Hooks Class Initialized
DEBUG - 2018-07-25 12:14:05 --> UTF-8 Support Enabled
INFO - 2018-07-25 12:14:05 --> Utf8 Class Initialized
INFO - 2018-07-25 12:14:05 --> URI Class Initialized
DEBUG - 2018-07-25 12:14:05 --> File loaded: C:\xampp\htdocs\ci\ussiweb\application\modules/admin/config/routes.php
INFO - 2018-07-25 12:14:05 --> Router Class Initialized
INFO - 2018-07-25 12:14:05 --> Output Class Initialized
INFO - 2018-07-25 12:14:05 --> Security Class Initialized
DEBUG - 2018-07-25 12:14:05 --> Global POST, GET and COOKIE data sanitized
INFO - 2018-07-25 12:14:05 --> Input Class Initialized
INFO - 2018-07-25 12:14:05 --> Language Class Initialized
INFO - 2018-07-25 12:14:05 --> Language Class Initialized
INFO - 2018-07-25 12:14:05 --> Config Class Initialized
INFO - 2018-07-25 12:14:05 --> Loader Class Initialized
DEBUG - 2018-07-25 12:14:05 --> File loaded: C:\xampp\htdocs\ci\ussiweb\application\modules/admin/config/site.php
INFO - 2018-07-25 12:14:05 --> Helper loaded: url_helper
INFO - 2018-07-25 12:14:05 --> Helper loaded: inflector_helper
INFO - 2018-07-25 12:14:05 --> Helper loaded: string_helper
INFO - 2018-07-25 12:14:05 --> Helper loaded: array_helper
INFO - 2018-07-25 12:14:05 --> Database Driver Class Initialized
DEBUG - 2018-07-25 12:14:06 --> File loaded: C:\xampp\htdocs\ci\ussiweb\application\modules/admin/config/ion_auth.php
DEBUG - 2018-07-25 12:14:06 --> File loaded: C:\xampp\htdocs\ci\ussiweb\application\modules/admin/config/ion_auth.php
INFO - 2018-07-25 12:14:06 --> Email Class Initialized
INFO - 2018-07-25 12:14:06 --> Language file loaded: language/english/ion_auth_lang.php
INFO - 2018-07-25 12:14:06 --> Helper loaded: cookie_helper
INFO - 2018-07-25 12:14:06 --> Helper loaded: language_helper
DEBUG - 2018-07-25 12:14:06 --> Session: "sess_save_path" is empty; using "session.save_path" value from php.ini.
INFO - 2018-07-25 12:14:06 --> Session: Class initialized using 'files' driver.
INFO - 2018-07-25 12:14:06 --> Model Class Initialized
INFO - 2018-07-25 12:14:06 --> Helper loaded: date_helper
INFO - 2018-07-25 12:14:06 --> User Agent Class Initialized
DEBUG - 2018-07-25 12:14:06 --> File loaded: C:\xampp\htdocs\ci\ussiweb\application\modules/admin/config/autoload.php
DEBUG - 2018-07-25 12:14:06 --> File loaded: C:\xampp\htdocs\ci\ussiweb\application\modules/admin/config/form_validation.php
INFO - 2018-07-25 12:14:06 --> Helper loaded: form_helper
INFO - 2018-07-25 12:14:06 --> Form Validation Class Initialized
INFO - 2018-07-25 12:14:06 --> Model Class Initialized
INFO - 2018-07-25 12:14:06 --> Model Class Initialized
INFO - 2018-07-25 12:14:06 --> Model Class Initialized
INFO - 2018-07-25 12:14:06 --> Model Class Initialized
INFO - 2018-07-25 12:14:06 --> Model Class Initialized
INFO - 2018-07-25 12:14:06 --> Model Class Initialized
INFO - 2018-07-25 12:14:06 --> Model Class Initialized
INFO - 2018-07-25 12:14:06 --> Model Class Initialized
INFO - 2018-07-25 12:14:06 --> Model Class Initialized
INFO - 2018-07-25 12:14:06 --> Model Class Initialized
INFO - 2018-07-25 12:14:06 --> Model Class Initialized
INFO - 2018-07-25 12:14:06 --> Model Class Initialized
INFO - 2018-07-25 12:14:06 --> Controller Class Initialized
DEBUG - 2018-07-25 12:14:06 --> Singlelevel MX_Controller Initialized
DEBUG - 2018-07-25 12:14:06 --> File loaded: C:\xampp\htdocs\ci\ussiweb\application\modules/admin/config/autoload.php
INFO - 2018-07-25 17:14:06 --> Model Class Initialized
DEBUG - 2018-07-25 17:14:06 --> File loaded: C:\xampp\htdocs\ci\ussiweb\application\modules/admin/config/grocery_crud.php
DEBUG - 2018-07-25 17:14:06 --> File loaded: C:\xampp\htdocs\ci\ussiweb\application\modules/admin/libraries/Grocery_CRUD.php
DEBUG - 2018-07-25 17:14:06 --> File loaded: C:\xampp\htdocs\ci\ussiweb\application\modules/admin/config/grocery_crud.php
DEBUG - 2018-07-25 17:14:06 --> File loaded: C:\xampp\htdocs\ci\ussiweb\application\modules/admin/models/Grocery_crud_model.php
INFO - 2018-07-25 17:14:06 --> Model Class Initialized
INFO - 2018-07-25 17:14:06 --> Model Class Initialized
DEBUG - 2018-07-25 17:14:06 --> File loaded: C:\xampp\htdocs\ci\ussiweb\application\views\_base/head.php
DEBUG - 2018-07-25 17:14:06 --> File loaded: C:\xampp\htdocs\ci\ussiweb\application\modules/admin/views/_partials/navbar.php
DEBUG - 2018-07-25 17:14:06 --> File loaded: C:\xampp\htdocs\ci\ussiweb\application\modules/admin/views/_partials/sidemenu_search.php
DEBUG - 2018-07-25 17:14:06 --> File loaded: C:\xampp\htdocs\ci\ussiweb\application\modules/admin/views/_partials/sidemenu.php
DEBUG - 2018-07-25 17:14:06 --> File loaded: C:\xampp\htdocs\ci\ussiweb\application\modules/admin/views/_partials/breadcrumb.php
DEBUG - 2018-07-25 17:14:06 --> File loaded: C:\xampp\htdocs\ci\ussiweb\application\modules/admin/views/_partials/errorpage.php
DEBUG - 2018-07-25 17:14:06 --> File loaded: C:\xampp\htdocs\ci\ussiweb\application\modules/admin/views/crud.php
DEBUG - 2018-07-25 17:14:06 --> File loaded: C:\xampp\htdocs\ci\ussiweb\application\modules/admin/views/_partials/back_btn.php
DEBUG - 2018-07-25 17:14:06 --> File loaded: C:\xampp\htdocs\ci\ussiweb\application\modules/admin/views/_layouts/default.php
DEBUG - 2018-07-25 17:14:06 --> File loaded: C:\xampp\htdocs\ci\ussiweb\application\views\_partials/ga.php
DEBUG - 2018-07-25 17:14:06 --> File loaded: C:\xampp\htdocs\ci\ussiweb\application\views\_base/foot.php
INFO - 2018-07-25 17:14:06 --> Final output sent to browser
DEBUG - 2018-07-25 17:14:06 --> Total execution time: 1.5311
INFO - 2018-07-25 12:14:06 --> Config Class Initialized
INFO - 2018-07-25 12:14:06 --> Hooks Class Initialized
DEBUG - 2018-07-25 12:14:06 --> UTF-8 Support Enabled
INFO - 2018-07-25 12:14:06 --> Utf8 Class Initialized
INFO - 2018-07-25 12:14:06 --> URI Class Initialized
INFO - 2018-07-25 12:14:06 --> Router Class Initialized
INFO - 2018-07-25 12:14:06 --> Output Class Initialized
INFO - 2018-07-25 12:14:06 --> Security Class Initialized
DEBUG - 2018-07-25 12:14:06 --> Global POST, GET and COOKIE data sanitized
INFO - 2018-07-25 12:14:06 --> Input Class Initialized
INFO - 2018-07-25 12:14:06 --> Language Class Initialized
INFO - 2018-07-25 12:14:06 --> Language Class Initialized
INFO - 2018-07-25 12:14:06 --> Config Class Initialized
INFO - 2018-07-25 12:14:06 --> Loader Class Initialized
DEBUG - 2018-07-25 12:14:06 --> Config file loaded: C:\xampp\htdocs\ci\ussiweb\application\config/site.php
INFO - 2018-07-25 12:14:06 --> Helper loaded: url_helper
INFO - 2018-07-25 12:14:06 --> Helper loaded: inflector_helper
INFO - 2018-07-25 12:14:06 --> Helper loaded: string_helper
INFO - 2018-07-25 12:14:06 --> Helper loaded: array_helper
INFO - 2018-07-25 12:14:06 --> Database Driver Class Initialized
DEBUG - 2018-07-25 12:14:07 --> Config file loaded: C:\xampp\htdocs\ci\ussiweb\application\config/ion_auth.php
DEBUG - 2018-07-25 12:14:07 --> Config file loaded: C:\xampp\htdocs\ci\ussiweb\application\third_party/ion_auth/config/ion_auth.php
INFO - 2018-07-25 12:14:07 --> Email Class Initialized
INFO - 2018-07-25 12:14:07 --> Language file loaded: language/english/ion_auth_lang.php
INFO - 2018-07-25 12:14:07 --> Helper loaded: cookie_helper
INFO - 2018-07-25 12:14:07 --> Helper loaded: language_helper
DEBUG - 2018-07-25 12:14:08 --> Session: "sess_save_path" is empty; using "session.save_path" value from php.ini.
INFO - 2018-07-25 12:14:08 --> Session: Class initialized using 'files' driver.
INFO - 2018-07-25 12:14:08 --> Model Class Initialized
INFO - 2018-07-25 12:14:08 --> Helper loaded: date_helper
INFO - 2018-07-25 12:14:08 --> User Agent Class Initialized
INFO - 2018-07-25 12:14:08 --> Controller Class Initialized
ERROR - 2018-07-25 12:14:08 --> 404 Page Not Found: /index
INFO - 2018-07-25 12:14:15 --> Config Class Initialized
INFO - 2018-07-25 12:14:15 --> Hooks Class Initialized
DEBUG - 2018-07-25 12:14:15 --> UTF-8 Support Enabled
INFO - 2018-07-25 12:14:15 --> Utf8 Class Initialized
INFO - 2018-07-25 12:14:15 --> URI Class Initialized
DEBUG - 2018-07-25 12:14:15 --> File loaded: C:\xampp\htdocs\ci\ussiweb\application\modules/admin/config/routes.php
INFO - 2018-07-25 12:14:15 --> Router Class Initialized
INFO - 2018-07-25 12:14:15 --> Output Class Initialized
INFO - 2018-07-25 12:14:15 --> Security Class Initialized
DEBUG - 2018-07-25 12:14:15 --> Global POST, GET and COOKIE data sanitized
INFO - 2018-07-25 12:14:15 --> Input Class Initialized
INFO - 2018-07-25 12:14:15 --> Language Class Initialized
INFO - 2018-07-25 12:14:15 --> Language Class Initialized
INFO - 2018-07-25 12:14:15 --> Config Class Initialized
INFO - 2018-07-25 12:14:15 --> Loader Class Initialized
DEBUG - 2018-07-25 12:14:15 --> File loaded: C:\xampp\htdocs\ci\ussiweb\application\modules/admin/config/site.php
INFO - 2018-07-25 12:14:15 --> Helper loaded: url_helper
INFO - 2018-07-25 12:14:15 --> Helper loaded: inflector_helper
INFO - 2018-07-25 12:14:15 --> Helper loaded: string_helper
INFO - 2018-07-25 12:14:15 --> Helper loaded: array_helper
INFO - 2018-07-25 12:14:15 --> Database Driver Class Initialized
DEBUG - 2018-07-25 12:14:16 --> File loaded: C:\xampp\htdocs\ci\ussiweb\application\modules/admin/config/ion_auth.php
DEBUG - 2018-07-25 12:14:16 --> File loaded: C:\xampp\htdocs\ci\ussiweb\application\modules/admin/config/ion_auth.php
INFO - 2018-07-25 12:14:16 --> Email Class Initialized
INFO - 2018-07-25 12:14:16 --> Language file loaded: language/english/ion_auth_lang.php
INFO - 2018-07-25 12:14:16 --> Helper loaded: cookie_helper
INFO - 2018-07-25 12:14:16 --> Helper loaded: language_helper
DEBUG - 2018-07-25 12:14:16 --> Session: "sess_save_path" is empty; using "session.save_path" value from php.ini.
INFO - 2018-07-25 12:14:16 --> Session: Class initialized using 'files' driver.
INFO - 2018-07-25 12:14:16 --> Model Class Initialized
INFO - 2018-07-25 12:14:16 --> Helper loaded: date_helper
INFO - 2018-07-25 12:14:16 --> User Agent Class Initialized
DEBUG - 2018-07-25 12:14:16 --> File loaded: C:\xampp\htdocs\ci\ussiweb\application\modules/admin/config/autoload.php
DEBUG - 2018-07-25 12:14:16 --> File loaded: C:\xampp\htdocs\ci\ussiweb\application\modules/admin/config/form_validation.php
INFO - 2018-07-25 12:14:16 --> Helper loaded: form_helper
INFO - 2018-07-25 12:14:16 --> Form Validation Class Initialized
INFO - 2018-07-25 12:14:16 --> Model Class Initialized
INFO - 2018-07-25 12:14:16 --> Model Class Initialized
INFO - 2018-07-25 12:14:16 --> Model Class Initialized
INFO - 2018-07-25 12:14:16 --> Model Class Initialized
INFO - 2018-07-25 12:14:16 --> Model Class Initialized
INFO - 2018-07-25 12:14:16 --> Model Class Initialized
INFO - 2018-07-25 12:14:16 --> Model Class Initialized
INFO - 2018-07-25 12:14:16 --> Model Class Initialized
INFO - 2018-07-25 12:14:16 --> Model Class Initialized
INFO - 2018-07-25 12:14:16 --> Model Class Initialized
INFO - 2018-07-25 12:14:16 --> Model Class Initialized
INFO - 2018-07-25 12:14:16 --> Model Class Initialized
INFO - 2018-07-25 12:14:16 --> Controller Class Initialized
ERROR - 2018-07-25 12:14:16 --> 404 Page Not Found: ../modules/admin/controllers/master_marketing/Singlelevel/index
INFO - 2018-07-25 12:14:19 --> Config Class Initialized
INFO - 2018-07-25 12:14:19 --> Hooks Class Initialized
DEBUG - 2018-07-25 12:14:19 --> UTF-8 Support Enabled
INFO - 2018-07-25 12:14:19 --> Utf8 Class Initialized
INFO - 2018-07-25 12:14:19 --> URI Class Initialized
DEBUG - 2018-07-25 12:14:19 --> File loaded: C:\xampp\htdocs\ci\ussiweb\application\modules/admin/config/routes.php
INFO - 2018-07-25 12:14:19 --> Router Class Initialized
INFO - 2018-07-25 12:14:19 --> Output Class Initialized
INFO - 2018-07-25 12:14:19 --> Security Class Initialized
DEBUG - 2018-07-25 12:14:19 --> Global POST, GET and COOKIE data sanitized
INFO - 2018-07-25 12:14:19 --> Input Class Initialized
INFO - 2018-07-25 12:14:19 --> Language Class Initialized
INFO - 2018-07-25 12:14:19 --> Language Class Initialized
INFO - 2018-07-25 12:14:19 --> Config Class Initialized
INFO - 2018-07-25 12:14:19 --> Loader Class Initialized
DEBUG - 2018-07-25 12:14:19 --> File loaded: C:\xampp\htdocs\ci\ussiweb\application\modules/admin/config/site.php
INFO - 2018-07-25 12:14:19 --> Helper loaded: url_helper
INFO - 2018-07-25 12:14:19 --> Helper loaded: inflector_helper
INFO - 2018-07-25 12:14:19 --> Helper loaded: string_helper
INFO - 2018-07-25 12:14:19 --> Helper loaded: array_helper
INFO - 2018-07-25 12:14:19 --> Database Driver Class Initialized
DEBUG - 2018-07-25 12:14:20 --> File loaded: C:\xampp\htdocs\ci\ussiweb\application\modules/admin/config/ion_auth.php
DEBUG - 2018-07-25 12:14:20 --> File loaded: C:\xampp\htdocs\ci\ussiweb\application\modules/admin/config/ion_auth.php
INFO - 2018-07-25 12:14:20 --> Email Class Initialized
INFO - 2018-07-25 12:14:20 --> Language file loaded: language/english/ion_auth_lang.php
INFO - 2018-07-25 12:14:20 --> Helper loaded: cookie_helper
INFO - 2018-07-25 12:14:20 --> Helper loaded: language_helper
DEBUG - 2018-07-25 12:14:20 --> Session: "sess_save_path" is empty; using "session.save_path" value from php.ini.
INFO - 2018-07-25 12:14:20 --> Session: Class initialized using 'files' driver.
INFO - 2018-07-25 12:14:20 --> Model Class Initialized
INFO - 2018-07-25 12:14:20 --> Helper loaded: date_helper
INFO - 2018-07-25 12:14:20 --> User Agent Class Initialized
DEBUG - 2018-07-25 12:14:20 --> File loaded: C:\xampp\htdocs\ci\ussiweb\application\modules/admin/config/autoload.php
DEBUG - 2018-07-25 12:14:20 --> File loaded: C:\xampp\htdocs\ci\ussiweb\application\modules/admin/config/form_validation.php
INFO - 2018-07-25 12:14:20 --> Helper loaded: form_helper
INFO - 2018-07-25 12:14:20 --> Form Validation Class Initialized
INFO - 2018-07-25 12:14:20 --> Model Class Initialized
INFO - 2018-07-25 12:14:20 --> Model Class Initialized
INFO - 2018-07-25 12:14:20 --> Model Class Initialized
INFO - 2018-07-25 12:14:20 --> Model Class Initialized
INFO - 2018-07-25 12:14:20 --> Model Class Initialized
INFO - 2018-07-25 12:14:20 --> Model Class Initialized
INFO - 2018-07-25 12:14:20 --> Model Class Initialized
INFO - 2018-07-25 12:14:20 --> Model Class Initialized
INFO - 2018-07-25 12:14:20 --> Model Class Initialized
INFO - 2018-07-25 12:14:20 --> Model Class Initialized
INFO - 2018-07-25 12:14:20 --> Model Class Initialized
INFO - 2018-07-25 12:14:20 --> Model Class Initialized
INFO - 2018-07-25 12:14:20 --> Controller Class Initialized
ERROR - 2018-07-25 12:14:20 --> 404 Page Not Found: ../modules/admin/controllers/master_marketing//index
INFO - 2018-07-25 12:14:27 --> Config Class Initialized
INFO - 2018-07-25 12:14:27 --> Hooks Class Initialized
DEBUG - 2018-07-25 12:14:27 --> UTF-8 Support Enabled
INFO - 2018-07-25 12:14:27 --> Utf8 Class Initialized
INFO - 2018-07-25 12:14:27 --> URI Class Initialized
DEBUG - 2018-07-25 12:14:27 --> File loaded: C:\xampp\htdocs\ci\ussiweb\application\modules/admin/config/routes.php
INFO - 2018-07-25 12:14:27 --> Router Class Initialized
INFO - 2018-07-25 12:14:27 --> Output Class Initialized
INFO - 2018-07-25 12:14:27 --> Security Class Initialized
DEBUG - 2018-07-25 12:14:27 --> Global POST, GET and COOKIE data sanitized
INFO - 2018-07-25 12:14:27 --> Input Class Initialized
INFO - 2018-07-25 12:14:27 --> Language Class Initialized
INFO - 2018-07-25 12:14:27 --> Language Class Initialized
INFO - 2018-07-25 12:14:27 --> Config Class Initialized
INFO - 2018-07-25 12:14:27 --> Loader Class Initialized
DEBUG - 2018-07-25 12:14:27 --> File loaded: C:\xampp\htdocs\ci\ussiweb\application\modules/admin/config/site.php
INFO - 2018-07-25 12:14:27 --> Helper loaded: url_helper
INFO - 2018-07-25 12:14:27 --> Helper loaded: inflector_helper
INFO - 2018-07-25 12:14:27 --> Helper loaded: string_helper
INFO - 2018-07-25 12:14:27 --> Helper loaded: array_helper
INFO - 2018-07-25 12:14:27 --> Database Driver Class Initialized
DEBUG - 2018-07-25 12:14:28 --> File loaded: C:\xampp\htdocs\ci\ussiweb\application\modules/admin/config/ion_auth.php
DEBUG - 2018-07-25 12:14:28 --> File loaded: C:\xampp\htdocs\ci\ussiweb\application\modules/admin/config/ion_auth.php
INFO - 2018-07-25 12:14:28 --> Email Class Initialized
INFO - 2018-07-25 12:14:28 --> Language file loaded: language/english/ion_auth_lang.php
INFO - 2018-07-25 12:14:28 --> Helper loaded: cookie_helper
INFO - 2018-07-25 12:14:28 --> Helper loaded: language_helper
DEBUG - 2018-07-25 12:14:28 --> Session: "sess_save_path" is empty; using "session.save_path" value from php.ini.
INFO - 2018-07-25 12:14:28 --> Session: Class initialized using 'files' driver.
INFO - 2018-07-25 12:14:28 --> Model Class Initialized
INFO - 2018-07-25 12:14:28 --> Helper loaded: date_helper
INFO - 2018-07-25 12:14:28 --> User Agent Class Initialized
DEBUG - 2018-07-25 12:14:28 --> File loaded: C:\xampp\htdocs\ci\ussiweb\application\modules/admin/config/autoload.php
DEBUG - 2018-07-25 12:14:28 --> File loaded: C:\xampp\htdocs\ci\ussiweb\application\modules/admin/config/form_validation.php
INFO - 2018-07-25 12:14:28 --> Helper loaded: form_helper
INFO - 2018-07-25 12:14:28 --> Form Validation Class Initialized
INFO - 2018-07-25 12:14:28 --> Model Class Initialized
INFO - 2018-07-25 12:14:28 --> Model Class Initialized
INFO - 2018-07-25 12:14:28 --> Model Class Initialized
INFO - 2018-07-25 12:14:28 --> Model Class Initialized
INFO - 2018-07-25 12:14:28 --> Model Class Initialized
INFO - 2018-07-25 12:14:28 --> Model Class Initialized
INFO - 2018-07-25 12:14:28 --> Model Class Initialized
INFO - 2018-07-25 12:14:28 --> Model Class Initialized
INFO - 2018-07-25 12:14:28 --> Model Class Initialized
INFO - 2018-07-25 12:14:28 --> Model Class Initialized
INFO - 2018-07-25 12:14:28 --> Model Class Initialized
INFO - 2018-07-25 12:14:28 --> Model Class Initialized
INFO - 2018-07-25 12:14:28 --> Controller Class Initialized
DEBUG - 2018-07-25 12:14:28 --> Singlelevel MX_Controller Initialized
DEBUG - 2018-07-25 12:14:28 --> File loaded: C:\xampp\htdocs\ci\ussiweb\application\modules/admin/config/autoload.php
INFO - 2018-07-25 17:14:28 --> Model Class Initialized
DEBUG - 2018-07-25 17:14:28 --> File loaded: C:\xampp\htdocs\ci\ussiweb\application\modules/admin/config/grocery_crud.php
DEBUG - 2018-07-25 17:14:28 --> File loaded: C:\xampp\htdocs\ci\ussiweb\application\modules/admin/libraries/Grocery_CRUD.php
DEBUG - 2018-07-25 17:14:28 --> File loaded: C:\xampp\htdocs\ci\ussiweb\application\modules/admin/config/grocery_crud.php
DEBUG - 2018-07-25 17:14:28 --> File loaded: C:\xampp\htdocs\ci\ussiweb\application\modules/admin/models/Grocery_crud_model.php
INFO - 2018-07-25 17:14:28 --> Model Class Initialized
INFO - 2018-07-25 17:14:28 --> Model Class Initialized
DEBUG - 2018-07-25 17:14:28 --> File loaded: C:\xampp\htdocs\ci\ussiweb\application\views\_base/head.php
DEBUG - 2018-07-25 17:14:28 --> File loaded: C:\xampp\htdocs\ci\ussiweb\application\modules/admin/views/_partials/navbar.php
DEBUG - 2018-07-25 17:14:28 --> File loaded: C:\xampp\htdocs\ci\ussiweb\application\modules/admin/views/_partials/sidemenu_search.php
DEBUG - 2018-07-25 17:14:28 --> File loaded: C:\xampp\htdocs\ci\ussiweb\application\modules/admin/views/_partials/sidemenu.php
DEBUG - 2018-07-25 17:14:28 --> File loaded: C:\xampp\htdocs\ci\ussiweb\application\modules/admin/views/_partials/breadcrumb.php
DEBUG - 2018-07-25 17:14:28 --> File loaded: C:\xampp\htdocs\ci\ussiweb\application\modules/admin/views/_partials/errorpage.php
DEBUG - 2018-07-25 17:14:28 --> File loaded: C:\xampp\htdocs\ci\ussiweb\application\modules/admin/views/downline/downline.php
DEBUG - 2018-07-25 17:14:28 --> File loaded: C:\xampp\htdocs\ci\ussiweb\application\modules/admin/views/_partials/back_btn.php
DEBUG - 2018-07-25 17:14:28 --> File loaded: C:\xampp\htdocs\ci\ussiweb\application\modules/admin/views/_layouts/default.php
DEBUG - 2018-07-25 17:14:28 --> File loaded: C:\xampp\htdocs\ci\ussiweb\application\views\_partials/ga.php
DEBUG - 2018-07-25 17:14:28 --> File loaded: C:\xampp\htdocs\ci\ussiweb\application\views\_base/foot.php
INFO - 2018-07-25 17:14:28 --> Final output sent to browser
DEBUG - 2018-07-25 17:14:28 --> Total execution time: 1.5101
INFO - 2018-07-25 12:14:28 --> Config Class Initialized
INFO - 2018-07-25 12:14:28 --> Hooks Class Initialized
DEBUG - 2018-07-25 12:14:28 --> UTF-8 Support Enabled
INFO - 2018-07-25 12:14:28 --> Utf8 Class Initialized
INFO - 2018-07-25 12:14:28 --> URI Class Initialized
INFO - 2018-07-25 12:14:28 --> Router Class Initialized
INFO - 2018-07-25 12:14:28 --> Output Class Initialized
INFO - 2018-07-25 12:14:28 --> Security Class Initialized
DEBUG - 2018-07-25 12:14:28 --> Global POST, GET and COOKIE data sanitized
INFO - 2018-07-25 12:14:28 --> Input Class Initialized
INFO - 2018-07-25 12:14:28 --> Language Class Initialized
INFO - 2018-07-25 12:14:28 --> Language Class Initialized
INFO - 2018-07-25 12:14:28 --> Config Class Initialized
INFO - 2018-07-25 12:14:28 --> Loader Class Initialized
DEBUG - 2018-07-25 12:14:28 --> Config file loaded: C:\xampp\htdocs\ci\ussiweb\application\config/site.php
INFO - 2018-07-25 12:14:28 --> Helper loaded: url_helper
INFO - 2018-07-25 12:14:28 --> Helper loaded: inflector_helper
INFO - 2018-07-25 12:14:28 --> Helper loaded: string_helper
INFO - 2018-07-25 12:14:28 --> Helper loaded: array_helper
INFO - 2018-07-25 12:14:28 --> Database Driver Class Initialized
DEBUG - 2018-07-25 12:14:29 --> Config file loaded: C:\xampp\htdocs\ci\ussiweb\application\config/ion_auth.php
DEBUG - 2018-07-25 12:14:29 --> Config file loaded: C:\xampp\htdocs\ci\ussiweb\application\third_party/ion_auth/config/ion_auth.php
INFO - 2018-07-25 12:14:29 --> Email Class Initialized
INFO - 2018-07-25 12:14:29 --> Language file loaded: language/english/ion_auth_lang.php
INFO - 2018-07-25 12:14:29 --> Helper loaded: cookie_helper
INFO - 2018-07-25 12:14:29 --> Helper loaded: language_helper
DEBUG - 2018-07-25 12:14:29 --> Session: "sess_save_path" is empty; using "session.save_path" value from php.ini.
INFO - 2018-07-25 12:14:29 --> Session: Class initialized using 'files' driver.
INFO - 2018-07-25 12:14:29 --> Model Class Initialized
INFO - 2018-07-25 12:14:29 --> Helper loaded: date_helper
INFO - 2018-07-25 12:14:29 --> User Agent Class Initialized
INFO - 2018-07-25 12:14:29 --> Controller Class Initialized
ERROR - 2018-07-25 12:14:29 --> 404 Page Not Found: /index
