INFO - 2018-11-13 08:02:53 --> Config Class Initialized
INFO - 2018-11-13 08:02:53 --> Hooks Class Initialized
DEBUG - 2018-11-13 08:02:53 --> UTF-8 Support Enabled
INFO - 2018-11-13 08:02:53 --> Utf8 Class Initialized
INFO - 2018-11-13 08:02:53 --> URI Class Initialized
DEBUG - 2018-11-13 08:02:53 --> File loaded: C:\xampp\htdocs\ci\ussiweb\application\modules/admin/config/routes.php
INFO - 2018-11-13 08:02:53 --> Router Class Initialized
INFO - 2018-11-13 08:02:53 --> Output Class Initialized
INFO - 2018-11-13 08:02:53 --> Security Class Initialized
DEBUG - 2018-11-13 08:02:53 --> Global POST, GET and COOKIE data sanitized
INFO - 2018-11-13 08:02:53 --> Input Class Initialized
INFO - 2018-11-13 08:02:53 --> Language Class Initialized
INFO - 2018-11-13 08:02:53 --> Language Class Initialized
INFO - 2018-11-13 08:02:53 --> Config Class Initialized
INFO - 2018-11-13 08:02:53 --> Loader Class Initialized
DEBUG - 2018-11-13 08:02:53 --> File loaded: C:\xampp\htdocs\ci\ussiweb\application\modules/admin/config/site.php
INFO - 2018-11-13 08:02:53 --> Helper loaded: url_helper
INFO - 2018-11-13 08:02:53 --> Helper loaded: inflector_helper
INFO - 2018-11-13 08:02:53 --> Helper loaded: string_helper
INFO - 2018-11-13 08:02:53 --> Helper loaded: array_helper
INFO - 2018-11-13 08:02:53 --> Database Driver Class Initialized
DEBUG - 2018-11-13 08:02:53 --> File loaded: C:\xampp\htdocs\ci\ussiweb\application\modules/admin/config/ion_auth.php
DEBUG - 2018-11-13 08:02:53 --> File loaded: C:\xampp\htdocs\ci\ussiweb\application\modules/admin/config/ion_auth.php
INFO - 2018-11-13 08:02:53 --> Email Class Initialized
INFO - 2018-11-13 08:02:53 --> Language file loaded: language/english/ion_auth_lang.php
INFO - 2018-11-13 08:02:53 --> Helper loaded: cookie_helper
INFO - 2018-11-13 08:02:53 --> Helper loaded: language_helper
DEBUG - 2018-11-13 08:02:53 --> Session: "sess_save_path" is empty; using "session.save_path" value from php.ini.
INFO - 2018-11-13 08:02:53 --> Session: Class initialized using 'files' driver.
INFO - 2018-11-13 08:02:53 --> Model Class Initialized
INFO - 2018-11-13 08:02:53 --> Helper loaded: date_helper
INFO - 2018-11-13 08:02:53 --> User Agent Class Initialized
DEBUG - 2018-11-13 08:02:53 --> File loaded: C:\xampp\htdocs\ci\ussiweb\application\modules/admin/config/autoload.php
DEBUG - 2018-11-13 08:02:53 --> File loaded: C:\xampp\htdocs\ci\ussiweb\application\modules/admin/config/form_validation.php
INFO - 2018-11-13 08:02:53 --> Helper loaded: form_helper
INFO - 2018-11-13 08:02:53 --> Form Validation Class Initialized
INFO - 2018-11-13 08:02:53 --> Model Class Initialized
INFO - 2018-11-13 08:02:53 --> Model Class Initialized
INFO - 2018-11-13 08:02:53 --> Model Class Initialized
INFO - 2018-11-13 08:02:53 --> Model Class Initialized
INFO - 2018-11-13 08:02:53 --> Model Class Initialized
INFO - 2018-11-13 08:02:53 --> Model Class Initialized
INFO - 2018-11-13 08:02:53 --> Model Class Initialized
INFO - 2018-11-13 08:02:53 --> Model Class Initialized
INFO - 2018-11-13 08:02:53 --> Model Class Initialized
INFO - 2018-11-13 08:02:53 --> Model Class Initialized
INFO - 2018-11-13 08:02:53 --> Model Class Initialized
INFO - 2018-11-13 08:02:53 --> Model Class Initialized
INFO - 2018-11-13 08:02:53 --> Controller Class Initialized
DEBUG - 2018-11-13 08:02:53 --> Login MX_Controller Initialized
DEBUG - 2018-11-13 08:02:53 --> File loaded: C:\xampp\htdocs\ci\ussiweb\application\modules/admin/config/autoload.php
DEBUG - 2018-11-13 14:02:53 --> File loaded: C:\xampp\htdocs\ci\ussiweb\application\modules/admin/config/form_validation.php
DEBUG - 2018-11-13 14:02:53 --> File loaded: C:\xampp\htdocs\ci\ussiweb\application\views\_base/head.php
DEBUG - 2018-11-13 14:02:53 --> File loaded: C:\xampp\htdocs\ci\ussiweb\application\modules/admin/views/login.php
DEBUG - 2018-11-13 14:02:53 --> File loaded: C:\xampp\htdocs\ci\ussiweb\application\views\_layouts/empty.php
DEBUG - 2018-11-13 14:02:53 --> File loaded: C:\xampp\htdocs\ci\ussiweb\application\views\_partials/ga.php
DEBUG - 2018-11-13 14:02:53 --> File loaded: C:\xampp\htdocs\ci\ussiweb\application\views\_base/foot.php
INFO - 2018-11-13 14:02:53 --> Final output sent to browser
DEBUG - 2018-11-13 14:02:53 --> Total execution time: 0.3006
INFO - 2018-11-13 08:02:57 --> Config Class Initialized
INFO - 2018-11-13 08:02:57 --> Hooks Class Initialized
DEBUG - 2018-11-13 08:02:57 --> UTF-8 Support Enabled
INFO - 2018-11-13 08:02:57 --> Utf8 Class Initialized
INFO - 2018-11-13 08:02:57 --> URI Class Initialized
DEBUG - 2018-11-13 08:02:57 --> File loaded: C:\xampp\htdocs\ci\ussiweb\application\modules/admin/config/routes.php
INFO - 2018-11-13 08:02:57 --> Router Class Initialized
INFO - 2018-11-13 08:02:57 --> Output Class Initialized
INFO - 2018-11-13 08:02:57 --> Security Class Initialized
DEBUG - 2018-11-13 08:02:57 --> Global POST, GET and COOKIE data sanitized
INFO - 2018-11-13 08:02:57 --> Input Class Initialized
INFO - 2018-11-13 08:02:57 --> Language Class Initialized
INFO - 2018-11-13 08:02:57 --> Language Class Initialized
INFO - 2018-11-13 08:02:57 --> Config Class Initialized
INFO - 2018-11-13 08:02:57 --> Loader Class Initialized
DEBUG - 2018-11-13 08:02:57 --> File loaded: C:\xampp\htdocs\ci\ussiweb\application\modules/admin/config/site.php
INFO - 2018-11-13 08:02:57 --> Helper loaded: url_helper
INFO - 2018-11-13 08:02:57 --> Helper loaded: inflector_helper
INFO - 2018-11-13 08:02:57 --> Helper loaded: string_helper
INFO - 2018-11-13 08:02:57 --> Helper loaded: array_helper
INFO - 2018-11-13 08:02:57 --> Database Driver Class Initialized
DEBUG - 2018-11-13 08:02:57 --> File loaded: C:\xampp\htdocs\ci\ussiweb\application\modules/admin/config/ion_auth.php
DEBUG - 2018-11-13 08:02:57 --> File loaded: C:\xampp\htdocs\ci\ussiweb\application\modules/admin/config/ion_auth.php
INFO - 2018-11-13 08:02:57 --> Email Class Initialized
INFO - 2018-11-13 08:02:57 --> Language file loaded: language/english/ion_auth_lang.php
INFO - 2018-11-13 08:02:57 --> Helper loaded: cookie_helper
INFO - 2018-11-13 08:02:57 --> Helper loaded: language_helper
DEBUG - 2018-11-13 08:02:57 --> Session: "sess_save_path" is empty; using "session.save_path" value from php.ini.
INFO - 2018-11-13 08:02:57 --> Session: Class initialized using 'files' driver.
INFO - 2018-11-13 08:02:57 --> Model Class Initialized
INFO - 2018-11-13 08:02:57 --> Helper loaded: date_helper
INFO - 2018-11-13 08:02:57 --> User Agent Class Initialized
DEBUG - 2018-11-13 08:02:57 --> File loaded: C:\xampp\htdocs\ci\ussiweb\application\modules/admin/config/autoload.php
DEBUG - 2018-11-13 08:02:57 --> File loaded: C:\xampp\htdocs\ci\ussiweb\application\modules/admin/config/form_validation.php
INFO - 2018-11-13 08:02:57 --> Helper loaded: form_helper
INFO - 2018-11-13 08:02:57 --> Form Validation Class Initialized
INFO - 2018-11-13 08:02:57 --> Model Class Initialized
INFO - 2018-11-13 08:02:57 --> Model Class Initialized
INFO - 2018-11-13 08:02:57 --> Model Class Initialized
INFO - 2018-11-13 08:02:57 --> Model Class Initialized
INFO - 2018-11-13 08:02:57 --> Model Class Initialized
INFO - 2018-11-13 08:02:57 --> Model Class Initialized
INFO - 2018-11-13 08:02:57 --> Model Class Initialized
INFO - 2018-11-13 08:02:57 --> Model Class Initialized
INFO - 2018-11-13 08:02:57 --> Model Class Initialized
INFO - 2018-11-13 08:02:57 --> Model Class Initialized
INFO - 2018-11-13 08:02:57 --> Model Class Initialized
INFO - 2018-11-13 08:02:57 --> Model Class Initialized
INFO - 2018-11-13 08:02:57 --> Controller Class Initialized
DEBUG - 2018-11-13 08:02:57 --> Login MX_Controller Initialized
DEBUG - 2018-11-13 08:02:57 --> File loaded: C:\xampp\htdocs\ci\ussiweb\application\modules/admin/config/autoload.php
DEBUG - 2018-11-13 14:02:57 --> File loaded: C:\xampp\htdocs\ci\ussiweb\application\modules/admin/config/form_validation.php
INFO - 2018-11-13 14:02:57 --> Language file loaded: language/english/form_validation_lang.php
INFO - 2018-11-13 08:02:57 --> Config Class Initialized
INFO - 2018-11-13 08:02:57 --> Hooks Class Initialized
DEBUG - 2018-11-13 08:02:57 --> UTF-8 Support Enabled
INFO - 2018-11-13 08:02:57 --> Utf8 Class Initialized
INFO - 2018-11-13 08:02:57 --> URI Class Initialized
DEBUG - 2018-11-13 08:02:57 --> File loaded: C:\xampp\htdocs\ci\ussiweb\application\modules/admin/config/routes.php
INFO - 2018-11-13 08:02:57 --> Router Class Initialized
INFO - 2018-11-13 08:02:57 --> Output Class Initialized
INFO - 2018-11-13 08:02:57 --> Security Class Initialized
DEBUG - 2018-11-13 08:02:57 --> Global POST, GET and COOKIE data sanitized
INFO - 2018-11-13 08:02:57 --> Input Class Initialized
INFO - 2018-11-13 08:02:57 --> Language Class Initialized
INFO - 2018-11-13 08:02:57 --> Language Class Initialized
INFO - 2018-11-13 08:02:57 --> Config Class Initialized
INFO - 2018-11-13 08:02:57 --> Loader Class Initialized
DEBUG - 2018-11-13 08:02:57 --> File loaded: C:\xampp\htdocs\ci\ussiweb\application\modules/admin/config/site.php
INFO - 2018-11-13 08:02:57 --> Helper loaded: url_helper
INFO - 2018-11-13 08:02:57 --> Helper loaded: inflector_helper
INFO - 2018-11-13 08:02:57 --> Helper loaded: string_helper
INFO - 2018-11-13 08:02:57 --> Helper loaded: array_helper
INFO - 2018-11-13 08:02:57 --> Database Driver Class Initialized
DEBUG - 2018-11-13 08:02:57 --> File loaded: C:\xampp\htdocs\ci\ussiweb\application\modules/admin/config/ion_auth.php
DEBUG - 2018-11-13 08:02:57 --> File loaded: C:\xampp\htdocs\ci\ussiweb\application\modules/admin/config/ion_auth.php
INFO - 2018-11-13 08:02:57 --> Email Class Initialized
INFO - 2018-11-13 08:02:57 --> Language file loaded: language/english/ion_auth_lang.php
INFO - 2018-11-13 08:02:57 --> Helper loaded: cookie_helper
INFO - 2018-11-13 08:02:57 --> Helper loaded: language_helper
DEBUG - 2018-11-13 08:02:57 --> Session: "sess_save_path" is empty; using "session.save_path" value from php.ini.
INFO - 2018-11-13 08:02:57 --> Session: Class initialized using 'files' driver.
INFO - 2018-11-13 08:02:57 --> Model Class Initialized
INFO - 2018-11-13 08:02:57 --> Helper loaded: date_helper
INFO - 2018-11-13 08:02:57 --> User Agent Class Initialized
DEBUG - 2018-11-13 08:02:57 --> File loaded: C:\xampp\htdocs\ci\ussiweb\application\modules/admin/config/autoload.php
DEBUG - 2018-11-13 08:02:57 --> File loaded: C:\xampp\htdocs\ci\ussiweb\application\modules/admin/config/form_validation.php
INFO - 2018-11-13 08:02:57 --> Helper loaded: form_helper
INFO - 2018-11-13 08:02:57 --> Form Validation Class Initialized
INFO - 2018-11-13 08:02:57 --> Model Class Initialized
INFO - 2018-11-13 08:02:57 --> Model Class Initialized
INFO - 2018-11-13 08:02:57 --> Model Class Initialized
INFO - 2018-11-13 08:02:57 --> Model Class Initialized
INFO - 2018-11-13 08:02:57 --> Model Class Initialized
INFO - 2018-11-13 08:02:57 --> Model Class Initialized
INFO - 2018-11-13 08:02:57 --> Model Class Initialized
INFO - 2018-11-13 08:02:57 --> Model Class Initialized
INFO - 2018-11-13 08:02:57 --> Model Class Initialized
INFO - 2018-11-13 08:02:57 --> Model Class Initialized
INFO - 2018-11-13 08:02:57 --> Model Class Initialized
INFO - 2018-11-13 08:02:57 --> Model Class Initialized
INFO - 2018-11-13 08:02:57 --> Controller Class Initialized
DEBUG - 2018-11-13 08:02:57 --> Login MX_Controller Initialized
DEBUG - 2018-11-13 08:02:57 --> File loaded: C:\xampp\htdocs\ci\ussiweb\application\modules/admin/config/autoload.php
DEBUG - 2018-11-13 14:02:57 --> File loaded: C:\xampp\htdocs\ci\ussiweb\application\modules/admin/config/form_validation.php
DEBUG - 2018-11-13 14:02:57 --> File loaded: C:\xampp\htdocs\ci\ussiweb\application\views\_base/head.php
DEBUG - 2018-11-13 14:02:57 --> File loaded: C:\xampp\htdocs\ci\ussiweb\application\modules/admin/views/login.php
DEBUG - 2018-11-13 14:02:57 --> File loaded: C:\xampp\htdocs\ci\ussiweb\application\views\_layouts/empty.php
DEBUG - 2018-11-13 14:02:57 --> File loaded: C:\xampp\htdocs\ci\ussiweb\application\views\_partials/ga.php
DEBUG - 2018-11-13 14:02:57 --> File loaded: C:\xampp\htdocs\ci\ussiweb\application\views\_base/foot.php
INFO - 2018-11-13 14:02:57 --> Final output sent to browser
DEBUG - 2018-11-13 14:02:57 --> Total execution time: 0.2207
INFO - 2018-11-13 08:03:04 --> Config Class Initialized
INFO - 2018-11-13 08:03:04 --> Hooks Class Initialized
DEBUG - 2018-11-13 08:03:04 --> UTF-8 Support Enabled
INFO - 2018-11-13 08:03:04 --> Utf8 Class Initialized
INFO - 2018-11-13 08:03:04 --> URI Class Initialized
DEBUG - 2018-11-13 08:03:04 --> File loaded: C:\xampp\htdocs\ci\ussiweb\application\modules/admin/config/routes.php
INFO - 2018-11-13 08:03:04 --> Router Class Initialized
INFO - 2018-11-13 08:03:04 --> Output Class Initialized
INFO - 2018-11-13 08:03:04 --> Security Class Initialized
DEBUG - 2018-11-13 08:03:04 --> Global POST, GET and COOKIE data sanitized
INFO - 2018-11-13 08:03:04 --> Input Class Initialized
INFO - 2018-11-13 08:03:04 --> Language Class Initialized
INFO - 2018-11-13 08:03:04 --> Language Class Initialized
INFO - 2018-11-13 08:03:04 --> Config Class Initialized
INFO - 2018-11-13 08:03:04 --> Loader Class Initialized
DEBUG - 2018-11-13 08:03:04 --> File loaded: C:\xampp\htdocs\ci\ussiweb\application\modules/admin/config/site.php
INFO - 2018-11-13 08:03:04 --> Helper loaded: url_helper
INFO - 2018-11-13 08:03:04 --> Helper loaded: inflector_helper
INFO - 2018-11-13 08:03:04 --> Helper loaded: string_helper
INFO - 2018-11-13 08:03:04 --> Helper loaded: array_helper
INFO - 2018-11-13 08:03:04 --> Database Driver Class Initialized
DEBUG - 2018-11-13 08:03:04 --> File loaded: C:\xampp\htdocs\ci\ussiweb\application\modules/admin/config/ion_auth.php
DEBUG - 2018-11-13 08:03:04 --> File loaded: C:\xampp\htdocs\ci\ussiweb\application\modules/admin/config/ion_auth.php
INFO - 2018-11-13 08:03:04 --> Email Class Initialized
INFO - 2018-11-13 08:03:04 --> Language file loaded: language/english/ion_auth_lang.php
INFO - 2018-11-13 08:03:04 --> Helper loaded: cookie_helper
INFO - 2018-11-13 08:03:04 --> Helper loaded: language_helper
DEBUG - 2018-11-13 08:03:04 --> Session: "sess_save_path" is empty; using "session.save_path" value from php.ini.
INFO - 2018-11-13 08:03:04 --> Session: Class initialized using 'files' driver.
INFO - 2018-11-13 08:03:04 --> Model Class Initialized
INFO - 2018-11-13 08:03:04 --> Helper loaded: date_helper
INFO - 2018-11-13 08:03:05 --> User Agent Class Initialized
DEBUG - 2018-11-13 08:03:05 --> File loaded: C:\xampp\htdocs\ci\ussiweb\application\modules/admin/config/autoload.php
DEBUG - 2018-11-13 08:03:05 --> File loaded: C:\xampp\htdocs\ci\ussiweb\application\modules/admin/config/form_validation.php
INFO - 2018-11-13 08:03:05 --> Helper loaded: form_helper
INFO - 2018-11-13 08:03:05 --> Form Validation Class Initialized
INFO - 2018-11-13 08:03:05 --> Model Class Initialized
INFO - 2018-11-13 08:03:05 --> Model Class Initialized
INFO - 2018-11-13 08:03:05 --> Model Class Initialized
INFO - 2018-11-13 08:03:05 --> Model Class Initialized
INFO - 2018-11-13 08:03:05 --> Model Class Initialized
INFO - 2018-11-13 08:03:05 --> Model Class Initialized
INFO - 2018-11-13 08:03:05 --> Model Class Initialized
INFO - 2018-11-13 08:03:05 --> Model Class Initialized
INFO - 2018-11-13 08:03:05 --> Model Class Initialized
INFO - 2018-11-13 08:03:05 --> Model Class Initialized
INFO - 2018-11-13 08:03:05 --> Model Class Initialized
INFO - 2018-11-13 08:03:05 --> Model Class Initialized
INFO - 2018-11-13 08:03:05 --> Controller Class Initialized
DEBUG - 2018-11-13 08:03:05 --> Login MX_Controller Initialized
DEBUG - 2018-11-13 08:03:05 --> File loaded: C:\xampp\htdocs\ci\ussiweb\application\modules/admin/config/autoload.php
DEBUG - 2018-11-13 14:03:05 --> File loaded: C:\xampp\htdocs\ci\ussiweb\application\modules/admin/config/form_validation.php
INFO - 2018-11-13 14:03:05 --> Language file loaded: language/english/form_validation_lang.php
INFO - 2018-11-13 08:03:05 --> Config Class Initialized
INFO - 2018-11-13 08:03:05 --> Hooks Class Initialized
DEBUG - 2018-11-13 08:03:05 --> UTF-8 Support Enabled
INFO - 2018-11-13 08:03:05 --> Utf8 Class Initialized
INFO - 2018-11-13 08:03:05 --> URI Class Initialized
DEBUG - 2018-11-13 08:03:05 --> File loaded: C:\xampp\htdocs\ci\ussiweb\application\modules/admin/config/routes.php
INFO - 2018-11-13 08:03:05 --> Router Class Initialized
INFO - 2018-11-13 08:03:05 --> Output Class Initialized
INFO - 2018-11-13 08:03:05 --> Security Class Initialized
DEBUG - 2018-11-13 08:03:05 --> Global POST, GET and COOKIE data sanitized
INFO - 2018-11-13 08:03:05 --> Input Class Initialized
INFO - 2018-11-13 08:03:05 --> Language Class Initialized
INFO - 2018-11-13 08:03:05 --> Language Class Initialized
INFO - 2018-11-13 08:03:05 --> Config Class Initialized
INFO - 2018-11-13 08:03:05 --> Loader Class Initialized
DEBUG - 2018-11-13 08:03:05 --> File loaded: C:\xampp\htdocs\ci\ussiweb\application\modules/admin/config/site.php
INFO - 2018-11-13 08:03:05 --> Helper loaded: url_helper
INFO - 2018-11-13 08:03:05 --> Helper loaded: inflector_helper
INFO - 2018-11-13 08:03:05 --> Helper loaded: string_helper
INFO - 2018-11-13 08:03:05 --> Helper loaded: array_helper
INFO - 2018-11-13 08:03:05 --> Database Driver Class Initialized
DEBUG - 2018-11-13 08:03:05 --> File loaded: C:\xampp\htdocs\ci\ussiweb\application\modules/admin/config/ion_auth.php
DEBUG - 2018-11-13 08:03:05 --> File loaded: C:\xampp\htdocs\ci\ussiweb\application\modules/admin/config/ion_auth.php
INFO - 2018-11-13 08:03:05 --> Email Class Initialized
INFO - 2018-11-13 08:03:05 --> Language file loaded: language/english/ion_auth_lang.php
INFO - 2018-11-13 08:03:05 --> Helper loaded: cookie_helper
INFO - 2018-11-13 08:03:05 --> Helper loaded: language_helper
DEBUG - 2018-11-13 08:03:05 --> Session: "sess_save_path" is empty; using "session.save_path" value from php.ini.
INFO - 2018-11-13 08:03:05 --> Session: Class initialized using 'files' driver.
INFO - 2018-11-13 08:03:05 --> Model Class Initialized
INFO - 2018-11-13 08:03:05 --> Helper loaded: date_helper
INFO - 2018-11-13 08:03:05 --> User Agent Class Initialized
DEBUG - 2018-11-13 08:03:05 --> File loaded: C:\xampp\htdocs\ci\ussiweb\application\modules/admin/config/autoload.php
DEBUG - 2018-11-13 08:03:05 --> File loaded: C:\xampp\htdocs\ci\ussiweb\application\modules/admin/config/form_validation.php
INFO - 2018-11-13 08:03:05 --> Helper loaded: form_helper
INFO - 2018-11-13 08:03:05 --> Form Validation Class Initialized
INFO - 2018-11-13 08:03:05 --> Model Class Initialized
INFO - 2018-11-13 08:03:05 --> Model Class Initialized
INFO - 2018-11-13 08:03:05 --> Model Class Initialized
INFO - 2018-11-13 08:03:05 --> Model Class Initialized
INFO - 2018-11-13 08:03:05 --> Model Class Initialized
INFO - 2018-11-13 08:03:05 --> Model Class Initialized
INFO - 2018-11-13 08:03:05 --> Model Class Initialized
INFO - 2018-11-13 08:03:05 --> Model Class Initialized
INFO - 2018-11-13 08:03:05 --> Model Class Initialized
INFO - 2018-11-13 08:03:05 --> Model Class Initialized
INFO - 2018-11-13 08:03:05 --> Model Class Initialized
INFO - 2018-11-13 08:03:05 --> Model Class Initialized
INFO - 2018-11-13 08:03:05 --> Controller Class Initialized
DEBUG - 2018-11-13 08:03:05 --> Home MX_Controller Initialized
DEBUG - 2018-11-13 08:03:05 --> File loaded: C:\xampp\htdocs\ci\ussiweb\application\modules/admin/config/autoload.php
INFO - 2018-11-13 08:03:05 --> Config Class Initialized
INFO - 2018-11-13 08:03:05 --> Hooks Class Initialized
DEBUG - 2018-11-13 08:03:05 --> UTF-8 Support Enabled
INFO - 2018-11-13 08:03:05 --> Utf8 Class Initialized
INFO - 2018-11-13 08:03:05 --> URI Class Initialized
DEBUG - 2018-11-13 08:03:05 --> File loaded: C:\xampp\htdocs\ci\ussiweb\application\modules/admin/config/routes.php
INFO - 2018-11-13 08:03:05 --> Router Class Initialized
INFO - 2018-11-13 08:03:05 --> Output Class Initialized
INFO - 2018-11-13 08:03:05 --> Security Class Initialized
DEBUG - 2018-11-13 08:03:05 --> Global POST, GET and COOKIE data sanitized
INFO - 2018-11-13 08:03:05 --> Input Class Initialized
INFO - 2018-11-13 08:03:05 --> Language Class Initialized
INFO - 2018-11-13 08:03:05 --> Language Class Initialized
INFO - 2018-11-13 08:03:05 --> Config Class Initialized
INFO - 2018-11-13 08:03:05 --> Loader Class Initialized
DEBUG - 2018-11-13 08:03:05 --> File loaded: C:\xampp\htdocs\ci\ussiweb\application\modules/admin/config/site.php
INFO - 2018-11-13 08:03:05 --> Helper loaded: url_helper
INFO - 2018-11-13 08:03:05 --> Helper loaded: inflector_helper
INFO - 2018-11-13 08:03:05 --> Helper loaded: string_helper
INFO - 2018-11-13 08:03:05 --> Helper loaded: array_helper
INFO - 2018-11-13 08:03:05 --> Database Driver Class Initialized
DEBUG - 2018-11-13 08:03:05 --> File loaded: C:\xampp\htdocs\ci\ussiweb\application\modules/admin/config/ion_auth.php
DEBUG - 2018-11-13 08:03:05 --> File loaded: C:\xampp\htdocs\ci\ussiweb\application\modules/admin/config/ion_auth.php
INFO - 2018-11-13 08:03:05 --> Email Class Initialized
INFO - 2018-11-13 08:03:05 --> Language file loaded: language/english/ion_auth_lang.php
INFO - 2018-11-13 08:03:05 --> Helper loaded: cookie_helper
INFO - 2018-11-13 08:03:05 --> Helper loaded: language_helper
DEBUG - 2018-11-13 08:03:05 --> Session: "sess_save_path" is empty; using "session.save_path" value from php.ini.
INFO - 2018-11-13 08:03:05 --> Session: Class initialized using 'files' driver.
INFO - 2018-11-13 08:03:05 --> Model Class Initialized
INFO - 2018-11-13 08:03:05 --> Helper loaded: date_helper
INFO - 2018-11-13 08:03:05 --> User Agent Class Initialized
DEBUG - 2018-11-13 08:03:05 --> File loaded: C:\xampp\htdocs\ci\ussiweb\application\modules/admin/config/autoload.php
DEBUG - 2018-11-13 08:03:05 --> File loaded: C:\xampp\htdocs\ci\ussiweb\application\modules/admin/config/form_validation.php
INFO - 2018-11-13 08:03:05 --> Helper loaded: form_helper
INFO - 2018-11-13 08:03:05 --> Form Validation Class Initialized
INFO - 2018-11-13 08:03:05 --> Model Class Initialized
INFO - 2018-11-13 08:03:05 --> Model Class Initialized
INFO - 2018-11-13 08:03:05 --> Model Class Initialized
INFO - 2018-11-13 08:03:05 --> Model Class Initialized
INFO - 2018-11-13 08:03:05 --> Model Class Initialized
INFO - 2018-11-13 08:03:05 --> Model Class Initialized
INFO - 2018-11-13 08:03:05 --> Model Class Initialized
INFO - 2018-11-13 08:03:05 --> Model Class Initialized
INFO - 2018-11-13 08:03:05 --> Model Class Initialized
INFO - 2018-11-13 08:03:05 --> Model Class Initialized
INFO - 2018-11-13 08:03:05 --> Model Class Initialized
INFO - 2018-11-13 08:03:05 --> Model Class Initialized
INFO - 2018-11-13 08:03:05 --> Controller Class Initialized
DEBUG - 2018-11-13 08:03:05 --> Login MX_Controller Initialized
DEBUG - 2018-11-13 08:03:05 --> File loaded: C:\xampp\htdocs\ci\ussiweb\application\modules/admin/config/autoload.php
DEBUG - 2018-11-13 14:03:05 --> File loaded: C:\xampp\htdocs\ci\ussiweb\application\modules/admin/config/form_validation.php
DEBUG - 2018-11-13 14:03:05 --> File loaded: C:\xampp\htdocs\ci\ussiweb\application\views\_base/head.php
DEBUG - 2018-11-13 14:03:05 --> File loaded: C:\xampp\htdocs\ci\ussiweb\application\modules/admin/views/login.php
DEBUG - 2018-11-13 14:03:05 --> File loaded: C:\xampp\htdocs\ci\ussiweb\application\views\_layouts/empty.php
DEBUG - 2018-11-13 14:03:05 --> File loaded: C:\xampp\htdocs\ci\ussiweb\application\views\_partials/ga.php
DEBUG - 2018-11-13 14:03:05 --> File loaded: C:\xampp\htdocs\ci\ussiweb\application\views\_base/foot.php
INFO - 2018-11-13 14:03:05 --> Final output sent to browser
DEBUG - 2018-11-13 14:03:05 --> Total execution time: 0.2134
INFO - 2018-11-13 08:03:13 --> Config Class Initialized
INFO - 2018-11-13 08:03:13 --> Hooks Class Initialized
DEBUG - 2018-11-13 08:03:13 --> UTF-8 Support Enabled
INFO - 2018-11-13 08:03:13 --> Utf8 Class Initialized
INFO - 2018-11-13 08:03:13 --> URI Class Initialized
DEBUG - 2018-11-13 08:03:13 --> File loaded: C:\xampp\htdocs\ci\ussiweb\application\modules/admin/config/routes.php
INFO - 2018-11-13 08:03:13 --> Router Class Initialized
INFO - 2018-11-13 08:03:13 --> Output Class Initialized
INFO - 2018-11-13 08:03:13 --> Security Class Initialized
DEBUG - 2018-11-13 08:03:13 --> Global POST, GET and COOKIE data sanitized
INFO - 2018-11-13 08:03:13 --> Input Class Initialized
INFO - 2018-11-13 08:03:13 --> Language Class Initialized
INFO - 2018-11-13 08:03:13 --> Language Class Initialized
INFO - 2018-11-13 08:03:13 --> Config Class Initialized
INFO - 2018-11-13 08:03:13 --> Loader Class Initialized
DEBUG - 2018-11-13 08:03:13 --> File loaded: C:\xampp\htdocs\ci\ussiweb\application\modules/admin/config/site.php
INFO - 2018-11-13 08:03:13 --> Helper loaded: url_helper
INFO - 2018-11-13 08:03:13 --> Helper loaded: inflector_helper
INFO - 2018-11-13 08:03:13 --> Helper loaded: string_helper
INFO - 2018-11-13 08:03:13 --> Helper loaded: array_helper
INFO - 2018-11-13 08:03:13 --> Database Driver Class Initialized
DEBUG - 2018-11-13 08:03:13 --> File loaded: C:\xampp\htdocs\ci\ussiweb\application\modules/admin/config/ion_auth.php
DEBUG - 2018-11-13 08:03:13 --> File loaded: C:\xampp\htdocs\ci\ussiweb\application\modules/admin/config/ion_auth.php
INFO - 2018-11-13 08:03:13 --> Email Class Initialized
INFO - 2018-11-13 08:03:13 --> Language file loaded: language/english/ion_auth_lang.php
INFO - 2018-11-13 08:03:13 --> Helper loaded: cookie_helper
INFO - 2018-11-13 08:03:13 --> Helper loaded: language_helper
DEBUG - 2018-11-13 08:03:13 --> Session: "sess_save_path" is empty; using "session.save_path" value from php.ini.
INFO - 2018-11-13 08:03:13 --> Session: Class initialized using 'files' driver.
INFO - 2018-11-13 08:03:13 --> Model Class Initialized
INFO - 2018-11-13 08:03:13 --> Helper loaded: date_helper
INFO - 2018-11-13 08:03:13 --> User Agent Class Initialized
DEBUG - 2018-11-13 08:03:13 --> File loaded: C:\xampp\htdocs\ci\ussiweb\application\modules/admin/config/autoload.php
DEBUG - 2018-11-13 08:03:13 --> File loaded: C:\xampp\htdocs\ci\ussiweb\application\modules/admin/config/form_validation.php
INFO - 2018-11-13 08:03:13 --> Helper loaded: form_helper
INFO - 2018-11-13 08:03:13 --> Form Validation Class Initialized
INFO - 2018-11-13 08:03:13 --> Model Class Initialized
INFO - 2018-11-13 08:03:13 --> Model Class Initialized
INFO - 2018-11-13 08:03:13 --> Model Class Initialized
INFO - 2018-11-13 08:03:13 --> Model Class Initialized
INFO - 2018-11-13 08:03:13 --> Model Class Initialized
INFO - 2018-11-13 08:03:13 --> Model Class Initialized
INFO - 2018-11-13 08:03:13 --> Model Class Initialized
INFO - 2018-11-13 08:03:13 --> Model Class Initialized
INFO - 2018-11-13 08:03:13 --> Model Class Initialized
INFO - 2018-11-13 08:03:13 --> Model Class Initialized
INFO - 2018-11-13 08:03:13 --> Model Class Initialized
INFO - 2018-11-13 08:03:13 --> Model Class Initialized
INFO - 2018-11-13 08:03:13 --> Controller Class Initialized
DEBUG - 2018-11-13 08:03:13 --> Login MX_Controller Initialized
DEBUG - 2018-11-13 08:03:13 --> File loaded: C:\xampp\htdocs\ci\ussiweb\application\modules/admin/config/autoload.php
DEBUG - 2018-11-13 14:03:13 --> File loaded: C:\xampp\htdocs\ci\ussiweb\application\modules/admin/config/form_validation.php
INFO - 2018-11-13 14:03:13 --> Language file loaded: language/english/form_validation_lang.php
INFO - 2018-11-13 08:03:13 --> Config Class Initialized
INFO - 2018-11-13 08:03:13 --> Hooks Class Initialized
DEBUG - 2018-11-13 08:03:13 --> UTF-8 Support Enabled
INFO - 2018-11-13 08:03:13 --> Utf8 Class Initialized
INFO - 2018-11-13 08:03:13 --> URI Class Initialized
DEBUG - 2018-11-13 08:03:13 --> File loaded: C:\xampp\htdocs\ci\ussiweb\application\modules/admin/config/routes.php
INFO - 2018-11-13 08:03:13 --> Router Class Initialized
INFO - 2018-11-13 08:03:13 --> Output Class Initialized
INFO - 2018-11-13 08:03:13 --> Security Class Initialized
DEBUG - 2018-11-13 08:03:13 --> Global POST, GET and COOKIE data sanitized
INFO - 2018-11-13 08:03:13 --> Input Class Initialized
INFO - 2018-11-13 08:03:13 --> Language Class Initialized
INFO - 2018-11-13 08:03:13 --> Language Class Initialized
INFO - 2018-11-13 08:03:13 --> Config Class Initialized
INFO - 2018-11-13 08:03:13 --> Loader Class Initialized
DEBUG - 2018-11-13 08:03:13 --> File loaded: C:\xampp\htdocs\ci\ussiweb\application\modules/admin/config/site.php
INFO - 2018-11-13 08:03:13 --> Helper loaded: url_helper
INFO - 2018-11-13 08:03:13 --> Helper loaded: inflector_helper
INFO - 2018-11-13 08:03:13 --> Helper loaded: string_helper
INFO - 2018-11-13 08:03:13 --> Helper loaded: array_helper
INFO - 2018-11-13 08:03:13 --> Database Driver Class Initialized
DEBUG - 2018-11-13 08:03:13 --> File loaded: C:\xampp\htdocs\ci\ussiweb\application\modules/admin/config/ion_auth.php
DEBUG - 2018-11-13 08:03:13 --> File loaded: C:\xampp\htdocs\ci\ussiweb\application\modules/admin/config/ion_auth.php
INFO - 2018-11-13 08:03:13 --> Email Class Initialized
INFO - 2018-11-13 08:03:13 --> Language file loaded: language/english/ion_auth_lang.php
INFO - 2018-11-13 08:03:13 --> Helper loaded: cookie_helper
INFO - 2018-11-13 08:03:13 --> Helper loaded: language_helper
DEBUG - 2018-11-13 08:03:13 --> Session: "sess_save_path" is empty; using "session.save_path" value from php.ini.
INFO - 2018-11-13 08:03:13 --> Session: Class initialized using 'files' driver.
INFO - 2018-11-13 08:03:13 --> Model Class Initialized
INFO - 2018-11-13 08:03:13 --> Helper loaded: date_helper
INFO - 2018-11-13 08:03:13 --> User Agent Class Initialized
DEBUG - 2018-11-13 08:03:13 --> File loaded: C:\xampp\htdocs\ci\ussiweb\application\modules/admin/config/autoload.php
DEBUG - 2018-11-13 08:03:13 --> File loaded: C:\xampp\htdocs\ci\ussiweb\application\modules/admin/config/form_validation.php
INFO - 2018-11-13 08:03:13 --> Helper loaded: form_helper
INFO - 2018-11-13 08:03:13 --> Form Validation Class Initialized
INFO - 2018-11-13 08:03:13 --> Model Class Initialized
INFO - 2018-11-13 08:03:13 --> Model Class Initialized
INFO - 2018-11-13 08:03:13 --> Model Class Initialized
INFO - 2018-11-13 08:03:13 --> Model Class Initialized
INFO - 2018-11-13 08:03:13 --> Model Class Initialized
INFO - 2018-11-13 08:03:13 --> Model Class Initialized
INFO - 2018-11-13 08:03:13 --> Model Class Initialized
INFO - 2018-11-13 08:03:13 --> Model Class Initialized
INFO - 2018-11-13 08:03:13 --> Model Class Initialized
INFO - 2018-11-13 08:03:13 --> Model Class Initialized
INFO - 2018-11-13 08:03:13 --> Model Class Initialized
INFO - 2018-11-13 08:03:13 --> Model Class Initialized
INFO - 2018-11-13 08:03:13 --> Controller Class Initialized
DEBUG - 2018-11-13 08:03:13 --> Login MX_Controller Initialized
DEBUG - 2018-11-13 08:03:13 --> File loaded: C:\xampp\htdocs\ci\ussiweb\application\modules/admin/config/autoload.php
DEBUG - 2018-11-13 14:03:13 --> File loaded: C:\xampp\htdocs\ci\ussiweb\application\modules/admin/config/form_validation.php
DEBUG - 2018-11-13 14:03:13 --> File loaded: C:\xampp\htdocs\ci\ussiweb\application\views\_base/head.php
DEBUG - 2018-11-13 14:03:13 --> File loaded: C:\xampp\htdocs\ci\ussiweb\application\modules/admin/views/login.php
DEBUG - 2018-11-13 14:03:13 --> File loaded: C:\xampp\htdocs\ci\ussiweb\application\views\_layouts/empty.php
DEBUG - 2018-11-13 14:03:13 --> File loaded: C:\xampp\htdocs\ci\ussiweb\application\views\_partials/ga.php
DEBUG - 2018-11-13 14:03:13 --> File loaded: C:\xampp\htdocs\ci\ussiweb\application\views\_base/foot.php
INFO - 2018-11-13 14:03:13 --> Final output sent to browser
DEBUG - 2018-11-13 14:03:13 --> Total execution time: 0.2088
INFO - 2018-11-13 08:03:22 --> Config Class Initialized
INFO - 2018-11-13 08:03:22 --> Hooks Class Initialized
DEBUG - 2018-11-13 08:03:22 --> UTF-8 Support Enabled
INFO - 2018-11-13 08:03:22 --> Utf8 Class Initialized
INFO - 2018-11-13 08:03:22 --> URI Class Initialized
DEBUG - 2018-11-13 08:03:22 --> File loaded: C:\xampp\htdocs\ci\ussiweb\application\modules/admin/config/routes.php
INFO - 2018-11-13 08:03:22 --> Router Class Initialized
INFO - 2018-11-13 08:03:22 --> Output Class Initialized
INFO - 2018-11-13 08:03:22 --> Security Class Initialized
DEBUG - 2018-11-13 08:03:22 --> Global POST, GET and COOKIE data sanitized
INFO - 2018-11-13 08:03:22 --> Input Class Initialized
INFO - 2018-11-13 08:03:22 --> Language Class Initialized
INFO - 2018-11-13 08:03:22 --> Language Class Initialized
INFO - 2018-11-13 08:03:22 --> Config Class Initialized
INFO - 2018-11-13 08:03:22 --> Loader Class Initialized
DEBUG - 2018-11-13 08:03:22 --> File loaded: C:\xampp\htdocs\ci\ussiweb\application\modules/admin/config/site.php
INFO - 2018-11-13 08:03:22 --> Helper loaded: url_helper
INFO - 2018-11-13 08:03:22 --> Helper loaded: inflector_helper
INFO - 2018-11-13 08:03:22 --> Helper loaded: string_helper
INFO - 2018-11-13 08:03:22 --> Helper loaded: array_helper
INFO - 2018-11-13 08:03:22 --> Database Driver Class Initialized
DEBUG - 2018-11-13 08:03:22 --> File loaded: C:\xampp\htdocs\ci\ussiweb\application\modules/admin/config/ion_auth.php
DEBUG - 2018-11-13 08:03:22 --> File loaded: C:\xampp\htdocs\ci\ussiweb\application\modules/admin/config/ion_auth.php
INFO - 2018-11-13 08:03:22 --> Email Class Initialized
INFO - 2018-11-13 08:03:22 --> Language file loaded: language/english/ion_auth_lang.php
INFO - 2018-11-13 08:03:22 --> Helper loaded: cookie_helper
INFO - 2018-11-13 08:03:22 --> Helper loaded: language_helper
DEBUG - 2018-11-13 08:03:22 --> Session: "sess_save_path" is empty; using "session.save_path" value from php.ini.
INFO - 2018-11-13 08:03:22 --> Session: Class initialized using 'files' driver.
INFO - 2018-11-13 08:03:22 --> Model Class Initialized
INFO - 2018-11-13 08:03:22 --> Helper loaded: date_helper
INFO - 2018-11-13 08:03:22 --> User Agent Class Initialized
DEBUG - 2018-11-13 08:03:22 --> File loaded: C:\xampp\htdocs\ci\ussiweb\application\modules/admin/config/autoload.php
DEBUG - 2018-11-13 08:03:22 --> File loaded: C:\xampp\htdocs\ci\ussiweb\application\modules/admin/config/form_validation.php
INFO - 2018-11-13 08:03:22 --> Helper loaded: form_helper
INFO - 2018-11-13 08:03:22 --> Form Validation Class Initialized
INFO - 2018-11-13 08:03:22 --> Model Class Initialized
INFO - 2018-11-13 08:03:22 --> Model Class Initialized
INFO - 2018-11-13 08:03:22 --> Model Class Initialized
INFO - 2018-11-13 08:03:22 --> Model Class Initialized
INFO - 2018-11-13 08:03:22 --> Model Class Initialized
INFO - 2018-11-13 08:03:22 --> Model Class Initialized
INFO - 2018-11-13 08:03:22 --> Model Class Initialized
INFO - 2018-11-13 08:03:22 --> Model Class Initialized
INFO - 2018-11-13 08:03:22 --> Model Class Initialized
INFO - 2018-11-13 08:03:22 --> Model Class Initialized
INFO - 2018-11-13 08:03:22 --> Model Class Initialized
INFO - 2018-11-13 08:03:22 --> Model Class Initialized
INFO - 2018-11-13 08:03:22 --> Controller Class Initialized
DEBUG - 2018-11-13 08:03:22 --> Login MX_Controller Initialized
DEBUG - 2018-11-13 08:03:22 --> File loaded: C:\xampp\htdocs\ci\ussiweb\application\modules/admin/config/autoload.php
DEBUG - 2018-11-13 14:03:22 --> File loaded: C:\xampp\htdocs\ci\ussiweb\application\modules/admin/config/form_validation.php
INFO - 2018-11-13 14:03:22 --> Language file loaded: language/english/form_validation_lang.php
INFO - 2018-11-13 08:03:23 --> Config Class Initialized
INFO - 2018-11-13 08:03:23 --> Hooks Class Initialized
DEBUG - 2018-11-13 08:03:23 --> UTF-8 Support Enabled
INFO - 2018-11-13 08:03:23 --> Utf8 Class Initialized
INFO - 2018-11-13 08:03:23 --> URI Class Initialized
DEBUG - 2018-11-13 08:03:23 --> File loaded: C:\xampp\htdocs\ci\ussiweb\application\modules/admin/config/routes.php
INFO - 2018-11-13 08:03:23 --> Router Class Initialized
INFO - 2018-11-13 08:03:23 --> Output Class Initialized
INFO - 2018-11-13 08:03:23 --> Security Class Initialized
DEBUG - 2018-11-13 08:03:23 --> Global POST, GET and COOKIE data sanitized
INFO - 2018-11-13 08:03:23 --> Input Class Initialized
INFO - 2018-11-13 08:03:23 --> Language Class Initialized
INFO - 2018-11-13 08:03:23 --> Language Class Initialized
INFO - 2018-11-13 08:03:23 --> Config Class Initialized
INFO - 2018-11-13 08:03:23 --> Loader Class Initialized
DEBUG - 2018-11-13 08:03:23 --> File loaded: C:\xampp\htdocs\ci\ussiweb\application\modules/admin/config/site.php
INFO - 2018-11-13 08:03:23 --> Helper loaded: url_helper
INFO - 2018-11-13 08:03:23 --> Helper loaded: inflector_helper
INFO - 2018-11-13 08:03:23 --> Helper loaded: string_helper
INFO - 2018-11-13 08:03:23 --> Helper loaded: array_helper
INFO - 2018-11-13 08:03:23 --> Database Driver Class Initialized
DEBUG - 2018-11-13 08:03:23 --> File loaded: C:\xampp\htdocs\ci\ussiweb\application\modules/admin/config/ion_auth.php
DEBUG - 2018-11-13 08:03:23 --> File loaded: C:\xampp\htdocs\ci\ussiweb\application\modules/admin/config/ion_auth.php
INFO - 2018-11-13 08:03:23 --> Email Class Initialized
INFO - 2018-11-13 08:03:23 --> Language file loaded: language/english/ion_auth_lang.php
INFO - 2018-11-13 08:03:23 --> Helper loaded: cookie_helper
INFO - 2018-11-13 08:03:23 --> Helper loaded: language_helper
DEBUG - 2018-11-13 08:03:23 --> Session: "sess_save_path" is empty; using "session.save_path" value from php.ini.
INFO - 2018-11-13 08:03:23 --> Session: Class initialized using 'files' driver.
INFO - 2018-11-13 08:03:23 --> Model Class Initialized
INFO - 2018-11-13 08:03:23 --> Helper loaded: date_helper
INFO - 2018-11-13 08:03:23 --> User Agent Class Initialized
DEBUG - 2018-11-13 08:03:23 --> File loaded: C:\xampp\htdocs\ci\ussiweb\application\modules/admin/config/autoload.php
DEBUG - 2018-11-13 08:03:23 --> File loaded: C:\xampp\htdocs\ci\ussiweb\application\modules/admin/config/form_validation.php
INFO - 2018-11-13 08:03:23 --> Helper loaded: form_helper
INFO - 2018-11-13 08:03:23 --> Form Validation Class Initialized
INFO - 2018-11-13 08:03:23 --> Model Class Initialized
INFO - 2018-11-13 08:03:23 --> Model Class Initialized
INFO - 2018-11-13 08:03:23 --> Model Class Initialized
INFO - 2018-11-13 08:03:23 --> Model Class Initialized
INFO - 2018-11-13 08:03:23 --> Model Class Initialized
INFO - 2018-11-13 08:03:23 --> Model Class Initialized
INFO - 2018-11-13 08:03:23 --> Model Class Initialized
INFO - 2018-11-13 08:03:23 --> Model Class Initialized
INFO - 2018-11-13 08:03:23 --> Model Class Initialized
INFO - 2018-11-13 08:03:23 --> Model Class Initialized
INFO - 2018-11-13 08:03:23 --> Model Class Initialized
INFO - 2018-11-13 08:03:23 --> Model Class Initialized
INFO - 2018-11-13 08:03:23 --> Controller Class Initialized
DEBUG - 2018-11-13 08:03:23 --> Home MX_Controller Initialized
DEBUG - 2018-11-13 08:03:23 --> File loaded: C:\xampp\htdocs\ci\ussiweb\application\modules/admin/config/autoload.php
INFO - 2018-11-13 08:03:23 --> Config Class Initialized
INFO - 2018-11-13 08:03:23 --> Hooks Class Initialized
DEBUG - 2018-11-13 08:03:23 --> UTF-8 Support Enabled
INFO - 2018-11-13 08:03:23 --> Utf8 Class Initialized
INFO - 2018-11-13 08:03:23 --> URI Class Initialized
DEBUG - 2018-11-13 08:03:23 --> File loaded: C:\xampp\htdocs\ci\ussiweb\application\modules/admin/config/routes.php
INFO - 2018-11-13 08:03:23 --> Router Class Initialized
INFO - 2018-11-13 08:03:23 --> Output Class Initialized
INFO - 2018-11-13 08:03:23 --> Security Class Initialized
DEBUG - 2018-11-13 08:03:23 --> Global POST, GET and COOKIE data sanitized
INFO - 2018-11-13 08:03:23 --> Input Class Initialized
INFO - 2018-11-13 08:03:23 --> Language Class Initialized
INFO - 2018-11-13 08:03:23 --> Language Class Initialized
INFO - 2018-11-13 08:03:23 --> Config Class Initialized
INFO - 2018-11-13 08:03:23 --> Loader Class Initialized
DEBUG - 2018-11-13 08:03:23 --> File loaded: C:\xampp\htdocs\ci\ussiweb\application\modules/admin/config/site.php
INFO - 2018-11-13 08:03:23 --> Helper loaded: url_helper
INFO - 2018-11-13 08:03:23 --> Helper loaded: inflector_helper
INFO - 2018-11-13 08:03:23 --> Helper loaded: string_helper
INFO - 2018-11-13 08:03:23 --> Helper loaded: array_helper
INFO - 2018-11-13 08:03:23 --> Database Driver Class Initialized
DEBUG - 2018-11-13 08:03:23 --> File loaded: C:\xampp\htdocs\ci\ussiweb\application\modules/admin/config/ion_auth.php
DEBUG - 2018-11-13 08:03:23 --> File loaded: C:\xampp\htdocs\ci\ussiweb\application\modules/admin/config/ion_auth.php
INFO - 2018-11-13 08:03:23 --> Email Class Initialized
INFO - 2018-11-13 08:03:23 --> Language file loaded: language/english/ion_auth_lang.php
INFO - 2018-11-13 08:03:23 --> Helper loaded: cookie_helper
INFO - 2018-11-13 08:03:23 --> Helper loaded: language_helper
DEBUG - 2018-11-13 08:03:23 --> Session: "sess_save_path" is empty; using "session.save_path" value from php.ini.
INFO - 2018-11-13 08:03:23 --> Session: Class initialized using 'files' driver.
INFO - 2018-11-13 08:03:23 --> Model Class Initialized
INFO - 2018-11-13 08:03:23 --> Helper loaded: date_helper
INFO - 2018-11-13 08:03:23 --> User Agent Class Initialized
DEBUG - 2018-11-13 08:03:23 --> File loaded: C:\xampp\htdocs\ci\ussiweb\application\modules/admin/config/autoload.php
DEBUG - 2018-11-13 08:03:23 --> File loaded: C:\xampp\htdocs\ci\ussiweb\application\modules/admin/config/form_validation.php
INFO - 2018-11-13 08:03:23 --> Helper loaded: form_helper
INFO - 2018-11-13 08:03:23 --> Form Validation Class Initialized
INFO - 2018-11-13 08:03:23 --> Model Class Initialized
INFO - 2018-11-13 08:03:23 --> Model Class Initialized
INFO - 2018-11-13 08:03:23 --> Model Class Initialized
INFO - 2018-11-13 08:03:23 --> Model Class Initialized
INFO - 2018-11-13 08:03:23 --> Model Class Initialized
INFO - 2018-11-13 08:03:23 --> Model Class Initialized
INFO - 2018-11-13 08:03:23 --> Model Class Initialized
INFO - 2018-11-13 08:03:23 --> Model Class Initialized
INFO - 2018-11-13 08:03:23 --> Model Class Initialized
INFO - 2018-11-13 08:03:23 --> Model Class Initialized
INFO - 2018-11-13 08:03:23 --> Model Class Initialized
INFO - 2018-11-13 08:03:23 --> Model Class Initialized
INFO - 2018-11-13 08:03:23 --> Controller Class Initialized
DEBUG - 2018-11-13 08:03:23 --> Login MX_Controller Initialized
DEBUG - 2018-11-13 08:03:23 --> File loaded: C:\xampp\htdocs\ci\ussiweb\application\modules/admin/config/autoload.php
DEBUG - 2018-11-13 14:03:23 --> File loaded: C:\xampp\htdocs\ci\ussiweb\application\modules/admin/config/form_validation.php
DEBUG - 2018-11-13 14:03:23 --> File loaded: C:\xampp\htdocs\ci\ussiweb\application\views\_base/head.php
DEBUG - 2018-11-13 14:03:23 --> File loaded: C:\xampp\htdocs\ci\ussiweb\application\modules/admin/views/login.php
DEBUG - 2018-11-13 14:03:23 --> File loaded: C:\xampp\htdocs\ci\ussiweb\application\views\_layouts/empty.php
DEBUG - 2018-11-13 14:03:23 --> File loaded: C:\xampp\htdocs\ci\ussiweb\application\views\_partials/ga.php
DEBUG - 2018-11-13 14:03:23 --> File loaded: C:\xampp\htdocs\ci\ussiweb\application\views\_base/foot.php
INFO - 2018-11-13 14:03:23 --> Final output sent to browser
DEBUG - 2018-11-13 14:03:23 --> Total execution time: 0.1950
INFO - 2018-11-13 08:03:35 --> Config Class Initialized
INFO - 2018-11-13 08:03:35 --> Hooks Class Initialized
DEBUG - 2018-11-13 08:03:35 --> UTF-8 Support Enabled
INFO - 2018-11-13 08:03:35 --> Utf8 Class Initialized
INFO - 2018-11-13 08:03:35 --> URI Class Initialized
DEBUG - 2018-11-13 08:03:35 --> File loaded: C:\xampp\htdocs\ci\ussiweb\application\modules/admin/config/routes.php
INFO - 2018-11-13 08:03:35 --> Router Class Initialized
INFO - 2018-11-13 08:03:35 --> Output Class Initialized
INFO - 2018-11-13 08:03:35 --> Security Class Initialized
DEBUG - 2018-11-13 08:03:35 --> Global POST, GET and COOKIE data sanitized
INFO - 2018-11-13 08:03:35 --> Input Class Initialized
INFO - 2018-11-13 08:03:35 --> Language Class Initialized
INFO - 2018-11-13 08:03:35 --> Language Class Initialized
INFO - 2018-11-13 08:03:35 --> Config Class Initialized
INFO - 2018-11-13 08:03:35 --> Loader Class Initialized
DEBUG - 2018-11-13 08:03:35 --> File loaded: C:\xampp\htdocs\ci\ussiweb\application\modules/admin/config/site.php
INFO - 2018-11-13 08:03:35 --> Helper loaded: url_helper
INFO - 2018-11-13 08:03:35 --> Helper loaded: inflector_helper
INFO - 2018-11-13 08:03:35 --> Helper loaded: string_helper
INFO - 2018-11-13 08:03:35 --> Helper loaded: array_helper
INFO - 2018-11-13 08:03:35 --> Database Driver Class Initialized
DEBUG - 2018-11-13 08:03:35 --> File loaded: C:\xampp\htdocs\ci\ussiweb\application\modules/admin/config/ion_auth.php
DEBUG - 2018-11-13 08:03:35 --> File loaded: C:\xampp\htdocs\ci\ussiweb\application\modules/admin/config/ion_auth.php
INFO - 2018-11-13 08:03:35 --> Email Class Initialized
INFO - 2018-11-13 08:03:35 --> Language file loaded: language/english/ion_auth_lang.php
INFO - 2018-11-13 08:03:35 --> Helper loaded: cookie_helper
INFO - 2018-11-13 08:03:35 --> Helper loaded: language_helper
DEBUG - 2018-11-13 08:03:35 --> Session: "sess_save_path" is empty; using "session.save_path" value from php.ini.
INFO - 2018-11-13 08:03:35 --> Session: Class initialized using 'files' driver.
INFO - 2018-11-13 08:03:35 --> Model Class Initialized
INFO - 2018-11-13 08:03:35 --> Helper loaded: date_helper
INFO - 2018-11-13 08:03:35 --> User Agent Class Initialized
DEBUG - 2018-11-13 08:03:35 --> File loaded: C:\xampp\htdocs\ci\ussiweb\application\modules/admin/config/autoload.php
DEBUG - 2018-11-13 08:03:35 --> File loaded: C:\xampp\htdocs\ci\ussiweb\application\modules/admin/config/form_validation.php
INFO - 2018-11-13 08:03:35 --> Helper loaded: form_helper
INFO - 2018-11-13 08:03:35 --> Form Validation Class Initialized
INFO - 2018-11-13 08:03:35 --> Model Class Initialized
INFO - 2018-11-13 08:03:35 --> Model Class Initialized
INFO - 2018-11-13 08:03:35 --> Model Class Initialized
INFO - 2018-11-13 08:03:35 --> Model Class Initialized
INFO - 2018-11-13 08:03:35 --> Model Class Initialized
INFO - 2018-11-13 08:03:35 --> Model Class Initialized
INFO - 2018-11-13 08:03:35 --> Model Class Initialized
INFO - 2018-11-13 08:03:35 --> Model Class Initialized
INFO - 2018-11-13 08:03:35 --> Model Class Initialized
INFO - 2018-11-13 08:03:35 --> Model Class Initialized
INFO - 2018-11-13 08:03:35 --> Model Class Initialized
INFO - 2018-11-13 08:03:35 --> Model Class Initialized
INFO - 2018-11-13 08:03:35 --> Controller Class Initialized
DEBUG - 2018-11-13 08:03:35 --> Login MX_Controller Initialized
DEBUG - 2018-11-13 08:03:35 --> File loaded: C:\xampp\htdocs\ci\ussiweb\application\modules/admin/config/autoload.php
DEBUG - 2018-11-13 14:03:35 --> File loaded: C:\xampp\htdocs\ci\ussiweb\application\modules/admin/config/form_validation.php
INFO - 2018-11-13 14:03:35 --> Language file loaded: language/english/form_validation_lang.php
INFO - 2018-11-13 08:03:35 --> Config Class Initialized
INFO - 2018-11-13 08:03:35 --> Hooks Class Initialized
DEBUG - 2018-11-13 08:03:35 --> UTF-8 Support Enabled
INFO - 2018-11-13 08:03:35 --> Utf8 Class Initialized
INFO - 2018-11-13 08:03:35 --> URI Class Initialized
DEBUG - 2018-11-13 08:03:35 --> File loaded: C:\xampp\htdocs\ci\ussiweb\application\modules/admin/config/routes.php
INFO - 2018-11-13 08:03:35 --> Router Class Initialized
INFO - 2018-11-13 08:03:35 --> Output Class Initialized
INFO - 2018-11-13 08:03:35 --> Security Class Initialized
DEBUG - 2018-11-13 08:03:35 --> Global POST, GET and COOKIE data sanitized
INFO - 2018-11-13 08:03:35 --> Input Class Initialized
INFO - 2018-11-13 08:03:35 --> Language Class Initialized
INFO - 2018-11-13 08:03:35 --> Language Class Initialized
INFO - 2018-11-13 08:03:35 --> Config Class Initialized
INFO - 2018-11-13 08:03:35 --> Loader Class Initialized
DEBUG - 2018-11-13 08:03:35 --> File loaded: C:\xampp\htdocs\ci\ussiweb\application\modules/admin/config/site.php
INFO - 2018-11-13 08:03:35 --> Helper loaded: url_helper
INFO - 2018-11-13 08:03:35 --> Helper loaded: inflector_helper
INFO - 2018-11-13 08:03:35 --> Helper loaded: string_helper
INFO - 2018-11-13 08:03:35 --> Helper loaded: array_helper
INFO - 2018-11-13 08:03:35 --> Database Driver Class Initialized
DEBUG - 2018-11-13 08:03:35 --> File loaded: C:\xampp\htdocs\ci\ussiweb\application\modules/admin/config/ion_auth.php
DEBUG - 2018-11-13 08:03:35 --> File loaded: C:\xampp\htdocs\ci\ussiweb\application\modules/admin/config/ion_auth.php
INFO - 2018-11-13 08:03:35 --> Email Class Initialized
INFO - 2018-11-13 08:03:36 --> Language file loaded: language/english/ion_auth_lang.php
INFO - 2018-11-13 08:03:36 --> Helper loaded: cookie_helper
INFO - 2018-11-13 08:03:36 --> Helper loaded: language_helper
DEBUG - 2018-11-13 08:03:36 --> Session: "sess_save_path" is empty; using "session.save_path" value from php.ini.
INFO - 2018-11-13 08:03:36 --> Session: Class initialized using 'files' driver.
INFO - 2018-11-13 08:03:36 --> Model Class Initialized
INFO - 2018-11-13 08:03:36 --> Helper loaded: date_helper
INFO - 2018-11-13 08:03:36 --> User Agent Class Initialized
DEBUG - 2018-11-13 08:03:36 --> File loaded: C:\xampp\htdocs\ci\ussiweb\application\modules/admin/config/autoload.php
DEBUG - 2018-11-13 08:03:36 --> File loaded: C:\xampp\htdocs\ci\ussiweb\application\modules/admin/config/form_validation.php
INFO - 2018-11-13 08:03:36 --> Helper loaded: form_helper
INFO - 2018-11-13 08:03:36 --> Form Validation Class Initialized
INFO - 2018-11-13 08:03:36 --> Model Class Initialized
INFO - 2018-11-13 08:03:36 --> Model Class Initialized
INFO - 2018-11-13 08:03:36 --> Model Class Initialized
INFO - 2018-11-13 08:03:36 --> Model Class Initialized
INFO - 2018-11-13 08:03:36 --> Model Class Initialized
INFO - 2018-11-13 08:03:36 --> Model Class Initialized
INFO - 2018-11-13 08:03:36 --> Model Class Initialized
INFO - 2018-11-13 08:03:36 --> Model Class Initialized
INFO - 2018-11-13 08:03:36 --> Model Class Initialized
INFO - 2018-11-13 08:03:36 --> Model Class Initialized
INFO - 2018-11-13 08:03:36 --> Model Class Initialized
INFO - 2018-11-13 08:03:36 --> Model Class Initialized
INFO - 2018-11-13 08:03:36 --> Controller Class Initialized
DEBUG - 2018-11-13 08:03:36 --> Login MX_Controller Initialized
DEBUG - 2018-11-13 08:03:36 --> File loaded: C:\xampp\htdocs\ci\ussiweb\application\modules/admin/config/autoload.php
DEBUG - 2018-11-13 14:03:36 --> File loaded: C:\xampp\htdocs\ci\ussiweb\application\modules/admin/config/form_validation.php
DEBUG - 2018-11-13 14:03:36 --> File loaded: C:\xampp\htdocs\ci\ussiweb\application\views\_base/head.php
DEBUG - 2018-11-13 14:03:36 --> File loaded: C:\xampp\htdocs\ci\ussiweb\application\modules/admin/views/login.php
DEBUG - 2018-11-13 14:03:36 --> File loaded: C:\xampp\htdocs\ci\ussiweb\application\views\_layouts/empty.php
DEBUG - 2018-11-13 14:03:36 --> File loaded: C:\xampp\htdocs\ci\ussiweb\application\views\_partials/ga.php
DEBUG - 2018-11-13 14:03:36 --> File loaded: C:\xampp\htdocs\ci\ussiweb\application\views\_base/foot.php
INFO - 2018-11-13 14:03:36 --> Final output sent to browser
DEBUG - 2018-11-13 14:03:36 --> Total execution time: 0.2110
INFO - 2018-11-13 08:04:13 --> Config Class Initialized
INFO - 2018-11-13 08:04:13 --> Hooks Class Initialized
DEBUG - 2018-11-13 08:04:13 --> UTF-8 Support Enabled
INFO - 2018-11-13 08:04:13 --> Utf8 Class Initialized
INFO - 2018-11-13 08:04:13 --> URI Class Initialized
DEBUG - 2018-11-13 08:04:13 --> File loaded: C:\xampp\htdocs\ci\ussiweb\application\modules/admin/config/routes.php
INFO - 2018-11-13 08:04:13 --> Router Class Initialized
INFO - 2018-11-13 08:04:13 --> Output Class Initialized
INFO - 2018-11-13 08:04:13 --> Security Class Initialized
DEBUG - 2018-11-13 08:04:13 --> Global POST, GET and COOKIE data sanitized
INFO - 2018-11-13 08:04:13 --> Input Class Initialized
INFO - 2018-11-13 08:04:13 --> Language Class Initialized
INFO - 2018-11-13 08:04:13 --> Language Class Initialized
INFO - 2018-11-13 08:04:13 --> Config Class Initialized
INFO - 2018-11-13 08:04:13 --> Loader Class Initialized
DEBUG - 2018-11-13 08:04:13 --> File loaded: C:\xampp\htdocs\ci\ussiweb\application\modules/admin/config/site.php
INFO - 2018-11-13 08:04:13 --> Helper loaded: url_helper
INFO - 2018-11-13 08:04:13 --> Helper loaded: inflector_helper
INFO - 2018-11-13 08:04:13 --> Helper loaded: string_helper
INFO - 2018-11-13 08:04:13 --> Helper loaded: array_helper
INFO - 2018-11-13 08:04:13 --> Database Driver Class Initialized
DEBUG - 2018-11-13 08:04:13 --> File loaded: C:\xampp\htdocs\ci\ussiweb\application\modules/admin/config/ion_auth.php
DEBUG - 2018-11-13 08:04:13 --> File loaded: C:\xampp\htdocs\ci\ussiweb\application\modules/admin/config/ion_auth.php
INFO - 2018-11-13 08:04:13 --> Email Class Initialized
INFO - 2018-11-13 08:04:13 --> Language file loaded: language/english/ion_auth_lang.php
INFO - 2018-11-13 08:04:13 --> Helper loaded: cookie_helper
INFO - 2018-11-13 08:04:13 --> Helper loaded: language_helper
DEBUG - 2018-11-13 08:04:13 --> Session: "sess_save_path" is empty; using "session.save_path" value from php.ini.
INFO - 2018-11-13 08:04:13 --> Session: Class initialized using 'files' driver.
INFO - 2018-11-13 08:04:13 --> Model Class Initialized
INFO - 2018-11-13 08:04:13 --> Helper loaded: date_helper
INFO - 2018-11-13 08:04:13 --> User Agent Class Initialized
DEBUG - 2018-11-13 08:04:13 --> File loaded: C:\xampp\htdocs\ci\ussiweb\application\modules/admin/config/autoload.php
DEBUG - 2018-11-13 08:04:13 --> File loaded: C:\xampp\htdocs\ci\ussiweb\application\modules/admin/config/form_validation.php
INFO - 2018-11-13 08:04:13 --> Helper loaded: form_helper
INFO - 2018-11-13 08:04:13 --> Form Validation Class Initialized
INFO - 2018-11-13 08:04:13 --> Model Class Initialized
INFO - 2018-11-13 08:04:13 --> Model Class Initialized
INFO - 2018-11-13 08:04:13 --> Model Class Initialized
INFO - 2018-11-13 08:04:13 --> Model Class Initialized
INFO - 2018-11-13 08:04:13 --> Model Class Initialized
INFO - 2018-11-13 08:04:13 --> Model Class Initialized
INFO - 2018-11-13 08:04:13 --> Model Class Initialized
INFO - 2018-11-13 08:04:13 --> Model Class Initialized
INFO - 2018-11-13 08:04:13 --> Model Class Initialized
INFO - 2018-11-13 08:04:13 --> Model Class Initialized
INFO - 2018-11-13 08:04:13 --> Model Class Initialized
INFO - 2018-11-13 08:04:13 --> Model Class Initialized
INFO - 2018-11-13 08:04:13 --> Controller Class Initialized
DEBUG - 2018-11-13 08:04:13 --> Login MX_Controller Initialized
DEBUG - 2018-11-13 08:04:13 --> File loaded: C:\xampp\htdocs\ci\ussiweb\application\modules/admin/config/autoload.php
DEBUG - 2018-11-13 14:04:13 --> File loaded: C:\xampp\htdocs\ci\ussiweb\application\modules/admin/config/form_validation.php
INFO - 2018-11-13 14:04:13 --> Language file loaded: language/english/form_validation_lang.php
INFO - 2018-11-13 08:04:13 --> Config Class Initialized
INFO - 2018-11-13 08:04:13 --> Hooks Class Initialized
DEBUG - 2018-11-13 08:04:13 --> UTF-8 Support Enabled
INFO - 2018-11-13 08:04:13 --> Utf8 Class Initialized
INFO - 2018-11-13 08:04:13 --> URI Class Initialized
DEBUG - 2018-11-13 08:04:13 --> File loaded: C:\xampp\htdocs\ci\ussiweb\application\modules/admin/config/routes.php
INFO - 2018-11-13 08:04:13 --> Router Class Initialized
INFO - 2018-11-13 08:04:13 --> Output Class Initialized
INFO - 2018-11-13 08:04:13 --> Security Class Initialized
DEBUG - 2018-11-13 08:04:13 --> Global POST, GET and COOKIE data sanitized
INFO - 2018-11-13 08:04:13 --> Input Class Initialized
INFO - 2018-11-13 08:04:13 --> Language Class Initialized
INFO - 2018-11-13 08:04:13 --> Language Class Initialized
INFO - 2018-11-13 08:04:13 --> Config Class Initialized
INFO - 2018-11-13 08:04:13 --> Loader Class Initialized
DEBUG - 2018-11-13 08:04:13 --> File loaded: C:\xampp\htdocs\ci\ussiweb\application\modules/admin/config/site.php
INFO - 2018-11-13 08:04:13 --> Helper loaded: url_helper
INFO - 2018-11-13 08:04:13 --> Helper loaded: inflector_helper
INFO - 2018-11-13 08:04:13 --> Helper loaded: string_helper
INFO - 2018-11-13 08:04:13 --> Helper loaded: array_helper
INFO - 2018-11-13 08:04:13 --> Database Driver Class Initialized
DEBUG - 2018-11-13 08:04:13 --> File loaded: C:\xampp\htdocs\ci\ussiweb\application\modules/admin/config/ion_auth.php
DEBUG - 2018-11-13 08:04:13 --> File loaded: C:\xampp\htdocs\ci\ussiweb\application\modules/admin/config/ion_auth.php
INFO - 2018-11-13 08:04:13 --> Email Class Initialized
INFO - 2018-11-13 08:04:13 --> Language file loaded: language/english/ion_auth_lang.php
INFO - 2018-11-13 08:04:13 --> Helper loaded: cookie_helper
INFO - 2018-11-13 08:04:13 --> Helper loaded: language_helper
DEBUG - 2018-11-13 08:04:13 --> Session: "sess_save_path" is empty; using "session.save_path" value from php.ini.
INFO - 2018-11-13 08:04:13 --> Session: Class initialized using 'files' driver.
INFO - 2018-11-13 08:04:13 --> Model Class Initialized
INFO - 2018-11-13 08:04:13 --> Helper loaded: date_helper
INFO - 2018-11-13 08:04:13 --> User Agent Class Initialized
DEBUG - 2018-11-13 08:04:13 --> File loaded: C:\xampp\htdocs\ci\ussiweb\application\modules/admin/config/autoload.php
DEBUG - 2018-11-13 08:04:13 --> File loaded: C:\xampp\htdocs\ci\ussiweb\application\modules/admin/config/form_validation.php
INFO - 2018-11-13 08:04:13 --> Helper loaded: form_helper
INFO - 2018-11-13 08:04:13 --> Form Validation Class Initialized
INFO - 2018-11-13 08:04:13 --> Model Class Initialized
INFO - 2018-11-13 08:04:13 --> Model Class Initialized
INFO - 2018-11-13 08:04:13 --> Model Class Initialized
INFO - 2018-11-13 08:04:13 --> Model Class Initialized
INFO - 2018-11-13 08:04:13 --> Model Class Initialized
INFO - 2018-11-13 08:04:13 --> Model Class Initialized
INFO - 2018-11-13 08:04:13 --> Model Class Initialized
INFO - 2018-11-13 08:04:13 --> Model Class Initialized
INFO - 2018-11-13 08:04:13 --> Model Class Initialized
INFO - 2018-11-13 08:04:13 --> Model Class Initialized
INFO - 2018-11-13 08:04:13 --> Model Class Initialized
INFO - 2018-11-13 08:04:13 --> Model Class Initialized
INFO - 2018-11-13 08:04:13 --> Controller Class Initialized
DEBUG - 2018-11-13 08:04:13 --> Home MX_Controller Initialized
DEBUG - 2018-11-13 08:04:13 --> File loaded: C:\xampp\htdocs\ci\ussiweb\application\modules/admin/config/autoload.php
INFO - 2018-11-13 08:04:13 --> Config Class Initialized
INFO - 2018-11-13 08:04:13 --> Hooks Class Initialized
DEBUG - 2018-11-13 08:04:13 --> UTF-8 Support Enabled
INFO - 2018-11-13 08:04:13 --> Utf8 Class Initialized
INFO - 2018-11-13 08:04:13 --> URI Class Initialized
DEBUG - 2018-11-13 08:04:13 --> File loaded: C:\xampp\htdocs\ci\ussiweb\application\modules/admin/config/routes.php
INFO - 2018-11-13 08:04:13 --> Router Class Initialized
INFO - 2018-11-13 08:04:13 --> Output Class Initialized
INFO - 2018-11-13 08:04:13 --> Security Class Initialized
DEBUG - 2018-11-13 08:04:13 --> Global POST, GET and COOKIE data sanitized
INFO - 2018-11-13 08:04:13 --> Input Class Initialized
INFO - 2018-11-13 08:04:13 --> Language Class Initialized
INFO - 2018-11-13 08:04:13 --> Language Class Initialized
INFO - 2018-11-13 08:04:13 --> Config Class Initialized
INFO - 2018-11-13 08:04:13 --> Loader Class Initialized
DEBUG - 2018-11-13 08:04:13 --> File loaded: C:\xampp\htdocs\ci\ussiweb\application\modules/admin/config/site.php
INFO - 2018-11-13 08:04:13 --> Helper loaded: url_helper
INFO - 2018-11-13 08:04:13 --> Helper loaded: inflector_helper
INFO - 2018-11-13 08:04:13 --> Helper loaded: string_helper
INFO - 2018-11-13 08:04:13 --> Helper loaded: array_helper
INFO - 2018-11-13 08:04:13 --> Database Driver Class Initialized
DEBUG - 2018-11-13 08:04:13 --> File loaded: C:\xampp\htdocs\ci\ussiweb\application\modules/admin/config/ion_auth.php
DEBUG - 2018-11-13 08:04:13 --> File loaded: C:\xampp\htdocs\ci\ussiweb\application\modules/admin/config/ion_auth.php
INFO - 2018-11-13 08:04:13 --> Email Class Initialized
INFO - 2018-11-13 08:04:13 --> Language file loaded: language/english/ion_auth_lang.php
INFO - 2018-11-13 08:04:13 --> Helper loaded: cookie_helper
INFO - 2018-11-13 08:04:13 --> Helper loaded: language_helper
DEBUG - 2018-11-13 08:04:13 --> Session: "sess_save_path" is empty; using "session.save_path" value from php.ini.
INFO - 2018-11-13 08:04:13 --> Session: Class initialized using 'files' driver.
INFO - 2018-11-13 08:04:13 --> Model Class Initialized
INFO - 2018-11-13 08:04:13 --> Helper loaded: date_helper
INFO - 2018-11-13 08:04:13 --> User Agent Class Initialized
DEBUG - 2018-11-13 08:04:13 --> File loaded: C:\xampp\htdocs\ci\ussiweb\application\modules/admin/config/autoload.php
DEBUG - 2018-11-13 08:04:13 --> File loaded: C:\xampp\htdocs\ci\ussiweb\application\modules/admin/config/form_validation.php
INFO - 2018-11-13 08:04:13 --> Helper loaded: form_helper
INFO - 2018-11-13 08:04:13 --> Form Validation Class Initialized
INFO - 2018-11-13 08:04:13 --> Model Class Initialized
INFO - 2018-11-13 08:04:13 --> Model Class Initialized
INFO - 2018-11-13 08:04:13 --> Model Class Initialized
INFO - 2018-11-13 08:04:13 --> Model Class Initialized
INFO - 2018-11-13 08:04:13 --> Model Class Initialized
INFO - 2018-11-13 08:04:13 --> Model Class Initialized
INFO - 2018-11-13 08:04:13 --> Model Class Initialized
INFO - 2018-11-13 08:04:13 --> Model Class Initialized
INFO - 2018-11-13 08:04:13 --> Model Class Initialized
INFO - 2018-11-13 08:04:13 --> Model Class Initialized
INFO - 2018-11-13 08:04:13 --> Model Class Initialized
INFO - 2018-11-13 08:04:13 --> Model Class Initialized
INFO - 2018-11-13 08:04:13 --> Controller Class Initialized
DEBUG - 2018-11-13 08:04:13 --> Login MX_Controller Initialized
DEBUG - 2018-11-13 08:04:13 --> File loaded: C:\xampp\htdocs\ci\ussiweb\application\modules/admin/config/autoload.php
DEBUG - 2018-11-13 14:04:13 --> File loaded: C:\xampp\htdocs\ci\ussiweb\application\modules/admin/config/form_validation.php
DEBUG - 2018-11-13 14:04:13 --> File loaded: C:\xampp\htdocs\ci\ussiweb\application\views\_base/head.php
DEBUG - 2018-11-13 14:04:13 --> File loaded: C:\xampp\htdocs\ci\ussiweb\application\modules/admin/views/login.php
DEBUG - 2018-11-13 14:04:13 --> File loaded: C:\xampp\htdocs\ci\ussiweb\application\views\_layouts/empty.php
DEBUG - 2018-11-13 14:04:13 --> File loaded: C:\xampp\htdocs\ci\ussiweb\application\views\_partials/ga.php
DEBUG - 2018-11-13 14:04:13 --> File loaded: C:\xampp\htdocs\ci\ussiweb\application\views\_base/foot.php
INFO - 2018-11-13 14:04:13 --> Final output sent to browser
DEBUG - 2018-11-13 14:04:13 --> Total execution time: 0.2421
INFO - 2018-11-13 08:04:23 --> Config Class Initialized
INFO - 2018-11-13 08:04:23 --> Hooks Class Initialized
DEBUG - 2018-11-13 08:04:23 --> UTF-8 Support Enabled
INFO - 2018-11-13 08:04:23 --> Utf8 Class Initialized
INFO - 2018-11-13 08:04:23 --> URI Class Initialized
DEBUG - 2018-11-13 08:04:23 --> File loaded: C:\xampp\htdocs\ci\ussiweb\application\modules/admin/config/routes.php
INFO - 2018-11-13 08:04:23 --> Router Class Initialized
INFO - 2018-11-13 08:04:23 --> Output Class Initialized
INFO - 2018-11-13 08:04:23 --> Security Class Initialized
DEBUG - 2018-11-13 08:04:23 --> Global POST, GET and COOKIE data sanitized
INFO - 2018-11-13 08:04:23 --> Input Class Initialized
INFO - 2018-11-13 08:04:23 --> Language Class Initialized
INFO - 2018-11-13 08:04:23 --> Language Class Initialized
INFO - 2018-11-13 08:04:23 --> Config Class Initialized
INFO - 2018-11-13 08:04:23 --> Loader Class Initialized
DEBUG - 2018-11-13 08:04:23 --> File loaded: C:\xampp\htdocs\ci\ussiweb\application\modules/admin/config/site.php
INFO - 2018-11-13 08:04:23 --> Helper loaded: url_helper
INFO - 2018-11-13 08:04:23 --> Helper loaded: inflector_helper
INFO - 2018-11-13 08:04:23 --> Helper loaded: string_helper
INFO - 2018-11-13 08:04:23 --> Helper loaded: array_helper
INFO - 2018-11-13 08:04:23 --> Database Driver Class Initialized
DEBUG - 2018-11-13 08:04:23 --> File loaded: C:\xampp\htdocs\ci\ussiweb\application\modules/admin/config/ion_auth.php
DEBUG - 2018-11-13 08:04:23 --> File loaded: C:\xampp\htdocs\ci\ussiweb\application\modules/admin/config/ion_auth.php
INFO - 2018-11-13 08:04:23 --> Email Class Initialized
INFO - 2018-11-13 08:04:23 --> Language file loaded: language/english/ion_auth_lang.php
INFO - 2018-11-13 08:04:23 --> Helper loaded: cookie_helper
INFO - 2018-11-13 08:04:23 --> Helper loaded: language_helper
DEBUG - 2018-11-13 08:04:23 --> Session: "sess_save_path" is empty; using "session.save_path" value from php.ini.
INFO - 2018-11-13 08:04:23 --> Session: Class initialized using 'files' driver.
INFO - 2018-11-13 08:04:23 --> Model Class Initialized
INFO - 2018-11-13 08:04:23 --> Helper loaded: date_helper
INFO - 2018-11-13 08:04:23 --> User Agent Class Initialized
DEBUG - 2018-11-13 08:04:23 --> File loaded: C:\xampp\htdocs\ci\ussiweb\application\modules/admin/config/autoload.php
DEBUG - 2018-11-13 08:04:23 --> File loaded: C:\xampp\htdocs\ci\ussiweb\application\modules/admin/config/form_validation.php
INFO - 2018-11-13 08:04:23 --> Helper loaded: form_helper
INFO - 2018-11-13 08:04:23 --> Form Validation Class Initialized
INFO - 2018-11-13 08:04:23 --> Model Class Initialized
INFO - 2018-11-13 08:04:23 --> Model Class Initialized
INFO - 2018-11-13 08:04:23 --> Model Class Initialized
INFO - 2018-11-13 08:04:23 --> Model Class Initialized
INFO - 2018-11-13 08:04:23 --> Model Class Initialized
INFO - 2018-11-13 08:04:23 --> Model Class Initialized
INFO - 2018-11-13 08:04:23 --> Model Class Initialized
INFO - 2018-11-13 08:04:23 --> Model Class Initialized
INFO - 2018-11-13 08:04:23 --> Model Class Initialized
INFO - 2018-11-13 08:04:23 --> Model Class Initialized
INFO - 2018-11-13 08:04:23 --> Model Class Initialized
INFO - 2018-11-13 08:04:23 --> Model Class Initialized
INFO - 2018-11-13 08:04:23 --> Controller Class Initialized
DEBUG - 2018-11-13 08:04:23 --> Login MX_Controller Initialized
DEBUG - 2018-11-13 08:04:23 --> File loaded: C:\xampp\htdocs\ci\ussiweb\application\modules/admin/config/autoload.php
DEBUG - 2018-11-13 14:04:23 --> File loaded: C:\xampp\htdocs\ci\ussiweb\application\modules/admin/config/form_validation.php
INFO - 2018-11-13 14:04:23 --> Language file loaded: language/english/form_validation_lang.php
INFO - 2018-11-13 08:04:23 --> Config Class Initialized
INFO - 2018-11-13 08:04:23 --> Hooks Class Initialized
DEBUG - 2018-11-13 08:04:23 --> UTF-8 Support Enabled
INFO - 2018-11-13 08:04:23 --> Utf8 Class Initialized
INFO - 2018-11-13 08:04:23 --> URI Class Initialized
DEBUG - 2018-11-13 08:04:23 --> File loaded: C:\xampp\htdocs\ci\ussiweb\application\modules/admin/config/routes.php
INFO - 2018-11-13 08:04:23 --> Router Class Initialized
INFO - 2018-11-13 08:04:23 --> Output Class Initialized
INFO - 2018-11-13 08:04:23 --> Security Class Initialized
DEBUG - 2018-11-13 08:04:23 --> Global POST, GET and COOKIE data sanitized
INFO - 2018-11-13 08:04:23 --> Input Class Initialized
INFO - 2018-11-13 08:04:23 --> Language Class Initialized
INFO - 2018-11-13 08:04:23 --> Language Class Initialized
INFO - 2018-11-13 08:04:23 --> Config Class Initialized
INFO - 2018-11-13 08:04:23 --> Loader Class Initialized
DEBUG - 2018-11-13 08:04:23 --> File loaded: C:\xampp\htdocs\ci\ussiweb\application\modules/admin/config/site.php
INFO - 2018-11-13 08:04:23 --> Helper loaded: url_helper
INFO - 2018-11-13 08:04:23 --> Helper loaded: inflector_helper
INFO - 2018-11-13 08:04:23 --> Helper loaded: string_helper
INFO - 2018-11-13 08:04:23 --> Helper loaded: array_helper
INFO - 2018-11-13 08:04:23 --> Database Driver Class Initialized
DEBUG - 2018-11-13 08:04:23 --> File loaded: C:\xampp\htdocs\ci\ussiweb\application\modules/admin/config/ion_auth.php
DEBUG - 2018-11-13 08:04:23 --> File loaded: C:\xampp\htdocs\ci\ussiweb\application\modules/admin/config/ion_auth.php
INFO - 2018-11-13 08:04:23 --> Email Class Initialized
INFO - 2018-11-13 08:04:23 --> Language file loaded: language/english/ion_auth_lang.php
INFO - 2018-11-13 08:04:23 --> Helper loaded: cookie_helper
INFO - 2018-11-13 08:04:23 --> Helper loaded: language_helper
DEBUG - 2018-11-13 08:04:23 --> Session: "sess_save_path" is empty; using "session.save_path" value from php.ini.
INFO - 2018-11-13 08:04:23 --> Session: Class initialized using 'files' driver.
INFO - 2018-11-13 08:04:23 --> Model Class Initialized
INFO - 2018-11-13 08:04:23 --> Helper loaded: date_helper
INFO - 2018-11-13 08:04:23 --> User Agent Class Initialized
DEBUG - 2018-11-13 08:04:23 --> File loaded: C:\xampp\htdocs\ci\ussiweb\application\modules/admin/config/autoload.php
DEBUG - 2018-11-13 08:04:23 --> File loaded: C:\xampp\htdocs\ci\ussiweb\application\modules/admin/config/form_validation.php
INFO - 2018-11-13 08:04:23 --> Helper loaded: form_helper
INFO - 2018-11-13 08:04:23 --> Form Validation Class Initialized
INFO - 2018-11-13 08:04:23 --> Model Class Initialized
INFO - 2018-11-13 08:04:23 --> Model Class Initialized
INFO - 2018-11-13 08:04:23 --> Model Class Initialized
INFO - 2018-11-13 08:04:23 --> Model Class Initialized
INFO - 2018-11-13 08:04:23 --> Model Class Initialized
INFO - 2018-11-13 08:04:23 --> Model Class Initialized
INFO - 2018-11-13 08:04:23 --> Model Class Initialized
INFO - 2018-11-13 08:04:23 --> Model Class Initialized
INFO - 2018-11-13 08:04:23 --> Model Class Initialized
INFO - 2018-11-13 08:04:23 --> Model Class Initialized
INFO - 2018-11-13 08:04:23 --> Model Class Initialized
INFO - 2018-11-13 08:04:23 --> Model Class Initialized
INFO - 2018-11-13 08:04:23 --> Controller Class Initialized
DEBUG - 2018-11-13 08:04:23 --> Login MX_Controller Initialized
DEBUG - 2018-11-13 08:04:23 --> File loaded: C:\xampp\htdocs\ci\ussiweb\application\modules/admin/config/autoload.php
DEBUG - 2018-11-13 14:04:23 --> File loaded: C:\xampp\htdocs\ci\ussiweb\application\modules/admin/config/form_validation.php
DEBUG - 2018-11-13 14:04:23 --> File loaded: C:\xampp\htdocs\ci\ussiweb\application\views\_base/head.php
DEBUG - 2018-11-13 14:04:23 --> File loaded: C:\xampp\htdocs\ci\ussiweb\application\modules/admin/views/login.php
DEBUG - 2018-11-13 14:04:23 --> File loaded: C:\xampp\htdocs\ci\ussiweb\application\views\_layouts/empty.php
DEBUG - 2018-11-13 14:04:23 --> File loaded: C:\xampp\htdocs\ci\ussiweb\application\views\_partials/ga.php
DEBUG - 2018-11-13 14:04:23 --> File loaded: C:\xampp\htdocs\ci\ussiweb\application\views\_base/foot.php
INFO - 2018-11-13 14:04:23 --> Final output sent to browser
DEBUG - 2018-11-13 14:04:23 --> Total execution time: 0.2023
INFO - 2018-11-13 08:04:44 --> Config Class Initialized
INFO - 2018-11-13 08:04:44 --> Hooks Class Initialized
DEBUG - 2018-11-13 08:04:44 --> UTF-8 Support Enabled
INFO - 2018-11-13 08:04:44 --> Utf8 Class Initialized
INFO - 2018-11-13 08:04:44 --> URI Class Initialized
DEBUG - 2018-11-13 08:04:44 --> File loaded: C:\xampp\htdocs\ci\ussiweb\application\modules/admin/config/routes.php
INFO - 2018-11-13 08:04:44 --> Router Class Initialized
INFO - 2018-11-13 08:04:44 --> Output Class Initialized
INFO - 2018-11-13 08:04:44 --> Security Class Initialized
DEBUG - 2018-11-13 08:04:44 --> Global POST, GET and COOKIE data sanitized
INFO - 2018-11-13 08:04:44 --> Input Class Initialized
INFO - 2018-11-13 08:04:44 --> Language Class Initialized
INFO - 2018-11-13 08:04:44 --> Language Class Initialized
INFO - 2018-11-13 08:04:44 --> Config Class Initialized
INFO - 2018-11-13 08:04:44 --> Loader Class Initialized
DEBUG - 2018-11-13 08:04:44 --> File loaded: C:\xampp\htdocs\ci\ussiweb\application\modules/admin/config/site.php
INFO - 2018-11-13 08:04:44 --> Helper loaded: url_helper
INFO - 2018-11-13 08:04:44 --> Helper loaded: inflector_helper
INFO - 2018-11-13 08:04:44 --> Helper loaded: string_helper
INFO - 2018-11-13 08:04:44 --> Helper loaded: array_helper
INFO - 2018-11-13 08:04:44 --> Database Driver Class Initialized
DEBUG - 2018-11-13 08:04:44 --> File loaded: C:\xampp\htdocs\ci\ussiweb\application\modules/admin/config/ion_auth.php
DEBUG - 2018-11-13 08:04:44 --> File loaded: C:\xampp\htdocs\ci\ussiweb\application\modules/admin/config/ion_auth.php
INFO - 2018-11-13 08:04:44 --> Email Class Initialized
INFO - 2018-11-13 08:04:44 --> Language file loaded: language/english/ion_auth_lang.php
INFO - 2018-11-13 08:04:44 --> Helper loaded: cookie_helper
INFO - 2018-11-13 08:04:44 --> Helper loaded: language_helper
DEBUG - 2018-11-13 08:04:44 --> Session: "sess_save_path" is empty; using "session.save_path" value from php.ini.
INFO - 2018-11-13 08:04:44 --> Session: Class initialized using 'files' driver.
INFO - 2018-11-13 08:04:44 --> Model Class Initialized
INFO - 2018-11-13 08:04:44 --> Helper loaded: date_helper
INFO - 2018-11-13 08:04:44 --> User Agent Class Initialized
DEBUG - 2018-11-13 08:04:44 --> File loaded: C:\xampp\htdocs\ci\ussiweb\application\modules/admin/config/autoload.php
DEBUG - 2018-11-13 08:04:44 --> File loaded: C:\xampp\htdocs\ci\ussiweb\application\modules/admin/config/form_validation.php
INFO - 2018-11-13 08:04:44 --> Helper loaded: form_helper
INFO - 2018-11-13 08:04:44 --> Form Validation Class Initialized
INFO - 2018-11-13 08:04:44 --> Model Class Initialized
INFO - 2018-11-13 08:04:44 --> Model Class Initialized
INFO - 2018-11-13 08:04:44 --> Model Class Initialized
INFO - 2018-11-13 08:04:44 --> Model Class Initialized
INFO - 2018-11-13 08:04:44 --> Model Class Initialized
INFO - 2018-11-13 08:04:44 --> Model Class Initialized
INFO - 2018-11-13 08:04:44 --> Model Class Initialized
INFO - 2018-11-13 08:04:44 --> Model Class Initialized
INFO - 2018-11-13 08:04:44 --> Model Class Initialized
INFO - 2018-11-13 08:04:44 --> Model Class Initialized
INFO - 2018-11-13 08:04:44 --> Model Class Initialized
INFO - 2018-11-13 08:04:44 --> Model Class Initialized
INFO - 2018-11-13 08:04:44 --> Controller Class Initialized
DEBUG - 2018-11-13 08:04:44 --> Login MX_Controller Initialized
DEBUG - 2018-11-13 08:04:44 --> File loaded: C:\xampp\htdocs\ci\ussiweb\application\modules/admin/config/autoload.php
DEBUG - 2018-11-13 14:04:44 --> File loaded: C:\xampp\htdocs\ci\ussiweb\application\modules/admin/config/form_validation.php
INFO - 2018-11-13 14:04:44 --> Language file loaded: language/english/form_validation_lang.php
INFO - 2018-11-13 08:04:44 --> Config Class Initialized
INFO - 2018-11-13 08:04:44 --> Hooks Class Initialized
DEBUG - 2018-11-13 08:04:44 --> UTF-8 Support Enabled
INFO - 2018-11-13 08:04:44 --> Utf8 Class Initialized
INFO - 2018-11-13 08:04:44 --> URI Class Initialized
DEBUG - 2018-11-13 08:04:44 --> File loaded: C:\xampp\htdocs\ci\ussiweb\application\modules/admin/config/routes.php
INFO - 2018-11-13 08:04:44 --> Router Class Initialized
INFO - 2018-11-13 08:04:44 --> Output Class Initialized
INFO - 2018-11-13 08:04:44 --> Security Class Initialized
DEBUG - 2018-11-13 08:04:44 --> Global POST, GET and COOKIE data sanitized
INFO - 2018-11-13 08:04:44 --> Input Class Initialized
INFO - 2018-11-13 08:04:44 --> Language Class Initialized
INFO - 2018-11-13 08:04:44 --> Language Class Initialized
INFO - 2018-11-13 08:04:44 --> Config Class Initialized
INFO - 2018-11-13 08:04:44 --> Loader Class Initialized
DEBUG - 2018-11-13 08:04:44 --> File loaded: C:\xampp\htdocs\ci\ussiweb\application\modules/admin/config/site.php
INFO - 2018-11-13 08:04:44 --> Helper loaded: url_helper
INFO - 2018-11-13 08:04:44 --> Helper loaded: inflector_helper
INFO - 2018-11-13 08:04:44 --> Helper loaded: string_helper
INFO - 2018-11-13 08:04:44 --> Helper loaded: array_helper
INFO - 2018-11-13 08:04:44 --> Database Driver Class Initialized
DEBUG - 2018-11-13 08:04:44 --> File loaded: C:\xampp\htdocs\ci\ussiweb\application\modules/admin/config/ion_auth.php
DEBUG - 2018-11-13 08:04:44 --> File loaded: C:\xampp\htdocs\ci\ussiweb\application\modules/admin/config/ion_auth.php
INFO - 2018-11-13 08:04:44 --> Email Class Initialized
INFO - 2018-11-13 08:04:44 --> Language file loaded: language/english/ion_auth_lang.php
INFO - 2018-11-13 08:04:44 --> Helper loaded: cookie_helper
INFO - 2018-11-13 08:04:44 --> Helper loaded: language_helper
DEBUG - 2018-11-13 08:04:44 --> Session: "sess_save_path" is empty; using "session.save_path" value from php.ini.
INFO - 2018-11-13 08:04:44 --> Session: Class initialized using 'files' driver.
INFO - 2018-11-13 08:04:44 --> Model Class Initialized
INFO - 2018-11-13 08:04:44 --> Helper loaded: date_helper
INFO - 2018-11-13 08:04:44 --> User Agent Class Initialized
DEBUG - 2018-11-13 08:04:44 --> File loaded: C:\xampp\htdocs\ci\ussiweb\application\modules/admin/config/autoload.php
DEBUG - 2018-11-13 08:04:44 --> File loaded: C:\xampp\htdocs\ci\ussiweb\application\modules/admin/config/form_validation.php
INFO - 2018-11-13 08:04:44 --> Helper loaded: form_helper
INFO - 2018-11-13 08:04:44 --> Form Validation Class Initialized
INFO - 2018-11-13 08:04:44 --> Model Class Initialized
INFO - 2018-11-13 08:04:44 --> Model Class Initialized
INFO - 2018-11-13 08:04:44 --> Model Class Initialized
INFO - 2018-11-13 08:04:44 --> Model Class Initialized
INFO - 2018-11-13 08:04:44 --> Model Class Initialized
INFO - 2018-11-13 08:04:44 --> Model Class Initialized
INFO - 2018-11-13 08:04:44 --> Model Class Initialized
INFO - 2018-11-13 08:04:44 --> Model Class Initialized
INFO - 2018-11-13 08:04:44 --> Model Class Initialized
INFO - 2018-11-13 08:04:44 --> Model Class Initialized
INFO - 2018-11-13 08:04:44 --> Model Class Initialized
INFO - 2018-11-13 08:04:44 --> Model Class Initialized
INFO - 2018-11-13 08:04:44 --> Controller Class Initialized
DEBUG - 2018-11-13 08:04:44 --> Login MX_Controller Initialized
DEBUG - 2018-11-13 08:04:44 --> File loaded: C:\xampp\htdocs\ci\ussiweb\application\modules/admin/config/autoload.php
DEBUG - 2018-11-13 14:04:44 --> File loaded: C:\xampp\htdocs\ci\ussiweb\application\modules/admin/config/form_validation.php
DEBUG - 2018-11-13 14:04:44 --> File loaded: C:\xampp\htdocs\ci\ussiweb\application\views\_base/head.php
DEBUG - 2018-11-13 14:04:44 --> File loaded: C:\xampp\htdocs\ci\ussiweb\application\modules/admin/views/login.php
DEBUG - 2018-11-13 14:04:44 --> File loaded: C:\xampp\htdocs\ci\ussiweb\application\views\_layouts/empty.php
DEBUG - 2018-11-13 14:04:44 --> File loaded: C:\xampp\htdocs\ci\ussiweb\application\views\_partials/ga.php
DEBUG - 2018-11-13 14:04:44 --> File loaded: C:\xampp\htdocs\ci\ussiweb\application\views\_base/foot.php
INFO - 2018-11-13 14:04:44 --> Final output sent to browser
DEBUG - 2018-11-13 14:04:44 --> Total execution time: 0.2075
INFO - 2018-11-13 08:31:41 --> Config Class Initialized
INFO - 2018-11-13 08:31:41 --> Hooks Class Initialized
DEBUG - 2018-11-13 08:31:41 --> UTF-8 Support Enabled
INFO - 2018-11-13 08:31:41 --> Utf8 Class Initialized
INFO - 2018-11-13 08:31:41 --> URI Class Initialized
DEBUG - 2018-11-13 08:31:41 --> File loaded: C:\xampp\htdocs\ci\ussiweb\application\modules/admin/config/routes.php
INFO - 2018-11-13 08:31:41 --> Router Class Initialized
INFO - 2018-11-13 08:31:41 --> Output Class Initialized
INFO - 2018-11-13 08:31:41 --> Security Class Initialized
DEBUG - 2018-11-13 08:31:41 --> Global POST, GET and COOKIE data sanitized
INFO - 2018-11-13 08:31:41 --> Input Class Initialized
INFO - 2018-11-13 08:31:41 --> Language Class Initialized
INFO - 2018-11-13 08:31:41 --> Language Class Initialized
INFO - 2018-11-13 08:31:41 --> Config Class Initialized
INFO - 2018-11-13 08:31:41 --> Loader Class Initialized
DEBUG - 2018-11-13 08:31:41 --> File loaded: C:\xampp\htdocs\ci\ussiweb\application\modules/admin/config/site.php
INFO - 2018-11-13 08:31:41 --> Helper loaded: url_helper
INFO - 2018-11-13 08:31:41 --> Helper loaded: inflector_helper
INFO - 2018-11-13 08:31:41 --> Helper loaded: string_helper
INFO - 2018-11-13 08:31:41 --> Helper loaded: array_helper
INFO - 2018-11-13 08:31:41 --> Database Driver Class Initialized
DEBUG - 2018-11-13 08:31:41 --> File loaded: C:\xampp\htdocs\ci\ussiweb\application\modules/admin/config/ion_auth.php
DEBUG - 2018-11-13 08:31:41 --> File loaded: C:\xampp\htdocs\ci\ussiweb\application\modules/admin/config/ion_auth.php
INFO - 2018-11-13 08:31:41 --> Email Class Initialized
INFO - 2018-11-13 08:31:41 --> Language file loaded: language/english/ion_auth_lang.php
INFO - 2018-11-13 08:31:41 --> Helper loaded: cookie_helper
INFO - 2018-11-13 08:31:41 --> Helper loaded: language_helper
DEBUG - 2018-11-13 08:31:41 --> Session: "sess_save_path" is empty; using "session.save_path" value from php.ini.
INFO - 2018-11-13 08:31:41 --> Session: Class initialized using 'files' driver.
INFO - 2018-11-13 08:31:41 --> Model Class Initialized
INFO - 2018-11-13 08:31:41 --> Helper loaded: date_helper
INFO - 2018-11-13 08:31:41 --> User Agent Class Initialized
DEBUG - 2018-11-13 08:31:41 --> File loaded: C:\xampp\htdocs\ci\ussiweb\application\modules/admin/config/autoload.php
DEBUG - 2018-11-13 08:31:41 --> File loaded: C:\xampp\htdocs\ci\ussiweb\application\modules/admin/config/form_validation.php
INFO - 2018-11-13 08:31:41 --> Helper loaded: form_helper
INFO - 2018-11-13 08:31:41 --> Form Validation Class Initialized
INFO - 2018-11-13 08:31:41 --> Model Class Initialized
INFO - 2018-11-13 08:31:41 --> Model Class Initialized
INFO - 2018-11-13 08:31:41 --> Model Class Initialized
INFO - 2018-11-13 08:31:41 --> Model Class Initialized
INFO - 2018-11-13 08:31:41 --> Model Class Initialized
INFO - 2018-11-13 08:31:41 --> Model Class Initialized
INFO - 2018-11-13 08:31:41 --> Model Class Initialized
INFO - 2018-11-13 08:31:41 --> Model Class Initialized
INFO - 2018-11-13 08:31:41 --> Model Class Initialized
INFO - 2018-11-13 08:31:41 --> Model Class Initialized
INFO - 2018-11-13 08:31:41 --> Model Class Initialized
INFO - 2018-11-13 08:31:41 --> Model Class Initialized
INFO - 2018-11-13 08:31:41 --> Controller Class Initialized
DEBUG - 2018-11-13 08:31:41 --> Login MX_Controller Initialized
DEBUG - 2018-11-13 08:31:41 --> File loaded: C:\xampp\htdocs\ci\ussiweb\application\modules/admin/config/autoload.php
DEBUG - 2018-11-13 14:31:41 --> File loaded: C:\xampp\htdocs\ci\ussiweb\application\modules/admin/config/form_validation.php
INFO - 2018-11-13 14:31:41 --> Language file loaded: language/english/form_validation_lang.php
INFO - 2018-11-13 08:31:41 --> Config Class Initialized
INFO - 2018-11-13 08:31:41 --> Hooks Class Initialized
DEBUG - 2018-11-13 08:31:41 --> UTF-8 Support Enabled
INFO - 2018-11-13 08:31:41 --> Utf8 Class Initialized
INFO - 2018-11-13 08:31:41 --> URI Class Initialized
DEBUG - 2018-11-13 08:31:41 --> File loaded: C:\xampp\htdocs\ci\ussiweb\application\modules/admin/config/routes.php
INFO - 2018-11-13 08:31:41 --> Router Class Initialized
INFO - 2018-11-13 08:31:41 --> Output Class Initialized
INFO - 2018-11-13 08:31:41 --> Security Class Initialized
DEBUG - 2018-11-13 08:31:41 --> Global POST, GET and COOKIE data sanitized
INFO - 2018-11-13 08:31:41 --> Input Class Initialized
INFO - 2018-11-13 08:31:41 --> Language Class Initialized
INFO - 2018-11-13 08:31:41 --> Language Class Initialized
INFO - 2018-11-13 08:31:41 --> Config Class Initialized
INFO - 2018-11-13 08:31:41 --> Loader Class Initialized
DEBUG - 2018-11-13 08:31:41 --> File loaded: C:\xampp\htdocs\ci\ussiweb\application\modules/admin/config/site.php
INFO - 2018-11-13 08:31:41 --> Helper loaded: url_helper
INFO - 2018-11-13 08:31:41 --> Helper loaded: inflector_helper
INFO - 2018-11-13 08:31:41 --> Helper loaded: string_helper
INFO - 2018-11-13 08:31:41 --> Helper loaded: array_helper
INFO - 2018-11-13 08:31:41 --> Database Driver Class Initialized
DEBUG - 2018-11-13 08:31:41 --> File loaded: C:\xampp\htdocs\ci\ussiweb\application\modules/admin/config/ion_auth.php
DEBUG - 2018-11-13 08:31:41 --> File loaded: C:\xampp\htdocs\ci\ussiweb\application\modules/admin/config/ion_auth.php
INFO - 2018-11-13 08:31:41 --> Email Class Initialized
INFO - 2018-11-13 08:31:41 --> Language file loaded: language/english/ion_auth_lang.php
INFO - 2018-11-13 08:31:41 --> Helper loaded: cookie_helper
INFO - 2018-11-13 08:31:41 --> Helper loaded: language_helper
DEBUG - 2018-11-13 08:31:41 --> Session: "sess_save_path" is empty; using "session.save_path" value from php.ini.
INFO - 2018-11-13 08:31:41 --> Session: Class initialized using 'files' driver.
INFO - 2018-11-13 08:31:41 --> Model Class Initialized
INFO - 2018-11-13 08:31:41 --> Helper loaded: date_helper
INFO - 2018-11-13 08:31:41 --> User Agent Class Initialized
DEBUG - 2018-11-13 08:31:41 --> File loaded: C:\xampp\htdocs\ci\ussiweb\application\modules/admin/config/autoload.php
DEBUG - 2018-11-13 08:31:41 --> File loaded: C:\xampp\htdocs\ci\ussiweb\application\modules/admin/config/form_validation.php
INFO - 2018-11-13 08:31:41 --> Helper loaded: form_helper
INFO - 2018-11-13 08:31:41 --> Form Validation Class Initialized
INFO - 2018-11-13 08:31:41 --> Model Class Initialized
INFO - 2018-11-13 08:31:41 --> Model Class Initialized
INFO - 2018-11-13 08:31:41 --> Model Class Initialized
INFO - 2018-11-13 08:31:41 --> Model Class Initialized
INFO - 2018-11-13 08:31:41 --> Model Class Initialized
INFO - 2018-11-13 08:31:41 --> Model Class Initialized
INFO - 2018-11-13 08:31:41 --> Model Class Initialized
INFO - 2018-11-13 08:31:41 --> Model Class Initialized
INFO - 2018-11-13 08:31:41 --> Model Class Initialized
INFO - 2018-11-13 08:31:41 --> Model Class Initialized
INFO - 2018-11-13 08:31:41 --> Model Class Initialized
INFO - 2018-11-13 08:31:41 --> Model Class Initialized
INFO - 2018-11-13 08:31:41 --> Controller Class Initialized
DEBUG - 2018-11-13 08:31:41 --> Login MX_Controller Initialized
DEBUG - 2018-11-13 08:31:41 --> File loaded: C:\xampp\htdocs\ci\ussiweb\application\modules/admin/config/autoload.php
DEBUG - 2018-11-13 14:31:41 --> File loaded: C:\xampp\htdocs\ci\ussiweb\application\modules/admin/config/form_validation.php
DEBUG - 2018-11-13 14:31:41 --> File loaded: C:\xampp\htdocs\ci\ussiweb\application\views\_base/head.php
DEBUG - 2018-11-13 14:31:41 --> File loaded: C:\xampp\htdocs\ci\ussiweb\application\modules/admin/views/login.php
DEBUG - 2018-11-13 14:31:41 --> File loaded: C:\xampp\htdocs\ci\ussiweb\application\views\_layouts/empty.php
DEBUG - 2018-11-13 14:31:41 --> File loaded: C:\xampp\htdocs\ci\ussiweb\application\views\_partials/ga.php
DEBUG - 2018-11-13 14:31:41 --> File loaded: C:\xampp\htdocs\ci\ussiweb\application\views\_base/foot.php
INFO - 2018-11-13 14:31:41 --> Final output sent to browser
DEBUG - 2018-11-13 14:31:41 --> Total execution time: 0.2039
