INFO - 2018-01-03 03:31:25 --> Config Class Initialized
INFO - 2018-01-03 03:31:25 --> Hooks Class Initialized
DEBUG - 2018-01-03 03:31:25 --> UTF-8 Support Enabled
INFO - 2018-01-03 03:31:25 --> Utf8 Class Initialized
INFO - 2018-01-03 03:31:26 --> URI Class Initialized
DEBUG - 2018-01-03 03:31:26 --> File loaded: C:\xampp\htdocs\ci\ussiweb\application\modules/admin/config/routes.php
INFO - 2018-01-03 03:31:26 --> Router Class Initialized
INFO - 2018-01-03 03:31:26 --> Output Class Initialized
INFO - 2018-01-03 03:31:26 --> Security Class Initialized
DEBUG - 2018-01-03 03:31:26 --> Global POST, GET and COOKIE data sanitized
INFO - 2018-01-03 03:31:26 --> Input Class Initialized
INFO - 2018-01-03 03:31:26 --> Language Class Initialized
INFO - 2018-01-03 03:31:26 --> Language Class Initialized
INFO - 2018-01-03 03:31:26 --> Config Class Initialized
INFO - 2018-01-03 03:31:26 --> Loader Class Initialized
DEBUG - 2018-01-03 03:31:26 --> File loaded: C:\xampp\htdocs\ci\ussiweb\application\modules/admin/config/site.php
INFO - 2018-01-03 03:31:26 --> Helper loaded: url_helper
INFO - 2018-01-03 03:31:26 --> Helper loaded: inflector_helper
INFO - 2018-01-03 03:31:26 --> Helper loaded: string_helper
INFO - 2018-01-03 03:31:26 --> Helper loaded: array_helper
INFO - 2018-01-03 03:31:26 --> Database Driver Class Initialized
DEBUG - 2018-01-03 03:31:27 --> File loaded: C:\xampp\htdocs\ci\ussiweb\application\modules/admin/config/ion_auth.php
DEBUG - 2018-01-03 03:31:27 --> File loaded: C:\xampp\htdocs\ci\ussiweb\application\modules/admin/config/ion_auth.php
INFO - 2018-01-03 03:31:27 --> Email Class Initialized
INFO - 2018-01-03 03:31:27 --> Language file loaded: language/english/ion_auth_lang.php
INFO - 2018-01-03 03:31:27 --> Helper loaded: cookie_helper
INFO - 2018-01-03 03:31:27 --> Helper loaded: language_helper
DEBUG - 2018-01-03 03:31:27 --> Session: "sess_save_path" is empty; using "session.save_path" value from php.ini.
INFO - 2018-01-03 03:31:27 --> Session: Class initialized using 'files' driver.
INFO - 2018-01-03 03:31:27 --> Model Class Initialized
INFO - 2018-01-03 03:31:27 --> Helper loaded: date_helper
INFO - 2018-01-03 03:31:27 --> User Agent Class Initialized
DEBUG - 2018-01-03 03:31:27 --> File loaded: C:\xampp\htdocs\ci\ussiweb\application\modules/admin/config/autoload.php
DEBUG - 2018-01-03 03:31:27 --> File loaded: C:\xampp\htdocs\ci\ussiweb\application\modules/admin/config/form_validation.php
INFO - 2018-01-03 03:31:27 --> Helper loaded: form_helper
INFO - 2018-01-03 03:31:27 --> Form Validation Class Initialized
INFO - 2018-01-03 03:31:27 --> Model Class Initialized
INFO - 2018-01-03 03:31:27 --> Model Class Initialized
INFO - 2018-01-03 03:31:27 --> Model Class Initialized
INFO - 2018-01-03 03:31:27 --> Model Class Initialized
INFO - 2018-01-03 03:31:27 --> Model Class Initialized
INFO - 2018-01-03 03:31:27 --> Model Class Initialized
INFO - 2018-01-03 03:31:27 --> Model Class Initialized
INFO - 2018-01-03 03:31:27 --> Model Class Initialized
INFO - 2018-01-03 03:31:27 --> Model Class Initialized
INFO - 2018-01-03 03:31:27 --> Model Class Initialized
INFO - 2018-01-03 03:31:28 --> Model Class Initialized
INFO - 2018-01-03 03:31:28 --> Model Class Initialized
INFO - 2018-01-03 03:31:28 --> Controller Class Initialized
DEBUG - 2018-01-03 03:31:28 --> Simpanan MX_Controller Initialized
DEBUG - 2018-01-03 03:31:28 --> File loaded: C:\xampp\htdocs\ci\ussiweb\application\modules/admin/config/autoload.php
INFO - 2018-01-03 03:31:29 --> Config Class Initialized
INFO - 2018-01-03 03:31:29 --> Hooks Class Initialized
DEBUG - 2018-01-03 03:31:29 --> UTF-8 Support Enabled
INFO - 2018-01-03 03:31:29 --> Utf8 Class Initialized
INFO - 2018-01-03 03:31:29 --> URI Class Initialized
DEBUG - 2018-01-03 03:31:29 --> File loaded: C:\xampp\htdocs\ci\ussiweb\application\modules/admin/config/routes.php
INFO - 2018-01-03 03:31:29 --> Router Class Initialized
INFO - 2018-01-03 03:31:29 --> Output Class Initialized
INFO - 2018-01-03 03:31:29 --> Security Class Initialized
DEBUG - 2018-01-03 03:31:29 --> Global POST, GET and COOKIE data sanitized
INFO - 2018-01-03 03:31:29 --> Input Class Initialized
INFO - 2018-01-03 03:31:29 --> Language Class Initialized
INFO - 2018-01-03 03:31:29 --> Language Class Initialized
INFO - 2018-01-03 03:31:29 --> Config Class Initialized
INFO - 2018-01-03 03:31:29 --> Loader Class Initialized
DEBUG - 2018-01-03 03:31:29 --> File loaded: C:\xampp\htdocs\ci\ussiweb\application\modules/admin/config/site.php
INFO - 2018-01-03 03:31:29 --> Helper loaded: url_helper
INFO - 2018-01-03 03:31:29 --> Helper loaded: inflector_helper
INFO - 2018-01-03 03:31:29 --> Helper loaded: string_helper
INFO - 2018-01-03 03:31:29 --> Helper loaded: array_helper
INFO - 2018-01-03 03:31:29 --> Database Driver Class Initialized
DEBUG - 2018-01-03 03:31:30 --> File loaded: C:\xampp\htdocs\ci\ussiweb\application\modules/admin/config/ion_auth.php
DEBUG - 2018-01-03 03:31:30 --> File loaded: C:\xampp\htdocs\ci\ussiweb\application\modules/admin/config/ion_auth.php
INFO - 2018-01-03 03:31:30 --> Email Class Initialized
INFO - 2018-01-03 03:31:30 --> Language file loaded: language/english/ion_auth_lang.php
INFO - 2018-01-03 03:31:30 --> Helper loaded: cookie_helper
INFO - 2018-01-03 03:31:30 --> Helper loaded: language_helper
DEBUG - 2018-01-03 03:31:30 --> Session: "sess_save_path" is empty; using "session.save_path" value from php.ini.
INFO - 2018-01-03 03:31:30 --> Session: Class initialized using 'files' driver.
INFO - 2018-01-03 03:31:30 --> Model Class Initialized
INFO - 2018-01-03 03:31:30 --> Helper loaded: date_helper
INFO - 2018-01-03 03:31:30 --> User Agent Class Initialized
DEBUG - 2018-01-03 03:31:30 --> File loaded: C:\xampp\htdocs\ci\ussiweb\application\modules/admin/config/autoload.php
DEBUG - 2018-01-03 03:31:30 --> File loaded: C:\xampp\htdocs\ci\ussiweb\application\modules/admin/config/form_validation.php
INFO - 2018-01-03 03:31:30 --> Helper loaded: form_helper
INFO - 2018-01-03 03:31:30 --> Form Validation Class Initialized
INFO - 2018-01-03 03:31:30 --> Model Class Initialized
INFO - 2018-01-03 03:31:30 --> Model Class Initialized
INFO - 2018-01-03 03:31:30 --> Model Class Initialized
INFO - 2018-01-03 03:31:30 --> Model Class Initialized
INFO - 2018-01-03 03:31:30 --> Model Class Initialized
INFO - 2018-01-03 03:31:30 --> Model Class Initialized
INFO - 2018-01-03 03:31:30 --> Model Class Initialized
INFO - 2018-01-03 03:31:30 --> Model Class Initialized
INFO - 2018-01-03 03:31:30 --> Model Class Initialized
INFO - 2018-01-03 03:31:30 --> Model Class Initialized
INFO - 2018-01-03 03:31:30 --> Model Class Initialized
INFO - 2018-01-03 03:31:30 --> Model Class Initialized
INFO - 2018-01-03 03:31:30 --> Controller Class Initialized
DEBUG - 2018-01-03 03:31:30 --> Login MX_Controller Initialized
DEBUG - 2018-01-03 03:31:30 --> File loaded: C:\xampp\htdocs\ci\ussiweb\application\modules/admin/config/autoload.php
DEBUG - 2018-01-03 09:31:30 --> File loaded: C:\xampp\htdocs\ci\ussiweb\application\modules/admin/config/form_validation.php
DEBUG - 2018-01-03 09:31:30 --> File loaded: C:\xampp\htdocs\ci\ussiweb\application\views\_base/head.php
DEBUG - 2018-01-03 09:31:30 --> File loaded: C:\xampp\htdocs\ci\ussiweb\application\modules/admin/views/login.php
DEBUG - 2018-01-03 09:31:30 --> File loaded: C:\xampp\htdocs\ci\ussiweb\application\views\_layouts/empty.php
DEBUG - 2018-01-03 09:31:30 --> File loaded: C:\xampp\htdocs\ci\ussiweb\application\views\_partials/ga.php
DEBUG - 2018-01-03 09:31:30 --> File loaded: C:\xampp\htdocs\ci\ussiweb\application\views\_base/foot.php
INFO - 2018-01-03 09:31:30 --> Final output sent to browser
DEBUG - 2018-01-03 09:31:30 --> Total execution time: 1.3080
INFO - 2018-01-03 03:31:37 --> Config Class Initialized
INFO - 2018-01-03 03:31:37 --> Hooks Class Initialized
DEBUG - 2018-01-03 03:31:37 --> UTF-8 Support Enabled
INFO - 2018-01-03 03:31:37 --> Utf8 Class Initialized
INFO - 2018-01-03 03:31:37 --> URI Class Initialized
DEBUG - 2018-01-03 03:31:37 --> File loaded: C:\xampp\htdocs\ci\ussiweb\application\modules/admin/config/routes.php
INFO - 2018-01-03 03:31:37 --> Router Class Initialized
INFO - 2018-01-03 03:31:37 --> Output Class Initialized
INFO - 2018-01-03 03:31:37 --> Security Class Initialized
DEBUG - 2018-01-03 03:31:37 --> Global POST, GET and COOKIE data sanitized
INFO - 2018-01-03 03:31:37 --> Input Class Initialized
INFO - 2018-01-03 03:31:37 --> Language Class Initialized
INFO - 2018-01-03 03:31:37 --> Language Class Initialized
INFO - 2018-01-03 03:31:37 --> Config Class Initialized
INFO - 2018-01-03 03:31:37 --> Loader Class Initialized
DEBUG - 2018-01-03 03:31:37 --> File loaded: C:\xampp\htdocs\ci\ussiweb\application\modules/admin/config/site.php
INFO - 2018-01-03 03:31:37 --> Helper loaded: url_helper
INFO - 2018-01-03 03:31:37 --> Helper loaded: inflector_helper
INFO - 2018-01-03 03:31:37 --> Helper loaded: string_helper
INFO - 2018-01-03 03:31:37 --> Helper loaded: array_helper
INFO - 2018-01-03 03:31:37 --> Database Driver Class Initialized
DEBUG - 2018-01-03 03:31:38 --> File loaded: C:\xampp\htdocs\ci\ussiweb\application\modules/admin/config/ion_auth.php
DEBUG - 2018-01-03 03:31:38 --> File loaded: C:\xampp\htdocs\ci\ussiweb\application\modules/admin/config/ion_auth.php
INFO - 2018-01-03 03:31:38 --> Email Class Initialized
INFO - 2018-01-03 03:31:38 --> Language file loaded: language/english/ion_auth_lang.php
INFO - 2018-01-03 03:31:38 --> Helper loaded: cookie_helper
INFO - 2018-01-03 03:31:38 --> Helper loaded: language_helper
DEBUG - 2018-01-03 03:31:38 --> Session: "sess_save_path" is empty; using "session.save_path" value from php.ini.
INFO - 2018-01-03 03:31:38 --> Session: Class initialized using 'files' driver.
INFO - 2018-01-03 03:31:38 --> Model Class Initialized
INFO - 2018-01-03 03:31:38 --> Helper loaded: date_helper
INFO - 2018-01-03 03:31:38 --> User Agent Class Initialized
DEBUG - 2018-01-03 03:31:38 --> File loaded: C:\xampp\htdocs\ci\ussiweb\application\modules/admin/config/autoload.php
DEBUG - 2018-01-03 03:31:38 --> File loaded: C:\xampp\htdocs\ci\ussiweb\application\modules/admin/config/form_validation.php
INFO - 2018-01-03 03:31:38 --> Helper loaded: form_helper
INFO - 2018-01-03 03:31:38 --> Form Validation Class Initialized
INFO - 2018-01-03 03:31:38 --> Model Class Initialized
INFO - 2018-01-03 03:31:38 --> Model Class Initialized
INFO - 2018-01-03 03:31:38 --> Model Class Initialized
INFO - 2018-01-03 03:31:38 --> Model Class Initialized
INFO - 2018-01-03 03:31:38 --> Model Class Initialized
INFO - 2018-01-03 03:31:38 --> Model Class Initialized
INFO - 2018-01-03 03:31:38 --> Model Class Initialized
INFO - 2018-01-03 03:31:38 --> Model Class Initialized
INFO - 2018-01-03 03:31:38 --> Model Class Initialized
INFO - 2018-01-03 03:31:38 --> Model Class Initialized
INFO - 2018-01-03 03:31:38 --> Model Class Initialized
INFO - 2018-01-03 03:31:38 --> Model Class Initialized
INFO - 2018-01-03 03:31:38 --> Controller Class Initialized
DEBUG - 2018-01-03 03:31:38 --> Login MX_Controller Initialized
DEBUG - 2018-01-03 03:31:38 --> File loaded: C:\xampp\htdocs\ci\ussiweb\application\modules/admin/config/autoload.php
DEBUG - 2018-01-03 09:31:38 --> File loaded: C:\xampp\htdocs\ci\ussiweb\application\modules/admin/config/form_validation.php
INFO - 2018-01-03 09:31:38 --> Language file loaded: language/english/form_validation_lang.php
INFO - 2018-01-03 03:31:39 --> Config Class Initialized
INFO - 2018-01-03 03:31:39 --> Hooks Class Initialized
DEBUG - 2018-01-03 03:31:39 --> UTF-8 Support Enabled
INFO - 2018-01-03 03:31:39 --> Utf8 Class Initialized
INFO - 2018-01-03 03:31:39 --> URI Class Initialized
DEBUG - 2018-01-03 03:31:39 --> File loaded: C:\xampp\htdocs\ci\ussiweb\application\modules/admin/config/routes.php
INFO - 2018-01-03 03:31:39 --> Router Class Initialized
INFO - 2018-01-03 03:31:39 --> Output Class Initialized
INFO - 2018-01-03 03:31:39 --> Security Class Initialized
DEBUG - 2018-01-03 03:31:39 --> Global POST, GET and COOKIE data sanitized
INFO - 2018-01-03 03:31:39 --> Input Class Initialized
INFO - 2018-01-03 03:31:39 --> Language Class Initialized
INFO - 2018-01-03 03:31:39 --> Language Class Initialized
INFO - 2018-01-03 03:31:39 --> Config Class Initialized
INFO - 2018-01-03 03:31:39 --> Loader Class Initialized
DEBUG - 2018-01-03 03:31:39 --> File loaded: C:\xampp\htdocs\ci\ussiweb\application\modules/admin/config/site.php
INFO - 2018-01-03 03:31:39 --> Helper loaded: url_helper
INFO - 2018-01-03 03:31:39 --> Helper loaded: inflector_helper
INFO - 2018-01-03 03:31:39 --> Helper loaded: string_helper
INFO - 2018-01-03 03:31:39 --> Helper loaded: array_helper
INFO - 2018-01-03 03:31:39 --> Database Driver Class Initialized
DEBUG - 2018-01-03 03:31:40 --> File loaded: C:\xampp\htdocs\ci\ussiweb\application\modules/admin/config/ion_auth.php
DEBUG - 2018-01-03 03:31:40 --> File loaded: C:\xampp\htdocs\ci\ussiweb\application\modules/admin/config/ion_auth.php
INFO - 2018-01-03 03:31:40 --> Email Class Initialized
INFO - 2018-01-03 03:31:40 --> Language file loaded: language/english/ion_auth_lang.php
INFO - 2018-01-03 03:31:40 --> Helper loaded: cookie_helper
INFO - 2018-01-03 03:31:40 --> Helper loaded: language_helper
DEBUG - 2018-01-03 03:31:40 --> Session: "sess_save_path" is empty; using "session.save_path" value from php.ini.
INFO - 2018-01-03 03:31:40 --> Session: Class initialized using 'files' driver.
INFO - 2018-01-03 03:31:40 --> Model Class Initialized
INFO - 2018-01-03 03:31:40 --> Helper loaded: date_helper
INFO - 2018-01-03 03:31:40 --> User Agent Class Initialized
DEBUG - 2018-01-03 03:31:40 --> File loaded: C:\xampp\htdocs\ci\ussiweb\application\modules/admin/config/autoload.php
DEBUG - 2018-01-03 03:31:40 --> File loaded: C:\xampp\htdocs\ci\ussiweb\application\modules/admin/config/form_validation.php
INFO - 2018-01-03 03:31:40 --> Helper loaded: form_helper
INFO - 2018-01-03 03:31:40 --> Form Validation Class Initialized
INFO - 2018-01-03 03:31:40 --> Model Class Initialized
INFO - 2018-01-03 03:31:40 --> Model Class Initialized
INFO - 2018-01-03 03:31:40 --> Model Class Initialized
INFO - 2018-01-03 03:31:40 --> Model Class Initialized
INFO - 2018-01-03 03:31:40 --> Model Class Initialized
INFO - 2018-01-03 03:31:40 --> Model Class Initialized
INFO - 2018-01-03 03:31:40 --> Model Class Initialized
INFO - 2018-01-03 03:31:40 --> Model Class Initialized
INFO - 2018-01-03 03:31:40 --> Model Class Initialized
INFO - 2018-01-03 03:31:40 --> Model Class Initialized
INFO - 2018-01-03 03:31:40 --> Model Class Initialized
INFO - 2018-01-03 03:31:40 --> Model Class Initialized
INFO - 2018-01-03 03:31:40 --> Controller Class Initialized
DEBUG - 2018-01-03 03:31:40 --> Home MX_Controller Initialized
DEBUG - 2018-01-03 03:31:40 --> File loaded: C:\xampp\htdocs\ci\ussiweb\application\modules/admin/config/autoload.php
INFO - 2018-01-03 09:31:41 --> Model Class Initialized
DEBUG - 2018-01-03 09:31:41 --> File loaded: C:\xampp\htdocs\ci\ussiweb\application\views\_base/head.php
DEBUG - 2018-01-03 09:31:41 --> File loaded: C:\xampp\htdocs\ci\ussiweb\application\modules/admin/views/_partials/navbar.php
DEBUG - 2018-01-03 09:31:41 --> File loaded: C:\xampp\htdocs\ci\ussiweb\application\modules/admin/views/_partials/sidemenu_search.php
DEBUG - 2018-01-03 09:31:41 --> File loaded: C:\xampp\htdocs\ci\ussiweb\application\modules/admin/views/_partials/sidemenu.php
DEBUG - 2018-01-03 09:31:41 --> File loaded: C:\xampp\htdocs\ci\ussiweb\application\modules/admin/views/_partials/breadcrumb.php
DEBUG - 2018-01-03 09:31:41 --> File loaded: C:\xampp\htdocs\ci\ussiweb\application\modules/admin/views/_partials/errorpage.php
DEBUG - 2018-01-03 09:31:41 --> File loaded: C:\xampp\htdocs\ci\ussiweb\application\controllers/../modules/adminlte/controllers/Widget.php
DEBUG - 2018-01-03 09:31:41 --> Widget MX_Controller Initialized
DEBUG - 2018-01-03 09:31:41 --> File loaded: C:\xampp\htdocs\ci\ussiweb\application\modules/admin/views/home.php
DEBUG - 2018-01-03 09:31:41 --> File loaded: C:\xampp\htdocs\ci\ussiweb\application\modules/admin/views/_partials/back_btn.php
DEBUG - 2018-01-03 09:31:41 --> File loaded: C:\xampp\htdocs\ci\ussiweb\application\modules/admin/views/_layouts/default.php
DEBUG - 2018-01-03 09:31:41 --> File loaded: C:\xampp\htdocs\ci\ussiweb\application\views\_partials/ga.php
DEBUG - 2018-01-03 09:31:41 --> File loaded: C:\xampp\htdocs\ci\ussiweb\application\views\_base/foot.php
INFO - 2018-01-03 09:31:41 --> Final output sent to browser
DEBUG - 2018-01-03 09:31:41 --> Total execution time: 2.5100
INFO - 2018-01-03 07:50:30 --> Config Class Initialized
INFO - 2018-01-03 07:50:30 --> Hooks Class Initialized
DEBUG - 2018-01-03 07:50:30 --> UTF-8 Support Enabled
INFO - 2018-01-03 07:50:30 --> Utf8 Class Initialized
INFO - 2018-01-03 07:50:30 --> URI Class Initialized
DEBUG - 2018-01-03 07:50:31 --> File loaded: C:\xampp\htdocs\ci\ussiweb\application\modules/admin/config/routes.php
INFO - 2018-01-03 07:50:31 --> Router Class Initialized
INFO - 2018-01-03 07:50:31 --> Output Class Initialized
INFO - 2018-01-03 07:50:31 --> Security Class Initialized
DEBUG - 2018-01-03 07:50:31 --> Global POST, GET and COOKIE data sanitized
INFO - 2018-01-03 07:50:31 --> Input Class Initialized
INFO - 2018-01-03 07:50:31 --> Language Class Initialized
INFO - 2018-01-03 07:50:31 --> Language Class Initialized
INFO - 2018-01-03 07:50:31 --> Config Class Initialized
INFO - 2018-01-03 07:50:31 --> Loader Class Initialized
DEBUG - 2018-01-03 07:50:31 --> File loaded: C:\xampp\htdocs\ci\ussiweb\application\modules/admin/config/site.php
INFO - 2018-01-03 07:50:31 --> Helper loaded: url_helper
INFO - 2018-01-03 07:50:31 --> Helper loaded: inflector_helper
INFO - 2018-01-03 07:50:31 --> Helper loaded: string_helper
INFO - 2018-01-03 07:50:31 --> Helper loaded: array_helper
INFO - 2018-01-03 07:50:31 --> Database Driver Class Initialized
DEBUG - 2018-01-03 07:50:33 --> File loaded: C:\xampp\htdocs\ci\ussiweb\application\modules/admin/config/ion_auth.php
DEBUG - 2018-01-03 07:50:33 --> File loaded: C:\xampp\htdocs\ci\ussiweb\application\modules/admin/config/ion_auth.php
INFO - 2018-01-03 07:50:33 --> Email Class Initialized
INFO - 2018-01-03 07:50:33 --> Language file loaded: language/english/ion_auth_lang.php
INFO - 2018-01-03 07:50:33 --> Helper loaded: cookie_helper
INFO - 2018-01-03 07:50:33 --> Helper loaded: language_helper
DEBUG - 2018-01-03 07:50:33 --> Session: "sess_save_path" is empty; using "session.save_path" value from php.ini.
INFO - 2018-01-03 07:50:33 --> Session: Class initialized using 'files' driver.
INFO - 2018-01-03 07:50:33 --> Model Class Initialized
INFO - 2018-01-03 07:50:33 --> Helper loaded: date_helper
INFO - 2018-01-03 07:50:33 --> User Agent Class Initialized
DEBUG - 2018-01-03 07:50:33 --> File loaded: C:\xampp\htdocs\ci\ussiweb\application\modules/admin/config/autoload.php
DEBUG - 2018-01-03 07:50:33 --> File loaded: C:\xampp\htdocs\ci\ussiweb\application\modules/admin/config/form_validation.php
INFO - 2018-01-03 07:50:33 --> Helper loaded: form_helper
INFO - 2018-01-03 07:50:33 --> Form Validation Class Initialized
INFO - 2018-01-03 07:50:33 --> Model Class Initialized
INFO - 2018-01-03 07:50:33 --> Model Class Initialized
INFO - 2018-01-03 07:50:33 --> Model Class Initialized
INFO - 2018-01-03 07:50:33 --> Model Class Initialized
INFO - 2018-01-03 07:50:33 --> Model Class Initialized
INFO - 2018-01-03 07:50:33 --> Model Class Initialized
INFO - 2018-01-03 07:50:33 --> Model Class Initialized
INFO - 2018-01-03 07:50:33 --> Model Class Initialized
INFO - 2018-01-03 07:50:33 --> Model Class Initialized
INFO - 2018-01-03 07:50:33 --> Model Class Initialized
INFO - 2018-01-03 07:50:33 --> Model Class Initialized
INFO - 2018-01-03 07:50:33 --> Model Class Initialized
INFO - 2018-01-03 07:50:33 --> Controller Class Initialized
DEBUG - 2018-01-03 07:50:33 --> Home MX_Controller Initialized
DEBUG - 2018-01-03 07:50:33 --> File loaded: C:\xampp\htdocs\ci\ussiweb\application\modules/admin/config/autoload.php
INFO - 2018-01-03 07:50:34 --> Config Class Initialized
INFO - 2018-01-03 07:50:34 --> Hooks Class Initialized
DEBUG - 2018-01-03 07:50:35 --> UTF-8 Support Enabled
INFO - 2018-01-03 07:50:35 --> Utf8 Class Initialized
INFO - 2018-01-03 07:50:35 --> URI Class Initialized
DEBUG - 2018-01-03 07:50:35 --> File loaded: C:\xampp\htdocs\ci\ussiweb\application\modules/admin/config/routes.php
INFO - 2018-01-03 07:50:35 --> Router Class Initialized
INFO - 2018-01-03 07:50:35 --> Output Class Initialized
INFO - 2018-01-03 07:50:35 --> Security Class Initialized
DEBUG - 2018-01-03 07:50:35 --> Global POST, GET and COOKIE data sanitized
INFO - 2018-01-03 07:50:35 --> Input Class Initialized
INFO - 2018-01-03 07:50:35 --> Language Class Initialized
INFO - 2018-01-03 07:50:35 --> Language Class Initialized
INFO - 2018-01-03 07:50:35 --> Config Class Initialized
INFO - 2018-01-03 07:50:35 --> Loader Class Initialized
DEBUG - 2018-01-03 07:50:35 --> File loaded: C:\xampp\htdocs\ci\ussiweb\application\modules/admin/config/site.php
INFO - 2018-01-03 07:50:35 --> Helper loaded: url_helper
INFO - 2018-01-03 07:50:35 --> Helper loaded: inflector_helper
INFO - 2018-01-03 07:50:35 --> Helper loaded: string_helper
INFO - 2018-01-03 07:50:35 --> Helper loaded: array_helper
INFO - 2018-01-03 07:50:35 --> Database Driver Class Initialized
DEBUG - 2018-01-03 07:50:36 --> File loaded: C:\xampp\htdocs\ci\ussiweb\application\modules/admin/config/ion_auth.php
DEBUG - 2018-01-03 07:50:36 --> File loaded: C:\xampp\htdocs\ci\ussiweb\application\modules/admin/config/ion_auth.php
INFO - 2018-01-03 07:50:37 --> Email Class Initialized
INFO - 2018-01-03 07:50:37 --> Language file loaded: language/english/ion_auth_lang.php
INFO - 2018-01-03 07:50:37 --> Helper loaded: cookie_helper
INFO - 2018-01-03 07:50:37 --> Helper loaded: language_helper
DEBUG - 2018-01-03 07:50:37 --> Session: "sess_save_path" is empty; using "session.save_path" value from php.ini.
INFO - 2018-01-03 07:50:37 --> Session: Class initialized using 'files' driver.
INFO - 2018-01-03 07:50:37 --> Model Class Initialized
INFO - 2018-01-03 07:50:37 --> Helper loaded: date_helper
INFO - 2018-01-03 07:50:37 --> User Agent Class Initialized
DEBUG - 2018-01-03 07:50:37 --> File loaded: C:\xampp\htdocs\ci\ussiweb\application\modules/admin/config/autoload.php
DEBUG - 2018-01-03 07:50:37 --> File loaded: C:\xampp\htdocs\ci\ussiweb\application\modules/admin/config/form_validation.php
INFO - 2018-01-03 07:50:37 --> Helper loaded: form_helper
INFO - 2018-01-03 07:50:37 --> Form Validation Class Initialized
INFO - 2018-01-03 07:50:37 --> Model Class Initialized
INFO - 2018-01-03 07:50:37 --> Model Class Initialized
INFO - 2018-01-03 07:50:37 --> Model Class Initialized
INFO - 2018-01-03 07:50:37 --> Model Class Initialized
INFO - 2018-01-03 07:50:37 --> Model Class Initialized
INFO - 2018-01-03 07:50:37 --> Model Class Initialized
INFO - 2018-01-03 07:50:37 --> Model Class Initialized
INFO - 2018-01-03 07:50:37 --> Model Class Initialized
INFO - 2018-01-03 07:50:37 --> Model Class Initialized
INFO - 2018-01-03 07:50:37 --> Model Class Initialized
INFO - 2018-01-03 07:50:37 --> Model Class Initialized
INFO - 2018-01-03 07:50:37 --> Model Class Initialized
INFO - 2018-01-03 07:50:37 --> Controller Class Initialized
DEBUG - 2018-01-03 07:50:38 --> Login MX_Controller Initialized
DEBUG - 2018-01-03 07:50:38 --> File loaded: C:\xampp\htdocs\ci\ussiweb\application\modules/admin/config/autoload.php
DEBUG - 2018-01-03 13:50:38 --> File loaded: C:\xampp\htdocs\ci\ussiweb\application\modules/admin/config/form_validation.php
DEBUG - 2018-01-03 13:50:38 --> File loaded: C:\xampp\htdocs\ci\ussiweb\application\views\_base/head.php
DEBUG - 2018-01-03 13:50:38 --> File loaded: C:\xampp\htdocs\ci\ussiweb\application\modules/admin/views/login.php
DEBUG - 2018-01-03 13:50:38 --> File loaded: C:\xampp\htdocs\ci\ussiweb\application\views\_layouts/empty.php
DEBUG - 2018-01-03 13:50:38 --> File loaded: C:\xampp\htdocs\ci\ussiweb\application\views\_partials/ga.php
DEBUG - 2018-01-03 13:50:38 --> File loaded: C:\xampp\htdocs\ci\ussiweb\application\views\_base/foot.php
INFO - 2018-01-03 13:50:38 --> Final output sent to browser
DEBUG - 2018-01-03 13:50:38 --> Total execution time: 3.2232
