INFO - 2019-01-16 04:39:20 --> Config Class Initialized
INFO - 2019-01-16 04:39:20 --> Hooks Class Initialized
DEBUG - 2019-01-16 04:39:20 --> UTF-8 Support Enabled
INFO - 2019-01-16 04:39:20 --> Utf8 Class Initialized
INFO - 2019-01-16 04:39:20 --> URI Class Initialized
DEBUG - 2019-01-16 04:39:20 --> File loaded: C:\xampp\htdocs\ci\ussiweb\application\modules/admin/config/routes.php
INFO - 2019-01-16 04:39:20 --> Router Class Initialized
INFO - 2019-01-16 04:39:20 --> Output Class Initialized
INFO - 2019-01-16 04:39:20 --> Security Class Initialized
DEBUG - 2019-01-16 04:39:20 --> Global POST, GET and COOKIE data sanitized
INFO - 2019-01-16 04:39:20 --> Input Class Initialized
INFO - 2019-01-16 04:39:20 --> Language Class Initialized
INFO - 2019-01-16 04:39:20 --> Language Class Initialized
INFO - 2019-01-16 04:39:20 --> Config Class Initialized
INFO - 2019-01-16 04:39:20 --> Loader Class Initialized
DEBUG - 2019-01-16 04:39:20 --> File loaded: C:\xampp\htdocs\ci\ussiweb\application\modules/admin/config/site.php
INFO - 2019-01-16 04:39:20 --> Helper loaded: url_helper
INFO - 2019-01-16 04:39:20 --> Helper loaded: inflector_helper
INFO - 2019-01-16 04:39:20 --> Helper loaded: string_helper
INFO - 2019-01-16 04:39:20 --> Helper loaded: array_helper
INFO - 2019-01-16 04:39:20 --> Database Driver Class Initialized
DEBUG - 2019-01-16 04:39:20 --> File loaded: C:\xampp\htdocs\ci\ussiweb\application\modules/admin/config/ion_auth.php
DEBUG - 2019-01-16 04:39:20 --> File loaded: C:\xampp\htdocs\ci\ussiweb\application\modules/admin/config/ion_auth.php
INFO - 2019-01-16 04:39:20 --> Email Class Initialized
INFO - 2019-01-16 04:39:20 --> Language file loaded: language/english/ion_auth_lang.php
INFO - 2019-01-16 04:39:20 --> Helper loaded: cookie_helper
INFO - 2019-01-16 04:39:20 --> Helper loaded: language_helper
DEBUG - 2019-01-16 04:39:20 --> Session: "sess_save_path" is empty; using "session.save_path" value from php.ini.
INFO - 2019-01-16 04:39:20 --> Session: Class initialized using 'files' driver.
INFO - 2019-01-16 04:39:20 --> Model Class Initialized
INFO - 2019-01-16 04:39:20 --> Helper loaded: date_helper
INFO - 2019-01-16 04:39:20 --> User Agent Class Initialized
DEBUG - 2019-01-16 04:39:20 --> File loaded: C:\xampp\htdocs\ci\ussiweb\application\modules/admin/config/autoload.php
DEBUG - 2019-01-16 04:39:20 --> File loaded: C:\xampp\htdocs\ci\ussiweb\application\modules/admin/config/form_validation.php
INFO - 2019-01-16 04:39:20 --> Helper loaded: form_helper
INFO - 2019-01-16 04:39:20 --> Form Validation Class Initialized
INFO - 2019-01-16 04:39:20 --> Model Class Initialized
INFO - 2019-01-16 04:39:20 --> Model Class Initialized
INFO - 2019-01-16 04:39:20 --> Model Class Initialized
INFO - 2019-01-16 04:39:20 --> Model Class Initialized
INFO - 2019-01-16 04:39:20 --> Model Class Initialized
INFO - 2019-01-16 04:39:20 --> Model Class Initialized
INFO - 2019-01-16 04:39:20 --> Model Class Initialized
INFO - 2019-01-16 04:39:20 --> Model Class Initialized
INFO - 2019-01-16 04:39:20 --> Model Class Initialized
INFO - 2019-01-16 04:39:20 --> Model Class Initialized
INFO - 2019-01-16 04:39:20 --> Model Class Initialized
INFO - 2019-01-16 04:39:20 --> Model Class Initialized
INFO - 2019-01-16 04:39:20 --> Model Class Initialized
INFO - 2019-01-16 04:39:20 --> Controller Class Initialized
DEBUG - 2019-01-16 04:39:20 --> Login MX_Controller Initialized
DEBUG - 2019-01-16 04:39:20 --> File loaded: C:\xampp\htdocs\ci\ussiweb\application\modules/admin/config/autoload.php
DEBUG - 2019-01-16 10:39:20 --> File loaded: C:\xampp\htdocs\ci\ussiweb\application\modules/admin/config/form_validation.php
DEBUG - 2019-01-16 10:39:20 --> File loaded: C:\xampp\htdocs\ci\ussiweb\application\views\_base/head.php
DEBUG - 2019-01-16 10:39:20 --> File loaded: C:\xampp\htdocs\ci\ussiweb\application\modules/admin/views/login.php
DEBUG - 2019-01-16 10:39:20 --> File loaded: C:\xampp\htdocs\ci\ussiweb\application\views\_layouts/empty.php
DEBUG - 2019-01-16 10:39:20 --> File loaded: C:\xampp\htdocs\ci\ussiweb\application\views\_partials/ga.php
DEBUG - 2019-01-16 10:39:20 --> File loaded: C:\xampp\htdocs\ci\ussiweb\application\views\_base/foot.php
INFO - 2019-01-16 10:39:20 --> Final output sent to browser
DEBUG - 2019-01-16 10:39:20 --> Total execution time: 0.3240
INFO - 2019-01-16 04:39:22 --> Config Class Initialized
INFO - 2019-01-16 04:39:22 --> Hooks Class Initialized
DEBUG - 2019-01-16 04:39:22 --> UTF-8 Support Enabled
INFO - 2019-01-16 04:39:22 --> Utf8 Class Initialized
INFO - 2019-01-16 04:39:22 --> URI Class Initialized
DEBUG - 2019-01-16 04:39:22 --> File loaded: C:\xampp\htdocs\ci\ussiweb\application\modules/admin/config/routes.php
INFO - 2019-01-16 04:39:22 --> Router Class Initialized
INFO - 2019-01-16 04:39:22 --> Output Class Initialized
INFO - 2019-01-16 04:39:22 --> Security Class Initialized
DEBUG - 2019-01-16 04:39:22 --> Global POST, GET and COOKIE data sanitized
INFO - 2019-01-16 04:39:22 --> Input Class Initialized
INFO - 2019-01-16 04:39:22 --> Language Class Initialized
INFO - 2019-01-16 04:39:22 --> Language Class Initialized
INFO - 2019-01-16 04:39:22 --> Config Class Initialized
INFO - 2019-01-16 04:39:22 --> Loader Class Initialized
DEBUG - 2019-01-16 04:39:22 --> File loaded: C:\xampp\htdocs\ci\ussiweb\application\modules/admin/config/site.php
INFO - 2019-01-16 04:39:22 --> Helper loaded: url_helper
INFO - 2019-01-16 04:39:22 --> Helper loaded: inflector_helper
INFO - 2019-01-16 04:39:22 --> Helper loaded: string_helper
INFO - 2019-01-16 04:39:22 --> Helper loaded: array_helper
INFO - 2019-01-16 04:39:22 --> Database Driver Class Initialized
DEBUG - 2019-01-16 04:39:22 --> File loaded: C:\xampp\htdocs\ci\ussiweb\application\modules/admin/config/ion_auth.php
DEBUG - 2019-01-16 04:39:22 --> File loaded: C:\xampp\htdocs\ci\ussiweb\application\modules/admin/config/ion_auth.php
INFO - 2019-01-16 04:39:22 --> Email Class Initialized
INFO - 2019-01-16 04:39:22 --> Language file loaded: language/english/ion_auth_lang.php
INFO - 2019-01-16 04:39:22 --> Helper loaded: cookie_helper
INFO - 2019-01-16 04:39:22 --> Helper loaded: language_helper
DEBUG - 2019-01-16 04:39:22 --> Session: "sess_save_path" is empty; using "session.save_path" value from php.ini.
INFO - 2019-01-16 04:39:22 --> Session: Class initialized using 'files' driver.
INFO - 2019-01-16 04:39:22 --> Model Class Initialized
INFO - 2019-01-16 04:39:22 --> Helper loaded: date_helper
INFO - 2019-01-16 04:39:22 --> User Agent Class Initialized
DEBUG - 2019-01-16 04:39:22 --> File loaded: C:\xampp\htdocs\ci\ussiweb\application\modules/admin/config/autoload.php
DEBUG - 2019-01-16 04:39:22 --> File loaded: C:\xampp\htdocs\ci\ussiweb\application\modules/admin/config/form_validation.php
INFO - 2019-01-16 04:39:22 --> Helper loaded: form_helper
INFO - 2019-01-16 04:39:22 --> Form Validation Class Initialized
INFO - 2019-01-16 04:39:22 --> Model Class Initialized
INFO - 2019-01-16 04:39:22 --> Model Class Initialized
INFO - 2019-01-16 04:39:22 --> Model Class Initialized
INFO - 2019-01-16 04:39:22 --> Model Class Initialized
INFO - 2019-01-16 04:39:22 --> Model Class Initialized
INFO - 2019-01-16 04:39:22 --> Model Class Initialized
INFO - 2019-01-16 04:39:22 --> Model Class Initialized
INFO - 2019-01-16 04:39:22 --> Model Class Initialized
INFO - 2019-01-16 04:39:22 --> Model Class Initialized
INFO - 2019-01-16 04:39:22 --> Model Class Initialized
INFO - 2019-01-16 04:39:22 --> Model Class Initialized
INFO - 2019-01-16 04:39:22 --> Model Class Initialized
INFO - 2019-01-16 04:39:22 --> Model Class Initialized
INFO - 2019-01-16 04:39:22 --> Controller Class Initialized
DEBUG - 2019-01-16 04:39:23 --> Login MX_Controller Initialized
DEBUG - 2019-01-16 04:39:23 --> File loaded: C:\xampp\htdocs\ci\ussiweb\application\modules/admin/config/autoload.php
DEBUG - 2019-01-16 10:39:23 --> File loaded: C:\xampp\htdocs\ci\ussiweb\application\modules/admin/config/form_validation.php
INFO - 2019-01-16 10:39:23 --> Language file loaded: language/english/form_validation_lang.php
INFO - 2019-01-16 04:39:23 --> Config Class Initialized
INFO - 2019-01-16 04:39:23 --> Hooks Class Initialized
DEBUG - 2019-01-16 04:39:23 --> UTF-8 Support Enabled
INFO - 2019-01-16 04:39:23 --> Utf8 Class Initialized
INFO - 2019-01-16 04:39:23 --> URI Class Initialized
DEBUG - 2019-01-16 04:39:23 --> File loaded: C:\xampp\htdocs\ci\ussiweb\application\modules/admin/config/routes.php
INFO - 2019-01-16 04:39:23 --> Router Class Initialized
INFO - 2019-01-16 04:39:23 --> Output Class Initialized
INFO - 2019-01-16 04:39:23 --> Security Class Initialized
DEBUG - 2019-01-16 04:39:23 --> Global POST, GET and COOKIE data sanitized
INFO - 2019-01-16 04:39:23 --> Input Class Initialized
INFO - 2019-01-16 04:39:23 --> Language Class Initialized
INFO - 2019-01-16 04:39:23 --> Language Class Initialized
INFO - 2019-01-16 04:39:23 --> Config Class Initialized
INFO - 2019-01-16 04:39:23 --> Loader Class Initialized
DEBUG - 2019-01-16 04:39:23 --> File loaded: C:\xampp\htdocs\ci\ussiweb\application\modules/admin/config/site.php
INFO - 2019-01-16 04:39:23 --> Helper loaded: url_helper
INFO - 2019-01-16 04:39:23 --> Helper loaded: inflector_helper
INFO - 2019-01-16 04:39:23 --> Helper loaded: string_helper
INFO - 2019-01-16 04:39:23 --> Helper loaded: array_helper
INFO - 2019-01-16 04:39:23 --> Database Driver Class Initialized
DEBUG - 2019-01-16 04:39:23 --> File loaded: C:\xampp\htdocs\ci\ussiweb\application\modules/admin/config/ion_auth.php
DEBUG - 2019-01-16 04:39:23 --> File loaded: C:\xampp\htdocs\ci\ussiweb\application\modules/admin/config/ion_auth.php
INFO - 2019-01-16 04:39:23 --> Email Class Initialized
INFO - 2019-01-16 04:39:23 --> Language file loaded: language/english/ion_auth_lang.php
INFO - 2019-01-16 04:39:23 --> Helper loaded: cookie_helper
INFO - 2019-01-16 04:39:23 --> Helper loaded: language_helper
DEBUG - 2019-01-16 04:39:23 --> Session: "sess_save_path" is empty; using "session.save_path" value from php.ini.
INFO - 2019-01-16 04:39:23 --> Session: Class initialized using 'files' driver.
INFO - 2019-01-16 04:39:23 --> Model Class Initialized
INFO - 2019-01-16 04:39:23 --> Helper loaded: date_helper
INFO - 2019-01-16 04:39:23 --> User Agent Class Initialized
DEBUG - 2019-01-16 04:39:23 --> File loaded: C:\xampp\htdocs\ci\ussiweb\application\modules/admin/config/autoload.php
DEBUG - 2019-01-16 04:39:23 --> File loaded: C:\xampp\htdocs\ci\ussiweb\application\modules/admin/config/form_validation.php
INFO - 2019-01-16 04:39:23 --> Helper loaded: form_helper
INFO - 2019-01-16 04:39:23 --> Form Validation Class Initialized
INFO - 2019-01-16 04:39:23 --> Model Class Initialized
INFO - 2019-01-16 04:39:23 --> Model Class Initialized
INFO - 2019-01-16 04:39:23 --> Model Class Initialized
INFO - 2019-01-16 04:39:23 --> Model Class Initialized
INFO - 2019-01-16 04:39:23 --> Model Class Initialized
INFO - 2019-01-16 04:39:23 --> Model Class Initialized
INFO - 2019-01-16 04:39:23 --> Model Class Initialized
INFO - 2019-01-16 04:39:23 --> Model Class Initialized
INFO - 2019-01-16 04:39:23 --> Model Class Initialized
INFO - 2019-01-16 04:39:23 --> Model Class Initialized
INFO - 2019-01-16 04:39:23 --> Model Class Initialized
INFO - 2019-01-16 04:39:23 --> Model Class Initialized
INFO - 2019-01-16 04:39:23 --> Model Class Initialized
INFO - 2019-01-16 04:39:23 --> Controller Class Initialized
DEBUG - 2019-01-16 04:39:23 --> Login MX_Controller Initialized
DEBUG - 2019-01-16 04:39:23 --> File loaded: C:\xampp\htdocs\ci\ussiweb\application\modules/admin/config/autoload.php
DEBUG - 2019-01-16 10:39:23 --> File loaded: C:\xampp\htdocs\ci\ussiweb\application\modules/admin/config/form_validation.php
DEBUG - 2019-01-16 10:39:23 --> File loaded: C:\xampp\htdocs\ci\ussiweb\application\views\_base/head.php
DEBUG - 2019-01-16 10:39:23 --> File loaded: C:\xampp\htdocs\ci\ussiweb\application\modules/admin/views/login.php
DEBUG - 2019-01-16 10:39:23 --> File loaded: C:\xampp\htdocs\ci\ussiweb\application\views\_layouts/empty.php
DEBUG - 2019-01-16 10:39:23 --> File loaded: C:\xampp\htdocs\ci\ussiweb\application\views\_partials/ga.php
DEBUG - 2019-01-16 10:39:23 --> File loaded: C:\xampp\htdocs\ci\ussiweb\application\views\_base/foot.php
INFO - 2019-01-16 10:39:23 --> Final output sent to browser
DEBUG - 2019-01-16 10:39:23 --> Total execution time: 0.3167
INFO - 2019-01-16 04:39:34 --> Config Class Initialized
INFO - 2019-01-16 04:39:34 --> Hooks Class Initialized
DEBUG - 2019-01-16 04:39:34 --> UTF-8 Support Enabled
INFO - 2019-01-16 04:39:34 --> Utf8 Class Initialized
INFO - 2019-01-16 04:39:34 --> URI Class Initialized
DEBUG - 2019-01-16 04:39:34 --> File loaded: C:\xampp\htdocs\ci\ussiweb\application\modules/admin/config/routes.php
INFO - 2019-01-16 04:39:34 --> Router Class Initialized
INFO - 2019-01-16 04:39:34 --> Output Class Initialized
INFO - 2019-01-16 04:39:34 --> Security Class Initialized
DEBUG - 2019-01-16 04:39:34 --> Global POST, GET and COOKIE data sanitized
INFO - 2019-01-16 04:39:34 --> Input Class Initialized
INFO - 2019-01-16 04:39:34 --> Language Class Initialized
INFO - 2019-01-16 04:39:34 --> Language Class Initialized
INFO - 2019-01-16 04:39:34 --> Config Class Initialized
INFO - 2019-01-16 04:39:34 --> Loader Class Initialized
DEBUG - 2019-01-16 04:39:34 --> File loaded: C:\xampp\htdocs\ci\ussiweb\application\modules/admin/config/site.php
INFO - 2019-01-16 04:39:34 --> Helper loaded: url_helper
INFO - 2019-01-16 04:39:34 --> Helper loaded: inflector_helper
INFO - 2019-01-16 04:39:34 --> Helper loaded: string_helper
INFO - 2019-01-16 04:39:34 --> Helper loaded: array_helper
INFO - 2019-01-16 04:39:34 --> Database Driver Class Initialized
DEBUG - 2019-01-16 04:39:34 --> File loaded: C:\xampp\htdocs\ci\ussiweb\application\modules/admin/config/ion_auth.php
DEBUG - 2019-01-16 04:39:34 --> File loaded: C:\xampp\htdocs\ci\ussiweb\application\modules/admin/config/ion_auth.php
INFO - 2019-01-16 04:39:34 --> Email Class Initialized
INFO - 2019-01-16 04:39:34 --> Language file loaded: language/english/ion_auth_lang.php
INFO - 2019-01-16 04:39:34 --> Helper loaded: cookie_helper
INFO - 2019-01-16 04:39:34 --> Helper loaded: language_helper
DEBUG - 2019-01-16 04:39:34 --> Session: "sess_save_path" is empty; using "session.save_path" value from php.ini.
INFO - 2019-01-16 04:39:34 --> Session: Class initialized using 'files' driver.
INFO - 2019-01-16 04:39:34 --> Model Class Initialized
INFO - 2019-01-16 04:39:34 --> Helper loaded: date_helper
INFO - 2019-01-16 04:39:34 --> User Agent Class Initialized
DEBUG - 2019-01-16 04:39:34 --> File loaded: C:\xampp\htdocs\ci\ussiweb\application\modules/admin/config/autoload.php
DEBUG - 2019-01-16 04:39:34 --> File loaded: C:\xampp\htdocs\ci\ussiweb\application\modules/admin/config/form_validation.php
INFO - 2019-01-16 04:39:34 --> Helper loaded: form_helper
INFO - 2019-01-16 04:39:34 --> Form Validation Class Initialized
INFO - 2019-01-16 04:39:34 --> Model Class Initialized
INFO - 2019-01-16 04:39:34 --> Model Class Initialized
INFO - 2019-01-16 04:39:34 --> Model Class Initialized
INFO - 2019-01-16 04:39:34 --> Model Class Initialized
INFO - 2019-01-16 04:39:34 --> Model Class Initialized
INFO - 2019-01-16 04:39:34 --> Model Class Initialized
INFO - 2019-01-16 04:39:34 --> Model Class Initialized
INFO - 2019-01-16 04:39:34 --> Model Class Initialized
INFO - 2019-01-16 04:39:34 --> Model Class Initialized
INFO - 2019-01-16 04:39:34 --> Model Class Initialized
INFO - 2019-01-16 04:39:34 --> Model Class Initialized
INFO - 2019-01-16 04:39:34 --> Model Class Initialized
INFO - 2019-01-16 04:39:34 --> Model Class Initialized
INFO - 2019-01-16 04:39:34 --> Controller Class Initialized
DEBUG - 2019-01-16 04:39:34 --> Login MX_Controller Initialized
DEBUG - 2019-01-16 04:39:34 --> File loaded: C:\xampp\htdocs\ci\ussiweb\application\modules/admin/config/autoload.php
DEBUG - 2019-01-16 10:39:34 --> File loaded: C:\xampp\htdocs\ci\ussiweb\application\modules/admin/config/form_validation.php
INFO - 2019-01-16 10:39:34 --> Language file loaded: language/english/form_validation_lang.php
INFO - 2019-01-16 04:39:34 --> Config Class Initialized
INFO - 2019-01-16 04:39:34 --> Hooks Class Initialized
DEBUG - 2019-01-16 04:39:34 --> UTF-8 Support Enabled
INFO - 2019-01-16 04:39:34 --> Utf8 Class Initialized
INFO - 2019-01-16 04:39:34 --> URI Class Initialized
DEBUG - 2019-01-16 04:39:34 --> File loaded: C:\xampp\htdocs\ci\ussiweb\application\modules/admin/config/routes.php
INFO - 2019-01-16 04:39:34 --> Router Class Initialized
INFO - 2019-01-16 04:39:34 --> Output Class Initialized
INFO - 2019-01-16 04:39:34 --> Security Class Initialized
DEBUG - 2019-01-16 04:39:34 --> Global POST, GET and COOKIE data sanitized
INFO - 2019-01-16 04:39:34 --> Input Class Initialized
INFO - 2019-01-16 04:39:34 --> Language Class Initialized
INFO - 2019-01-16 04:39:34 --> Language Class Initialized
INFO - 2019-01-16 04:39:34 --> Config Class Initialized
INFO - 2019-01-16 04:39:34 --> Loader Class Initialized
DEBUG - 2019-01-16 04:39:34 --> File loaded: C:\xampp\htdocs\ci\ussiweb\application\modules/admin/config/site.php
INFO - 2019-01-16 04:39:34 --> Helper loaded: url_helper
INFO - 2019-01-16 04:39:34 --> Helper loaded: inflector_helper
INFO - 2019-01-16 04:39:34 --> Helper loaded: string_helper
INFO - 2019-01-16 04:39:34 --> Helper loaded: array_helper
INFO - 2019-01-16 04:39:34 --> Database Driver Class Initialized
DEBUG - 2019-01-16 04:39:34 --> File loaded: C:\xampp\htdocs\ci\ussiweb\application\modules/admin/config/ion_auth.php
DEBUG - 2019-01-16 04:39:34 --> File loaded: C:\xampp\htdocs\ci\ussiweb\application\modules/admin/config/ion_auth.php
INFO - 2019-01-16 04:39:35 --> Email Class Initialized
INFO - 2019-01-16 04:39:35 --> Language file loaded: language/english/ion_auth_lang.php
INFO - 2019-01-16 04:39:35 --> Helper loaded: cookie_helper
INFO - 2019-01-16 04:39:35 --> Helper loaded: language_helper
DEBUG - 2019-01-16 04:39:35 --> Session: "sess_save_path" is empty; using "session.save_path" value from php.ini.
INFO - 2019-01-16 04:39:35 --> Session: Class initialized using 'files' driver.
INFO - 2019-01-16 04:39:35 --> Model Class Initialized
INFO - 2019-01-16 04:39:35 --> Helper loaded: date_helper
INFO - 2019-01-16 04:39:35 --> User Agent Class Initialized
DEBUG - 2019-01-16 04:39:35 --> File loaded: C:\xampp\htdocs\ci\ussiweb\application\modules/admin/config/autoload.php
DEBUG - 2019-01-16 04:39:35 --> File loaded: C:\xampp\htdocs\ci\ussiweb\application\modules/admin/config/form_validation.php
INFO - 2019-01-16 04:39:35 --> Helper loaded: form_helper
INFO - 2019-01-16 04:39:35 --> Form Validation Class Initialized
INFO - 2019-01-16 04:39:35 --> Model Class Initialized
INFO - 2019-01-16 04:39:35 --> Model Class Initialized
INFO - 2019-01-16 04:39:35 --> Model Class Initialized
INFO - 2019-01-16 04:39:35 --> Model Class Initialized
INFO - 2019-01-16 04:39:35 --> Model Class Initialized
INFO - 2019-01-16 04:39:35 --> Model Class Initialized
INFO - 2019-01-16 04:39:35 --> Model Class Initialized
INFO - 2019-01-16 04:39:35 --> Model Class Initialized
INFO - 2019-01-16 04:39:35 --> Model Class Initialized
INFO - 2019-01-16 04:39:35 --> Model Class Initialized
INFO - 2019-01-16 04:39:35 --> Model Class Initialized
INFO - 2019-01-16 04:39:35 --> Model Class Initialized
INFO - 2019-01-16 04:39:35 --> Model Class Initialized
INFO - 2019-01-16 04:39:35 --> Controller Class Initialized
DEBUG - 2019-01-16 04:39:35 --> Home MX_Controller Initialized
DEBUG - 2019-01-16 04:39:35 --> File loaded: C:\xampp\htdocs\ci\ussiweb\application\modules/admin/config/autoload.php
INFO - 2019-01-16 04:39:35 --> Config Class Initialized
INFO - 2019-01-16 04:39:35 --> Hooks Class Initialized
DEBUG - 2019-01-16 04:39:35 --> UTF-8 Support Enabled
INFO - 2019-01-16 04:39:35 --> Utf8 Class Initialized
INFO - 2019-01-16 04:39:35 --> URI Class Initialized
DEBUG - 2019-01-16 04:39:35 --> File loaded: C:\xampp\htdocs\ci\ussiweb\application\modules/admin/config/routes.php
INFO - 2019-01-16 04:39:35 --> Router Class Initialized
INFO - 2019-01-16 04:39:35 --> Output Class Initialized
INFO - 2019-01-16 04:39:35 --> Security Class Initialized
DEBUG - 2019-01-16 04:39:35 --> Global POST, GET and COOKIE data sanitized
INFO - 2019-01-16 04:39:35 --> Input Class Initialized
INFO - 2019-01-16 04:39:35 --> Language Class Initialized
INFO - 2019-01-16 04:39:35 --> Language Class Initialized
INFO - 2019-01-16 04:39:35 --> Config Class Initialized
INFO - 2019-01-16 04:39:35 --> Loader Class Initialized
DEBUG - 2019-01-16 04:39:35 --> File loaded: C:\xampp\htdocs\ci\ussiweb\application\modules/admin/config/site.php
INFO - 2019-01-16 04:39:35 --> Helper loaded: url_helper
INFO - 2019-01-16 04:39:35 --> Helper loaded: inflector_helper
INFO - 2019-01-16 04:39:35 --> Helper loaded: string_helper
INFO - 2019-01-16 04:39:35 --> Helper loaded: array_helper
INFO - 2019-01-16 04:39:35 --> Database Driver Class Initialized
DEBUG - 2019-01-16 04:39:35 --> File loaded: C:\xampp\htdocs\ci\ussiweb\application\modules/admin/config/ion_auth.php
DEBUG - 2019-01-16 04:39:35 --> File loaded: C:\xampp\htdocs\ci\ussiweb\application\modules/admin/config/ion_auth.php
INFO - 2019-01-16 04:39:35 --> Email Class Initialized
INFO - 2019-01-16 04:39:35 --> Language file loaded: language/english/ion_auth_lang.php
INFO - 2019-01-16 04:39:35 --> Helper loaded: cookie_helper
INFO - 2019-01-16 04:39:35 --> Helper loaded: language_helper
DEBUG - 2019-01-16 04:39:35 --> Session: "sess_save_path" is empty; using "session.save_path" value from php.ini.
INFO - 2019-01-16 04:39:35 --> Session: Class initialized using 'files' driver.
INFO - 2019-01-16 04:39:35 --> Model Class Initialized
INFO - 2019-01-16 04:39:35 --> Helper loaded: date_helper
INFO - 2019-01-16 04:39:35 --> User Agent Class Initialized
DEBUG - 2019-01-16 04:39:35 --> File loaded: C:\xampp\htdocs\ci\ussiweb\application\modules/admin/config/autoload.php
DEBUG - 2019-01-16 04:39:35 --> File loaded: C:\xampp\htdocs\ci\ussiweb\application\modules/admin/config/form_validation.php
INFO - 2019-01-16 04:39:35 --> Helper loaded: form_helper
INFO - 2019-01-16 04:39:35 --> Form Validation Class Initialized
INFO - 2019-01-16 04:39:35 --> Model Class Initialized
INFO - 2019-01-16 04:39:35 --> Model Class Initialized
INFO - 2019-01-16 04:39:35 --> Model Class Initialized
INFO - 2019-01-16 04:39:35 --> Model Class Initialized
INFO - 2019-01-16 04:39:35 --> Model Class Initialized
INFO - 2019-01-16 04:39:35 --> Model Class Initialized
INFO - 2019-01-16 04:39:35 --> Model Class Initialized
INFO - 2019-01-16 04:39:35 --> Model Class Initialized
INFO - 2019-01-16 04:39:35 --> Model Class Initialized
INFO - 2019-01-16 04:39:35 --> Model Class Initialized
INFO - 2019-01-16 04:39:35 --> Model Class Initialized
INFO - 2019-01-16 04:39:35 --> Model Class Initialized
INFO - 2019-01-16 04:39:35 --> Model Class Initialized
INFO - 2019-01-16 04:39:35 --> Controller Class Initialized
DEBUG - 2019-01-16 04:39:35 --> Login MX_Controller Initialized
DEBUG - 2019-01-16 04:39:35 --> File loaded: C:\xampp\htdocs\ci\ussiweb\application\modules/admin/config/autoload.php
DEBUG - 2019-01-16 10:39:35 --> File loaded: C:\xampp\htdocs\ci\ussiweb\application\modules/admin/config/form_validation.php
DEBUG - 2019-01-16 10:39:35 --> File loaded: C:\xampp\htdocs\ci\ussiweb\application\views\_base/head.php
DEBUG - 2019-01-16 10:39:35 --> File loaded: C:\xampp\htdocs\ci\ussiweb\application\modules/admin/views/login.php
DEBUG - 2019-01-16 10:39:35 --> File loaded: C:\xampp\htdocs\ci\ussiweb\application\views\_layouts/empty.php
DEBUG - 2019-01-16 10:39:35 --> File loaded: C:\xampp\htdocs\ci\ussiweb\application\views\_partials/ga.php
DEBUG - 2019-01-16 10:39:35 --> File loaded: C:\xampp\htdocs\ci\ussiweb\application\views\_base/foot.php
INFO - 2019-01-16 10:39:35 --> Final output sent to browser
DEBUG - 2019-01-16 10:39:35 --> Total execution time: 0.2018
INFO - 2019-01-16 04:39:37 --> Config Class Initialized
INFO - 2019-01-16 04:39:37 --> Hooks Class Initialized
DEBUG - 2019-01-16 04:39:37 --> UTF-8 Support Enabled
INFO - 2019-01-16 04:39:37 --> Utf8 Class Initialized
INFO - 2019-01-16 04:39:37 --> URI Class Initialized
DEBUG - 2019-01-16 04:39:37 --> File loaded: C:\xampp\htdocs\ci\ussiweb\application\modules/admin/config/routes.php
INFO - 2019-01-16 04:39:37 --> Router Class Initialized
INFO - 2019-01-16 04:39:37 --> Output Class Initialized
INFO - 2019-01-16 04:39:37 --> Security Class Initialized
DEBUG - 2019-01-16 04:39:37 --> Global POST, GET and COOKIE data sanitized
INFO - 2019-01-16 04:39:37 --> Input Class Initialized
INFO - 2019-01-16 04:39:37 --> Language Class Initialized
INFO - 2019-01-16 04:39:37 --> Language Class Initialized
INFO - 2019-01-16 04:39:37 --> Config Class Initialized
INFO - 2019-01-16 04:39:37 --> Loader Class Initialized
DEBUG - 2019-01-16 04:39:37 --> File loaded: C:\xampp\htdocs\ci\ussiweb\application\modules/admin/config/site.php
INFO - 2019-01-16 04:39:37 --> Helper loaded: url_helper
INFO - 2019-01-16 04:39:37 --> Helper loaded: inflector_helper
INFO - 2019-01-16 04:39:37 --> Helper loaded: string_helper
INFO - 2019-01-16 04:39:37 --> Helper loaded: array_helper
INFO - 2019-01-16 04:39:37 --> Database Driver Class Initialized
DEBUG - 2019-01-16 04:39:37 --> File loaded: C:\xampp\htdocs\ci\ussiweb\application\modules/admin/config/ion_auth.php
DEBUG - 2019-01-16 04:39:37 --> File loaded: C:\xampp\htdocs\ci\ussiweb\application\modules/admin/config/ion_auth.php
INFO - 2019-01-16 04:39:37 --> Email Class Initialized
INFO - 2019-01-16 04:39:37 --> Language file loaded: language/english/ion_auth_lang.php
INFO - 2019-01-16 04:39:37 --> Helper loaded: cookie_helper
INFO - 2019-01-16 04:39:37 --> Helper loaded: language_helper
DEBUG - 2019-01-16 04:39:37 --> Session: "sess_save_path" is empty; using "session.save_path" value from php.ini.
INFO - 2019-01-16 04:39:37 --> Session: Class initialized using 'files' driver.
INFO - 2019-01-16 04:39:37 --> Model Class Initialized
INFO - 2019-01-16 04:39:37 --> Helper loaded: date_helper
INFO - 2019-01-16 04:39:37 --> User Agent Class Initialized
DEBUG - 2019-01-16 04:39:37 --> File loaded: C:\xampp\htdocs\ci\ussiweb\application\modules/admin/config/autoload.php
DEBUG - 2019-01-16 04:39:37 --> File loaded: C:\xampp\htdocs\ci\ussiweb\application\modules/admin/config/form_validation.php
INFO - 2019-01-16 04:39:37 --> Helper loaded: form_helper
INFO - 2019-01-16 04:39:37 --> Form Validation Class Initialized
INFO - 2019-01-16 04:39:37 --> Model Class Initialized
INFO - 2019-01-16 04:39:37 --> Model Class Initialized
INFO - 2019-01-16 04:39:37 --> Model Class Initialized
INFO - 2019-01-16 04:39:37 --> Model Class Initialized
INFO - 2019-01-16 04:39:37 --> Model Class Initialized
INFO - 2019-01-16 04:39:37 --> Model Class Initialized
INFO - 2019-01-16 04:39:37 --> Model Class Initialized
INFO - 2019-01-16 04:39:37 --> Model Class Initialized
INFO - 2019-01-16 04:39:37 --> Model Class Initialized
INFO - 2019-01-16 04:39:37 --> Model Class Initialized
INFO - 2019-01-16 04:39:37 --> Model Class Initialized
INFO - 2019-01-16 04:39:37 --> Model Class Initialized
INFO - 2019-01-16 04:39:37 --> Model Class Initialized
INFO - 2019-01-16 04:39:37 --> Controller Class Initialized
DEBUG - 2019-01-16 04:39:37 --> Login MX_Controller Initialized
DEBUG - 2019-01-16 04:39:37 --> File loaded: C:\xampp\htdocs\ci\ussiweb\application\modules/admin/config/autoload.php
DEBUG - 2019-01-16 10:39:37 --> File loaded: C:\xampp\htdocs\ci\ussiweb\application\modules/admin/config/form_validation.php
INFO - 2019-01-16 10:39:37 --> Language file loaded: language/english/form_validation_lang.php
INFO - 2019-01-16 04:39:37 --> Config Class Initialized
INFO - 2019-01-16 04:39:37 --> Hooks Class Initialized
DEBUG - 2019-01-16 04:39:37 --> UTF-8 Support Enabled
INFO - 2019-01-16 04:39:37 --> Utf8 Class Initialized
INFO - 2019-01-16 04:39:37 --> URI Class Initialized
DEBUG - 2019-01-16 04:39:37 --> File loaded: C:\xampp\htdocs\ci\ussiweb\application\modules/admin/config/routes.php
INFO - 2019-01-16 04:39:37 --> Router Class Initialized
INFO - 2019-01-16 04:39:37 --> Output Class Initialized
INFO - 2019-01-16 04:39:37 --> Security Class Initialized
DEBUG - 2019-01-16 04:39:37 --> Global POST, GET and COOKIE data sanitized
INFO - 2019-01-16 04:39:37 --> Input Class Initialized
INFO - 2019-01-16 04:39:37 --> Language Class Initialized
INFO - 2019-01-16 04:39:37 --> Language Class Initialized
INFO - 2019-01-16 04:39:37 --> Config Class Initialized
INFO - 2019-01-16 04:39:37 --> Loader Class Initialized
DEBUG - 2019-01-16 04:39:37 --> File loaded: C:\xampp\htdocs\ci\ussiweb\application\modules/admin/config/site.php
INFO - 2019-01-16 04:39:37 --> Helper loaded: url_helper
INFO - 2019-01-16 04:39:37 --> Helper loaded: inflector_helper
INFO - 2019-01-16 04:39:37 --> Helper loaded: string_helper
INFO - 2019-01-16 04:39:37 --> Helper loaded: array_helper
INFO - 2019-01-16 04:39:37 --> Database Driver Class Initialized
DEBUG - 2019-01-16 04:39:37 --> File loaded: C:\xampp\htdocs\ci\ussiweb\application\modules/admin/config/ion_auth.php
DEBUG - 2019-01-16 04:39:37 --> File loaded: C:\xampp\htdocs\ci\ussiweb\application\modules/admin/config/ion_auth.php
INFO - 2019-01-16 04:39:37 --> Email Class Initialized
INFO - 2019-01-16 04:39:37 --> Language file loaded: language/english/ion_auth_lang.php
INFO - 2019-01-16 04:39:37 --> Helper loaded: cookie_helper
INFO - 2019-01-16 04:39:37 --> Helper loaded: language_helper
DEBUG - 2019-01-16 04:39:37 --> Session: "sess_save_path" is empty; using "session.save_path" value from php.ini.
INFO - 2019-01-16 04:39:37 --> Session: Class initialized using 'files' driver.
INFO - 2019-01-16 04:39:37 --> Model Class Initialized
INFO - 2019-01-16 04:39:37 --> Helper loaded: date_helper
INFO - 2019-01-16 04:39:37 --> User Agent Class Initialized
DEBUG - 2019-01-16 04:39:37 --> File loaded: C:\xampp\htdocs\ci\ussiweb\application\modules/admin/config/autoload.php
DEBUG - 2019-01-16 04:39:37 --> File loaded: C:\xampp\htdocs\ci\ussiweb\application\modules/admin/config/form_validation.php
INFO - 2019-01-16 04:39:37 --> Helper loaded: form_helper
INFO - 2019-01-16 04:39:37 --> Form Validation Class Initialized
INFO - 2019-01-16 04:39:37 --> Model Class Initialized
INFO - 2019-01-16 04:39:37 --> Model Class Initialized
INFO - 2019-01-16 04:39:37 --> Model Class Initialized
INFO - 2019-01-16 04:39:37 --> Model Class Initialized
INFO - 2019-01-16 04:39:37 --> Model Class Initialized
INFO - 2019-01-16 04:39:37 --> Model Class Initialized
INFO - 2019-01-16 04:39:37 --> Model Class Initialized
INFO - 2019-01-16 04:39:37 --> Model Class Initialized
INFO - 2019-01-16 04:39:37 --> Model Class Initialized
INFO - 2019-01-16 04:39:37 --> Model Class Initialized
INFO - 2019-01-16 04:39:37 --> Model Class Initialized
INFO - 2019-01-16 04:39:37 --> Model Class Initialized
INFO - 2019-01-16 04:39:37 --> Model Class Initialized
INFO - 2019-01-16 04:39:37 --> Controller Class Initialized
DEBUG - 2019-01-16 04:39:37 --> Login MX_Controller Initialized
DEBUG - 2019-01-16 04:39:37 --> File loaded: C:\xampp\htdocs\ci\ussiweb\application\modules/admin/config/autoload.php
DEBUG - 2019-01-16 10:39:37 --> File loaded: C:\xampp\htdocs\ci\ussiweb\application\modules/admin/config/form_validation.php
DEBUG - 2019-01-16 10:39:37 --> File loaded: C:\xampp\htdocs\ci\ussiweb\application\views\_base/head.php
DEBUG - 2019-01-16 10:39:37 --> File loaded: C:\xampp\htdocs\ci\ussiweb\application\modules/admin/views/login.php
DEBUG - 2019-01-16 10:39:37 --> File loaded: C:\xampp\htdocs\ci\ussiweb\application\views\_layouts/empty.php
DEBUG - 2019-01-16 10:39:37 --> File loaded: C:\xampp\htdocs\ci\ussiweb\application\views\_partials/ga.php
DEBUG - 2019-01-16 10:39:37 --> File loaded: C:\xampp\htdocs\ci\ussiweb\application\views\_base/foot.php
INFO - 2019-01-16 10:39:37 --> Final output sent to browser
DEBUG - 2019-01-16 10:39:37 --> Total execution time: 0.2041
