INFO - 2019-01-28 10:13:17 --> Config Class Initialized
INFO - 2019-01-28 10:13:17 --> Hooks Class Initialized
DEBUG - 2019-01-28 10:13:17 --> UTF-8 Support Enabled
INFO - 2019-01-28 10:13:17 --> Utf8 Class Initialized
INFO - 2019-01-28 10:13:17 --> URI Class Initialized
INFO - 2019-01-28 10:13:17 --> Router Class Initialized
INFO - 2019-01-28 10:13:17 --> Output Class Initialized
INFO - 2019-01-28 10:13:17 --> Security Class Initialized
DEBUG - 2019-01-28 10:13:17 --> Global POST, GET and COOKIE data sanitized
INFO - 2019-01-28 10:13:17 --> Input Class Initialized
INFO - 2019-01-28 10:13:17 --> Language Class Initialized
INFO - 2019-01-28 10:13:17 --> Language Class Initialized
INFO - 2019-01-28 10:13:17 --> Config Class Initialized
INFO - 2019-01-28 10:13:17 --> Loader Class Initialized
DEBUG - 2019-01-28 10:13:17 --> File loaded: C:\xampp\htdocs\ci\ussiweb\application\modules/api/config/site.php
INFO - 2019-01-28 10:13:17 --> Helper loaded: url_helper
INFO - 2019-01-28 10:13:17 --> Helper loaded: inflector_helper
INFO - 2019-01-28 10:13:17 --> Helper loaded: string_helper
INFO - 2019-01-28 10:13:17 --> Helper loaded: array_helper
INFO - 2019-01-28 10:13:17 --> Database Driver Class Initialized
DEBUG - 2019-01-28 10:13:17 --> Config file loaded: C:\xampp\htdocs\ci\ussiweb\application\config/ion_auth.php
DEBUG - 2019-01-28 10:13:17 --> Config file loaded: C:\xampp\htdocs\ci\ussiweb\application\third_party/ion_auth/config/ion_auth.php
INFO - 2019-01-28 10:13:17 --> Email Class Initialized
INFO - 2019-01-28 10:13:17 --> Language file loaded: language/english/ion_auth_lang.php
INFO - 2019-01-28 10:13:17 --> Helper loaded: cookie_helper
INFO - 2019-01-28 10:13:17 --> Helper loaded: language_helper
DEBUG - 2019-01-28 10:13:17 --> Session: "sess_save_path" is empty; using "session.save_path" value from php.ini.
INFO - 2019-01-28 10:13:17 --> Session: Class initialized using 'files' driver.
INFO - 2019-01-28 10:13:17 --> Model Class Initialized
INFO - 2019-01-28 10:13:17 --> Helper loaded: date_helper
INFO - 2019-01-28 10:13:17 --> User Agent Class Initialized
DEBUG - 2019-01-28 10:13:17 --> File loaded: C:\xampp\htdocs\ci\ussiweb\application\modules/api/config/autoload.php
DEBUG - 2019-01-28 10:13:17 --> User_agent class already loaded. Second attempt ignored.
INFO - 2019-01-28 10:13:17 --> Model Class Initialized
INFO - 2019-01-28 10:13:17 --> Model Class Initialized
INFO - 2019-01-28 10:13:17 --> Model Class Initialized
INFO - 2019-01-28 10:13:18 --> Model Class Initialized
INFO - 2019-01-28 10:13:18 --> Model Class Initialized
INFO - 2019-01-28 10:13:18 --> Model Class Initialized
INFO - 2019-01-28 10:13:18 --> Model Class Initialized
INFO - 2019-01-28 10:13:18 --> Model Class Initialized
INFO - 2019-01-28 10:13:18 --> Model Class Initialized
INFO - 2019-01-28 10:13:18 --> Model Class Initialized
INFO - 2019-01-28 10:13:18 --> Model Class Initialized
INFO - 2019-01-28 10:13:18 --> Model Class Initialized
INFO - 2019-01-28 10:13:18 --> Model Class Initialized
INFO - 2019-01-28 10:13:18 --> Model Class Initialized
INFO - 2019-01-28 10:13:18 --> Model Class Initialized
INFO - 2019-01-28 10:13:18 --> Model Class Initialized
INFO - 2019-01-28 10:13:18 --> Model Class Initialized
INFO - 2019-01-28 10:13:18 --> Model Class Initialized
INFO - 2019-01-28 10:13:18 --> Controller Class Initialized
DEBUG - 2019-01-28 10:13:18 --> Com MX_Controller Initialized
DEBUG - 2019-01-28 10:13:18 --> File loaded: C:\xampp\htdocs\ci\ussiweb\application\modules/api/config/autoload.php
DEBUG - 2019-01-28 10:13:18 --> User_agent class already loaded. Second attempt ignored.
DEBUG - 2019-01-28 10:13:18 --> File loaded: C:\xampp\htdocs\ci\ussiweb\application\modules/api/config/rest.php
DEBUG - 2019-01-28 10:13:18 --> File loaded: C:\xampp\htdocs\ci\ussiweb\application\modules/api/libraries/Format.php
DEBUG - 2019-01-28 10:13:18 --> File loaded: C:\xampp\htdocs\ci\ussiweb\application\modules/api/language/english/rest_controller_lang.php
INFO - 2019-01-28 10:13:18 --> Database Driver Class Initialized
DEBUG - 2019-01-28 16:13:18 --> Commerce MX_Controller Initialized
DEBUG - 2019-01-28 16:13:18 --> File loaded: C:\xampp\htdocs\ci\ussiweb\application\modules/api/config/autoload.php
DEBUG - 2019-01-28 16:13:18 --> User_agent class already loaded. Second attempt ignored.
INFO - 2019-01-28 16:13:18 --> Database Driver Class Initialized
INFO - 2019-01-28 16:13:18 --> Action: begin|API|NFG5vS7XE0hJYL[::1] 
INFO - 2019-01-28 16:13:18 --> Action: receiver |API|NFG5vS7XE0hJYL ---|data: Array([uri] => api/m_nasabah/com/Topup_pln_token[method] => post[params] => a:6:{s:8:"m_userid";s:8:"35201877";s:9:"nasabahid";s:8:"35208160";s:5:"plnid";s:11:"14222094006";s:6:"produk";s:5:"PLN20";s:11:"no_rekening";s:12:"35.01.007925";s:3:"pin";s:4:"9999";}[api_key] => els3j4ht3r4[key_session] => sSwABjcNEWp89P5UaORk[time] => 1548666798)
ERROR - 2019-01-28 16:13:18 --> Query error: Unknown column 'pin_payment' in 'field list' - Invalid query: SELECT `id`, `username`, `first_name`, `last_name`, `nasabah_id`, `active`, `pin_payment`
FROM `users`
WHERE `username` = '35201877'
OR `id` = '35201877'
 LIMIT 1
ERROR - 2019-01-28 16:13:18 --> Severity: error --> Exception: Call to a member function result() on boolean C:\xampp\htdocs\ci\ussiweb\application\models\Admin_user2_model.php 118
INFO - 2019-01-28 10:13:25 --> Config Class Initialized
INFO - 2019-01-28 10:13:25 --> Hooks Class Initialized
DEBUG - 2019-01-28 10:13:25 --> UTF-8 Support Enabled
INFO - 2019-01-28 10:13:25 --> Utf8 Class Initialized
INFO - 2019-01-28 10:13:25 --> URI Class Initialized
INFO - 2019-01-28 10:13:25 --> Router Class Initialized
INFO - 2019-01-28 10:13:25 --> Output Class Initialized
INFO - 2019-01-28 10:13:25 --> Security Class Initialized
DEBUG - 2019-01-28 10:13:25 --> Global POST, GET and COOKIE data sanitized
INFO - 2019-01-28 10:13:25 --> Input Class Initialized
INFO - 2019-01-28 10:13:25 --> Language Class Initialized
INFO - 2019-01-28 10:13:25 --> Language Class Initialized
INFO - 2019-01-28 10:13:25 --> Config Class Initialized
INFO - 2019-01-28 10:13:25 --> Loader Class Initialized
DEBUG - 2019-01-28 10:13:25 --> File loaded: C:\xampp\htdocs\ci\ussiweb\application\modules/api/config/site.php
INFO - 2019-01-28 10:13:25 --> Helper loaded: url_helper
INFO - 2019-01-28 10:13:25 --> Helper loaded: inflector_helper
INFO - 2019-01-28 10:13:25 --> Helper loaded: string_helper
INFO - 2019-01-28 10:13:25 --> Helper loaded: array_helper
INFO - 2019-01-28 10:13:25 --> Database Driver Class Initialized
DEBUG - 2019-01-28 10:13:25 --> Config file loaded: C:\xampp\htdocs\ci\ussiweb\application\config/ion_auth.php
DEBUG - 2019-01-28 10:13:25 --> Config file loaded: C:\xampp\htdocs\ci\ussiweb\application\third_party/ion_auth/config/ion_auth.php
INFO - 2019-01-28 10:13:25 --> Email Class Initialized
INFO - 2019-01-28 10:13:25 --> Language file loaded: language/english/ion_auth_lang.php
INFO - 2019-01-28 10:13:25 --> Helper loaded: cookie_helper
INFO - 2019-01-28 10:13:25 --> Helper loaded: language_helper
DEBUG - 2019-01-28 10:13:25 --> Session: "sess_save_path" is empty; using "session.save_path" value from php.ini.
INFO - 2019-01-28 10:13:25 --> Session: Class initialized using 'files' driver.
INFO - 2019-01-28 10:13:25 --> Model Class Initialized
INFO - 2019-01-28 10:13:25 --> Helper loaded: date_helper
INFO - 2019-01-28 10:13:25 --> User Agent Class Initialized
DEBUG - 2019-01-28 10:13:25 --> File loaded: C:\xampp\htdocs\ci\ussiweb\application\modules/api/config/autoload.php
DEBUG - 2019-01-28 10:13:25 --> User_agent class already loaded. Second attempt ignored.
INFO - 2019-01-28 10:13:25 --> Model Class Initialized
INFO - 2019-01-28 10:13:25 --> Model Class Initialized
INFO - 2019-01-28 10:13:25 --> Model Class Initialized
INFO - 2019-01-28 10:13:25 --> Model Class Initialized
INFO - 2019-01-28 10:13:25 --> Model Class Initialized
INFO - 2019-01-28 10:13:25 --> Model Class Initialized
INFO - 2019-01-28 10:13:25 --> Model Class Initialized
INFO - 2019-01-28 10:13:25 --> Model Class Initialized
INFO - 2019-01-28 10:13:25 --> Model Class Initialized
INFO - 2019-01-28 10:13:25 --> Model Class Initialized
INFO - 2019-01-28 10:13:25 --> Model Class Initialized
INFO - 2019-01-28 10:13:25 --> Model Class Initialized
INFO - 2019-01-28 10:13:25 --> Model Class Initialized
INFO - 2019-01-28 10:13:25 --> Model Class Initialized
INFO - 2019-01-28 10:13:25 --> Model Class Initialized
INFO - 2019-01-28 10:13:25 --> Model Class Initialized
INFO - 2019-01-28 10:13:25 --> Model Class Initialized
INFO - 2019-01-28 10:13:25 --> Model Class Initialized
INFO - 2019-01-28 10:13:25 --> Controller Class Initialized
DEBUG - 2019-01-28 10:13:25 --> Com MX_Controller Initialized
DEBUG - 2019-01-28 10:13:25 --> File loaded: C:\xampp\htdocs\ci\ussiweb\application\modules/api/config/autoload.php
DEBUG - 2019-01-28 10:13:25 --> User_agent class already loaded. Second attempt ignored.
DEBUG - 2019-01-28 10:13:25 --> File loaded: C:\xampp\htdocs\ci\ussiweb\application\modules/api/config/rest.php
DEBUG - 2019-01-28 10:13:25 --> File loaded: C:\xampp\htdocs\ci\ussiweb\application\modules/api/libraries/Format.php
DEBUG - 2019-01-28 10:13:25 --> File loaded: C:\xampp\htdocs\ci\ussiweb\application\modules/api/language/english/rest_controller_lang.php
INFO - 2019-01-28 10:13:25 --> Database Driver Class Initialized
DEBUG - 2019-01-28 16:13:25 --> Commerce MX_Controller Initialized
DEBUG - 2019-01-28 16:13:25 --> File loaded: C:\xampp\htdocs\ci\ussiweb\application\modules/api/config/autoload.php
DEBUG - 2019-01-28 16:13:25 --> User_agent class already loaded. Second attempt ignored.
INFO - 2019-01-28 16:13:25 --> Database Driver Class Initialized
INFO - 2019-01-28 16:13:25 --> Action: begin|API|qdu8JHgQVyM9Dv[::1] 
INFO - 2019-01-28 16:13:25 --> Action: receiver |API|qdu8JHgQVyM9Dv ---|data: Array([uri] => api/m_nasabah/com/topup_pln_token[method] => post[params] => a:6:{s:8:"m_userid";s:8:"35201877";s:9:"nasabahid";s:8:"35208160";s:5:"plnid";s:11:"14222094006";s:6:"produk";s:5:"PLN20";s:11:"no_rekening";s:12:"35.01.007925";s:3:"pin";s:4:"9999";}[api_key] => els3j4ht3r4[key_session] => sSwABjcNEWp89P5UaORk[time] => 1548666805)
ERROR - 2019-01-28 16:13:25 --> Query error: Unknown column 'pin_payment' in 'field list' - Invalid query: SELECT `id`, `username`, `first_name`, `last_name`, `nasabah_id`, `active`, `pin_payment`
FROM `users`
WHERE `username` = '35201877'
OR `id` = '35201877'
 LIMIT 1
ERROR - 2019-01-28 16:13:25 --> Severity: error --> Exception: Call to a member function result() on boolean C:\xampp\htdocs\ci\ussiweb\application\models\Admin_user2_model.php 118
INFO - 2019-01-28 10:21:47 --> Config Class Initialized
INFO - 2019-01-28 10:21:47 --> Hooks Class Initialized
DEBUG - 2019-01-28 10:21:47 --> UTF-8 Support Enabled
INFO - 2019-01-28 10:21:47 --> Utf8 Class Initialized
INFO - 2019-01-28 10:21:47 --> URI Class Initialized
INFO - 2019-01-28 10:21:47 --> Router Class Initialized
INFO - 2019-01-28 10:21:47 --> Output Class Initialized
INFO - 2019-01-28 10:21:47 --> Security Class Initialized
DEBUG - 2019-01-28 10:21:47 --> Global POST, GET and COOKIE data sanitized
INFO - 2019-01-28 10:21:47 --> Input Class Initialized
INFO - 2019-01-28 10:21:47 --> Language Class Initialized
INFO - 2019-01-28 10:21:47 --> Language Class Initialized
INFO - 2019-01-28 10:21:47 --> Config Class Initialized
INFO - 2019-01-28 10:21:47 --> Loader Class Initialized
DEBUG - 2019-01-28 10:21:47 --> File loaded: C:\xampp\htdocs\ci\ussiweb\application\modules/api/config/site.php
INFO - 2019-01-28 10:21:47 --> Helper loaded: url_helper
INFO - 2019-01-28 10:21:47 --> Helper loaded: inflector_helper
INFO - 2019-01-28 10:21:47 --> Helper loaded: string_helper
INFO - 2019-01-28 10:21:47 --> Helper loaded: array_helper
INFO - 2019-01-28 10:21:47 --> Database Driver Class Initialized
DEBUG - 2019-01-28 10:21:47 --> Config file loaded: C:\xampp\htdocs\ci\ussiweb\application\config/ion_auth.php
DEBUG - 2019-01-28 10:21:47 --> Config file loaded: C:\xampp\htdocs\ci\ussiweb\application\third_party/ion_auth/config/ion_auth.php
INFO - 2019-01-28 10:21:47 --> Email Class Initialized
INFO - 2019-01-28 10:21:47 --> Language file loaded: language/english/ion_auth_lang.php
INFO - 2019-01-28 10:21:47 --> Helper loaded: cookie_helper
INFO - 2019-01-28 10:21:47 --> Helper loaded: language_helper
DEBUG - 2019-01-28 10:21:47 --> Session: "sess_save_path" is empty; using "session.save_path" value from php.ini.
INFO - 2019-01-28 10:21:47 --> Session: Class initialized using 'files' driver.
INFO - 2019-01-28 10:21:47 --> Model Class Initialized
INFO - 2019-01-28 10:21:47 --> Helper loaded: date_helper
INFO - 2019-01-28 10:21:47 --> User Agent Class Initialized
DEBUG - 2019-01-28 10:21:47 --> File loaded: C:\xampp\htdocs\ci\ussiweb\application\modules/api/config/autoload.php
DEBUG - 2019-01-28 10:21:47 --> User_agent class already loaded. Second attempt ignored.
INFO - 2019-01-28 10:21:47 --> Model Class Initialized
INFO - 2019-01-28 10:21:47 --> Model Class Initialized
INFO - 2019-01-28 10:21:48 --> Model Class Initialized
INFO - 2019-01-28 10:21:48 --> Model Class Initialized
INFO - 2019-01-28 10:21:48 --> Model Class Initialized
INFO - 2019-01-28 10:21:48 --> Model Class Initialized
INFO - 2019-01-28 10:21:48 --> Model Class Initialized
INFO - 2019-01-28 10:21:48 --> Model Class Initialized
INFO - 2019-01-28 10:21:48 --> Model Class Initialized
INFO - 2019-01-28 10:21:48 --> Model Class Initialized
INFO - 2019-01-28 10:21:48 --> Model Class Initialized
INFO - 2019-01-28 10:21:48 --> Model Class Initialized
INFO - 2019-01-28 10:21:48 --> Model Class Initialized
INFO - 2019-01-28 10:21:48 --> Model Class Initialized
INFO - 2019-01-28 10:21:48 --> Model Class Initialized
INFO - 2019-01-28 10:21:48 --> Model Class Initialized
INFO - 2019-01-28 10:21:48 --> Model Class Initialized
INFO - 2019-01-28 10:21:48 --> Model Class Initialized
INFO - 2019-01-28 10:21:48 --> Controller Class Initialized
DEBUG - 2019-01-28 10:21:48 --> Com MX_Controller Initialized
DEBUG - 2019-01-28 10:21:48 --> File loaded: C:\xampp\htdocs\ci\ussiweb\application\modules/api/config/autoload.php
DEBUG - 2019-01-28 10:21:48 --> User_agent class already loaded. Second attempt ignored.
DEBUG - 2019-01-28 10:21:48 --> File loaded: C:\xampp\htdocs\ci\ussiweb\application\modules/api/config/rest.php
DEBUG - 2019-01-28 10:21:48 --> File loaded: C:\xampp\htdocs\ci\ussiweb\application\modules/api/libraries/Format.php
DEBUG - 2019-01-28 10:21:48 --> File loaded: C:\xampp\htdocs\ci\ussiweb\application\modules/api/language/english/rest_controller_lang.php
INFO - 2019-01-28 10:21:48 --> Database Driver Class Initialized
DEBUG - 2019-01-28 16:21:48 --> Commerce MX_Controller Initialized
DEBUG - 2019-01-28 16:21:48 --> File loaded: C:\xampp\htdocs\ci\ussiweb\application\modules/api/config/autoload.php
DEBUG - 2019-01-28 16:21:48 --> User_agent class already loaded. Second attempt ignored.
INFO - 2019-01-28 16:21:48 --> Database Driver Class Initialized
INFO - 2019-01-28 16:21:48 --> Action: begin|API|5DXTqFLvzesO84[::1] 
INFO - 2019-01-28 16:21:48 --> Action: receiver |API|5DXTqFLvzesO84 ---|data: Array([uri] => api/m_nasabah/com/topup_pln_token[method] => post[params] => a:6:{s:8:"m_userid";s:8:"35201877";s:9:"nasabahid";s:8:"35208160";s:5:"plnid";s:11:"14222094006";s:6:"produk";s:5:"PLN20";s:11:"no_rekening";s:12:"35.01.007925";s:3:"pin";s:4:"9999";}[api_key] => els3j4ht3r4[key_session] => sSwABjcNEWp89P5UaORk[time] => 1548667308)
ERROR - 2019-01-28 16:21:48 --> Query error: Unknown column 'pin_payment' in 'field list' - Invalid query: SELECT `id`, `username`, `first_name`, `last_name`, `nasabah_id`, `active`, `pin_payment`
FROM `users`
WHERE `username` = '35201877'
OR `id` = '35201877'
 LIMIT 1
ERROR - 2019-01-28 16:21:48 --> Severity: error --> Exception: Call to a member function result() on boolean C:\xampp\htdocs\ci\ussiweb\application\models\Admin_user2_model.php 118
INFO - 2019-01-28 10:22:58 --> Config Class Initialized
INFO - 2019-01-28 10:22:58 --> Hooks Class Initialized
DEBUG - 2019-01-28 10:22:58 --> UTF-8 Support Enabled
INFO - 2019-01-28 10:22:58 --> Utf8 Class Initialized
INFO - 2019-01-28 10:22:58 --> URI Class Initialized
INFO - 2019-01-28 10:22:58 --> Router Class Initialized
INFO - 2019-01-28 10:22:58 --> Output Class Initialized
INFO - 2019-01-28 10:22:58 --> Security Class Initialized
DEBUG - 2019-01-28 10:22:58 --> Global POST, GET and COOKIE data sanitized
INFO - 2019-01-28 10:22:58 --> Input Class Initialized
INFO - 2019-01-28 10:22:58 --> Language Class Initialized
INFO - 2019-01-28 10:22:58 --> Language Class Initialized
INFO - 2019-01-28 10:22:58 --> Config Class Initialized
INFO - 2019-01-28 10:22:58 --> Loader Class Initialized
DEBUG - 2019-01-28 10:22:58 --> File loaded: C:\xampp\htdocs\ci\ussiweb\application\modules/api/config/site.php
INFO - 2019-01-28 10:22:58 --> Helper loaded: url_helper
INFO - 2019-01-28 10:22:58 --> Helper loaded: inflector_helper
INFO - 2019-01-28 10:22:58 --> Helper loaded: string_helper
INFO - 2019-01-28 10:22:58 --> Helper loaded: array_helper
INFO - 2019-01-28 10:22:58 --> Database Driver Class Initialized
DEBUG - 2019-01-28 10:22:58 --> Config file loaded: C:\xampp\htdocs\ci\ussiweb\application\config/ion_auth.php
DEBUG - 2019-01-28 10:22:58 --> Config file loaded: C:\xampp\htdocs\ci\ussiweb\application\third_party/ion_auth/config/ion_auth.php
INFO - 2019-01-28 10:22:58 --> Email Class Initialized
INFO - 2019-01-28 10:22:58 --> Language file loaded: language/english/ion_auth_lang.php
INFO - 2019-01-28 10:22:58 --> Helper loaded: cookie_helper
INFO - 2019-01-28 10:22:58 --> Helper loaded: language_helper
DEBUG - 2019-01-28 10:22:58 --> Session: "sess_save_path" is empty; using "session.save_path" value from php.ini.
INFO - 2019-01-28 10:22:58 --> Session: Class initialized using 'files' driver.
INFO - 2019-01-28 10:22:58 --> Model Class Initialized
INFO - 2019-01-28 10:22:58 --> Helper loaded: date_helper
INFO - 2019-01-28 10:22:58 --> User Agent Class Initialized
DEBUG - 2019-01-28 10:22:58 --> File loaded: C:\xampp\htdocs\ci\ussiweb\application\modules/api/config/autoload.php
DEBUG - 2019-01-28 10:22:58 --> User_agent class already loaded. Second attempt ignored.
INFO - 2019-01-28 10:22:58 --> Model Class Initialized
INFO - 2019-01-28 10:22:58 --> Model Class Initialized
INFO - 2019-01-28 10:22:58 --> Model Class Initialized
INFO - 2019-01-28 10:22:58 --> Model Class Initialized
INFO - 2019-01-28 10:22:58 --> Model Class Initialized
INFO - 2019-01-28 10:22:58 --> Model Class Initialized
INFO - 2019-01-28 10:22:58 --> Model Class Initialized
INFO - 2019-01-28 10:22:58 --> Model Class Initialized
INFO - 2019-01-28 10:22:58 --> Model Class Initialized
INFO - 2019-01-28 10:22:58 --> Model Class Initialized
INFO - 2019-01-28 10:22:58 --> Model Class Initialized
INFO - 2019-01-28 10:22:58 --> Model Class Initialized
INFO - 2019-01-28 10:22:58 --> Model Class Initialized
INFO - 2019-01-28 10:22:58 --> Model Class Initialized
INFO - 2019-01-28 10:22:58 --> Model Class Initialized
INFO - 2019-01-28 10:22:58 --> Model Class Initialized
INFO - 2019-01-28 10:22:58 --> Model Class Initialized
INFO - 2019-01-28 10:22:58 --> Model Class Initialized
INFO - 2019-01-28 10:22:58 --> Controller Class Initialized
DEBUG - 2019-01-28 10:22:58 --> Com MX_Controller Initialized
DEBUG - 2019-01-28 10:22:58 --> File loaded: C:\xampp\htdocs\ci\ussiweb\application\modules/api/config/autoload.php
DEBUG - 2019-01-28 10:22:58 --> User_agent class already loaded. Second attempt ignored.
DEBUG - 2019-01-28 10:22:58 --> File loaded: C:\xampp\htdocs\ci\ussiweb\application\modules/api/config/rest.php
DEBUG - 2019-01-28 10:22:58 --> File loaded: C:\xampp\htdocs\ci\ussiweb\application\modules/api/libraries/Format.php
DEBUG - 2019-01-28 10:22:58 --> File loaded: C:\xampp\htdocs\ci\ussiweb\application\modules/api/language/english/rest_controller_lang.php
INFO - 2019-01-28 10:22:58 --> Database Driver Class Initialized
DEBUG - 2019-01-28 16:22:58 --> Commerce MX_Controller Initialized
DEBUG - 2019-01-28 16:22:58 --> File loaded: C:\xampp\htdocs\ci\ussiweb\application\modules/api/config/autoload.php
DEBUG - 2019-01-28 16:22:58 --> User_agent class already loaded. Second attempt ignored.
INFO - 2019-01-28 16:22:58 --> Database Driver Class Initialized
INFO - 2019-01-28 16:22:58 --> Action: begin|API|Wn62qRTJ5Up1Ya[::1] 
INFO - 2019-01-28 16:22:58 --> Action: receiver |API|Wn62qRTJ5Up1Ya ---|data: Array([uri] => api/m_nasabah/com/topup_pln_token[method] => post[params] => a:6:{s:8:"m_userid";s:8:"35201877";s:9:"nasabahid";s:8:"35208160";s:5:"plnid";s:11:"14222094006";s:6:"produk";s:5:"PLN20";s:11:"no_rekening";s:12:"35.01.007925";s:3:"pin";s:4:"9999";}[api_key] => els3j4ht3r4[key_session] => sSwABjcNEWp89P5UaORk[time] => 1548667378)
ERROR - 2019-01-28 16:22:58 --> Query error: Unknown column 'pin_payment' in 'field list' - Invalid query: SELECT `id`, `username`, `first_name`, `last_name`, `nasabah_id`, `active`, `pin_payment`
FROM `users`
WHERE `username` = '35201877'
OR `id` = '35201877'
ERROR - 2019-01-28 16:22:58 --> Severity: error --> Exception: Call to a member function result() on boolean C:\xampp\htdocs\ci\ussiweb\application\models\Admin_user2_model.php 118
INFO - 2019-01-28 10:24:17 --> Config Class Initialized
INFO - 2019-01-28 10:24:17 --> Hooks Class Initialized
DEBUG - 2019-01-28 10:24:17 --> UTF-8 Support Enabled
INFO - 2019-01-28 10:24:17 --> Utf8 Class Initialized
INFO - 2019-01-28 10:24:17 --> URI Class Initialized
INFO - 2019-01-28 10:24:17 --> Router Class Initialized
INFO - 2019-01-28 10:24:17 --> Output Class Initialized
INFO - 2019-01-28 10:24:17 --> Security Class Initialized
DEBUG - 2019-01-28 10:24:17 --> Global POST, GET and COOKIE data sanitized
INFO - 2019-01-28 10:24:17 --> Input Class Initialized
INFO - 2019-01-28 10:24:17 --> Language Class Initialized
INFO - 2019-01-28 10:24:17 --> Language Class Initialized
INFO - 2019-01-28 10:24:17 --> Config Class Initialized
INFO - 2019-01-28 10:24:17 --> Loader Class Initialized
DEBUG - 2019-01-28 10:24:17 --> File loaded: C:\xampp\htdocs\ci\ussiweb\application\modules/api/config/site.php
INFO - 2019-01-28 10:24:17 --> Helper loaded: url_helper
INFO - 2019-01-28 10:24:17 --> Helper loaded: inflector_helper
INFO - 2019-01-28 10:24:17 --> Helper loaded: string_helper
INFO - 2019-01-28 10:24:17 --> Helper loaded: array_helper
INFO - 2019-01-28 10:24:17 --> Database Driver Class Initialized
DEBUG - 2019-01-28 10:24:17 --> Config file loaded: C:\xampp\htdocs\ci\ussiweb\application\config/ion_auth.php
DEBUG - 2019-01-28 10:24:17 --> Config file loaded: C:\xampp\htdocs\ci\ussiweb\application\third_party/ion_auth/config/ion_auth.php
INFO - 2019-01-28 10:24:17 --> Email Class Initialized
INFO - 2019-01-28 10:24:17 --> Language file loaded: language/english/ion_auth_lang.php
INFO - 2019-01-28 10:24:17 --> Helper loaded: cookie_helper
INFO - 2019-01-28 10:24:17 --> Helper loaded: language_helper
DEBUG - 2019-01-28 10:24:17 --> Session: "sess_save_path" is empty; using "session.save_path" value from php.ini.
INFO - 2019-01-28 10:24:17 --> Session: Class initialized using 'files' driver.
INFO - 2019-01-28 10:24:17 --> Model Class Initialized
INFO - 2019-01-28 10:24:17 --> Helper loaded: date_helper
INFO - 2019-01-28 10:24:17 --> User Agent Class Initialized
DEBUG - 2019-01-28 10:24:17 --> File loaded: C:\xampp\htdocs\ci\ussiweb\application\modules/api/config/autoload.php
DEBUG - 2019-01-28 10:24:17 --> User_agent class already loaded. Second attempt ignored.
INFO - 2019-01-28 10:24:17 --> Model Class Initialized
INFO - 2019-01-28 10:24:17 --> Model Class Initialized
INFO - 2019-01-28 10:24:17 --> Model Class Initialized
INFO - 2019-01-28 10:24:17 --> Model Class Initialized
INFO - 2019-01-28 10:24:17 --> Model Class Initialized
INFO - 2019-01-28 10:24:17 --> Model Class Initialized
INFO - 2019-01-28 10:24:17 --> Model Class Initialized
INFO - 2019-01-28 10:24:17 --> Model Class Initialized
INFO - 2019-01-28 10:24:17 --> Model Class Initialized
INFO - 2019-01-28 10:24:17 --> Model Class Initialized
INFO - 2019-01-28 10:24:17 --> Model Class Initialized
INFO - 2019-01-28 10:24:17 --> Model Class Initialized
INFO - 2019-01-28 10:24:17 --> Model Class Initialized
INFO - 2019-01-28 10:24:17 --> Model Class Initialized
INFO - 2019-01-28 10:24:17 --> Model Class Initialized
INFO - 2019-01-28 10:24:17 --> Model Class Initialized
INFO - 2019-01-28 10:24:17 --> Model Class Initialized
INFO - 2019-01-28 10:24:17 --> Model Class Initialized
INFO - 2019-01-28 10:24:17 --> Controller Class Initialized
DEBUG - 2019-01-28 10:24:17 --> Com MX_Controller Initialized
DEBUG - 2019-01-28 10:24:17 --> File loaded: C:\xampp\htdocs\ci\ussiweb\application\modules/api/config/autoload.php
DEBUG - 2019-01-28 10:24:17 --> User_agent class already loaded. Second attempt ignored.
DEBUG - 2019-01-28 10:24:17 --> File loaded: C:\xampp\htdocs\ci\ussiweb\application\modules/api/config/rest.php
DEBUG - 2019-01-28 10:24:17 --> File loaded: C:\xampp\htdocs\ci\ussiweb\application\modules/api/libraries/Format.php
DEBUG - 2019-01-28 10:24:17 --> File loaded: C:\xampp\htdocs\ci\ussiweb\application\modules/api/language/english/rest_controller_lang.php
INFO - 2019-01-28 10:24:17 --> Database Driver Class Initialized
DEBUG - 2019-01-28 16:24:17 --> Commerce MX_Controller Initialized
DEBUG - 2019-01-28 16:24:17 --> File loaded: C:\xampp\htdocs\ci\ussiweb\application\modules/api/config/autoload.php
DEBUG - 2019-01-28 16:24:17 --> User_agent class already loaded. Second attempt ignored.
INFO - 2019-01-28 16:24:17 --> Database Driver Class Initialized
INFO - 2019-01-28 16:24:17 --> Action: begin|API|mX8aJjLkClqSnY[::1] 
INFO - 2019-01-28 16:24:17 --> Action: receiver |API|mX8aJjLkClqSnY ---|data: Array([uri] => api/m_nasabah/com/topup_pln_token[method] => post[params] => a:6:{s:8:"m_userid";s:8:"35201877";s:9:"nasabahid";s:8:"35208160";s:5:"plnid";s:11:"14222094006";s:6:"produk";s:5:"PLN20";s:11:"no_rekening";s:12:"35.01.007925";s:3:"pin";s:4:"9999";}[api_key] => els3j4ht3r4[key_session] => sSwABjcNEWp89P5UaORk[time] => 1548667457)
ERROR - 2019-01-28 16:24:17 --> Query error: Unknown column 'pin_payment' in 'field list' - Invalid query: SELECT `id`, `username`, `first_name`, `last_name`, `nasabah_id`, `active`, `pin_payment`
FROM `users`
WHERE `username` = '35201877'
OR `id` = '35201877'
 LIMIT 1
ERROR - 2019-01-28 16:24:17 --> Severity: error --> Exception: Call to a member function result() on boolean C:\xampp\htdocs\ci\ussiweb\application\models\Admin_user2_model.php 118
INFO - 2019-01-28 10:25:02 --> Config Class Initialized
INFO - 2019-01-28 10:25:02 --> Hooks Class Initialized
DEBUG - 2019-01-28 10:25:02 --> UTF-8 Support Enabled
INFO - 2019-01-28 10:25:02 --> Utf8 Class Initialized
INFO - 2019-01-28 10:25:02 --> URI Class Initialized
INFO - 2019-01-28 10:25:02 --> Router Class Initialized
INFO - 2019-01-28 10:25:02 --> Output Class Initialized
INFO - 2019-01-28 10:25:02 --> Security Class Initialized
DEBUG - 2019-01-28 10:25:02 --> Global POST, GET and COOKIE data sanitized
INFO - 2019-01-28 10:25:02 --> Input Class Initialized
INFO - 2019-01-28 10:25:02 --> Language Class Initialized
INFO - 2019-01-28 10:25:02 --> Language Class Initialized
INFO - 2019-01-28 10:25:02 --> Config Class Initialized
INFO - 2019-01-28 10:25:02 --> Loader Class Initialized
DEBUG - 2019-01-28 10:25:02 --> File loaded: C:\xampp\htdocs\ci\ussiweb\application\modules/api/config/site.php
INFO - 2019-01-28 10:25:02 --> Helper loaded: url_helper
INFO - 2019-01-28 10:25:02 --> Helper loaded: inflector_helper
INFO - 2019-01-28 10:25:02 --> Helper loaded: string_helper
INFO - 2019-01-28 10:25:02 --> Helper loaded: array_helper
INFO - 2019-01-28 10:25:02 --> Database Driver Class Initialized
DEBUG - 2019-01-28 10:25:02 --> Config file loaded: C:\xampp\htdocs\ci\ussiweb\application\config/ion_auth.php
DEBUG - 2019-01-28 10:25:02 --> Config file loaded: C:\xampp\htdocs\ci\ussiweb\application\third_party/ion_auth/config/ion_auth.php
INFO - 2019-01-28 10:25:02 --> Email Class Initialized
INFO - 2019-01-28 10:25:02 --> Language file loaded: language/english/ion_auth_lang.php
INFO - 2019-01-28 10:25:02 --> Helper loaded: cookie_helper
INFO - 2019-01-28 10:25:02 --> Helper loaded: language_helper
DEBUG - 2019-01-28 10:25:02 --> Session: "sess_save_path" is empty; using "session.save_path" value from php.ini.
INFO - 2019-01-28 10:25:02 --> Session: Class initialized using 'files' driver.
INFO - 2019-01-28 10:25:02 --> Model Class Initialized
INFO - 2019-01-28 10:25:02 --> Helper loaded: date_helper
INFO - 2019-01-28 10:25:02 --> User Agent Class Initialized
DEBUG - 2019-01-28 10:25:02 --> File loaded: C:\xampp\htdocs\ci\ussiweb\application\modules/api/config/autoload.php
DEBUG - 2019-01-28 10:25:02 --> User_agent class already loaded. Second attempt ignored.
INFO - 2019-01-28 10:25:02 --> Model Class Initialized
INFO - 2019-01-28 10:25:02 --> Model Class Initialized
INFO - 2019-01-28 10:25:02 --> Model Class Initialized
INFO - 2019-01-28 10:25:02 --> Model Class Initialized
INFO - 2019-01-28 10:25:02 --> Model Class Initialized
INFO - 2019-01-28 10:25:02 --> Model Class Initialized
INFO - 2019-01-28 10:25:02 --> Model Class Initialized
INFO - 2019-01-28 10:25:02 --> Model Class Initialized
INFO - 2019-01-28 10:25:02 --> Model Class Initialized
INFO - 2019-01-28 10:25:02 --> Model Class Initialized
INFO - 2019-01-28 10:25:02 --> Model Class Initialized
INFO - 2019-01-28 10:25:02 --> Model Class Initialized
INFO - 2019-01-28 10:25:02 --> Model Class Initialized
INFO - 2019-01-28 10:25:02 --> Model Class Initialized
INFO - 2019-01-28 10:25:02 --> Model Class Initialized
INFO - 2019-01-28 10:25:02 --> Model Class Initialized
INFO - 2019-01-28 10:25:02 --> Model Class Initialized
INFO - 2019-01-28 10:25:02 --> Model Class Initialized
INFO - 2019-01-28 10:25:02 --> Controller Class Initialized
DEBUG - 2019-01-28 10:25:02 --> Com MX_Controller Initialized
DEBUG - 2019-01-28 10:25:02 --> File loaded: C:\xampp\htdocs\ci\ussiweb\application\modules/api/config/autoload.php
DEBUG - 2019-01-28 10:25:02 --> User_agent class already loaded. Second attempt ignored.
DEBUG - 2019-01-28 10:25:02 --> File loaded: C:\xampp\htdocs\ci\ussiweb\application\modules/api/config/rest.php
DEBUG - 2019-01-28 10:25:02 --> File loaded: C:\xampp\htdocs\ci\ussiweb\application\modules/api/libraries/Format.php
DEBUG - 2019-01-28 10:25:02 --> File loaded: C:\xampp\htdocs\ci\ussiweb\application\modules/api/language/english/rest_controller_lang.php
INFO - 2019-01-28 10:25:02 --> Database Driver Class Initialized
DEBUG - 2019-01-28 16:25:02 --> Commerce MX_Controller Initialized
DEBUG - 2019-01-28 16:25:02 --> File loaded: C:\xampp\htdocs\ci\ussiweb\application\modules/api/config/autoload.php
DEBUG - 2019-01-28 16:25:02 --> User_agent class already loaded. Second attempt ignored.
INFO - 2019-01-28 16:25:02 --> Database Driver Class Initialized
INFO - 2019-01-28 16:25:02 --> Action: begin|API|Blh174umfJZNYS[::1] 
INFO - 2019-01-28 16:25:02 --> Action: receiver |API|Blh174umfJZNYS ---|data: Array([uri] => api/m_nasabah/com/topup_pln_token[method] => post[params] => a:6:{s:8:"m_userid";s:8:"35201877";s:9:"nasabahid";s:8:"35208160";s:5:"plnid";s:11:"14222094006";s:6:"produk";s:5:"PLN20";s:11:"no_rekening";s:12:"35.01.007925";s:3:"pin";s:4:"9999";}[api_key] => els3j4ht3r4[key_session] => sSwABjcNEWp89P5UaORk[time] => 1548667502)
ERROR - 2019-01-28 16:25:02 --> Query error: Unknown column 'pin_payment' in 'field list' - Invalid query: SELECT `id`, `username`, `first_name`, `last_name`, `nasabah_id`, `active`, `pin_payment`
FROM `users`
WHERE `username` = '35201877'
OR `id` = '35201877'
 LIMIT 1
ERROR - 2019-01-28 16:25:02 --> Severity: error --> Exception: Call to a member function result() on boolean C:\xampp\htdocs\ci\ussiweb\application\models\Admin_user2_model.php 118
INFO - 2019-01-28 10:25:59 --> Config Class Initialized
INFO - 2019-01-28 10:25:59 --> Hooks Class Initialized
DEBUG - 2019-01-28 10:25:59 --> UTF-8 Support Enabled
INFO - 2019-01-28 10:25:59 --> Utf8 Class Initialized
INFO - 2019-01-28 10:25:59 --> URI Class Initialized
INFO - 2019-01-28 10:25:59 --> Router Class Initialized
INFO - 2019-01-28 10:25:59 --> Output Class Initialized
INFO - 2019-01-28 10:25:59 --> Security Class Initialized
DEBUG - 2019-01-28 10:25:59 --> Global POST, GET and COOKIE data sanitized
INFO - 2019-01-28 10:25:59 --> Input Class Initialized
INFO - 2019-01-28 10:25:59 --> Language Class Initialized
INFO - 2019-01-28 10:25:59 --> Language Class Initialized
INFO - 2019-01-28 10:25:59 --> Config Class Initialized
INFO - 2019-01-28 10:25:59 --> Loader Class Initialized
DEBUG - 2019-01-28 10:25:59 --> File loaded: C:\xampp\htdocs\ci\ussiweb\application\modules/api/config/site.php
INFO - 2019-01-28 10:25:59 --> Helper loaded: url_helper
INFO - 2019-01-28 10:25:59 --> Helper loaded: inflector_helper
INFO - 2019-01-28 10:25:59 --> Helper loaded: string_helper
INFO - 2019-01-28 10:25:59 --> Helper loaded: array_helper
INFO - 2019-01-28 10:25:59 --> Database Driver Class Initialized
DEBUG - 2019-01-28 10:25:59 --> Config file loaded: C:\xampp\htdocs\ci\ussiweb\application\config/ion_auth.php
DEBUG - 2019-01-28 10:25:59 --> Config file loaded: C:\xampp\htdocs\ci\ussiweb\application\third_party/ion_auth/config/ion_auth.php
INFO - 2019-01-28 10:26:00 --> Email Class Initialized
INFO - 2019-01-28 10:26:00 --> Language file loaded: language/english/ion_auth_lang.php
INFO - 2019-01-28 10:26:00 --> Helper loaded: cookie_helper
INFO - 2019-01-28 10:26:00 --> Helper loaded: language_helper
DEBUG - 2019-01-28 10:26:00 --> Session: "sess_save_path" is empty; using "session.save_path" value from php.ini.
INFO - 2019-01-28 10:26:00 --> Session: Class initialized using 'files' driver.
INFO - 2019-01-28 10:26:00 --> Model Class Initialized
INFO - 2019-01-28 10:26:00 --> Helper loaded: date_helper
INFO - 2019-01-28 10:26:00 --> User Agent Class Initialized
DEBUG - 2019-01-28 10:26:00 --> File loaded: C:\xampp\htdocs\ci\ussiweb\application\modules/api/config/autoload.php
DEBUG - 2019-01-28 10:26:00 --> User_agent class already loaded. Second attempt ignored.
INFO - 2019-01-28 10:26:00 --> Model Class Initialized
INFO - 2019-01-28 10:26:00 --> Model Class Initialized
INFO - 2019-01-28 10:26:00 --> Model Class Initialized
INFO - 2019-01-28 10:26:00 --> Model Class Initialized
INFO - 2019-01-28 10:26:00 --> Model Class Initialized
INFO - 2019-01-28 10:26:00 --> Model Class Initialized
INFO - 2019-01-28 10:26:00 --> Model Class Initialized
INFO - 2019-01-28 10:26:00 --> Model Class Initialized
INFO - 2019-01-28 10:26:00 --> Model Class Initialized
INFO - 2019-01-28 10:26:00 --> Model Class Initialized
INFO - 2019-01-28 10:26:00 --> Model Class Initialized
INFO - 2019-01-28 10:26:00 --> Model Class Initialized
INFO - 2019-01-28 10:26:00 --> Model Class Initialized
INFO - 2019-01-28 10:26:00 --> Model Class Initialized
INFO - 2019-01-28 10:26:00 --> Model Class Initialized
INFO - 2019-01-28 10:26:00 --> Model Class Initialized
INFO - 2019-01-28 10:26:00 --> Model Class Initialized
INFO - 2019-01-28 10:26:00 --> Model Class Initialized
INFO - 2019-01-28 10:26:00 --> Controller Class Initialized
DEBUG - 2019-01-28 10:26:00 --> Com MX_Controller Initialized
DEBUG - 2019-01-28 10:26:00 --> File loaded: C:\xampp\htdocs\ci\ussiweb\application\modules/api/config/autoload.php
DEBUG - 2019-01-28 10:26:00 --> User_agent class already loaded. Second attempt ignored.
DEBUG - 2019-01-28 10:26:00 --> File loaded: C:\xampp\htdocs\ci\ussiweb\application\modules/api/config/rest.php
DEBUG - 2019-01-28 10:26:00 --> File loaded: C:\xampp\htdocs\ci\ussiweb\application\modules/api/libraries/Format.php
DEBUG - 2019-01-28 10:26:00 --> File loaded: C:\xampp\htdocs\ci\ussiweb\application\modules/api/language/english/rest_controller_lang.php
INFO - 2019-01-28 10:26:00 --> Database Driver Class Initialized
DEBUG - 2019-01-28 16:26:00 --> Commerce MX_Controller Initialized
DEBUG - 2019-01-28 16:26:00 --> File loaded: C:\xampp\htdocs\ci\ussiweb\application\modules/api/config/autoload.php
DEBUG - 2019-01-28 16:26:00 --> User_agent class already loaded. Second attempt ignored.
INFO - 2019-01-28 16:26:00 --> Database Driver Class Initialized
INFO - 2019-01-28 16:26:00 --> Action: begin|API|u4ZiYpH0w6PI1h[::1] 
INFO - 2019-01-28 16:26:00 --> Action: receiver |API|u4ZiYpH0w6PI1h ---|data: Array([uri] => api/m_nasabah/com/topup_pln_token[method] => post[params] => a:6:{s:8:"m_userid";s:8:"35201877";s:9:"nasabahid";s:8:"35208160";s:5:"plnid";s:11:"14222094006";s:6:"produk";s:5:"PLN20";s:11:"no_rekening";s:12:"35.01.007925";s:3:"pin";s:4:"9999";}[api_key] => els3j4ht3r4[key_session] => sSwABjcNEWp89P5UaORk[time] => 1548667560)
ERROR - 2019-01-28 16:26:00 --> Query error: Unknown column 'pin_payment' in 'field list' - Invalid query: SELECT `id`, `username`, `first_name`, `last_name`, `nasabah_id`, `active`, `pin_payment`
FROM `users`
WHERE `username` = '35201877'
OR `id` = '35201877'
 LIMIT 1
ERROR - 2019-01-28 16:26:00 --> Severity: error --> Exception: Call to a member function result() on boolean C:\xampp\htdocs\ci\ussiweb\application\models\Admin_user2_model.php 118
INFO - 2019-01-28 10:26:34 --> Config Class Initialized
INFO - 2019-01-28 10:26:34 --> Hooks Class Initialized
DEBUG - 2019-01-28 10:26:34 --> UTF-8 Support Enabled
INFO - 2019-01-28 10:26:34 --> Utf8 Class Initialized
INFO - 2019-01-28 10:26:34 --> URI Class Initialized
INFO - 2019-01-28 10:26:34 --> Router Class Initialized
INFO - 2019-01-28 10:26:34 --> Output Class Initialized
INFO - 2019-01-28 10:26:34 --> Security Class Initialized
DEBUG - 2019-01-28 10:26:34 --> Global POST, GET and COOKIE data sanitized
INFO - 2019-01-28 10:26:34 --> Input Class Initialized
INFO - 2019-01-28 10:26:34 --> Language Class Initialized
INFO - 2019-01-28 10:26:34 --> Language Class Initialized
INFO - 2019-01-28 10:26:34 --> Config Class Initialized
INFO - 2019-01-28 10:26:34 --> Loader Class Initialized
DEBUG - 2019-01-28 10:26:34 --> File loaded: C:\xampp\htdocs\ci\ussiweb\application\modules/api/config/site.php
INFO - 2019-01-28 10:26:34 --> Helper loaded: url_helper
INFO - 2019-01-28 10:26:34 --> Helper loaded: inflector_helper
INFO - 2019-01-28 10:26:35 --> Helper loaded: string_helper
INFO - 2019-01-28 10:26:35 --> Helper loaded: array_helper
INFO - 2019-01-28 10:26:35 --> Database Driver Class Initialized
DEBUG - 2019-01-28 10:26:35 --> Config file loaded: C:\xampp\htdocs\ci\ussiweb\application\config/ion_auth.php
DEBUG - 2019-01-28 10:26:35 --> Config file loaded: C:\xampp\htdocs\ci\ussiweb\application\third_party/ion_auth/config/ion_auth.php
INFO - 2019-01-28 10:26:35 --> Email Class Initialized
INFO - 2019-01-28 10:26:35 --> Language file loaded: language/english/ion_auth_lang.php
INFO - 2019-01-28 10:26:35 --> Helper loaded: cookie_helper
INFO - 2019-01-28 10:26:35 --> Helper loaded: language_helper
DEBUG - 2019-01-28 10:26:35 --> Session: "sess_save_path" is empty; using "session.save_path" value from php.ini.
INFO - 2019-01-28 10:26:35 --> Session: Class initialized using 'files' driver.
INFO - 2019-01-28 10:26:35 --> Model Class Initialized
INFO - 2019-01-28 10:26:35 --> Helper loaded: date_helper
INFO - 2019-01-28 10:26:35 --> User Agent Class Initialized
DEBUG - 2019-01-28 10:26:35 --> File loaded: C:\xampp\htdocs\ci\ussiweb\application\modules/api/config/autoload.php
DEBUG - 2019-01-28 10:26:35 --> User_agent class already loaded. Second attempt ignored.
INFO - 2019-01-28 10:26:35 --> Model Class Initialized
INFO - 2019-01-28 10:26:35 --> Model Class Initialized
INFO - 2019-01-28 10:26:35 --> Model Class Initialized
INFO - 2019-01-28 10:26:35 --> Model Class Initialized
INFO - 2019-01-28 10:26:35 --> Model Class Initialized
INFO - 2019-01-28 10:26:35 --> Model Class Initialized
INFO - 2019-01-28 10:26:35 --> Model Class Initialized
INFO - 2019-01-28 10:26:35 --> Model Class Initialized
INFO - 2019-01-28 10:26:35 --> Model Class Initialized
INFO - 2019-01-28 10:26:35 --> Model Class Initialized
INFO - 2019-01-28 10:26:35 --> Model Class Initialized
INFO - 2019-01-28 10:26:35 --> Model Class Initialized
INFO - 2019-01-28 10:26:35 --> Model Class Initialized
INFO - 2019-01-28 10:26:35 --> Model Class Initialized
INFO - 2019-01-28 10:26:35 --> Model Class Initialized
INFO - 2019-01-28 10:26:35 --> Model Class Initialized
INFO - 2019-01-28 10:26:35 --> Model Class Initialized
INFO - 2019-01-28 10:26:35 --> Model Class Initialized
INFO - 2019-01-28 10:26:35 --> Controller Class Initialized
DEBUG - 2019-01-28 10:26:35 --> Com MX_Controller Initialized
DEBUG - 2019-01-28 10:26:35 --> File loaded: C:\xampp\htdocs\ci\ussiweb\application\modules/api/config/autoload.php
DEBUG - 2019-01-28 10:26:35 --> User_agent class already loaded. Second attempt ignored.
DEBUG - 2019-01-28 10:26:35 --> File loaded: C:\xampp\htdocs\ci\ussiweb\application\modules/api/config/rest.php
DEBUG - 2019-01-28 10:26:35 --> File loaded: C:\xampp\htdocs\ci\ussiweb\application\modules/api/libraries/Format.php
DEBUG - 2019-01-28 10:26:35 --> File loaded: C:\xampp\htdocs\ci\ussiweb\application\modules/api/language/english/rest_controller_lang.php
INFO - 2019-01-28 10:26:35 --> Database Driver Class Initialized
DEBUG - 2019-01-28 16:26:35 --> Commerce MX_Controller Initialized
DEBUG - 2019-01-28 16:26:35 --> File loaded: C:\xampp\htdocs\ci\ussiweb\application\modules/api/config/autoload.php
DEBUG - 2019-01-28 16:26:35 --> User_agent class already loaded. Second attempt ignored.
INFO - 2019-01-28 16:26:35 --> Database Driver Class Initialized
INFO - 2019-01-28 16:26:35 --> Action: begin|API|BmVFHCGMh3OSya[::1] 
INFO - 2019-01-28 16:26:35 --> Action: receiver |API|BmVFHCGMh3OSya ---|data: Array([uri] => api/m_nasabah/com/topup_pln_token[method] => post[params] => a:6:{s:8:"m_userid";s:8:"35201877";s:9:"nasabahid";s:8:"35208160";s:5:"plnid";s:11:"14222094006";s:6:"produk";s:5:"PLN20";s:11:"no_rekening";s:12:"35.01.007925";s:3:"pin";s:4:"9999";}[api_key] => els3j4ht3r4[key_session] => sSwABjcNEWp89P5UaORk[time] => 1548667595)
ERROR - 2019-01-28 16:26:35 --> Query error: Unknown column 'pin_payment' in 'field list' - Invalid query: SELECT `id`, `username`, `first_name`, `last_name`, `nasabah_id`, `active`, `pin_payment`
FROM `users`
WHERE `username` = '35201877'
OR `id` = '35201877'
 LIMIT 1
ERROR - 2019-01-28 16:26:35 --> Severity: error --> Exception: Call to a member function result() on boolean C:\xampp\htdocs\ci\ussiweb\application\models\Admin_user2_model.php 118
INFO - 2019-01-28 10:27:30 --> Config Class Initialized
INFO - 2019-01-28 10:27:30 --> Hooks Class Initialized
DEBUG - 2019-01-28 10:27:30 --> UTF-8 Support Enabled
INFO - 2019-01-28 10:27:30 --> Utf8 Class Initialized
INFO - 2019-01-28 10:27:30 --> URI Class Initialized
INFO - 2019-01-28 10:27:30 --> Router Class Initialized
INFO - 2019-01-28 10:27:30 --> Output Class Initialized
INFO - 2019-01-28 10:27:30 --> Security Class Initialized
DEBUG - 2019-01-28 10:27:30 --> Global POST, GET and COOKIE data sanitized
INFO - 2019-01-28 10:27:30 --> Input Class Initialized
INFO - 2019-01-28 10:27:30 --> Language Class Initialized
INFO - 2019-01-28 10:27:30 --> Language Class Initialized
INFO - 2019-01-28 10:27:30 --> Config Class Initialized
INFO - 2019-01-28 10:27:30 --> Loader Class Initialized
DEBUG - 2019-01-28 10:27:30 --> File loaded: C:\xampp\htdocs\ci\ussiweb\application\modules/api/config/site.php
INFO - 2019-01-28 10:27:30 --> Helper loaded: url_helper
INFO - 2019-01-28 10:27:30 --> Helper loaded: inflector_helper
INFO - 2019-01-28 10:27:30 --> Helper loaded: string_helper
INFO - 2019-01-28 10:27:30 --> Helper loaded: array_helper
INFO - 2019-01-28 10:27:30 --> Database Driver Class Initialized
DEBUG - 2019-01-28 10:27:30 --> Config file loaded: C:\xampp\htdocs\ci\ussiweb\application\config/ion_auth.php
DEBUG - 2019-01-28 10:27:30 --> Config file loaded: C:\xampp\htdocs\ci\ussiweb\application\third_party/ion_auth/config/ion_auth.php
INFO - 2019-01-28 10:27:30 --> Email Class Initialized
INFO - 2019-01-28 10:27:30 --> Language file loaded: language/english/ion_auth_lang.php
INFO - 2019-01-28 10:27:30 --> Helper loaded: cookie_helper
INFO - 2019-01-28 10:27:30 --> Helper loaded: language_helper
DEBUG - 2019-01-28 10:27:30 --> Session: "sess_save_path" is empty; using "session.save_path" value from php.ini.
INFO - 2019-01-28 10:27:30 --> Session: Class initialized using 'files' driver.
INFO - 2019-01-28 10:27:30 --> Model Class Initialized
INFO - 2019-01-28 10:27:30 --> Helper loaded: date_helper
INFO - 2019-01-28 10:27:30 --> User Agent Class Initialized
DEBUG - 2019-01-28 10:27:30 --> File loaded: C:\xampp\htdocs\ci\ussiweb\application\modules/api/config/autoload.php
DEBUG - 2019-01-28 10:27:30 --> User_agent class already loaded. Second attempt ignored.
INFO - 2019-01-28 10:27:30 --> Model Class Initialized
INFO - 2019-01-28 10:27:30 --> Model Class Initialized
INFO - 2019-01-28 10:27:30 --> Model Class Initialized
INFO - 2019-01-28 10:27:30 --> Model Class Initialized
INFO - 2019-01-28 10:27:30 --> Model Class Initialized
INFO - 2019-01-28 10:27:30 --> Model Class Initialized
INFO - 2019-01-28 10:27:30 --> Model Class Initialized
INFO - 2019-01-28 10:27:30 --> Model Class Initialized
INFO - 2019-01-28 10:27:30 --> Model Class Initialized
INFO - 2019-01-28 10:27:30 --> Model Class Initialized
INFO - 2019-01-28 10:27:30 --> Model Class Initialized
INFO - 2019-01-28 10:27:30 --> Model Class Initialized
INFO - 2019-01-28 10:27:30 --> Model Class Initialized
INFO - 2019-01-28 10:27:30 --> Model Class Initialized
INFO - 2019-01-28 10:27:30 --> Model Class Initialized
INFO - 2019-01-28 10:27:30 --> Model Class Initialized
INFO - 2019-01-28 10:27:30 --> Model Class Initialized
INFO - 2019-01-28 10:27:30 --> Model Class Initialized
INFO - 2019-01-28 10:27:30 --> Controller Class Initialized
DEBUG - 2019-01-28 10:27:30 --> Com MX_Controller Initialized
DEBUG - 2019-01-28 10:27:30 --> File loaded: C:\xampp\htdocs\ci\ussiweb\application\modules/api/config/autoload.php
DEBUG - 2019-01-28 10:27:30 --> User_agent class already loaded. Second attempt ignored.
DEBUG - 2019-01-28 10:27:30 --> File loaded: C:\xampp\htdocs\ci\ussiweb\application\modules/api/config/rest.php
DEBUG - 2019-01-28 10:27:30 --> File loaded: C:\xampp\htdocs\ci\ussiweb\application\modules/api/libraries/Format.php
DEBUG - 2019-01-28 10:27:30 --> File loaded: C:\xampp\htdocs\ci\ussiweb\application\modules/api/language/english/rest_controller_lang.php
INFO - 2019-01-28 10:27:30 --> Database Driver Class Initialized
DEBUG - 2019-01-28 16:27:30 --> Commerce MX_Controller Initialized
DEBUG - 2019-01-28 16:27:30 --> File loaded: C:\xampp\htdocs\ci\ussiweb\application\modules/api/config/autoload.php
DEBUG - 2019-01-28 16:27:30 --> User_agent class already loaded. Second attempt ignored.
INFO - 2019-01-28 16:27:30 --> Database Driver Class Initialized
INFO - 2019-01-28 16:27:30 --> Action: begin|API|nNLFgSDmpbTvJ9[::1] 
INFO - 2019-01-28 16:27:30 --> Action: receiver |API|nNLFgSDmpbTvJ9 ---|data: Array([uri] => api/m_nasabah/com/topup_pln_token[method] => post[params] => a:6:{s:8:"m_userid";s:8:"35201877";s:9:"nasabahid";s:8:"35208160";s:5:"plnid";s:11:"14222094006";s:6:"produk";s:5:"PLN20";s:11:"no_rekening";s:12:"35.01.007925";s:3:"pin";s:4:"9999";}[api_key] => els3j4ht3r4[key_session] => sSwABjcNEWp89P5UaORk[time] => 1548667650)
ERROR - 2019-01-28 16:27:30 --> Query error: Unknown column 'pin_payment' in 'field list' - Invalid query: SELECT `id`, `username`, `first_name`, `last_name`, `nasabah_id`, `active`, `pin_payment`
FROM `users`
WHERE `username` = '35201877'
OR `id` = '35201877'
 LIMIT 1
ERROR - 2019-01-28 16:27:30 --> Severity: error --> Exception: Call to a member function result() on boolean C:\xampp\htdocs\ci\ussiweb\application\models\Admin_user2_model.php 117
INFO - 2019-01-28 10:28:29 --> Config Class Initialized
INFO - 2019-01-28 10:28:29 --> Hooks Class Initialized
DEBUG - 2019-01-28 10:28:29 --> UTF-8 Support Enabled
INFO - 2019-01-28 10:28:29 --> Utf8 Class Initialized
INFO - 2019-01-28 10:28:29 --> URI Class Initialized
INFO - 2019-01-28 10:28:29 --> Router Class Initialized
INFO - 2019-01-28 10:28:29 --> Output Class Initialized
INFO - 2019-01-28 10:28:29 --> Security Class Initialized
DEBUG - 2019-01-28 10:28:29 --> Global POST, GET and COOKIE data sanitized
INFO - 2019-01-28 10:28:29 --> Input Class Initialized
INFO - 2019-01-28 10:28:29 --> Language Class Initialized
INFO - 2019-01-28 10:28:29 --> Language Class Initialized
INFO - 2019-01-28 10:28:29 --> Config Class Initialized
INFO - 2019-01-28 10:28:29 --> Loader Class Initialized
DEBUG - 2019-01-28 10:28:29 --> File loaded: C:\xampp\htdocs\ci\ussiweb\application\modules/api/config/site.php
INFO - 2019-01-28 10:28:29 --> Helper loaded: url_helper
INFO - 2019-01-28 10:28:29 --> Helper loaded: inflector_helper
INFO - 2019-01-28 10:28:29 --> Helper loaded: string_helper
INFO - 2019-01-28 10:28:29 --> Helper loaded: array_helper
INFO - 2019-01-28 10:28:29 --> Database Driver Class Initialized
DEBUG - 2019-01-28 10:28:29 --> Config file loaded: C:\xampp\htdocs\ci\ussiweb\application\config/ion_auth.php
DEBUG - 2019-01-28 10:28:29 --> Config file loaded: C:\xampp\htdocs\ci\ussiweb\application\third_party/ion_auth/config/ion_auth.php
INFO - 2019-01-28 10:28:29 --> Email Class Initialized
INFO - 2019-01-28 10:28:29 --> Language file loaded: language/english/ion_auth_lang.php
INFO - 2019-01-28 10:28:29 --> Helper loaded: cookie_helper
INFO - 2019-01-28 10:28:29 --> Helper loaded: language_helper
DEBUG - 2019-01-28 10:28:29 --> Session: "sess_save_path" is empty; using "session.save_path" value from php.ini.
INFO - 2019-01-28 10:28:29 --> Session: Class initialized using 'files' driver.
INFO - 2019-01-28 10:28:29 --> Model Class Initialized
INFO - 2019-01-28 10:28:29 --> Helper loaded: date_helper
INFO - 2019-01-28 10:28:29 --> User Agent Class Initialized
DEBUG - 2019-01-28 10:28:29 --> File loaded: C:\xampp\htdocs\ci\ussiweb\application\modules/api/config/autoload.php
DEBUG - 2019-01-28 10:28:29 --> User_agent class already loaded. Second attempt ignored.
INFO - 2019-01-28 10:28:29 --> Model Class Initialized
INFO - 2019-01-28 10:28:29 --> Model Class Initialized
INFO - 2019-01-28 10:28:29 --> Model Class Initialized
INFO - 2019-01-28 10:28:29 --> Model Class Initialized
INFO - 2019-01-28 10:28:29 --> Model Class Initialized
INFO - 2019-01-28 10:28:29 --> Model Class Initialized
INFO - 2019-01-28 10:28:29 --> Model Class Initialized
INFO - 2019-01-28 10:28:29 --> Model Class Initialized
INFO - 2019-01-28 10:28:29 --> Model Class Initialized
INFO - 2019-01-28 10:28:29 --> Model Class Initialized
INFO - 2019-01-28 10:28:29 --> Model Class Initialized
INFO - 2019-01-28 10:28:29 --> Model Class Initialized
INFO - 2019-01-28 10:28:29 --> Model Class Initialized
INFO - 2019-01-28 10:28:29 --> Model Class Initialized
INFO - 2019-01-28 10:28:29 --> Model Class Initialized
INFO - 2019-01-28 10:28:29 --> Model Class Initialized
INFO - 2019-01-28 10:28:29 --> Model Class Initialized
INFO - 2019-01-28 10:28:29 --> Model Class Initialized
INFO - 2019-01-28 10:28:29 --> Controller Class Initialized
DEBUG - 2019-01-28 10:28:29 --> Com MX_Controller Initialized
DEBUG - 2019-01-28 10:28:29 --> File loaded: C:\xampp\htdocs\ci\ussiweb\application\modules/api/config/autoload.php
DEBUG - 2019-01-28 10:28:29 --> User_agent class already loaded. Second attempt ignored.
DEBUG - 2019-01-28 10:28:29 --> File loaded: C:\xampp\htdocs\ci\ussiweb\application\modules/api/config/rest.php
DEBUG - 2019-01-28 10:28:29 --> File loaded: C:\xampp\htdocs\ci\ussiweb\application\modules/api/libraries/Format.php
DEBUG - 2019-01-28 10:28:29 --> File loaded: C:\xampp\htdocs\ci\ussiweb\application\modules/api/language/english/rest_controller_lang.php
INFO - 2019-01-28 10:28:29 --> Database Driver Class Initialized
DEBUG - 2019-01-28 16:28:29 --> Commerce MX_Controller Initialized
DEBUG - 2019-01-28 16:28:29 --> File loaded: C:\xampp\htdocs\ci\ussiweb\application\modules/api/config/autoload.php
DEBUG - 2019-01-28 16:28:29 --> User_agent class already loaded. Second attempt ignored.
INFO - 2019-01-28 16:28:29 --> Database Driver Class Initialized
INFO - 2019-01-28 16:28:29 --> Action: begin|API|GXTkC1pftme6dl[::1] 
INFO - 2019-01-28 16:28:29 --> Action: receiver |API|GXTkC1pftme6dl ---|data: Array([uri] => api/m_nasabah/com/topup_pln_token[method] => post[params] => a:6:{s:8:"m_userid";s:8:"35201877";s:9:"nasabahid";s:8:"35208160";s:5:"plnid";s:11:"14222094006";s:6:"produk";s:5:"PLN20";s:11:"no_rekening";s:12:"35.01.007925";s:3:"pin";s:4:"9999";}[api_key] => els3j4ht3r4[key_session] => sSwABjcNEWp89P5UaORk[time] => 1548667709)
INFO - 2019-01-28 16:28:29 --> Action: info |API|GXTkC1pftme6dl |message: [paytype by [nasabah]]
INFO - 2019-01-28 16:28:29 --> Action: info |API|GXTkC1pftme6dl |message: [norekening (nasabah) =>35.01.007925]
INFO - 2019-01-28 16:28:29 --> Action: response |API|GXTkC1pftme6dl |message: [failed, saldo insufficent balace] ---|data: Array([status] => [error_code] => 626[message] => saldo tabungan tidak cukup[sn] => [code] => )
INFO - 2019-01-28 16:28:30 --> Final output sent to browser
DEBUG - 2019-01-28 16:28:30 --> Total execution time: 0.2682
INFO - 2019-01-28 10:31:00 --> Config Class Initialized
INFO - 2019-01-28 10:31:00 --> Hooks Class Initialized
DEBUG - 2019-01-28 10:31:00 --> UTF-8 Support Enabled
INFO - 2019-01-28 10:31:00 --> Utf8 Class Initialized
INFO - 2019-01-28 10:31:00 --> URI Class Initialized
INFO - 2019-01-28 10:31:00 --> Router Class Initialized
INFO - 2019-01-28 10:31:00 --> Output Class Initialized
INFO - 2019-01-28 10:31:00 --> Security Class Initialized
DEBUG - 2019-01-28 10:31:00 --> Global POST, GET and COOKIE data sanitized
INFO - 2019-01-28 10:31:00 --> Input Class Initialized
INFO - 2019-01-28 10:31:00 --> Language Class Initialized
INFO - 2019-01-28 10:31:00 --> Language Class Initialized
INFO - 2019-01-28 10:31:00 --> Config Class Initialized
INFO - 2019-01-28 10:31:00 --> Loader Class Initialized
DEBUG - 2019-01-28 10:31:00 --> File loaded: C:\xampp\htdocs\ci\ussiweb\application\modules/api/config/site.php
INFO - 2019-01-28 10:31:00 --> Helper loaded: url_helper
INFO - 2019-01-28 10:31:00 --> Helper loaded: inflector_helper
INFO - 2019-01-28 10:31:00 --> Helper loaded: string_helper
INFO - 2019-01-28 10:31:00 --> Helper loaded: array_helper
INFO - 2019-01-28 10:31:01 --> Database Driver Class Initialized
DEBUG - 2019-01-28 10:31:01 --> Config file loaded: C:\xampp\htdocs\ci\ussiweb\application\config/ion_auth.php
DEBUG - 2019-01-28 10:31:01 --> Config file loaded: C:\xampp\htdocs\ci\ussiweb\application\third_party/ion_auth/config/ion_auth.php
INFO - 2019-01-28 10:31:01 --> Email Class Initialized
INFO - 2019-01-28 10:31:01 --> Language file loaded: language/english/ion_auth_lang.php
INFO - 2019-01-28 10:31:01 --> Helper loaded: cookie_helper
INFO - 2019-01-28 10:31:01 --> Helper loaded: language_helper
DEBUG - 2019-01-28 10:31:01 --> Session: "sess_save_path" is empty; using "session.save_path" value from php.ini.
INFO - 2019-01-28 10:31:01 --> Session: Class initialized using 'files' driver.
INFO - 2019-01-28 10:31:01 --> Model Class Initialized
INFO - 2019-01-28 10:31:01 --> Helper loaded: date_helper
INFO - 2019-01-28 10:31:01 --> User Agent Class Initialized
DEBUG - 2019-01-28 10:31:01 --> File loaded: C:\xampp\htdocs\ci\ussiweb\application\modules/api/config/autoload.php
DEBUG - 2019-01-28 10:31:01 --> User_agent class already loaded. Second attempt ignored.
INFO - 2019-01-28 10:31:01 --> Model Class Initialized
INFO - 2019-01-28 10:31:01 --> Model Class Initialized
INFO - 2019-01-28 10:31:01 --> Model Class Initialized
INFO - 2019-01-28 10:31:01 --> Model Class Initialized
INFO - 2019-01-28 10:31:01 --> Model Class Initialized
INFO - 2019-01-28 10:31:01 --> Model Class Initialized
INFO - 2019-01-28 10:31:01 --> Model Class Initialized
INFO - 2019-01-28 10:31:01 --> Model Class Initialized
INFO - 2019-01-28 10:31:01 --> Model Class Initialized
INFO - 2019-01-28 10:31:01 --> Model Class Initialized
INFO - 2019-01-28 10:31:01 --> Model Class Initialized
INFO - 2019-01-28 10:31:01 --> Model Class Initialized
INFO - 2019-01-28 10:31:01 --> Model Class Initialized
INFO - 2019-01-28 10:31:01 --> Model Class Initialized
INFO - 2019-01-28 10:31:01 --> Model Class Initialized
INFO - 2019-01-28 10:31:01 --> Model Class Initialized
INFO - 2019-01-28 10:31:01 --> Model Class Initialized
INFO - 2019-01-28 10:31:01 --> Model Class Initialized
INFO - 2019-01-28 10:31:01 --> Controller Class Initialized
DEBUG - 2019-01-28 10:31:01 --> Com MX_Controller Initialized
DEBUG - 2019-01-28 10:31:01 --> File loaded: C:\xampp\htdocs\ci\ussiweb\application\modules/api/config/autoload.php
DEBUG - 2019-01-28 10:31:01 --> User_agent class already loaded. Second attempt ignored.
DEBUG - 2019-01-28 10:31:01 --> File loaded: C:\xampp\htdocs\ci\ussiweb\application\modules/api/config/rest.php
DEBUG - 2019-01-28 10:31:01 --> File loaded: C:\xampp\htdocs\ci\ussiweb\application\modules/api/libraries/Format.php
DEBUG - 2019-01-28 10:31:01 --> File loaded: C:\xampp\htdocs\ci\ussiweb\application\modules/api/language/english/rest_controller_lang.php
INFO - 2019-01-28 10:31:01 --> Database Driver Class Initialized
DEBUG - 2019-01-28 16:31:01 --> Commerce MX_Controller Initialized
DEBUG - 2019-01-28 16:31:01 --> File loaded: C:\xampp\htdocs\ci\ussiweb\application\modules/api/config/autoload.php
DEBUG - 2019-01-28 16:31:01 --> User_agent class already loaded. Second attempt ignored.
INFO - 2019-01-28 16:31:01 --> Database Driver Class Initialized
INFO - 2019-01-28 16:31:01 --> Action: begin|API|g8oAK5cds9ZeH6[::1] 
INFO - 2019-01-28 16:31:01 --> Action: receiver |API|g8oAK5cds9ZeH6 ---|data: Array([uri] => api/m_nasabah/com/topup_pln_token[method] => post[params] => a:6:{s:8:"m_userid";s:8:"35201877";s:9:"nasabahid";s:8:"35208160";s:5:"plnid";s:11:"14222094006";s:6:"produk";s:5:"PLN20";s:11:"no_rekening";s:12:"35.01.007925";s:3:"pin";s:4:"9999";}[api_key] => els3j4ht3r4[key_session] => sSwABjcNEWp89P5UaORk[time] => 1548667861)
INFO - 2019-01-28 16:31:01 --> Action: info |API|g8oAK5cds9ZeH6 |message: [paytype by [nasabah]]
INFO - 2019-01-28 16:31:01 --> Action: info |API|g8oAK5cds9ZeH6 |message: [norekening (nasabah) =>35.01.007925]
INFO - 2019-01-28 16:31:01 --> Action: transaction |API|g8oAK5cds9ZeH6 |message: [get rekening partner :Tab_model->Acc_by_partnerid(INDOSIS_PRODUCTION)]
INFO - 2019-01-28 16:31:01 --> Action: transaction |API|g8oAK5cds9ZeH6 |message: [rek partner : 35.01.007946]
INFO - 2019-01-28 16:31:01 --> Action: openhttp |API|g8oAK5cds9ZeH6 |message: [hit url] ---|data: Array([url] => http://10.1.1.62/API_BMT_NEW/tokenpln.php?id_pln=14222094006&kode_produk=PLN20)
INFO - 2019-01-28 16:31:01 --> Action: result |API|g8oAK5cds9ZeH6 |message: [response : {"status":"OK","respon_code":"00","request_id":"628551000727","message":"SN=3561-2601-7730-8936-8010\/JOHNNYWENNYWEOL\/R1\/1300VA\/13,40;26\/01\/17 14:27 ISI PLN20 KE 01108490556, BERHASIL SISA. SAL=112.800,HRG=19.860,ID=57693947,SN=3561-2601-7730-8936-8010\/JOHNNYWENNYWEOL\/R1\/1300VA\/13,40; INFO : XL, AXIS, ISAT DATA untuk RS silahkan cek harga , thx.","kode_token":"3561-2601-7730-8936-8010\/JOHNNYWENNYWEOL\/R1\/1300VA\/13","saldo":"112800","id":"57693947","provider":"Powermedia"}]
INFO - 2019-01-28 16:31:01 --> Action: insert |API|g8oAK5cds9ZeH6 |message: [Tab_model->Ins_Tbl("COMTRANS")] ---|data: Array([COMTRANS_ID] => 5551571[TGL_TRANS] => 2019-01-28[NOCUSTOMER] => 14222094006[COMTYPE] => PLN[MY_KODE_TRANS] => 100[KUITANSI] => 110014[POKOK] => 22000.00[ADM] => 0.00[KETERANGAN] => Commerce PLN 14222094006 22.000 SN:92372892749748[VERIFIKASI] => 1[USERID] => 35201877[KODE_TRANS] => 102[TOB] => T[SANDI_TRANS] => [KODE_PERK_OB] => [NO_REKENING_VS] => [KODE_KOLEKTOR] => 000[KODE_KANTOR] => 35[ADM_PENUTUPAN] => 0.00[MODEL] => COM[COMMON_ID] => 5551572)
INFO - 2019-01-28 16:31:01 --> Action: insert |API|g8oAK5cds9ZeH6 |message: [partner : Tab_model->Tab_commerce(35.01.007925,14222094006,35201877,22000.00,227,200,5551571]
INFO - 2019-01-28 16:31:02 --> Action: insert |API|g8oAK5cds9ZeH6 |message: [result : OK]
INFO - 2019-01-28 16:31:02 --> Action: insert |API|g8oAK5cds9ZeH6 |message: [partner : Tab_model->Tab_commerce(35.01.007946,14222094006,35201877,22000.00,127,100,5551571]
INFO - 2019-01-28 16:31:02 --> Action: insert |API|g8oAK5cds9ZeH6 |message: [result : OK]
ERROR - 2019-01-28 16:31:02 --> Severity: Notice --> Undefined variable: get_token C:\xampp\htdocs\ci\ussiweb\application\modules\api\controllers\m_nasabah\Com.php 609
ERROR - 2019-01-28 16:31:02 --> Severity: Notice --> Undefined variable: get_nama C:\xampp\htdocs\ci\ussiweb\application\modules\api\controllers\m_nasabah\Com.php 609
ERROR - 2019-01-28 16:31:02 --> Severity: Notice --> Undefined variable: get_tarif C:\xampp\htdocs\ci\ussiweb\application\modules\api\controllers\m_nasabah\Com.php 609
ERROR - 2019-01-28 16:31:02 --> Severity: Notice --> Undefined variable: get_daya C:\xampp\htdocs\ci\ussiweb\application\modules\api\controllers\m_nasabah\Com.php 609
ERROR - 2019-01-28 16:31:02 --> Severity: Notice --> Undefined variable: get_jml_kwh C:\xampp\htdocs\ci\ussiweb\application\modules\api\controllers\m_nasabah\Com.php 609
ERROR - 2019-01-28 16:31:02 --> Severity: error --> Exception: Call to undefined method Com::Rp() C:\xampp\htdocs\ci\ussiweb\application\modules\api\controllers\m_nasabah\Com.php 609
ERROR - 2019-01-28 16:31:02 --> Severity: Warning --> Cannot modify header information - headers already sent by (output started at C:\xampp\htdocs\ci\ussiweb\system\core\Exceptions.php:273) C:\xampp\htdocs\ci\ussiweb\system\core\Common.php 573
INFO - 2019-01-28 10:33:21 --> Config Class Initialized
INFO - 2019-01-28 10:33:21 --> Hooks Class Initialized
DEBUG - 2019-01-28 10:33:21 --> UTF-8 Support Enabled
INFO - 2019-01-28 10:33:21 --> Utf8 Class Initialized
INFO - 2019-01-28 10:33:21 --> URI Class Initialized
INFO - 2019-01-28 10:33:21 --> Router Class Initialized
INFO - 2019-01-28 10:33:21 --> Output Class Initialized
INFO - 2019-01-28 10:33:21 --> Security Class Initialized
DEBUG - 2019-01-28 10:33:21 --> Global POST, GET and COOKIE data sanitized
INFO - 2019-01-28 10:33:21 --> Input Class Initialized
INFO - 2019-01-28 10:33:21 --> Language Class Initialized
INFO - 2019-01-28 10:33:21 --> Language Class Initialized
INFO - 2019-01-28 10:33:21 --> Config Class Initialized
INFO - 2019-01-28 10:33:21 --> Loader Class Initialized
DEBUG - 2019-01-28 10:33:21 --> File loaded: C:\xampp\htdocs\ci\ussiweb\application\modules/api/config/site.php
INFO - 2019-01-28 10:33:21 --> Helper loaded: url_helper
INFO - 2019-01-28 10:33:21 --> Helper loaded: inflector_helper
INFO - 2019-01-28 10:33:21 --> Helper loaded: string_helper
INFO - 2019-01-28 10:33:21 --> Helper loaded: array_helper
INFO - 2019-01-28 10:33:21 --> Database Driver Class Initialized
DEBUG - 2019-01-28 10:33:21 --> Config file loaded: C:\xampp\htdocs\ci\ussiweb\application\config/ion_auth.php
DEBUG - 2019-01-28 10:33:21 --> Config file loaded: C:\xampp\htdocs\ci\ussiweb\application\third_party/ion_auth/config/ion_auth.php
INFO - 2019-01-28 10:33:21 --> Email Class Initialized
INFO - 2019-01-28 10:33:21 --> Language file loaded: language/english/ion_auth_lang.php
INFO - 2019-01-28 10:33:21 --> Helper loaded: cookie_helper
INFO - 2019-01-28 10:33:21 --> Helper loaded: language_helper
DEBUG - 2019-01-28 10:33:21 --> Session: "sess_save_path" is empty; using "session.save_path" value from php.ini.
INFO - 2019-01-28 10:33:21 --> Session: Class initialized using 'files' driver.
INFO - 2019-01-28 10:33:21 --> Model Class Initialized
INFO - 2019-01-28 10:33:21 --> Helper loaded: date_helper
INFO - 2019-01-28 10:33:21 --> User Agent Class Initialized
DEBUG - 2019-01-28 10:33:21 --> File loaded: C:\xampp\htdocs\ci\ussiweb\application\modules/api/config/autoload.php
DEBUG - 2019-01-28 10:33:21 --> User_agent class already loaded. Second attempt ignored.
INFO - 2019-01-28 10:33:21 --> Model Class Initialized
INFO - 2019-01-28 10:33:21 --> Model Class Initialized
INFO - 2019-01-28 10:33:21 --> Model Class Initialized
INFO - 2019-01-28 10:33:21 --> Model Class Initialized
INFO - 2019-01-28 10:33:21 --> Model Class Initialized
INFO - 2019-01-28 10:33:21 --> Model Class Initialized
INFO - 2019-01-28 10:33:21 --> Model Class Initialized
INFO - 2019-01-28 10:33:21 --> Model Class Initialized
INFO - 2019-01-28 10:33:21 --> Model Class Initialized
INFO - 2019-01-28 10:33:21 --> Model Class Initialized
INFO - 2019-01-28 10:33:21 --> Model Class Initialized
INFO - 2019-01-28 10:33:21 --> Model Class Initialized
INFO - 2019-01-28 10:33:21 --> Model Class Initialized
INFO - 2019-01-28 10:33:21 --> Model Class Initialized
INFO - 2019-01-28 10:33:21 --> Model Class Initialized
INFO - 2019-01-28 10:33:21 --> Model Class Initialized
INFO - 2019-01-28 10:33:21 --> Model Class Initialized
INFO - 2019-01-28 10:33:21 --> Model Class Initialized
INFO - 2019-01-28 10:33:21 --> Controller Class Initialized
DEBUG - 2019-01-28 10:33:21 --> Com MX_Controller Initialized
DEBUG - 2019-01-28 10:33:21 --> File loaded: C:\xampp\htdocs\ci\ussiweb\application\modules/api/config/autoload.php
DEBUG - 2019-01-28 10:33:21 --> User_agent class already loaded. Second attempt ignored.
DEBUG - 2019-01-28 10:33:21 --> File loaded: C:\xampp\htdocs\ci\ussiweb\application\modules/api/config/rest.php
DEBUG - 2019-01-28 10:33:21 --> File loaded: C:\xampp\htdocs\ci\ussiweb\application\modules/api/libraries/Format.php
DEBUG - 2019-01-28 10:33:21 --> File loaded: C:\xampp\htdocs\ci\ussiweb\application\modules/api/language/english/rest_controller_lang.php
INFO - 2019-01-28 10:33:21 --> Database Driver Class Initialized
DEBUG - 2019-01-28 16:33:21 --> Commerce MX_Controller Initialized
DEBUG - 2019-01-28 16:33:21 --> File loaded: C:\xampp\htdocs\ci\ussiweb\application\modules/api/config/autoload.php
DEBUG - 2019-01-28 16:33:21 --> User_agent class already loaded. Second attempt ignored.
INFO - 2019-01-28 16:33:21 --> Database Driver Class Initialized
INFO - 2019-01-28 16:33:21 --> Action: begin|API|tlNruhaqXwfx3F[::1] 
INFO - 2019-01-28 16:33:21 --> Action: receiver |API|tlNruhaqXwfx3F ---|data: Array([uri] => api/m_nasabah/com/topup_pln_token[method] => post[params] => a:6:{s:8:"m_userid";s:8:"35201877";s:9:"nasabahid";s:8:"35208160";s:5:"plnid";s:11:"14222094006";s:6:"produk";s:5:"PLN20";s:11:"no_rekening";s:12:"35.01.007925";s:3:"pin";s:4:"9999";}[api_key] => els3j4ht3r4[key_session] => sSwABjcNEWp89P5UaORk[time] => 1548668001)
INFO - 2019-01-28 16:33:21 --> Action: info |API|tlNruhaqXwfx3F |message: [paytype by [nasabah]]
INFO - 2019-01-28 16:33:21 --> Action: info |API|tlNruhaqXwfx3F |message: [norekening (nasabah) =>35.01.007925]
INFO - 2019-01-28 16:33:21 --> Action: transaction |API|tlNruhaqXwfx3F |message: [get rekening partner :Tab_model->Acc_by_partnerid(INDOSIS_PRODUCTION)]
INFO - 2019-01-28 16:33:21 --> Action: transaction |API|tlNruhaqXwfx3F |message: [rek partner : 35.01.007946]
INFO - 2019-01-28 16:33:21 --> Action: openhttp |API|tlNruhaqXwfx3F |message: [hit url] ---|data: Array([url] => http://10.1.1.62/API_BMT_NEW/tokenpln.php?id_pln=14222094006&kode_produk=PLN20)
INFO - 2019-01-28 16:33:21 --> Action: result |API|tlNruhaqXwfx3F |message: [response : {"status":"OK","respon_code":"00","request_id":"628551000727","message":"SN=3561-2601-7730-8936-8010\/JOHNNYWENNYWEOL\/R1\/1300VA\/13,40;26\/01\/17 14:27 ISI PLN20 KE 01108490556, BERHASIL SISA. SAL=112.800,HRG=19.860,ID=57693947,SN=3561-2601-7730-8936-8010\/JOHNNYWENNYWEOL\/R1\/1300VA\/13,40; INFO : XL, AXIS, ISAT DATA untuk RS silahkan cek harga , thx.","kode_token":"3561-2601-7730-8936-8010\/JOHNNYWENNYWEOL\/R1\/1300VA\/13","saldo":"112800","id":"57693947","provider":"Powermedia"}]
INFO - 2019-01-28 16:33:21 --> Action: insert |API|tlNruhaqXwfx3F |message: [Tab_model->Ins_Tbl("COMTRANS")] ---|data: Array([COMTRANS_ID] => 5551584[TGL_TRANS] => 2019-01-28[NOCUSTOMER] => 14222094006[COMTYPE] => PLN[MY_KODE_TRANS] => 100[KUITANSI] => 110015[POKOK] => 22000.00[ADM] => 0.00[KETERANGAN] => Commerce PLN 14222094006 22.000 SN:92372892749748[VERIFIKASI] => 1[USERID] => 35201877[KODE_TRANS] => 102[TOB] => T[SANDI_TRANS] => [KODE_PERK_OB] => [NO_REKENING_VS] => [KODE_KOLEKTOR] => 000[KODE_KANTOR] => 35[ADM_PENUTUPAN] => 0.00[MODEL] => COM[COMMON_ID] => 5551585)
INFO - 2019-01-28 16:33:21 --> Action: insert |API|tlNruhaqXwfx3F |message: [partner : Tab_model->Tab_commerce(35.01.007925,14222094006,35201877,22000.00,227,200,5551584]
INFO - 2019-01-28 16:33:22 --> Action: insert |API|tlNruhaqXwfx3F |message: [result : OK]
INFO - 2019-01-28 16:33:22 --> Action: insert |API|tlNruhaqXwfx3F |message: [partner : Tab_model->Tab_commerce(35.01.007946,14222094006,35201877,22000.00,127,100,5551584]
INFO - 2019-01-28 16:33:22 --> Action: insert |API|tlNruhaqXwfx3F |message: [result : OK]
ERROR - 2019-01-28 16:33:22 --> Severity: error --> Exception: Call to undefined method Com::Rp() C:\xampp\htdocs\ci\ussiweb\application\modules\api\controllers\m_nasabah\Com.php 610
INFO - 2019-01-28 10:34:48 --> Config Class Initialized
INFO - 2019-01-28 10:34:48 --> Hooks Class Initialized
DEBUG - 2019-01-28 10:34:48 --> UTF-8 Support Enabled
INFO - 2019-01-28 10:34:48 --> Utf8 Class Initialized
INFO - 2019-01-28 10:34:48 --> URI Class Initialized
INFO - 2019-01-28 10:34:48 --> Router Class Initialized
INFO - 2019-01-28 10:34:48 --> Output Class Initialized
INFO - 2019-01-28 10:34:48 --> Security Class Initialized
DEBUG - 2019-01-28 10:34:48 --> Global POST, GET and COOKIE data sanitized
INFO - 2019-01-28 10:34:48 --> Input Class Initialized
INFO - 2019-01-28 10:34:48 --> Language Class Initialized
INFO - 2019-01-28 10:34:48 --> Language Class Initialized
INFO - 2019-01-28 10:34:48 --> Config Class Initialized
INFO - 2019-01-28 10:34:48 --> Loader Class Initialized
DEBUG - 2019-01-28 10:34:48 --> File loaded: C:\xampp\htdocs\ci\ussiweb\application\modules/api/config/site.php
INFO - 2019-01-28 10:34:48 --> Helper loaded: url_helper
INFO - 2019-01-28 10:34:48 --> Helper loaded: inflector_helper
INFO - 2019-01-28 10:34:48 --> Helper loaded: string_helper
INFO - 2019-01-28 10:34:48 --> Helper loaded: array_helper
INFO - 2019-01-28 10:34:48 --> Database Driver Class Initialized
DEBUG - 2019-01-28 10:34:48 --> Config file loaded: C:\xampp\htdocs\ci\ussiweb\application\config/ion_auth.php
DEBUG - 2019-01-28 10:34:48 --> Config file loaded: C:\xampp\htdocs\ci\ussiweb\application\third_party/ion_auth/config/ion_auth.php
INFO - 2019-01-28 10:34:49 --> Email Class Initialized
INFO - 2019-01-28 10:34:49 --> Language file loaded: language/english/ion_auth_lang.php
INFO - 2019-01-28 10:34:49 --> Helper loaded: cookie_helper
INFO - 2019-01-28 10:34:49 --> Helper loaded: language_helper
DEBUG - 2019-01-28 10:34:49 --> Session: "sess_save_path" is empty; using "session.save_path" value from php.ini.
INFO - 2019-01-28 10:34:49 --> Session: Class initialized using 'files' driver.
INFO - 2019-01-28 10:34:49 --> Model Class Initialized
INFO - 2019-01-28 10:34:49 --> Helper loaded: date_helper
INFO - 2019-01-28 10:34:49 --> User Agent Class Initialized
DEBUG - 2019-01-28 10:34:49 --> File loaded: C:\xampp\htdocs\ci\ussiweb\application\modules/api/config/autoload.php
DEBUG - 2019-01-28 10:34:49 --> User_agent class already loaded. Second attempt ignored.
INFO - 2019-01-28 10:34:49 --> Model Class Initialized
INFO - 2019-01-28 10:34:49 --> Model Class Initialized
INFO - 2019-01-28 10:34:49 --> Model Class Initialized
INFO - 2019-01-28 10:34:49 --> Model Class Initialized
INFO - 2019-01-28 10:34:49 --> Model Class Initialized
INFO - 2019-01-28 10:34:49 --> Model Class Initialized
INFO - 2019-01-28 10:34:49 --> Model Class Initialized
INFO - 2019-01-28 10:34:49 --> Model Class Initialized
INFO - 2019-01-28 10:34:49 --> Model Class Initialized
INFO - 2019-01-28 10:34:49 --> Model Class Initialized
INFO - 2019-01-28 10:34:49 --> Model Class Initialized
INFO - 2019-01-28 10:34:49 --> Model Class Initialized
INFO - 2019-01-28 10:34:49 --> Model Class Initialized
INFO - 2019-01-28 10:34:49 --> Model Class Initialized
INFO - 2019-01-28 10:34:49 --> Model Class Initialized
INFO - 2019-01-28 10:34:49 --> Model Class Initialized
INFO - 2019-01-28 10:34:49 --> Model Class Initialized
INFO - 2019-01-28 10:34:49 --> Model Class Initialized
INFO - 2019-01-28 10:34:49 --> Controller Class Initialized
DEBUG - 2019-01-28 10:34:49 --> Com MX_Controller Initialized
DEBUG - 2019-01-28 10:34:49 --> File loaded: C:\xampp\htdocs\ci\ussiweb\application\modules/api/config/autoload.php
DEBUG - 2019-01-28 10:34:49 --> User_agent class already loaded. Second attempt ignored.
DEBUG - 2019-01-28 10:34:49 --> File loaded: C:\xampp\htdocs\ci\ussiweb\application\modules/api/config/rest.php
DEBUG - 2019-01-28 10:34:49 --> File loaded: C:\xampp\htdocs\ci\ussiweb\application\modules/api/libraries/Format.php
DEBUG - 2019-01-28 10:34:49 --> File loaded: C:\xampp\htdocs\ci\ussiweb\application\modules/api/language/english/rest_controller_lang.php
INFO - 2019-01-28 10:34:49 --> Database Driver Class Initialized
DEBUG - 2019-01-28 16:34:49 --> Commerce MX_Controller Initialized
DEBUG - 2019-01-28 16:34:49 --> File loaded: C:\xampp\htdocs\ci\ussiweb\application\modules/api/config/autoload.php
DEBUG - 2019-01-28 16:34:49 --> User_agent class already loaded. Second attempt ignored.
INFO - 2019-01-28 16:34:49 --> Database Driver Class Initialized
INFO - 2019-01-28 16:34:49 --> Action: begin|API|P8Zu6SFCmfxiJo[::1] 
INFO - 2019-01-28 16:34:49 --> Action: receiver |API|P8Zu6SFCmfxiJo ---|data: Array([uri] => api/m_nasabah/com/topup_pln_token[method] => post[params] => a:6:{s:8:"m_userid";s:8:"35201877";s:9:"nasabahid";s:8:"35208160";s:5:"plnid";s:11:"14222094006";s:6:"produk";s:5:"PLN20";s:11:"no_rekening";s:12:"35.01.007925";s:3:"pin";s:4:"9999";}[api_key] => els3j4ht3r4[key_session] => sSwABjcNEWp89P5UaORk[time] => 1548668089)
INFO - 2019-01-28 16:34:49 --> Action: info |API|P8Zu6SFCmfxiJo |message: [paytype by [nasabah]]
INFO - 2019-01-28 16:34:49 --> Action: info |API|P8Zu6SFCmfxiJo |message: [norekening (nasabah) =>35.01.007925]
INFO - 2019-01-28 16:34:49 --> Action: transaction |API|P8Zu6SFCmfxiJo |message: [get rekening partner :Tab_model->Acc_by_partnerid(INDOSIS_PRODUCTION)]
INFO - 2019-01-28 16:34:49 --> Action: transaction |API|P8Zu6SFCmfxiJo |message: [rek partner : 35.01.007946]
INFO - 2019-01-28 16:34:49 --> Action: openhttp |API|P8Zu6SFCmfxiJo |message: [hit url] ---|data: Array([url] => http://10.1.1.62/API_BMT_NEW/tokenpln.php?id_pln=14222094006&kode_produk=PLN20)
INFO - 2019-01-28 16:34:49 --> Action: result |API|P8Zu6SFCmfxiJo |message: [response : {"status":"OK","respon_code":"00","request_id":"628551000727","message":"SN=3561-2601-7730-8936-8010\/JOHNNYWENNYWEOL\/R1\/1300VA\/13,40;26\/01\/17 14:27 ISI PLN20 KE 01108490556, BERHASIL SISA. SAL=112.800,HRG=19.860,ID=57693947,SN=3561-2601-7730-8936-8010\/JOHNNYWENNYWEOL\/R1\/1300VA\/13,40; INFO : XL, AXIS, ISAT DATA untuk RS silahkan cek harga , thx.","kode_token":"3561-2601-7730-8936-8010\/JOHNNYWENNYWEOL\/R1\/1300VA\/13","saldo":"112800","id":"57693947","provider":"Powermedia"}]
INFO - 2019-01-28 16:34:49 --> Action: insert |API|P8Zu6SFCmfxiJo |message: [Tab_model->Ins_Tbl("COMTRANS")] ---|data: Array([COMTRANS_ID] => 5551597[TGL_TRANS] => 2019-01-28[NOCUSTOMER] => 14222094006[COMTYPE] => PLN[MY_KODE_TRANS] => 100[KUITANSI] => 110016[POKOK] => 22000.00[ADM] => 0.00[KETERANGAN] => Commerce PLN 14222094006 22.000 SN:92372892749748[VERIFIKASI] => 1[USERID] => 35201877[KODE_TRANS] => 102[TOB] => T[SANDI_TRANS] => [KODE_PERK_OB] => [NO_REKENING_VS] => [KODE_KOLEKTOR] => 000[KODE_KANTOR] => 35[ADM_PENUTUPAN] => 0.00[MODEL] => COM[COMMON_ID] => 5551598)
INFO - 2019-01-28 16:34:49 --> Action: insert |API|P8Zu6SFCmfxiJo |message: [partner : Tab_model->Tab_commerce(35.01.007925,14222094006,35201877,22000.00,227,200,5551597]
INFO - 2019-01-28 16:34:50 --> Action: insert |API|P8Zu6SFCmfxiJo |message: [result : OK]
INFO - 2019-01-28 16:34:50 --> Action: insert |API|P8Zu6SFCmfxiJo |message: [partner : Tab_model->Tab_commerce(35.01.007946,14222094006,35201877,22000.00,127,100,5551597]
INFO - 2019-01-28 16:34:51 --> Action: insert |API|P8Zu6SFCmfxiJo |message: [result : OK]
ERROR - 2019-01-28 16:34:51 --> Severity: Notice --> Undefined variable: agn_username C:\xampp\htdocs\ci\ussiweb\application\modules\api\controllers\m_nasabah\Com.php 598
INFO - 2019-01-28 16:34:51 --> Action: transaction |API|P8Zu6SFCmfxiJo |message: [url :?title=Commerce&email=&tid=P8Zu6SFCmfxiJo&message=14222094006+Rp22.000+SN%3A3561-2601-7730-8936-8010%2FJOHNNYWENNYWEOL%2FR1%2F1300VA%2F13+ID+%3A+5551597]
ERROR - 2019-01-28 16:34:51 --> Severity: Warning --> include(Fcm.php): failed to open stream: No such file or directory C:\xampp\htdocs\ci\ussiweb\application\modules\api\controllers\m_nasabah\Com.php 601
ERROR - 2019-01-28 16:34:51 --> Severity: Warning --> include(): Failed opening 'Fcm.php' for inclusion (include_path='C:\xampp\php\PEAR') C:\xampp\htdocs\ci\ussiweb\application\modules\api\controllers\m_nasabah\Com.php 601
DEBUG - 2019-01-28 16:34:51 --> Fcm MX_Controller Initialized
DEBUG - 2019-01-28 16:34:51 --> File loaded: C:\xampp\htdocs\ci\ussiweb\application\modules/api/config/autoload.php
DEBUG - 2019-01-28 16:34:51 --> User_agent class already loaded. Second attempt ignored.
INFO - 2019-01-28 16:34:51 --> Database Driver Class Initialized
INFO - 2019-01-28 16:34:51 --> Model Class Initialized
ERROR - 2019-01-28 16:34:51 --> Severity: Notice --> Undefined variable: agn_username C:\xampp\htdocs\ci\ussiweb\application\modules\api\controllers\m_nasabah\Com.php 603
INFO - 2019-01-28 16:34:51 --> Action: fcm |API|P8Zu6SFCmfxiJo |message: [begin]
INFO - 2019-01-28 16:34:51 --> Action: fcm |API|P8Zu6SFCmfxiJo |message: [P8Zu6SFCmfxiJo]
INFO - 2019-01-28 16:34:51 --> Action: fcm |API|P8Zu6SFCmfxiJo
INFO - 2019-01-28 16:34:51 --> Action: fcm |API|P8Zu6SFCmfxiJo |message: [COM - PLN TOKEN BERHASIL]
INFO - 2019-01-28 16:34:51 --> Action: fcm |API|P8Zu6SFCmfxiJo |message: [14222094006 Rp22.000 SN:3561-2601-7730-8936-8010/JOHNNYWENNYWEOL/R1/1300VA/13 ID : 5551597]
INFO - 2019-01-28 16:34:51 --> Action: fcm |API|P8Zu6SFCmfxiJo |message: [response] ---|data: Array([error] => 1[message] => Parameters missing)
ERROR - 2019-01-28 16:34:51 --> Severity: Notice --> Array to string conversion C:\xampp\htdocs\ci\ussiweb\application\modules\api\controllers\m_nasabah\Com.php 604
INFO - 2019-01-28 16:34:51 --> Action: transaction |API|P8Zu6SFCmfxiJo |message: [response : Array]
INFO - 2019-01-28 16:34:51 --> Action: result |API|P8Zu6SFCmfxiJo |message: [success, running trasaction]
INFO - 2019-01-28 16:34:51 --> Action: update |API|P8Zu6SFCmfxiJo |message: [Update log pulsa]
INFO - 2019-01-28 16:34:51 --> Action: response |API|P8Zu6SFCmfxiJo ---|data: Array([status] => 1[error_code] => 600[message] => success[sn] => 3561-2601-7730-8936-8010[code] => P8Zu6SFCmfxiJo[data] => Array([token] => 3561-2601-7730-8936-8010[nama] => JOHNNYWENNYWEOL[tarif_daya] => R1/1300VA[jml_kwh] => 13[nominal] => 20000[jml_bayar] => 22.000))
ERROR - 2019-01-28 16:34:51 --> Severity: Warning --> Cannot modify header information - headers already sent by (output started at C:\xampp\htdocs\ci\ussiweb\system\core\Exceptions.php:273) C:\xampp\htdocs\ci\ussiweb\system\core\Common.php 573
INFO - 2019-01-28 16:34:51 --> Final output sent to browser
DEBUG - 2019-01-28 16:34:51 --> Total execution time: 2.8742
INFO - 2019-01-28 10:39:58 --> Config Class Initialized
INFO - 2019-01-28 10:39:58 --> Hooks Class Initialized
DEBUG - 2019-01-28 10:39:58 --> UTF-8 Support Enabled
INFO - 2019-01-28 10:39:58 --> Utf8 Class Initialized
INFO - 2019-01-28 10:39:58 --> URI Class Initialized
INFO - 2019-01-28 10:39:58 --> Router Class Initialized
INFO - 2019-01-28 10:39:58 --> Output Class Initialized
INFO - 2019-01-28 10:39:58 --> Security Class Initialized
DEBUG - 2019-01-28 10:39:58 --> Global POST, GET and COOKIE data sanitized
INFO - 2019-01-28 10:39:58 --> Input Class Initialized
INFO - 2019-01-28 10:39:58 --> Language Class Initialized
INFO - 2019-01-28 10:39:58 --> Language Class Initialized
INFO - 2019-01-28 10:39:58 --> Config Class Initialized
INFO - 2019-01-28 10:39:58 --> Loader Class Initialized
DEBUG - 2019-01-28 10:39:58 --> File loaded: C:\xampp\htdocs\ci\ussiweb\application\modules/api/config/site.php
INFO - 2019-01-28 10:39:58 --> Helper loaded: url_helper
INFO - 2019-01-28 10:39:58 --> Helper loaded: inflector_helper
INFO - 2019-01-28 10:39:58 --> Helper loaded: string_helper
INFO - 2019-01-28 10:39:58 --> Helper loaded: array_helper
INFO - 2019-01-28 10:39:58 --> Database Driver Class Initialized
DEBUG - 2019-01-28 10:39:58 --> Config file loaded: C:\xampp\htdocs\ci\ussiweb\application\config/ion_auth.php
DEBUG - 2019-01-28 10:39:58 --> Config file loaded: C:\xampp\htdocs\ci\ussiweb\application\third_party/ion_auth/config/ion_auth.php
INFO - 2019-01-28 10:39:58 --> Email Class Initialized
INFO - 2019-01-28 10:39:58 --> Language file loaded: language/english/ion_auth_lang.php
INFO - 2019-01-28 10:39:58 --> Helper loaded: cookie_helper
INFO - 2019-01-28 10:39:58 --> Helper loaded: language_helper
DEBUG - 2019-01-28 10:39:58 --> Session: "sess_save_path" is empty; using "session.save_path" value from php.ini.
INFO - 2019-01-28 10:39:58 --> Session: Class initialized using 'files' driver.
INFO - 2019-01-28 10:39:58 --> Model Class Initialized
INFO - 2019-01-28 10:39:58 --> Helper loaded: date_helper
INFO - 2019-01-28 10:39:58 --> User Agent Class Initialized
DEBUG - 2019-01-28 10:39:58 --> File loaded: C:\xampp\htdocs\ci\ussiweb\application\modules/api/config/autoload.php
DEBUG - 2019-01-28 10:39:58 --> User_agent class already loaded. Second attempt ignored.
INFO - 2019-01-28 10:39:58 --> Model Class Initialized
INFO - 2019-01-28 10:39:58 --> Model Class Initialized
INFO - 2019-01-28 10:39:58 --> Model Class Initialized
INFO - 2019-01-28 10:39:58 --> Model Class Initialized
INFO - 2019-01-28 10:39:58 --> Model Class Initialized
INFO - 2019-01-28 10:39:58 --> Model Class Initialized
INFO - 2019-01-28 10:39:58 --> Model Class Initialized
INFO - 2019-01-28 10:39:58 --> Model Class Initialized
INFO - 2019-01-28 10:39:58 --> Model Class Initialized
INFO - 2019-01-28 10:39:58 --> Model Class Initialized
INFO - 2019-01-28 10:39:58 --> Model Class Initialized
INFO - 2019-01-28 10:39:58 --> Model Class Initialized
INFO - 2019-01-28 10:39:58 --> Model Class Initialized
INFO - 2019-01-28 10:39:58 --> Model Class Initialized
INFO - 2019-01-28 10:39:58 --> Model Class Initialized
INFO - 2019-01-28 10:39:58 --> Model Class Initialized
INFO - 2019-01-28 10:39:58 --> Model Class Initialized
INFO - 2019-01-28 10:39:58 --> Model Class Initialized
INFO - 2019-01-28 10:39:58 --> Controller Class Initialized
DEBUG - 2019-01-28 10:39:58 --> Com MX_Controller Initialized
DEBUG - 2019-01-28 10:39:58 --> File loaded: C:\xampp\htdocs\ci\ussiweb\application\modules/api/config/autoload.php
DEBUG - 2019-01-28 10:39:58 --> User_agent class already loaded. Second attempt ignored.
DEBUG - 2019-01-28 10:39:58 --> File loaded: C:\xampp\htdocs\ci\ussiweb\application\modules/api/config/rest.php
DEBUG - 2019-01-28 10:39:58 --> File loaded: C:\xampp\htdocs\ci\ussiweb\application\modules/api/libraries/Format.php
DEBUG - 2019-01-28 10:39:58 --> File loaded: C:\xampp\htdocs\ci\ussiweb\application\modules/api/language/english/rest_controller_lang.php
INFO - 2019-01-28 10:39:58 --> Database Driver Class Initialized
DEBUG - 2019-01-28 16:39:58 --> Commerce MX_Controller Initialized
DEBUG - 2019-01-28 16:39:58 --> File loaded: C:\xampp\htdocs\ci\ussiweb\application\modules/api/config/autoload.php
DEBUG - 2019-01-28 16:39:58 --> User_agent class already loaded. Second attempt ignored.
INFO - 2019-01-28 16:39:58 --> Database Driver Class Initialized
INFO - 2019-01-28 16:39:58 --> Action: begin|API|8ITDqNpCYMzLK0[::1] 
INFO - 2019-01-28 16:39:58 --> Action: receiver |API|8ITDqNpCYMzLK0 ---|data: Array([uri] => api/m_nasabah/com/topup_pln_token[method] => post[params] => a:6:{s:8:"m_userid";s:8:"35201877";s:9:"nasabahid";s:8:"35208160";s:5:"plnid";s:11:"14222094006";s:6:"produk";s:5:"PLN20";s:11:"no_rekening";s:12:"35.01.007925";s:3:"pin";s:4:"9999";}[api_key] => els3j4ht3r4[key_session] => sSwABjcNEWp89P5UaORk[time] => 1548668398)
INFO - 2019-01-28 16:39:58 --> Action: info |API|8ITDqNpCYMzLK0 |message: [paytype by [nasabah]]
INFO - 2019-01-28 16:39:58 --> Action: info |API|8ITDqNpCYMzLK0 |message: [norekening (nasabah) =>35.01.007925]
INFO - 2019-01-28 16:39:58 --> Action: transaction |API|8ITDqNpCYMzLK0 |message: [get rekening partner :Tab_model->Acc_by_partnerid(INDOSIS_PRODUCTION)]
INFO - 2019-01-28 16:39:58 --> Action: transaction |API|8ITDqNpCYMzLK0 |message: [rek partner : 35.01.007946]
INFO - 2019-01-28 16:39:58 --> Action: openhttp |API|8ITDqNpCYMzLK0 |message: [hit url] ---|data: Array([url] => http://10.1.1.62/API_BMT_NEW/tokenpln.php?id_pln=14222094006&kode_produk=PLN20)
INFO - 2019-01-28 16:39:58 --> Action: result |API|8ITDqNpCYMzLK0 |message: [response : {"status":"OK","respon_code":"00","request_id":"628551000727","message":"SN=3561-2601-7730-8936-8010\/JOHNNYWENNYWEOL\/R1\/1300VA\/13,40;26\/01\/17 14:27 ISI PLN20 KE 01108490556, BERHASIL SISA. SAL=112.800,HRG=19.860,ID=57693947,SN=3561-2601-7730-8936-8010\/JOHNNYWENNYWEOL\/R1\/1300VA\/13,40; INFO : XL, AXIS, ISAT DATA untuk RS silahkan cek harga , thx.","kode_token":"3561-2601-7730-8936-8010\/JOHNNYWENNYWEOL\/R1\/1300VA\/13","saldo":"112800","id":"57693947","provider":"Powermedia"}]
INFO - 2019-01-28 16:39:58 --> Action: insert |API|8ITDqNpCYMzLK0 |message: [Tab_model->Ins_Tbl("COMTRANS")] ---|data: Array([COMTRANS_ID] => 5551610[TGL_TRANS] => 2019-01-28[NOCUSTOMER] => 14222094006[COMTYPE] => PLN[MY_KODE_TRANS] => 100[KUITANSI] => 110017[POKOK] => 22000.00[ADM] => 0.00[KETERANGAN] => Commerce PLN 14222094006 22.000 SN:92372892749748[VERIFIKASI] => 1[USERID] => 35201877[KODE_TRANS] => 102[TOB] => T[SANDI_TRANS] => [KODE_PERK_OB] => [NO_REKENING_VS] => [KODE_KOLEKTOR] => 000[KODE_KANTOR] => 35[ADM_PENUTUPAN] => 0.00[MODEL] => COM[COMMON_ID] => 5551611)
INFO - 2019-01-28 16:39:58 --> Action: insert |API|8ITDqNpCYMzLK0 |message: [partner : Tab_model->Tab_commerce(35.01.007925,14222094006,35201877,22000.00,227,200,5551610]
INFO - 2019-01-28 16:39:59 --> Action: insert |API|8ITDqNpCYMzLK0 |message: [result : OK]
INFO - 2019-01-28 16:39:59 --> Action: insert |API|8ITDqNpCYMzLK0 |message: [partner : Tab_model->Tab_commerce(35.01.007946,14222094006,35201877,22000.00,127,100,5551610]
INFO - 2019-01-28 16:40:00 --> Action: insert |API|8ITDqNpCYMzLK0 |message: [result : OK]
INFO - 2019-01-28 16:40:00 --> Action: result |API|8ITDqNpCYMzLK0 |message: [success, running trasaction]
INFO - 2019-01-28 16:40:00 --> Action: update |API|8ITDqNpCYMzLK0 |message: [Update log pulsa]
INFO - 2019-01-28 16:40:00 --> Action: response |API|8ITDqNpCYMzLK0 ---|data: Array([status] => 1[error_code] => 600[message] => success[sn] => 3561-2601-7730-8936-8010[code] => 8ITDqNpCYMzLK0[data] => Array([token] => 3561-2601-7730-8936-8010[nama] => JOHNNYWENNYWEOL[tarif_daya] => R1/1300VA[jml_kwh] => 13[nominal] => 20000[jml_bayar] => 22.000))
INFO - 2019-01-28 16:40:00 --> Final output sent to browser
DEBUG - 2019-01-28 16:40:00 --> Total execution time: 2.0133
INFO - 2019-01-28 10:40:55 --> Config Class Initialized
INFO - 2019-01-28 10:40:55 --> Hooks Class Initialized
DEBUG - 2019-01-28 10:40:55 --> UTF-8 Support Enabled
INFO - 2019-01-28 10:40:55 --> Utf8 Class Initialized
INFO - 2019-01-28 10:40:55 --> URI Class Initialized
INFO - 2019-01-28 10:40:55 --> Router Class Initialized
INFO - 2019-01-28 10:40:55 --> Output Class Initialized
INFO - 2019-01-28 10:40:55 --> Security Class Initialized
DEBUG - 2019-01-28 10:40:55 --> Global POST, GET and COOKIE data sanitized
INFO - 2019-01-28 10:40:55 --> Input Class Initialized
INFO - 2019-01-28 10:40:55 --> Language Class Initialized
INFO - 2019-01-28 10:40:55 --> Language Class Initialized
INFO - 2019-01-28 10:40:55 --> Config Class Initialized
INFO - 2019-01-28 10:40:55 --> Loader Class Initialized
DEBUG - 2019-01-28 10:40:55 --> File loaded: C:\xampp\htdocs\ci\ussiweb\application\modules/api/config/site.php
INFO - 2019-01-28 10:40:55 --> Helper loaded: url_helper
INFO - 2019-01-28 10:40:55 --> Helper loaded: inflector_helper
INFO - 2019-01-28 10:40:55 --> Helper loaded: string_helper
INFO - 2019-01-28 10:40:55 --> Helper loaded: array_helper
INFO - 2019-01-28 10:40:55 --> Database Driver Class Initialized
DEBUG - 2019-01-28 10:40:55 --> Config file loaded: C:\xampp\htdocs\ci\ussiweb\application\config/ion_auth.php
DEBUG - 2019-01-28 10:40:55 --> Config file loaded: C:\xampp\htdocs\ci\ussiweb\application\third_party/ion_auth/config/ion_auth.php
INFO - 2019-01-28 10:40:55 --> Email Class Initialized
INFO - 2019-01-28 10:40:55 --> Language file loaded: language/english/ion_auth_lang.php
INFO - 2019-01-28 10:40:55 --> Helper loaded: cookie_helper
INFO - 2019-01-28 10:40:55 --> Helper loaded: language_helper
DEBUG - 2019-01-28 10:40:55 --> Session: "sess_save_path" is empty; using "session.save_path" value from php.ini.
INFO - 2019-01-28 10:40:55 --> Session: Class initialized using 'files' driver.
INFO - 2019-01-28 10:40:55 --> Model Class Initialized
INFO - 2019-01-28 10:40:55 --> Helper loaded: date_helper
INFO - 2019-01-28 10:40:55 --> User Agent Class Initialized
DEBUG - 2019-01-28 10:40:55 --> File loaded: C:\xampp\htdocs\ci\ussiweb\application\modules/api/config/autoload.php
DEBUG - 2019-01-28 10:40:55 --> User_agent class already loaded. Second attempt ignored.
INFO - 2019-01-28 10:40:55 --> Model Class Initialized
INFO - 2019-01-28 10:40:55 --> Model Class Initialized
INFO - 2019-01-28 10:40:55 --> Model Class Initialized
INFO - 2019-01-28 10:40:55 --> Model Class Initialized
INFO - 2019-01-28 10:40:55 --> Model Class Initialized
INFO - 2019-01-28 10:40:55 --> Model Class Initialized
INFO - 2019-01-28 10:40:55 --> Model Class Initialized
INFO - 2019-01-28 10:40:55 --> Model Class Initialized
INFO - 2019-01-28 10:40:55 --> Model Class Initialized
INFO - 2019-01-28 10:40:55 --> Model Class Initialized
INFO - 2019-01-28 10:40:55 --> Model Class Initialized
INFO - 2019-01-28 10:40:55 --> Model Class Initialized
INFO - 2019-01-28 10:40:55 --> Model Class Initialized
INFO - 2019-01-28 10:40:55 --> Model Class Initialized
INFO - 2019-01-28 10:40:55 --> Model Class Initialized
INFO - 2019-01-28 10:40:55 --> Model Class Initialized
INFO - 2019-01-28 10:40:55 --> Model Class Initialized
INFO - 2019-01-28 10:40:55 --> Model Class Initialized
INFO - 2019-01-28 10:40:55 --> Controller Class Initialized
DEBUG - 2019-01-28 10:40:55 --> Com MX_Controller Initialized
DEBUG - 2019-01-28 10:40:55 --> File loaded: C:\xampp\htdocs\ci\ussiweb\application\modules/api/config/autoload.php
DEBUG - 2019-01-28 10:40:55 --> User_agent class already loaded. Second attempt ignored.
DEBUG - 2019-01-28 10:40:55 --> File loaded: C:\xampp\htdocs\ci\ussiweb\application\modules/api/config/rest.php
DEBUG - 2019-01-28 10:40:55 --> File loaded: C:\xampp\htdocs\ci\ussiweb\application\modules/api/libraries/Format.php
DEBUG - 2019-01-28 10:40:55 --> File loaded: C:\xampp\htdocs\ci\ussiweb\application\modules/api/language/english/rest_controller_lang.php
INFO - 2019-01-28 10:40:55 --> Database Driver Class Initialized
DEBUG - 2019-01-28 16:40:55 --> Commerce MX_Controller Initialized
DEBUG - 2019-01-28 16:40:55 --> File loaded: C:\xampp\htdocs\ci\ussiweb\application\modules/api/config/autoload.php
DEBUG - 2019-01-28 16:40:55 --> User_agent class already loaded. Second attempt ignored.
INFO - 2019-01-28 16:40:55 --> Database Driver Class Initialized
INFO - 2019-01-28 16:40:55 --> Action: begin|API|54CJzYoElOjV9c[::1] 
INFO - 2019-01-28 16:40:55 --> Action: receiver |API|54CJzYoElOjV9c ---|data: Array([uri] => api/m_nasabah/com/topup_pln_token[method] => post[params] => a:6:{s:8:"m_userid";s:8:"35201877";s:9:"nasabahid";s:8:"35208160";s:5:"plnid";s:11:"14222094006";s:6:"produk";s:5:"PLN20";s:11:"no_rekening";s:12:"35.01.007925";s:3:"pin";s:4:"9999";}[api_key] => els3j4ht3r4[key_session] => sSwABjcNEWp89P5UaORk[time] => 1548668455)
INFO - 2019-01-28 16:40:55 --> Action: info |API|54CJzYoElOjV9c |message: [paytype by [nasabah]]
INFO - 2019-01-28 16:40:55 --> Action: info |API|54CJzYoElOjV9c |message: [norekening (nasabah) =>35.01.007925]
INFO - 2019-01-28 16:40:55 --> Action: response |API|54CJzYoElOjV9c |message: [failed, saldo insufficent balace] ---|data: Array([status] => [error_code] => 626[message] => saldo tabungan tidak cukup[sn] => [code] => )
INFO - 2019-01-28 16:40:55 --> Final output sent to browser
DEBUG - 2019-01-28 16:40:55 --> Total execution time: 0.3322
