INFO - 2018-12-26 04:32:33 --> Config Class Initialized
INFO - 2018-12-26 04:32:33 --> Hooks Class Initialized
DEBUG - 2018-12-26 04:32:33 --> UTF-8 Support Enabled
INFO - 2018-12-26 04:32:33 --> Utf8 Class Initialized
INFO - 2018-12-26 04:32:33 --> URI Class Initialized
DEBUG - 2018-12-26 04:32:33 --> File loaded: C:\xampp\htdocs\ci\ussiweb\application\modules/admin/config/routes.php
INFO - 2018-12-26 04:32:33 --> Router Class Initialized
INFO - 2018-12-26 04:32:33 --> Output Class Initialized
INFO - 2018-12-26 04:32:33 --> Security Class Initialized
DEBUG - 2018-12-26 04:32:33 --> Global POST, GET and COOKIE data sanitized
INFO - 2018-12-26 04:32:33 --> Input Class Initialized
INFO - 2018-12-26 04:32:33 --> Language Class Initialized
INFO - 2018-12-26 04:32:33 --> Language Class Initialized
INFO - 2018-12-26 04:32:33 --> Config Class Initialized
INFO - 2018-12-26 04:32:33 --> Loader Class Initialized
DEBUG - 2018-12-26 04:32:33 --> File loaded: C:\xampp\htdocs\ci\ussiweb\application\modules/admin/config/site.php
INFO - 2018-12-26 04:32:33 --> Helper loaded: url_helper
INFO - 2018-12-26 04:32:33 --> Helper loaded: inflector_helper
INFO - 2018-12-26 04:32:33 --> Helper loaded: string_helper
INFO - 2018-12-26 04:32:33 --> Helper loaded: array_helper
INFO - 2018-12-26 04:32:33 --> Database Driver Class Initialized
DEBUG - 2018-12-26 04:32:33 --> File loaded: C:\xampp\htdocs\ci\ussiweb\application\modules/admin/config/ion_auth.php
DEBUG - 2018-12-26 04:32:33 --> File loaded: C:\xampp\htdocs\ci\ussiweb\application\modules/admin/config/ion_auth.php
INFO - 2018-12-26 04:32:33 --> Email Class Initialized
INFO - 2018-12-26 04:32:33 --> Language file loaded: language/english/ion_auth_lang.php
INFO - 2018-12-26 04:32:33 --> Helper loaded: cookie_helper
INFO - 2018-12-26 04:32:33 --> Helper loaded: language_helper
DEBUG - 2018-12-26 04:32:33 --> Session: "sess_save_path" is empty; using "session.save_path" value from php.ini.
INFO - 2018-12-26 04:32:33 --> Session: Class initialized using 'files' driver.
INFO - 2018-12-26 04:32:33 --> Model Class Initialized
INFO - 2018-12-26 04:32:33 --> Helper loaded: date_helper
INFO - 2018-12-26 04:32:33 --> User Agent Class Initialized
DEBUG - 2018-12-26 04:32:33 --> File loaded: C:\xampp\htdocs\ci\ussiweb\application\modules/admin/config/autoload.php
DEBUG - 2018-12-26 04:32:33 --> File loaded: C:\xampp\htdocs\ci\ussiweb\application\modules/admin/config/form_validation.php
INFO - 2018-12-26 04:32:33 --> Helper loaded: form_helper
INFO - 2018-12-26 04:32:33 --> Form Validation Class Initialized
INFO - 2018-12-26 04:32:33 --> Model Class Initialized
INFO - 2018-12-26 04:32:33 --> Model Class Initialized
INFO - 2018-12-26 04:32:33 --> Model Class Initialized
INFO - 2018-12-26 04:32:33 --> Model Class Initialized
INFO - 2018-12-26 04:32:33 --> Model Class Initialized
INFO - 2018-12-26 04:32:33 --> Model Class Initialized
INFO - 2018-12-26 04:32:33 --> Model Class Initialized
INFO - 2018-12-26 04:32:33 --> Model Class Initialized
INFO - 2018-12-26 04:32:33 --> Model Class Initialized
INFO - 2018-12-26 04:32:33 --> Model Class Initialized
INFO - 2018-12-26 04:32:33 --> Model Class Initialized
INFO - 2018-12-26 04:32:33 --> Model Class Initialized
INFO - 2018-12-26 04:32:33 --> Model Class Initialized
INFO - 2018-12-26 04:32:33 --> Controller Class Initialized
DEBUG - 2018-12-26 04:32:33 --> Login MX_Controller Initialized
DEBUG - 2018-12-26 04:32:33 --> File loaded: C:\xampp\htdocs\ci\ussiweb\application\modules/admin/config/autoload.php
DEBUG - 2018-12-26 10:32:33 --> File loaded: C:\xampp\htdocs\ci\ussiweb\application\modules/admin/config/form_validation.php
DEBUG - 2018-12-26 10:32:33 --> File loaded: C:\xampp\htdocs\ci\ussiweb\application\views\_base/head.php
DEBUG - 2018-12-26 10:32:33 --> File loaded: C:\xampp\htdocs\ci\ussiweb\application\modules/admin/views/login.php
DEBUG - 2018-12-26 10:32:33 --> File loaded: C:\xampp\htdocs\ci\ussiweb\application\views\_layouts/empty.php
DEBUG - 2018-12-26 10:32:33 --> File loaded: C:\xampp\htdocs\ci\ussiweb\application\views\_partials/ga.php
DEBUG - 2018-12-26 10:32:33 --> File loaded: C:\xampp\htdocs\ci\ussiweb\application\views\_base/foot.php
INFO - 2018-12-26 10:32:33 --> Final output sent to browser
DEBUG - 2018-12-26 10:32:33 --> Total execution time: 0.3552
INFO - 2018-12-26 04:32:37 --> Config Class Initialized
INFO - 2018-12-26 04:32:37 --> Hooks Class Initialized
DEBUG - 2018-12-26 04:32:37 --> UTF-8 Support Enabled
INFO - 2018-12-26 04:32:37 --> Utf8 Class Initialized
INFO - 2018-12-26 04:32:37 --> URI Class Initialized
DEBUG - 2018-12-26 04:32:37 --> File loaded: C:\xampp\htdocs\ci\ussiweb\application\modules/admin/config/routes.php
INFO - 2018-12-26 04:32:37 --> Router Class Initialized
INFO - 2018-12-26 04:32:37 --> Output Class Initialized
INFO - 2018-12-26 04:32:37 --> Security Class Initialized
DEBUG - 2018-12-26 04:32:37 --> Global POST, GET and COOKIE data sanitized
INFO - 2018-12-26 04:32:37 --> Input Class Initialized
INFO - 2018-12-26 04:32:37 --> Language Class Initialized
INFO - 2018-12-26 04:32:37 --> Language Class Initialized
INFO - 2018-12-26 04:32:37 --> Config Class Initialized
INFO - 2018-12-26 04:32:37 --> Loader Class Initialized
DEBUG - 2018-12-26 04:32:37 --> File loaded: C:\xampp\htdocs\ci\ussiweb\application\modules/admin/config/site.php
INFO - 2018-12-26 04:32:37 --> Helper loaded: url_helper
INFO - 2018-12-26 04:32:37 --> Helper loaded: inflector_helper
INFO - 2018-12-26 04:32:37 --> Helper loaded: string_helper
INFO - 2018-12-26 04:32:37 --> Helper loaded: array_helper
INFO - 2018-12-26 04:32:37 --> Database Driver Class Initialized
DEBUG - 2018-12-26 04:32:37 --> File loaded: C:\xampp\htdocs\ci\ussiweb\application\modules/admin/config/ion_auth.php
DEBUG - 2018-12-26 04:32:37 --> File loaded: C:\xampp\htdocs\ci\ussiweb\application\modules/admin/config/ion_auth.php
INFO - 2018-12-26 04:32:37 --> Email Class Initialized
INFO - 2018-12-26 04:32:37 --> Language file loaded: language/english/ion_auth_lang.php
INFO - 2018-12-26 04:32:37 --> Helper loaded: cookie_helper
INFO - 2018-12-26 04:32:37 --> Helper loaded: language_helper
DEBUG - 2018-12-26 04:32:37 --> Session: "sess_save_path" is empty; using "session.save_path" value from php.ini.
INFO - 2018-12-26 04:32:37 --> Session: Class initialized using 'files' driver.
INFO - 2018-12-26 04:32:37 --> Model Class Initialized
INFO - 2018-12-26 04:32:37 --> Helper loaded: date_helper
INFO - 2018-12-26 04:32:37 --> User Agent Class Initialized
DEBUG - 2018-12-26 04:32:37 --> File loaded: C:\xampp\htdocs\ci\ussiweb\application\modules/admin/config/autoload.php
DEBUG - 2018-12-26 04:32:37 --> File loaded: C:\xampp\htdocs\ci\ussiweb\application\modules/admin/config/form_validation.php
INFO - 2018-12-26 04:32:37 --> Helper loaded: form_helper
INFO - 2018-12-26 04:32:37 --> Form Validation Class Initialized
INFO - 2018-12-26 04:32:37 --> Model Class Initialized
INFO - 2018-12-26 04:32:37 --> Model Class Initialized
INFO - 2018-12-26 04:32:37 --> Model Class Initialized
INFO - 2018-12-26 04:32:37 --> Model Class Initialized
INFO - 2018-12-26 04:32:37 --> Model Class Initialized
INFO - 2018-12-26 04:32:37 --> Model Class Initialized
INFO - 2018-12-26 04:32:37 --> Model Class Initialized
INFO - 2018-12-26 04:32:37 --> Model Class Initialized
INFO - 2018-12-26 04:32:37 --> Model Class Initialized
INFO - 2018-12-26 04:32:37 --> Model Class Initialized
INFO - 2018-12-26 04:32:37 --> Model Class Initialized
INFO - 2018-12-26 04:32:37 --> Model Class Initialized
INFO - 2018-12-26 04:32:37 --> Model Class Initialized
INFO - 2018-12-26 04:32:37 --> Controller Class Initialized
DEBUG - 2018-12-26 04:32:37 --> Login MX_Controller Initialized
DEBUG - 2018-12-26 04:32:37 --> File loaded: C:\xampp\htdocs\ci\ussiweb\application\modules/admin/config/autoload.php
DEBUG - 2018-12-26 10:32:37 --> File loaded: C:\xampp\htdocs\ci\ussiweb\application\modules/admin/config/form_validation.php
INFO - 2018-12-26 10:32:37 --> Language file loaded: language/english/form_validation_lang.php
INFO - 2018-12-26 04:32:37 --> Config Class Initialized
INFO - 2018-12-26 04:32:37 --> Hooks Class Initialized
DEBUG - 2018-12-26 04:32:37 --> UTF-8 Support Enabled
INFO - 2018-12-26 04:32:37 --> Utf8 Class Initialized
INFO - 2018-12-26 04:32:37 --> URI Class Initialized
DEBUG - 2018-12-26 04:32:37 --> File loaded: C:\xampp\htdocs\ci\ussiweb\application\modules/admin/config/routes.php
INFO - 2018-12-26 04:32:37 --> Router Class Initialized
INFO - 2018-12-26 04:32:37 --> Output Class Initialized
INFO - 2018-12-26 04:32:37 --> Security Class Initialized
DEBUG - 2018-12-26 04:32:37 --> Global POST, GET and COOKIE data sanitized
INFO - 2018-12-26 04:32:37 --> Input Class Initialized
INFO - 2018-12-26 04:32:37 --> Language Class Initialized
INFO - 2018-12-26 04:32:37 --> Language Class Initialized
INFO - 2018-12-26 04:32:37 --> Config Class Initialized
INFO - 2018-12-26 04:32:37 --> Loader Class Initialized
DEBUG - 2018-12-26 04:32:37 --> File loaded: C:\xampp\htdocs\ci\ussiweb\application\modules/admin/config/site.php
INFO - 2018-12-26 04:32:37 --> Helper loaded: url_helper
INFO - 2018-12-26 04:32:37 --> Helper loaded: inflector_helper
INFO - 2018-12-26 04:32:37 --> Helper loaded: string_helper
INFO - 2018-12-26 04:32:37 --> Helper loaded: array_helper
INFO - 2018-12-26 04:32:37 --> Database Driver Class Initialized
DEBUG - 2018-12-26 04:32:37 --> File loaded: C:\xampp\htdocs\ci\ussiweb\application\modules/admin/config/ion_auth.php
DEBUG - 2018-12-26 04:32:37 --> File loaded: C:\xampp\htdocs\ci\ussiweb\application\modules/admin/config/ion_auth.php
INFO - 2018-12-26 04:32:37 --> Email Class Initialized
INFO - 2018-12-26 04:32:37 --> Language file loaded: language/english/ion_auth_lang.php
INFO - 2018-12-26 04:32:37 --> Helper loaded: cookie_helper
INFO - 2018-12-26 04:32:37 --> Helper loaded: language_helper
DEBUG - 2018-12-26 04:32:37 --> Session: "sess_save_path" is empty; using "session.save_path" value from php.ini.
INFO - 2018-12-26 04:32:37 --> Session: Class initialized using 'files' driver.
INFO - 2018-12-26 04:32:37 --> Model Class Initialized
INFO - 2018-12-26 04:32:37 --> Helper loaded: date_helper
INFO - 2018-12-26 04:32:37 --> User Agent Class Initialized
DEBUG - 2018-12-26 04:32:37 --> File loaded: C:\xampp\htdocs\ci\ussiweb\application\modules/admin/config/autoload.php
DEBUG - 2018-12-26 04:32:37 --> File loaded: C:\xampp\htdocs\ci\ussiweb\application\modules/admin/config/form_validation.php
INFO - 2018-12-26 04:32:37 --> Helper loaded: form_helper
INFO - 2018-12-26 04:32:37 --> Form Validation Class Initialized
INFO - 2018-12-26 04:32:37 --> Model Class Initialized
INFO - 2018-12-26 04:32:37 --> Model Class Initialized
INFO - 2018-12-26 04:32:37 --> Model Class Initialized
INFO - 2018-12-26 04:32:37 --> Model Class Initialized
INFO - 2018-12-26 04:32:37 --> Model Class Initialized
INFO - 2018-12-26 04:32:37 --> Model Class Initialized
INFO - 2018-12-26 04:32:37 --> Model Class Initialized
INFO - 2018-12-26 04:32:37 --> Model Class Initialized
INFO - 2018-12-26 04:32:37 --> Model Class Initialized
INFO - 2018-12-26 04:32:37 --> Model Class Initialized
INFO - 2018-12-26 04:32:37 --> Model Class Initialized
INFO - 2018-12-26 04:32:37 --> Model Class Initialized
INFO - 2018-12-26 04:32:37 --> Model Class Initialized
INFO - 2018-12-26 04:32:37 --> Controller Class Initialized
DEBUG - 2018-12-26 04:32:37 --> Login MX_Controller Initialized
DEBUG - 2018-12-26 04:32:37 --> File loaded: C:\xampp\htdocs\ci\ussiweb\application\modules/admin/config/autoload.php
DEBUG - 2018-12-26 10:32:37 --> File loaded: C:\xampp\htdocs\ci\ussiweb\application\modules/admin/config/form_validation.php
DEBUG - 2018-12-26 10:32:37 --> File loaded: C:\xampp\htdocs\ci\ussiweb\application\views\_base/head.php
DEBUG - 2018-12-26 10:32:37 --> File loaded: C:\xampp\htdocs\ci\ussiweb\application\modules/admin/views/login.php
DEBUG - 2018-12-26 10:32:37 --> File loaded: C:\xampp\htdocs\ci\ussiweb\application\views\_layouts/empty.php
DEBUG - 2018-12-26 10:32:37 --> File loaded: C:\xampp\htdocs\ci\ussiweb\application\views\_partials/ga.php
DEBUG - 2018-12-26 10:32:37 --> File loaded: C:\xampp\htdocs\ci\ussiweb\application\views\_base/foot.php
INFO - 2018-12-26 10:32:37 --> Final output sent to browser
DEBUG - 2018-12-26 10:32:37 --> Total execution time: 0.2506
INFO - 2018-12-26 04:32:48 --> Config Class Initialized
INFO - 2018-12-26 04:32:48 --> Hooks Class Initialized
DEBUG - 2018-12-26 04:32:48 --> UTF-8 Support Enabled
INFO - 2018-12-26 04:32:48 --> Utf8 Class Initialized
INFO - 2018-12-26 04:32:48 --> URI Class Initialized
DEBUG - 2018-12-26 04:32:48 --> File loaded: C:\xampp\htdocs\ci\ussiweb\application\modules/admin/config/routes.php
INFO - 2018-12-26 04:32:48 --> Router Class Initialized
INFO - 2018-12-26 04:32:48 --> Output Class Initialized
INFO - 2018-12-26 04:32:48 --> Security Class Initialized
DEBUG - 2018-12-26 04:32:48 --> Global POST, GET and COOKIE data sanitized
INFO - 2018-12-26 04:32:48 --> Input Class Initialized
INFO - 2018-12-26 04:32:48 --> Language Class Initialized
INFO - 2018-12-26 04:32:48 --> Language Class Initialized
INFO - 2018-12-26 04:32:48 --> Config Class Initialized
INFO - 2018-12-26 04:32:48 --> Loader Class Initialized
DEBUG - 2018-12-26 04:32:48 --> File loaded: C:\xampp\htdocs\ci\ussiweb\application\modules/admin/config/site.php
INFO - 2018-12-26 04:32:48 --> Helper loaded: url_helper
INFO - 2018-12-26 04:32:48 --> Helper loaded: inflector_helper
INFO - 2018-12-26 04:32:48 --> Helper loaded: string_helper
INFO - 2018-12-26 04:32:48 --> Helper loaded: array_helper
INFO - 2018-12-26 04:32:48 --> Database Driver Class Initialized
DEBUG - 2018-12-26 04:32:48 --> File loaded: C:\xampp\htdocs\ci\ussiweb\application\modules/admin/config/ion_auth.php
DEBUG - 2018-12-26 04:32:48 --> File loaded: C:\xampp\htdocs\ci\ussiweb\application\modules/admin/config/ion_auth.php
INFO - 2018-12-26 04:32:48 --> Email Class Initialized
INFO - 2018-12-26 04:32:48 --> Language file loaded: language/english/ion_auth_lang.php
INFO - 2018-12-26 04:32:48 --> Helper loaded: cookie_helper
INFO - 2018-12-26 04:32:48 --> Helper loaded: language_helper
DEBUG - 2018-12-26 04:32:48 --> Session: "sess_save_path" is empty; using "session.save_path" value from php.ini.
INFO - 2018-12-26 04:32:48 --> Session: Class initialized using 'files' driver.
INFO - 2018-12-26 04:32:48 --> Model Class Initialized
INFO - 2018-12-26 04:32:48 --> Helper loaded: date_helper
INFO - 2018-12-26 04:32:48 --> User Agent Class Initialized
DEBUG - 2018-12-26 04:32:48 --> File loaded: C:\xampp\htdocs\ci\ussiweb\application\modules/admin/config/autoload.php
DEBUG - 2018-12-26 04:32:48 --> File loaded: C:\xampp\htdocs\ci\ussiweb\application\modules/admin/config/form_validation.php
INFO - 2018-12-26 04:32:48 --> Helper loaded: form_helper
INFO - 2018-12-26 04:32:48 --> Form Validation Class Initialized
INFO - 2018-12-26 04:32:48 --> Model Class Initialized
INFO - 2018-12-26 04:32:48 --> Model Class Initialized
INFO - 2018-12-26 04:32:48 --> Model Class Initialized
INFO - 2018-12-26 04:32:48 --> Model Class Initialized
INFO - 2018-12-26 04:32:48 --> Model Class Initialized
INFO - 2018-12-26 04:32:48 --> Model Class Initialized
INFO - 2018-12-26 04:32:48 --> Model Class Initialized
INFO - 2018-12-26 04:32:48 --> Model Class Initialized
INFO - 2018-12-26 04:32:48 --> Model Class Initialized
INFO - 2018-12-26 04:32:48 --> Model Class Initialized
INFO - 2018-12-26 04:32:48 --> Model Class Initialized
INFO - 2018-12-26 04:32:48 --> Model Class Initialized
INFO - 2018-12-26 04:32:48 --> Model Class Initialized
INFO - 2018-12-26 04:32:48 --> Controller Class Initialized
DEBUG - 2018-12-26 04:32:48 --> Login MX_Controller Initialized
DEBUG - 2018-12-26 04:32:48 --> File loaded: C:\xampp\htdocs\ci\ussiweb\application\modules/admin/config/autoload.php
DEBUG - 2018-12-26 10:32:48 --> File loaded: C:\xampp\htdocs\ci\ussiweb\application\modules/admin/config/form_validation.php
INFO - 2018-12-26 10:32:48 --> Language file loaded: language/english/form_validation_lang.php
INFO - 2018-12-26 04:32:48 --> Config Class Initialized
INFO - 2018-12-26 04:32:48 --> Hooks Class Initialized
DEBUG - 2018-12-26 04:32:48 --> UTF-8 Support Enabled
INFO - 2018-12-26 04:32:48 --> Utf8 Class Initialized
INFO - 2018-12-26 04:32:48 --> URI Class Initialized
DEBUG - 2018-12-26 04:32:48 --> File loaded: C:\xampp\htdocs\ci\ussiweb\application\modules/admin/config/routes.php
INFO - 2018-12-26 04:32:48 --> Router Class Initialized
INFO - 2018-12-26 04:32:48 --> Output Class Initialized
INFO - 2018-12-26 04:32:48 --> Security Class Initialized
DEBUG - 2018-12-26 04:32:48 --> Global POST, GET and COOKIE data sanitized
INFO - 2018-12-26 04:32:48 --> Input Class Initialized
INFO - 2018-12-26 04:32:48 --> Language Class Initialized
INFO - 2018-12-26 04:32:48 --> Language Class Initialized
INFO - 2018-12-26 04:32:48 --> Config Class Initialized
INFO - 2018-12-26 04:32:48 --> Loader Class Initialized
DEBUG - 2018-12-26 04:32:48 --> File loaded: C:\xampp\htdocs\ci\ussiweb\application\modules/admin/config/site.php
INFO - 2018-12-26 04:32:48 --> Helper loaded: url_helper
INFO - 2018-12-26 04:32:48 --> Helper loaded: inflector_helper
INFO - 2018-12-26 04:32:48 --> Helper loaded: string_helper
INFO - 2018-12-26 04:32:48 --> Helper loaded: array_helper
INFO - 2018-12-26 04:32:48 --> Database Driver Class Initialized
DEBUG - 2018-12-26 04:32:48 --> File loaded: C:\xampp\htdocs\ci\ussiweb\application\modules/admin/config/ion_auth.php
DEBUG - 2018-12-26 04:32:48 --> File loaded: C:\xampp\htdocs\ci\ussiweb\application\modules/admin/config/ion_auth.php
INFO - 2018-12-26 04:32:48 --> Email Class Initialized
INFO - 2018-12-26 04:32:48 --> Language file loaded: language/english/ion_auth_lang.php
INFO - 2018-12-26 04:32:48 --> Helper loaded: cookie_helper
INFO - 2018-12-26 04:32:48 --> Helper loaded: language_helper
DEBUG - 2018-12-26 04:32:48 --> Session: "sess_save_path" is empty; using "session.save_path" value from php.ini.
INFO - 2018-12-26 04:32:48 --> Session: Class initialized using 'files' driver.
INFO - 2018-12-26 04:32:48 --> Model Class Initialized
INFO - 2018-12-26 04:32:48 --> Helper loaded: date_helper
INFO - 2018-12-26 04:32:48 --> User Agent Class Initialized
DEBUG - 2018-12-26 04:32:48 --> File loaded: C:\xampp\htdocs\ci\ussiweb\application\modules/admin/config/autoload.php
DEBUG - 2018-12-26 04:32:48 --> File loaded: C:\xampp\htdocs\ci\ussiweb\application\modules/admin/config/form_validation.php
INFO - 2018-12-26 04:32:48 --> Helper loaded: form_helper
INFO - 2018-12-26 04:32:48 --> Form Validation Class Initialized
INFO - 2018-12-26 04:32:48 --> Model Class Initialized
INFO - 2018-12-26 04:32:48 --> Model Class Initialized
INFO - 2018-12-26 04:32:48 --> Model Class Initialized
INFO - 2018-12-26 04:32:48 --> Model Class Initialized
INFO - 2018-12-26 04:32:48 --> Model Class Initialized
INFO - 2018-12-26 04:32:48 --> Model Class Initialized
INFO - 2018-12-26 04:32:48 --> Model Class Initialized
INFO - 2018-12-26 04:32:48 --> Model Class Initialized
INFO - 2018-12-26 04:32:48 --> Model Class Initialized
INFO - 2018-12-26 04:32:48 --> Model Class Initialized
INFO - 2018-12-26 04:32:48 --> Model Class Initialized
INFO - 2018-12-26 04:32:48 --> Model Class Initialized
INFO - 2018-12-26 04:32:48 --> Model Class Initialized
INFO - 2018-12-26 04:32:48 --> Controller Class Initialized
DEBUG - 2018-12-26 04:32:48 --> Home MX_Controller Initialized
DEBUG - 2018-12-26 04:32:48 --> File loaded: C:\xampp\htdocs\ci\ussiweb\application\modules/admin/config/autoload.php
INFO - 2018-12-26 04:32:48 --> Config Class Initialized
INFO - 2018-12-26 04:32:48 --> Hooks Class Initialized
DEBUG - 2018-12-26 04:32:48 --> UTF-8 Support Enabled
INFO - 2018-12-26 04:32:48 --> Utf8 Class Initialized
INFO - 2018-12-26 04:32:48 --> URI Class Initialized
DEBUG - 2018-12-26 04:32:48 --> File loaded: C:\xampp\htdocs\ci\ussiweb\application\modules/admin/config/routes.php
INFO - 2018-12-26 04:32:48 --> Router Class Initialized
INFO - 2018-12-26 04:32:48 --> Output Class Initialized
INFO - 2018-12-26 04:32:48 --> Security Class Initialized
DEBUG - 2018-12-26 04:32:48 --> Global POST, GET and COOKIE data sanitized
INFO - 2018-12-26 04:32:48 --> Input Class Initialized
INFO - 2018-12-26 04:32:48 --> Language Class Initialized
INFO - 2018-12-26 04:32:48 --> Language Class Initialized
INFO - 2018-12-26 04:32:48 --> Config Class Initialized
INFO - 2018-12-26 04:32:48 --> Loader Class Initialized
DEBUG - 2018-12-26 04:32:48 --> File loaded: C:\xampp\htdocs\ci\ussiweb\application\modules/admin/config/site.php
INFO - 2018-12-26 04:32:48 --> Helper loaded: url_helper
INFO - 2018-12-26 04:32:48 --> Helper loaded: inflector_helper
INFO - 2018-12-26 04:32:48 --> Helper loaded: string_helper
INFO - 2018-12-26 04:32:48 --> Helper loaded: array_helper
INFO - 2018-12-26 04:32:48 --> Database Driver Class Initialized
DEBUG - 2018-12-26 04:32:48 --> File loaded: C:\xampp\htdocs\ci\ussiweb\application\modules/admin/config/ion_auth.php
DEBUG - 2018-12-26 04:32:48 --> File loaded: C:\xampp\htdocs\ci\ussiweb\application\modules/admin/config/ion_auth.php
INFO - 2018-12-26 04:32:48 --> Email Class Initialized
INFO - 2018-12-26 04:32:48 --> Language file loaded: language/english/ion_auth_lang.php
INFO - 2018-12-26 04:32:48 --> Helper loaded: cookie_helper
INFO - 2018-12-26 04:32:48 --> Helper loaded: language_helper
DEBUG - 2018-12-26 04:32:48 --> Session: "sess_save_path" is empty; using "session.save_path" value from php.ini.
INFO - 2018-12-26 04:32:48 --> Session: Class initialized using 'files' driver.
INFO - 2018-12-26 04:32:48 --> Model Class Initialized
INFO - 2018-12-26 04:32:48 --> Helper loaded: date_helper
INFO - 2018-12-26 04:32:48 --> User Agent Class Initialized
DEBUG - 2018-12-26 04:32:48 --> File loaded: C:\xampp\htdocs\ci\ussiweb\application\modules/admin/config/autoload.php
DEBUG - 2018-12-26 04:32:48 --> File loaded: C:\xampp\htdocs\ci\ussiweb\application\modules/admin/config/form_validation.php
INFO - 2018-12-26 04:32:48 --> Helper loaded: form_helper
INFO - 2018-12-26 04:32:48 --> Form Validation Class Initialized
INFO - 2018-12-26 04:32:48 --> Model Class Initialized
INFO - 2018-12-26 04:32:48 --> Model Class Initialized
INFO - 2018-12-26 04:32:48 --> Model Class Initialized
INFO - 2018-12-26 04:32:48 --> Model Class Initialized
INFO - 2018-12-26 04:32:48 --> Model Class Initialized
INFO - 2018-12-26 04:32:48 --> Model Class Initialized
INFO - 2018-12-26 04:32:48 --> Model Class Initialized
INFO - 2018-12-26 04:32:48 --> Model Class Initialized
INFO - 2018-12-26 04:32:48 --> Model Class Initialized
INFO - 2018-12-26 04:32:48 --> Model Class Initialized
INFO - 2018-12-26 04:32:48 --> Model Class Initialized
INFO - 2018-12-26 04:32:48 --> Model Class Initialized
INFO - 2018-12-26 04:32:48 --> Model Class Initialized
INFO - 2018-12-26 04:32:48 --> Controller Class Initialized
DEBUG - 2018-12-26 04:32:48 --> Login MX_Controller Initialized
DEBUG - 2018-12-26 04:32:48 --> File loaded: C:\xampp\htdocs\ci\ussiweb\application\modules/admin/config/autoload.php
DEBUG - 2018-12-26 10:32:48 --> File loaded: C:\xampp\htdocs\ci\ussiweb\application\modules/admin/config/form_validation.php
DEBUG - 2018-12-26 10:32:48 --> File loaded: C:\xampp\htdocs\ci\ussiweb\application\views\_base/head.php
DEBUG - 2018-12-26 10:32:48 --> File loaded: C:\xampp\htdocs\ci\ussiweb\application\modules/admin/views/login.php
DEBUG - 2018-12-26 10:32:48 --> File loaded: C:\xampp\htdocs\ci\ussiweb\application\views\_layouts/empty.php
DEBUG - 2018-12-26 10:32:48 --> File loaded: C:\xampp\htdocs\ci\ussiweb\application\views\_partials/ga.php
DEBUG - 2018-12-26 10:32:48 --> File loaded: C:\xampp\htdocs\ci\ussiweb\application\views\_base/foot.php
INFO - 2018-12-26 10:32:48 --> Final output sent to browser
DEBUG - 2018-12-26 10:32:48 --> Total execution time: 0.2445
INFO - 2018-12-26 04:32:52 --> Config Class Initialized
INFO - 2018-12-26 04:32:52 --> Hooks Class Initialized
DEBUG - 2018-12-26 04:32:52 --> UTF-8 Support Enabled
INFO - 2018-12-26 04:32:52 --> Utf8 Class Initialized
INFO - 2018-12-26 04:32:52 --> URI Class Initialized
DEBUG - 2018-12-26 04:32:52 --> File loaded: C:\xampp\htdocs\ci\ussiweb\application\modules/admin/config/routes.php
INFO - 2018-12-26 04:32:52 --> Router Class Initialized
INFO - 2018-12-26 04:32:52 --> Output Class Initialized
INFO - 2018-12-26 04:32:52 --> Security Class Initialized
DEBUG - 2018-12-26 04:32:52 --> Global POST, GET and COOKIE data sanitized
INFO - 2018-12-26 04:32:52 --> Input Class Initialized
INFO - 2018-12-26 04:32:52 --> Language Class Initialized
INFO - 2018-12-26 04:32:52 --> Language Class Initialized
INFO - 2018-12-26 04:32:52 --> Config Class Initialized
INFO - 2018-12-26 04:32:52 --> Loader Class Initialized
DEBUG - 2018-12-26 04:32:52 --> File loaded: C:\xampp\htdocs\ci\ussiweb\application\modules/admin/config/site.php
INFO - 2018-12-26 04:32:52 --> Helper loaded: url_helper
INFO - 2018-12-26 04:32:52 --> Helper loaded: inflector_helper
INFO - 2018-12-26 04:32:52 --> Helper loaded: string_helper
INFO - 2018-12-26 04:32:52 --> Helper loaded: array_helper
INFO - 2018-12-26 04:32:52 --> Database Driver Class Initialized
DEBUG - 2018-12-26 04:32:52 --> File loaded: C:\xampp\htdocs\ci\ussiweb\application\modules/admin/config/ion_auth.php
DEBUG - 2018-12-26 04:32:52 --> File loaded: C:\xampp\htdocs\ci\ussiweb\application\modules/admin/config/ion_auth.php
INFO - 2018-12-26 04:32:52 --> Email Class Initialized
INFO - 2018-12-26 04:32:52 --> Language file loaded: language/english/ion_auth_lang.php
INFO - 2018-12-26 04:32:52 --> Helper loaded: cookie_helper
INFO - 2018-12-26 04:32:52 --> Helper loaded: language_helper
DEBUG - 2018-12-26 04:32:52 --> Session: "sess_save_path" is empty; using "session.save_path" value from php.ini.
INFO - 2018-12-26 04:32:52 --> Session: Class initialized using 'files' driver.
INFO - 2018-12-26 04:32:52 --> Model Class Initialized
INFO - 2018-12-26 04:32:52 --> Helper loaded: date_helper
INFO - 2018-12-26 04:32:52 --> User Agent Class Initialized
DEBUG - 2018-12-26 04:32:52 --> File loaded: C:\xampp\htdocs\ci\ussiweb\application\modules/admin/config/autoload.php
DEBUG - 2018-12-26 04:32:52 --> File loaded: C:\xampp\htdocs\ci\ussiweb\application\modules/admin/config/form_validation.php
INFO - 2018-12-26 04:32:52 --> Helper loaded: form_helper
INFO - 2018-12-26 04:32:52 --> Form Validation Class Initialized
INFO - 2018-12-26 04:32:52 --> Model Class Initialized
INFO - 2018-12-26 04:32:52 --> Model Class Initialized
INFO - 2018-12-26 04:32:52 --> Model Class Initialized
INFO - 2018-12-26 04:32:52 --> Model Class Initialized
INFO - 2018-12-26 04:32:52 --> Model Class Initialized
INFO - 2018-12-26 04:32:52 --> Model Class Initialized
INFO - 2018-12-26 04:32:52 --> Model Class Initialized
INFO - 2018-12-26 04:32:52 --> Model Class Initialized
INFO - 2018-12-26 04:32:52 --> Model Class Initialized
INFO - 2018-12-26 04:32:52 --> Model Class Initialized
INFO - 2018-12-26 04:32:52 --> Model Class Initialized
INFO - 2018-12-26 04:32:52 --> Model Class Initialized
INFO - 2018-12-26 04:32:52 --> Model Class Initialized
INFO - 2018-12-26 04:32:52 --> Controller Class Initialized
DEBUG - 2018-12-26 04:32:52 --> Login MX_Controller Initialized
DEBUG - 2018-12-26 04:32:52 --> File loaded: C:\xampp\htdocs\ci\ussiweb\application\modules/admin/config/autoload.php
DEBUG - 2018-12-26 10:32:52 --> File loaded: C:\xampp\htdocs\ci\ussiweb\application\modules/admin/config/form_validation.php
INFO - 2018-12-26 10:32:52 --> Language file loaded: language/english/form_validation_lang.php
INFO - 2018-12-26 04:32:52 --> Config Class Initialized
INFO - 2018-12-26 04:32:52 --> Hooks Class Initialized
DEBUG - 2018-12-26 04:32:52 --> UTF-8 Support Enabled
INFO - 2018-12-26 04:32:52 --> Utf8 Class Initialized
INFO - 2018-12-26 04:32:52 --> URI Class Initialized
DEBUG - 2018-12-26 04:32:52 --> File loaded: C:\xampp\htdocs\ci\ussiweb\application\modules/admin/config/routes.php
INFO - 2018-12-26 04:32:52 --> Router Class Initialized
INFO - 2018-12-26 04:32:52 --> Output Class Initialized
INFO - 2018-12-26 04:32:52 --> Security Class Initialized
DEBUG - 2018-12-26 04:32:52 --> Global POST, GET and COOKIE data sanitized
INFO - 2018-12-26 04:32:52 --> Input Class Initialized
INFO - 2018-12-26 04:32:52 --> Language Class Initialized
INFO - 2018-12-26 04:32:52 --> Language Class Initialized
INFO - 2018-12-26 04:32:52 --> Config Class Initialized
INFO - 2018-12-26 04:32:52 --> Loader Class Initialized
DEBUG - 2018-12-26 04:32:52 --> File loaded: C:\xampp\htdocs\ci\ussiweb\application\modules/admin/config/site.php
INFO - 2018-12-26 04:32:52 --> Helper loaded: url_helper
INFO - 2018-12-26 04:32:52 --> Helper loaded: inflector_helper
INFO - 2018-12-26 04:32:52 --> Helper loaded: string_helper
INFO - 2018-12-26 04:32:52 --> Helper loaded: array_helper
INFO - 2018-12-26 04:32:52 --> Database Driver Class Initialized
DEBUG - 2018-12-26 04:32:52 --> File loaded: C:\xampp\htdocs\ci\ussiweb\application\modules/admin/config/ion_auth.php
DEBUG - 2018-12-26 04:32:52 --> File loaded: C:\xampp\htdocs\ci\ussiweb\application\modules/admin/config/ion_auth.php
INFO - 2018-12-26 04:32:52 --> Email Class Initialized
INFO - 2018-12-26 04:32:52 --> Language file loaded: language/english/ion_auth_lang.php
INFO - 2018-12-26 04:32:52 --> Helper loaded: cookie_helper
INFO - 2018-12-26 04:32:52 --> Helper loaded: language_helper
DEBUG - 2018-12-26 04:32:52 --> Session: "sess_save_path" is empty; using "session.save_path" value from php.ini.
INFO - 2018-12-26 04:32:52 --> Session: Class initialized using 'files' driver.
INFO - 2018-12-26 04:32:52 --> Model Class Initialized
INFO - 2018-12-26 04:32:52 --> Helper loaded: date_helper
INFO - 2018-12-26 04:32:52 --> User Agent Class Initialized
DEBUG - 2018-12-26 04:32:52 --> File loaded: C:\xampp\htdocs\ci\ussiweb\application\modules/admin/config/autoload.php
DEBUG - 2018-12-26 04:32:52 --> File loaded: C:\xampp\htdocs\ci\ussiweb\application\modules/admin/config/form_validation.php
INFO - 2018-12-26 04:32:52 --> Helper loaded: form_helper
INFO - 2018-12-26 04:32:52 --> Form Validation Class Initialized
INFO - 2018-12-26 04:32:52 --> Model Class Initialized
INFO - 2018-12-26 04:32:52 --> Model Class Initialized
INFO - 2018-12-26 04:32:52 --> Model Class Initialized
INFO - 2018-12-26 04:32:52 --> Model Class Initialized
INFO - 2018-12-26 04:32:52 --> Model Class Initialized
INFO - 2018-12-26 04:32:52 --> Model Class Initialized
INFO - 2018-12-26 04:32:52 --> Model Class Initialized
INFO - 2018-12-26 04:32:52 --> Model Class Initialized
INFO - 2018-12-26 04:32:52 --> Model Class Initialized
INFO - 2018-12-26 04:32:52 --> Model Class Initialized
INFO - 2018-12-26 04:32:52 --> Model Class Initialized
INFO - 2018-12-26 04:32:52 --> Model Class Initialized
INFO - 2018-12-26 04:32:52 --> Model Class Initialized
INFO - 2018-12-26 04:32:52 --> Controller Class Initialized
DEBUG - 2018-12-26 04:32:52 --> Home MX_Controller Initialized
DEBUG - 2018-12-26 04:32:52 --> File loaded: C:\xampp\htdocs\ci\ussiweb\application\modules/admin/config/autoload.php
INFO - 2018-12-26 04:32:52 --> Config Class Initialized
INFO - 2018-12-26 04:32:52 --> Hooks Class Initialized
DEBUG - 2018-12-26 04:32:52 --> UTF-8 Support Enabled
INFO - 2018-12-26 04:32:52 --> Utf8 Class Initialized
INFO - 2018-12-26 04:32:52 --> URI Class Initialized
DEBUG - 2018-12-26 04:32:52 --> File loaded: C:\xampp\htdocs\ci\ussiweb\application\modules/admin/config/routes.php
INFO - 2018-12-26 04:32:52 --> Router Class Initialized
INFO - 2018-12-26 04:32:52 --> Output Class Initialized
INFO - 2018-12-26 04:32:52 --> Security Class Initialized
DEBUG - 2018-12-26 04:32:52 --> Global POST, GET and COOKIE data sanitized
INFO - 2018-12-26 04:32:52 --> Input Class Initialized
INFO - 2018-12-26 04:32:52 --> Language Class Initialized
INFO - 2018-12-26 04:32:53 --> Language Class Initialized
INFO - 2018-12-26 04:32:53 --> Config Class Initialized
INFO - 2018-12-26 04:32:53 --> Loader Class Initialized
DEBUG - 2018-12-26 04:32:53 --> File loaded: C:\xampp\htdocs\ci\ussiweb\application\modules/admin/config/site.php
INFO - 2018-12-26 04:32:53 --> Helper loaded: url_helper
INFO - 2018-12-26 04:32:53 --> Helper loaded: inflector_helper
INFO - 2018-12-26 04:32:53 --> Helper loaded: string_helper
INFO - 2018-12-26 04:32:53 --> Helper loaded: array_helper
INFO - 2018-12-26 04:32:53 --> Database Driver Class Initialized
DEBUG - 2018-12-26 04:32:53 --> File loaded: C:\xampp\htdocs\ci\ussiweb\application\modules/admin/config/ion_auth.php
DEBUG - 2018-12-26 04:32:53 --> File loaded: C:\xampp\htdocs\ci\ussiweb\application\modules/admin/config/ion_auth.php
INFO - 2018-12-26 04:32:53 --> Email Class Initialized
INFO - 2018-12-26 04:32:53 --> Language file loaded: language/english/ion_auth_lang.php
INFO - 2018-12-26 04:32:53 --> Helper loaded: cookie_helper
INFO - 2018-12-26 04:32:53 --> Helper loaded: language_helper
DEBUG - 2018-12-26 04:32:53 --> Session: "sess_save_path" is empty; using "session.save_path" value from php.ini.
INFO - 2018-12-26 04:32:53 --> Session: Class initialized using 'files' driver.
INFO - 2018-12-26 04:32:53 --> Model Class Initialized
INFO - 2018-12-26 04:32:53 --> Helper loaded: date_helper
INFO - 2018-12-26 04:32:53 --> User Agent Class Initialized
DEBUG - 2018-12-26 04:32:53 --> File loaded: C:\xampp\htdocs\ci\ussiweb\application\modules/admin/config/autoload.php
DEBUG - 2018-12-26 04:32:53 --> File loaded: C:\xampp\htdocs\ci\ussiweb\application\modules/admin/config/form_validation.php
INFO - 2018-12-26 04:32:53 --> Helper loaded: form_helper
INFO - 2018-12-26 04:32:53 --> Form Validation Class Initialized
INFO - 2018-12-26 04:32:53 --> Model Class Initialized
INFO - 2018-12-26 04:32:53 --> Model Class Initialized
INFO - 2018-12-26 04:32:53 --> Model Class Initialized
INFO - 2018-12-26 04:32:53 --> Model Class Initialized
INFO - 2018-12-26 04:32:53 --> Model Class Initialized
INFO - 2018-12-26 04:32:53 --> Model Class Initialized
INFO - 2018-12-26 04:32:53 --> Model Class Initialized
INFO - 2018-12-26 04:32:53 --> Model Class Initialized
INFO - 2018-12-26 04:32:53 --> Model Class Initialized
INFO - 2018-12-26 04:32:53 --> Model Class Initialized
INFO - 2018-12-26 04:32:53 --> Model Class Initialized
INFO - 2018-12-26 04:32:53 --> Model Class Initialized
INFO - 2018-12-26 04:32:53 --> Model Class Initialized
INFO - 2018-12-26 04:32:53 --> Controller Class Initialized
DEBUG - 2018-12-26 04:32:53 --> Login MX_Controller Initialized
DEBUG - 2018-12-26 04:32:53 --> File loaded: C:\xampp\htdocs\ci\ussiweb\application\modules/admin/config/autoload.php
DEBUG - 2018-12-26 10:32:53 --> File loaded: C:\xampp\htdocs\ci\ussiweb\application\modules/admin/config/form_validation.php
DEBUG - 2018-12-26 10:32:53 --> File loaded: C:\xampp\htdocs\ci\ussiweb\application\views\_base/head.php
DEBUG - 2018-12-26 10:32:53 --> File loaded: C:\xampp\htdocs\ci\ussiweb\application\modules/admin/views/login.php
DEBUG - 2018-12-26 10:32:53 --> File loaded: C:\xampp\htdocs\ci\ussiweb\application\views\_layouts/empty.php
DEBUG - 2018-12-26 10:32:53 --> File loaded: C:\xampp\htdocs\ci\ussiweb\application\views\_partials/ga.php
DEBUG - 2018-12-26 10:32:53 --> File loaded: C:\xampp\htdocs\ci\ussiweb\application\views\_base/foot.php
INFO - 2018-12-26 10:32:53 --> Final output sent to browser
DEBUG - 2018-12-26 10:32:53 --> Total execution time: 0.2390
INFO - 2018-12-26 04:32:55 --> Config Class Initialized
INFO - 2018-12-26 04:32:55 --> Hooks Class Initialized
DEBUG - 2018-12-26 04:32:55 --> UTF-8 Support Enabled
INFO - 2018-12-26 04:32:55 --> Utf8 Class Initialized
INFO - 2018-12-26 04:32:55 --> URI Class Initialized
DEBUG - 2018-12-26 04:32:55 --> File loaded: C:\xampp\htdocs\ci\ussiweb\application\modules/admin/config/routes.php
INFO - 2018-12-26 04:32:55 --> Router Class Initialized
INFO - 2018-12-26 04:32:55 --> Output Class Initialized
INFO - 2018-12-26 04:32:55 --> Security Class Initialized
DEBUG - 2018-12-26 04:32:55 --> Global POST, GET and COOKIE data sanitized
INFO - 2018-12-26 04:32:55 --> Input Class Initialized
INFO - 2018-12-26 04:32:55 --> Language Class Initialized
INFO - 2018-12-26 04:32:55 --> Language Class Initialized
INFO - 2018-12-26 04:32:55 --> Config Class Initialized
INFO - 2018-12-26 04:32:55 --> Loader Class Initialized
DEBUG - 2018-12-26 04:32:55 --> File loaded: C:\xampp\htdocs\ci\ussiweb\application\modules/admin/config/site.php
INFO - 2018-12-26 04:32:55 --> Helper loaded: url_helper
INFO - 2018-12-26 04:32:55 --> Helper loaded: inflector_helper
INFO - 2018-12-26 04:32:55 --> Helper loaded: string_helper
INFO - 2018-12-26 04:32:55 --> Helper loaded: array_helper
INFO - 2018-12-26 04:32:55 --> Database Driver Class Initialized
DEBUG - 2018-12-26 04:32:55 --> File loaded: C:\xampp\htdocs\ci\ussiweb\application\modules/admin/config/ion_auth.php
DEBUG - 2018-12-26 04:32:55 --> File loaded: C:\xampp\htdocs\ci\ussiweb\application\modules/admin/config/ion_auth.php
INFO - 2018-12-26 04:32:55 --> Email Class Initialized
INFO - 2018-12-26 04:32:55 --> Language file loaded: language/english/ion_auth_lang.php
INFO - 2018-12-26 04:32:55 --> Helper loaded: cookie_helper
INFO - 2018-12-26 04:32:55 --> Helper loaded: language_helper
DEBUG - 2018-12-26 04:32:55 --> Session: "sess_save_path" is empty; using "session.save_path" value from php.ini.
INFO - 2018-12-26 04:32:55 --> Session: Class initialized using 'files' driver.
INFO - 2018-12-26 04:32:55 --> Model Class Initialized
INFO - 2018-12-26 04:32:55 --> Helper loaded: date_helper
INFO - 2018-12-26 04:32:55 --> User Agent Class Initialized
DEBUG - 2018-12-26 04:32:55 --> File loaded: C:\xampp\htdocs\ci\ussiweb\application\modules/admin/config/autoload.php
DEBUG - 2018-12-26 04:32:55 --> File loaded: C:\xampp\htdocs\ci\ussiweb\application\modules/admin/config/form_validation.php
INFO - 2018-12-26 04:32:55 --> Helper loaded: form_helper
INFO - 2018-12-26 04:32:55 --> Form Validation Class Initialized
INFO - 2018-12-26 04:32:55 --> Model Class Initialized
INFO - 2018-12-26 04:32:55 --> Model Class Initialized
INFO - 2018-12-26 04:32:55 --> Model Class Initialized
INFO - 2018-12-26 04:32:55 --> Model Class Initialized
INFO - 2018-12-26 04:32:55 --> Model Class Initialized
INFO - 2018-12-26 04:32:55 --> Model Class Initialized
INFO - 2018-12-26 04:32:55 --> Model Class Initialized
INFO - 2018-12-26 04:32:55 --> Model Class Initialized
INFO - 2018-12-26 04:32:55 --> Model Class Initialized
INFO - 2018-12-26 04:32:55 --> Model Class Initialized
INFO - 2018-12-26 04:32:55 --> Model Class Initialized
INFO - 2018-12-26 04:32:55 --> Model Class Initialized
INFO - 2018-12-26 04:32:55 --> Model Class Initialized
INFO - 2018-12-26 04:32:55 --> Controller Class Initialized
DEBUG - 2018-12-26 04:32:55 --> Login MX_Controller Initialized
DEBUG - 2018-12-26 04:32:55 --> File loaded: C:\xampp\htdocs\ci\ussiweb\application\modules/admin/config/autoload.php
DEBUG - 2018-12-26 10:32:55 --> File loaded: C:\xampp\htdocs\ci\ussiweb\application\modules/admin/config/form_validation.php
INFO - 2018-12-26 10:32:55 --> Language file loaded: language/english/form_validation_lang.php
INFO - 2018-12-26 04:32:55 --> Config Class Initialized
INFO - 2018-12-26 04:32:55 --> Hooks Class Initialized
DEBUG - 2018-12-26 04:32:55 --> UTF-8 Support Enabled
INFO - 2018-12-26 04:32:55 --> Utf8 Class Initialized
INFO - 2018-12-26 04:32:55 --> URI Class Initialized
DEBUG - 2018-12-26 04:32:55 --> File loaded: C:\xampp\htdocs\ci\ussiweb\application\modules/admin/config/routes.php
INFO - 2018-12-26 04:32:55 --> Router Class Initialized
INFO - 2018-12-26 04:32:55 --> Output Class Initialized
INFO - 2018-12-26 04:32:55 --> Security Class Initialized
DEBUG - 2018-12-26 04:32:55 --> Global POST, GET and COOKIE data sanitized
INFO - 2018-12-26 04:32:55 --> Input Class Initialized
INFO - 2018-12-26 04:32:55 --> Language Class Initialized
INFO - 2018-12-26 04:32:55 --> Language Class Initialized
INFO - 2018-12-26 04:32:55 --> Config Class Initialized
INFO - 2018-12-26 04:32:55 --> Loader Class Initialized
DEBUG - 2018-12-26 04:32:55 --> File loaded: C:\xampp\htdocs\ci\ussiweb\application\modules/admin/config/site.php
INFO - 2018-12-26 04:32:55 --> Helper loaded: url_helper
INFO - 2018-12-26 04:32:55 --> Helper loaded: inflector_helper
INFO - 2018-12-26 04:32:55 --> Helper loaded: string_helper
INFO - 2018-12-26 04:32:55 --> Helper loaded: array_helper
INFO - 2018-12-26 04:32:55 --> Database Driver Class Initialized
DEBUG - 2018-12-26 04:32:55 --> File loaded: C:\xampp\htdocs\ci\ussiweb\application\modules/admin/config/ion_auth.php
DEBUG - 2018-12-26 04:32:55 --> File loaded: C:\xampp\htdocs\ci\ussiweb\application\modules/admin/config/ion_auth.php
INFO - 2018-12-26 04:32:55 --> Email Class Initialized
INFO - 2018-12-26 04:32:55 --> Language file loaded: language/english/ion_auth_lang.php
INFO - 2018-12-26 04:32:55 --> Helper loaded: cookie_helper
INFO - 2018-12-26 04:32:55 --> Helper loaded: language_helper
DEBUG - 2018-12-26 04:32:55 --> Session: "sess_save_path" is empty; using "session.save_path" value from php.ini.
INFO - 2018-12-26 04:32:55 --> Session: Class initialized using 'files' driver.
INFO - 2018-12-26 04:32:55 --> Model Class Initialized
INFO - 2018-12-26 04:32:55 --> Helper loaded: date_helper
INFO - 2018-12-26 04:32:55 --> User Agent Class Initialized
DEBUG - 2018-12-26 04:32:55 --> File loaded: C:\xampp\htdocs\ci\ussiweb\application\modules/admin/config/autoload.php
DEBUG - 2018-12-26 04:32:55 --> File loaded: C:\xampp\htdocs\ci\ussiweb\application\modules/admin/config/form_validation.php
INFO - 2018-12-26 04:32:55 --> Helper loaded: form_helper
INFO - 2018-12-26 04:32:55 --> Form Validation Class Initialized
INFO - 2018-12-26 04:32:55 --> Model Class Initialized
INFO - 2018-12-26 04:32:55 --> Model Class Initialized
INFO - 2018-12-26 04:32:55 --> Model Class Initialized
INFO - 2018-12-26 04:32:55 --> Model Class Initialized
INFO - 2018-12-26 04:32:55 --> Model Class Initialized
INFO - 2018-12-26 04:32:55 --> Model Class Initialized
INFO - 2018-12-26 04:32:55 --> Model Class Initialized
INFO - 2018-12-26 04:32:55 --> Model Class Initialized
INFO - 2018-12-26 04:32:55 --> Model Class Initialized
INFO - 2018-12-26 04:32:55 --> Model Class Initialized
INFO - 2018-12-26 04:32:55 --> Model Class Initialized
INFO - 2018-12-26 04:32:55 --> Model Class Initialized
INFO - 2018-12-26 04:32:55 --> Model Class Initialized
INFO - 2018-12-26 04:32:55 --> Controller Class Initialized
DEBUG - 2018-12-26 04:32:55 --> Home MX_Controller Initialized
DEBUG - 2018-12-26 04:32:55 --> File loaded: C:\xampp\htdocs\ci\ussiweb\application\modules/admin/config/autoload.php
INFO - 2018-12-26 04:32:55 --> Config Class Initialized
INFO - 2018-12-26 04:32:55 --> Hooks Class Initialized
DEBUG - 2018-12-26 04:32:55 --> UTF-8 Support Enabled
INFO - 2018-12-26 04:32:55 --> Utf8 Class Initialized
INFO - 2018-12-26 04:32:55 --> URI Class Initialized
DEBUG - 2018-12-26 04:32:55 --> File loaded: C:\xampp\htdocs\ci\ussiweb\application\modules/admin/config/routes.php
INFO - 2018-12-26 04:32:55 --> Router Class Initialized
INFO - 2018-12-26 04:32:55 --> Output Class Initialized
INFO - 2018-12-26 04:32:55 --> Security Class Initialized
DEBUG - 2018-12-26 04:32:55 --> Global POST, GET and COOKIE data sanitized
INFO - 2018-12-26 04:32:55 --> Input Class Initialized
INFO - 2018-12-26 04:32:55 --> Language Class Initialized
INFO - 2018-12-26 04:32:55 --> Language Class Initialized
INFO - 2018-12-26 04:32:55 --> Config Class Initialized
INFO - 2018-12-26 04:32:55 --> Loader Class Initialized
DEBUG - 2018-12-26 04:32:55 --> File loaded: C:\xampp\htdocs\ci\ussiweb\application\modules/admin/config/site.php
INFO - 2018-12-26 04:32:55 --> Helper loaded: url_helper
INFO - 2018-12-26 04:32:55 --> Helper loaded: inflector_helper
INFO - 2018-12-26 04:32:55 --> Helper loaded: string_helper
INFO - 2018-12-26 04:32:55 --> Helper loaded: array_helper
INFO - 2018-12-26 04:32:55 --> Database Driver Class Initialized
DEBUG - 2018-12-26 04:32:55 --> File loaded: C:\xampp\htdocs\ci\ussiweb\application\modules/admin/config/ion_auth.php
DEBUG - 2018-12-26 04:32:55 --> File loaded: C:\xampp\htdocs\ci\ussiweb\application\modules/admin/config/ion_auth.php
INFO - 2018-12-26 04:32:55 --> Email Class Initialized
INFO - 2018-12-26 04:32:55 --> Language file loaded: language/english/ion_auth_lang.php
INFO - 2018-12-26 04:32:55 --> Helper loaded: cookie_helper
INFO - 2018-12-26 04:32:55 --> Helper loaded: language_helper
DEBUG - 2018-12-26 04:32:55 --> Session: "sess_save_path" is empty; using "session.save_path" value from php.ini.
INFO - 2018-12-26 04:32:55 --> Session: Class initialized using 'files' driver.
INFO - 2018-12-26 04:32:55 --> Model Class Initialized
INFO - 2018-12-26 04:32:55 --> Helper loaded: date_helper
INFO - 2018-12-26 04:32:55 --> User Agent Class Initialized
DEBUG - 2018-12-26 04:32:55 --> File loaded: C:\xampp\htdocs\ci\ussiweb\application\modules/admin/config/autoload.php
DEBUG - 2018-12-26 04:32:55 --> File loaded: C:\xampp\htdocs\ci\ussiweb\application\modules/admin/config/form_validation.php
INFO - 2018-12-26 04:32:55 --> Helper loaded: form_helper
INFO - 2018-12-26 04:32:55 --> Form Validation Class Initialized
INFO - 2018-12-26 04:32:55 --> Model Class Initialized
INFO - 2018-12-26 04:32:55 --> Model Class Initialized
INFO - 2018-12-26 04:32:55 --> Model Class Initialized
INFO - 2018-12-26 04:32:55 --> Model Class Initialized
INFO - 2018-12-26 04:32:55 --> Model Class Initialized
INFO - 2018-12-26 04:32:55 --> Model Class Initialized
INFO - 2018-12-26 04:32:55 --> Model Class Initialized
INFO - 2018-12-26 04:32:55 --> Model Class Initialized
INFO - 2018-12-26 04:32:55 --> Model Class Initialized
INFO - 2018-12-26 04:32:55 --> Model Class Initialized
INFO - 2018-12-26 04:32:55 --> Model Class Initialized
INFO - 2018-12-26 04:32:55 --> Model Class Initialized
INFO - 2018-12-26 04:32:55 --> Model Class Initialized
INFO - 2018-12-26 04:32:55 --> Controller Class Initialized
DEBUG - 2018-12-26 04:32:55 --> Login MX_Controller Initialized
DEBUG - 2018-12-26 04:32:55 --> File loaded: C:\xampp\htdocs\ci\ussiweb\application\modules/admin/config/autoload.php
DEBUG - 2018-12-26 10:32:55 --> File loaded: C:\xampp\htdocs\ci\ussiweb\application\modules/admin/config/form_validation.php
DEBUG - 2018-12-26 10:32:55 --> File loaded: C:\xampp\htdocs\ci\ussiweb\application\views\_base/head.php
DEBUG - 2018-12-26 10:32:55 --> File loaded: C:\xampp\htdocs\ci\ussiweb\application\modules/admin/views/login.php
DEBUG - 2018-12-26 10:32:55 --> File loaded: C:\xampp\htdocs\ci\ussiweb\application\views\_layouts/empty.php
DEBUG - 2018-12-26 10:32:55 --> File loaded: C:\xampp\htdocs\ci\ussiweb\application\views\_partials/ga.php
DEBUG - 2018-12-26 10:32:55 --> File loaded: C:\xampp\htdocs\ci\ussiweb\application\views\_base/foot.php
INFO - 2018-12-26 10:32:55 --> Final output sent to browser
DEBUG - 2018-12-26 10:32:55 --> Total execution time: 0.2582
INFO - 2018-12-26 04:33:29 --> Config Class Initialized
INFO - 2018-12-26 04:33:29 --> Hooks Class Initialized
DEBUG - 2018-12-26 04:33:29 --> UTF-8 Support Enabled
INFO - 2018-12-26 04:33:29 --> Utf8 Class Initialized
INFO - 2018-12-26 04:33:29 --> URI Class Initialized
DEBUG - 2018-12-26 04:33:29 --> File loaded: C:\xampp\htdocs\ci\ussiweb\application\modules/admin/config/routes.php
INFO - 2018-12-26 04:33:29 --> Router Class Initialized
INFO - 2018-12-26 04:33:29 --> Output Class Initialized
INFO - 2018-12-26 04:33:29 --> Security Class Initialized
DEBUG - 2018-12-26 04:33:29 --> Global POST, GET and COOKIE data sanitized
INFO - 2018-12-26 04:33:29 --> Input Class Initialized
INFO - 2018-12-26 04:33:29 --> Language Class Initialized
INFO - 2018-12-26 04:33:29 --> Language Class Initialized
INFO - 2018-12-26 04:33:29 --> Config Class Initialized
INFO - 2018-12-26 04:33:29 --> Loader Class Initialized
DEBUG - 2018-12-26 04:33:29 --> File loaded: C:\xampp\htdocs\ci\ussiweb\application\modules/admin/config/site.php
INFO - 2018-12-26 04:33:29 --> Helper loaded: url_helper
INFO - 2018-12-26 04:33:29 --> Helper loaded: inflector_helper
INFO - 2018-12-26 04:33:29 --> Helper loaded: string_helper
INFO - 2018-12-26 04:33:29 --> Helper loaded: array_helper
INFO - 2018-12-26 04:33:29 --> Database Driver Class Initialized
DEBUG - 2018-12-26 04:33:29 --> File loaded: C:\xampp\htdocs\ci\ussiweb\application\modules/admin/config/ion_auth.php
DEBUG - 2018-12-26 04:33:29 --> File loaded: C:\xampp\htdocs\ci\ussiweb\application\modules/admin/config/ion_auth.php
INFO - 2018-12-26 04:33:29 --> Email Class Initialized
INFO - 2018-12-26 04:33:29 --> Language file loaded: language/english/ion_auth_lang.php
INFO - 2018-12-26 04:33:29 --> Helper loaded: cookie_helper
INFO - 2018-12-26 04:33:29 --> Helper loaded: language_helper
DEBUG - 2018-12-26 04:33:29 --> Session: "sess_save_path" is empty; using "session.save_path" value from php.ini.
INFO - 2018-12-26 04:33:29 --> Session: Class initialized using 'files' driver.
INFO - 2018-12-26 04:33:29 --> Model Class Initialized
INFO - 2018-12-26 04:33:29 --> Helper loaded: date_helper
INFO - 2018-12-26 04:33:29 --> User Agent Class Initialized
DEBUG - 2018-12-26 04:33:29 --> File loaded: C:\xampp\htdocs\ci\ussiweb\application\modules/admin/config/autoload.php
DEBUG - 2018-12-26 04:33:29 --> File loaded: C:\xampp\htdocs\ci\ussiweb\application\modules/admin/config/form_validation.php
INFO - 2018-12-26 04:33:29 --> Helper loaded: form_helper
INFO - 2018-12-26 04:33:29 --> Form Validation Class Initialized
INFO - 2018-12-26 04:33:29 --> Model Class Initialized
INFO - 2018-12-26 04:33:29 --> Model Class Initialized
INFO - 2018-12-26 04:33:29 --> Model Class Initialized
INFO - 2018-12-26 04:33:29 --> Model Class Initialized
INFO - 2018-12-26 04:33:29 --> Model Class Initialized
INFO - 2018-12-26 04:33:29 --> Model Class Initialized
INFO - 2018-12-26 04:33:29 --> Model Class Initialized
INFO - 2018-12-26 04:33:29 --> Model Class Initialized
INFO - 2018-12-26 04:33:29 --> Model Class Initialized
INFO - 2018-12-26 04:33:29 --> Model Class Initialized
INFO - 2018-12-26 04:33:29 --> Model Class Initialized
INFO - 2018-12-26 04:33:29 --> Model Class Initialized
INFO - 2018-12-26 04:33:29 --> Model Class Initialized
INFO - 2018-12-26 04:33:29 --> Controller Class Initialized
DEBUG - 2018-12-26 04:33:29 --> Login MX_Controller Initialized
DEBUG - 2018-12-26 04:33:29 --> File loaded: C:\xampp\htdocs\ci\ussiweb\application\modules/admin/config/autoload.php
DEBUG - 2018-12-26 10:33:29 --> File loaded: C:\xampp\htdocs\ci\ussiweb\application\modules/admin/config/form_validation.php
DEBUG - 2018-12-26 10:33:29 --> File loaded: C:\xampp\htdocs\ci\ussiweb\application\views\_base/head.php
DEBUG - 2018-12-26 10:33:29 --> File loaded: C:\xampp\htdocs\ci\ussiweb\application\modules/admin/views/login.php
DEBUG - 2018-12-26 10:33:29 --> File loaded: C:\xampp\htdocs\ci\ussiweb\application\views\_layouts/empty.php
DEBUG - 2018-12-26 10:33:29 --> File loaded: C:\xampp\htdocs\ci\ussiweb\application\views\_partials/ga.php
DEBUG - 2018-12-26 10:33:29 --> File loaded: C:\xampp\htdocs\ci\ussiweb\application\views\_base/foot.php
INFO - 2018-12-26 10:33:29 --> Final output sent to browser
DEBUG - 2018-12-26 10:33:29 --> Total execution time: 0.2716
INFO - 2018-12-26 04:33:31 --> Config Class Initialized
INFO - 2018-12-26 04:33:31 --> Hooks Class Initialized
DEBUG - 2018-12-26 04:33:31 --> UTF-8 Support Enabled
INFO - 2018-12-26 04:33:31 --> Utf8 Class Initialized
INFO - 2018-12-26 04:33:31 --> URI Class Initialized
DEBUG - 2018-12-26 04:33:31 --> File loaded: C:\xampp\htdocs\ci\ussiweb\application\modules/admin/config/routes.php
INFO - 2018-12-26 04:33:31 --> Router Class Initialized
INFO - 2018-12-26 04:33:31 --> Output Class Initialized
INFO - 2018-12-26 04:33:31 --> Security Class Initialized
DEBUG - 2018-12-26 04:33:31 --> Global POST, GET and COOKIE data sanitized
INFO - 2018-12-26 04:33:31 --> Input Class Initialized
INFO - 2018-12-26 04:33:31 --> Language Class Initialized
INFO - 2018-12-26 04:33:31 --> Language Class Initialized
INFO - 2018-12-26 04:33:31 --> Config Class Initialized
INFO - 2018-12-26 04:33:31 --> Loader Class Initialized
DEBUG - 2018-12-26 04:33:31 --> File loaded: C:\xampp\htdocs\ci\ussiweb\application\modules/admin/config/site.php
INFO - 2018-12-26 04:33:31 --> Helper loaded: url_helper
INFO - 2018-12-26 04:33:31 --> Helper loaded: inflector_helper
INFO - 2018-12-26 04:33:31 --> Helper loaded: string_helper
INFO - 2018-12-26 04:33:31 --> Helper loaded: array_helper
INFO - 2018-12-26 04:33:31 --> Database Driver Class Initialized
DEBUG - 2018-12-26 04:33:31 --> File loaded: C:\xampp\htdocs\ci\ussiweb\application\modules/admin/config/ion_auth.php
DEBUG - 2018-12-26 04:33:31 --> File loaded: C:\xampp\htdocs\ci\ussiweb\application\modules/admin/config/ion_auth.php
INFO - 2018-12-26 04:33:31 --> Email Class Initialized
INFO - 2018-12-26 04:33:31 --> Language file loaded: language/english/ion_auth_lang.php
INFO - 2018-12-26 04:33:31 --> Helper loaded: cookie_helper
INFO - 2018-12-26 04:33:31 --> Helper loaded: language_helper
DEBUG - 2018-12-26 04:33:31 --> Session: "sess_save_path" is empty; using "session.save_path" value from php.ini.
INFO - 2018-12-26 04:33:31 --> Session: Class initialized using 'files' driver.
INFO - 2018-12-26 04:33:31 --> Model Class Initialized
INFO - 2018-12-26 04:33:31 --> Helper loaded: date_helper
INFO - 2018-12-26 04:33:31 --> User Agent Class Initialized
DEBUG - 2018-12-26 04:33:31 --> File loaded: C:\xampp\htdocs\ci\ussiweb\application\modules/admin/config/autoload.php
DEBUG - 2018-12-26 04:33:31 --> File loaded: C:\xampp\htdocs\ci\ussiweb\application\modules/admin/config/form_validation.php
INFO - 2018-12-26 04:33:31 --> Helper loaded: form_helper
INFO - 2018-12-26 04:33:31 --> Form Validation Class Initialized
INFO - 2018-12-26 04:33:31 --> Model Class Initialized
INFO - 2018-12-26 04:33:31 --> Model Class Initialized
INFO - 2018-12-26 04:33:31 --> Model Class Initialized
INFO - 2018-12-26 04:33:31 --> Model Class Initialized
INFO - 2018-12-26 04:33:31 --> Model Class Initialized
INFO - 2018-12-26 04:33:31 --> Model Class Initialized
INFO - 2018-12-26 04:33:31 --> Model Class Initialized
INFO - 2018-12-26 04:33:31 --> Model Class Initialized
INFO - 2018-12-26 04:33:31 --> Model Class Initialized
INFO - 2018-12-26 04:33:31 --> Model Class Initialized
INFO - 2018-12-26 04:33:31 --> Model Class Initialized
INFO - 2018-12-26 04:33:31 --> Model Class Initialized
INFO - 2018-12-26 04:33:31 --> Model Class Initialized
INFO - 2018-12-26 04:33:31 --> Controller Class Initialized
DEBUG - 2018-12-26 04:33:31 --> Login MX_Controller Initialized
DEBUG - 2018-12-26 04:33:31 --> File loaded: C:\xampp\htdocs\ci\ussiweb\application\modules/admin/config/autoload.php
DEBUG - 2018-12-26 10:33:31 --> File loaded: C:\xampp\htdocs\ci\ussiweb\application\modules/admin/config/form_validation.php
DEBUG - 2018-12-26 10:33:31 --> File loaded: C:\xampp\htdocs\ci\ussiweb\application\views\_base/head.php
DEBUG - 2018-12-26 10:33:31 --> File loaded: C:\xampp\htdocs\ci\ussiweb\application\modules/admin/views/login.php
DEBUG - 2018-12-26 10:33:31 --> File loaded: C:\xampp\htdocs\ci\ussiweb\application\views\_layouts/empty.php
DEBUG - 2018-12-26 10:33:31 --> File loaded: C:\xampp\htdocs\ci\ussiweb\application\views\_partials/ga.php
DEBUG - 2018-12-26 10:33:31 --> File loaded: C:\xampp\htdocs\ci\ussiweb\application\views\_base/foot.php
INFO - 2018-12-26 10:33:31 --> Final output sent to browser
DEBUG - 2018-12-26 10:33:31 --> Total execution time: 0.2618
INFO - 2018-12-26 04:33:58 --> Config Class Initialized
INFO - 2018-12-26 04:33:58 --> Hooks Class Initialized
DEBUG - 2018-12-26 04:33:58 --> UTF-8 Support Enabled
INFO - 2018-12-26 04:33:58 --> Utf8 Class Initialized
INFO - 2018-12-26 04:33:58 --> URI Class Initialized
DEBUG - 2018-12-26 04:33:58 --> File loaded: C:\xampp\htdocs\ci\ussiweb\application\modules/admin/config/routes.php
INFO - 2018-12-26 04:33:58 --> Router Class Initialized
INFO - 2018-12-26 04:33:58 --> Output Class Initialized
INFO - 2018-12-26 04:33:58 --> Security Class Initialized
DEBUG - 2018-12-26 04:33:58 --> Global POST, GET and COOKIE data sanitized
INFO - 2018-12-26 04:33:58 --> Input Class Initialized
INFO - 2018-12-26 04:33:58 --> Language Class Initialized
INFO - 2018-12-26 04:33:58 --> Language Class Initialized
INFO - 2018-12-26 04:33:58 --> Config Class Initialized
INFO - 2018-12-26 04:33:58 --> Loader Class Initialized
DEBUG - 2018-12-26 04:33:58 --> File loaded: C:\xampp\htdocs\ci\ussiweb\application\modules/admin/config/site.php
INFO - 2018-12-26 04:33:58 --> Helper loaded: url_helper
INFO - 2018-12-26 04:33:58 --> Helper loaded: inflector_helper
INFO - 2018-12-26 04:33:58 --> Helper loaded: string_helper
INFO - 2018-12-26 04:33:58 --> Helper loaded: array_helper
INFO - 2018-12-26 04:33:58 --> Database Driver Class Initialized
DEBUG - 2018-12-26 04:33:58 --> File loaded: C:\xampp\htdocs\ci\ussiweb\application\modules/admin/config/ion_auth.php
DEBUG - 2018-12-26 04:33:58 --> File loaded: C:\xampp\htdocs\ci\ussiweb\application\modules/admin/config/ion_auth.php
INFO - 2018-12-26 04:33:58 --> Email Class Initialized
INFO - 2018-12-26 04:33:58 --> Language file loaded: language/english/ion_auth_lang.php
INFO - 2018-12-26 04:33:58 --> Helper loaded: cookie_helper
INFO - 2018-12-26 04:33:58 --> Helper loaded: language_helper
DEBUG - 2018-12-26 04:33:58 --> Session: "sess_save_path" is empty; using "session.save_path" value from php.ini.
INFO - 2018-12-26 04:33:58 --> Session: Class initialized using 'files' driver.
INFO - 2018-12-26 04:33:58 --> Model Class Initialized
INFO - 2018-12-26 04:33:58 --> Helper loaded: date_helper
INFO - 2018-12-26 04:33:58 --> User Agent Class Initialized
DEBUG - 2018-12-26 04:33:58 --> File loaded: C:\xampp\htdocs\ci\ussiweb\application\modules/admin/config/autoload.php
DEBUG - 2018-12-26 04:33:58 --> File loaded: C:\xampp\htdocs\ci\ussiweb\application\modules/admin/config/form_validation.php
INFO - 2018-12-26 04:33:58 --> Helper loaded: form_helper
INFO - 2018-12-26 04:33:58 --> Form Validation Class Initialized
INFO - 2018-12-26 04:33:58 --> Model Class Initialized
INFO - 2018-12-26 04:33:58 --> Model Class Initialized
INFO - 2018-12-26 04:33:58 --> Model Class Initialized
INFO - 2018-12-26 04:33:58 --> Model Class Initialized
INFO - 2018-12-26 04:33:58 --> Model Class Initialized
INFO - 2018-12-26 04:33:58 --> Model Class Initialized
INFO - 2018-12-26 04:33:58 --> Model Class Initialized
INFO - 2018-12-26 04:33:58 --> Model Class Initialized
INFO - 2018-12-26 04:33:58 --> Model Class Initialized
INFO - 2018-12-26 04:33:58 --> Model Class Initialized
INFO - 2018-12-26 04:33:58 --> Model Class Initialized
INFO - 2018-12-26 04:33:58 --> Model Class Initialized
INFO - 2018-12-26 04:33:58 --> Model Class Initialized
INFO - 2018-12-26 04:33:58 --> Controller Class Initialized
DEBUG - 2018-12-26 04:33:58 --> Login MX_Controller Initialized
DEBUG - 2018-12-26 04:33:58 --> File loaded: C:\xampp\htdocs\ci\ussiweb\application\modules/admin/config/autoload.php
DEBUG - 2018-12-26 10:33:58 --> File loaded: C:\xampp\htdocs\ci\ussiweb\application\modules/admin/config/form_validation.php
DEBUG - 2018-12-26 10:33:58 --> File loaded: C:\xampp\htdocs\ci\ussiweb\application\views\_base/head.php
DEBUG - 2018-12-26 10:33:58 --> File loaded: C:\xampp\htdocs\ci\ussiweb\application\modules/admin/views/login.php
DEBUG - 2018-12-26 10:33:58 --> File loaded: C:\xampp\htdocs\ci\ussiweb\application\views\_layouts/empty.php
DEBUG - 2018-12-26 10:33:58 --> File loaded: C:\xampp\htdocs\ci\ussiweb\application\views\_partials/ga.php
DEBUG - 2018-12-26 10:33:58 --> File loaded: C:\xampp\htdocs\ci\ussiweb\application\views\_base/foot.php
INFO - 2018-12-26 10:33:58 --> Final output sent to browser
DEBUG - 2018-12-26 10:33:58 --> Total execution time: 0.2523
INFO - 2018-12-26 04:34:00 --> Config Class Initialized
INFO - 2018-12-26 04:34:00 --> Hooks Class Initialized
DEBUG - 2018-12-26 04:34:00 --> UTF-8 Support Enabled
INFO - 2018-12-26 04:34:00 --> Utf8 Class Initialized
INFO - 2018-12-26 04:34:00 --> URI Class Initialized
DEBUG - 2018-12-26 04:34:00 --> File loaded: C:\xampp\htdocs\ci\ussiweb\application\modules/admin/config/routes.php
INFO - 2018-12-26 04:34:00 --> Router Class Initialized
INFO - 2018-12-26 04:34:00 --> Output Class Initialized
INFO - 2018-12-26 04:34:00 --> Security Class Initialized
DEBUG - 2018-12-26 04:34:00 --> Global POST, GET and COOKIE data sanitized
INFO - 2018-12-26 04:34:00 --> Input Class Initialized
INFO - 2018-12-26 04:34:00 --> Language Class Initialized
INFO - 2018-12-26 04:34:00 --> Language Class Initialized
INFO - 2018-12-26 04:34:00 --> Config Class Initialized
INFO - 2018-12-26 04:34:00 --> Loader Class Initialized
DEBUG - 2018-12-26 04:34:00 --> File loaded: C:\xampp\htdocs\ci\ussiweb\application\modules/admin/config/site.php
INFO - 2018-12-26 04:34:00 --> Helper loaded: url_helper
INFO - 2018-12-26 04:34:00 --> Helper loaded: inflector_helper
INFO - 2018-12-26 04:34:00 --> Helper loaded: string_helper
INFO - 2018-12-26 04:34:00 --> Helper loaded: array_helper
INFO - 2018-12-26 04:34:00 --> Database Driver Class Initialized
DEBUG - 2018-12-26 04:34:00 --> File loaded: C:\xampp\htdocs\ci\ussiweb\application\modules/admin/config/ion_auth.php
DEBUG - 2018-12-26 04:34:00 --> File loaded: C:\xampp\htdocs\ci\ussiweb\application\modules/admin/config/ion_auth.php
INFO - 2018-12-26 04:34:00 --> Email Class Initialized
INFO - 2018-12-26 04:34:00 --> Language file loaded: language/english/ion_auth_lang.php
INFO - 2018-12-26 04:34:00 --> Helper loaded: cookie_helper
INFO - 2018-12-26 04:34:00 --> Helper loaded: language_helper
DEBUG - 2018-12-26 04:34:00 --> Session: "sess_save_path" is empty; using "session.save_path" value from php.ini.
INFO - 2018-12-26 04:34:00 --> Session: Class initialized using 'files' driver.
INFO - 2018-12-26 04:34:00 --> Model Class Initialized
INFO - 2018-12-26 04:34:00 --> Helper loaded: date_helper
INFO - 2018-12-26 04:34:00 --> User Agent Class Initialized
DEBUG - 2018-12-26 04:34:00 --> File loaded: C:\xampp\htdocs\ci\ussiweb\application\modules/admin/config/autoload.php
DEBUG - 2018-12-26 04:34:00 --> File loaded: C:\xampp\htdocs\ci\ussiweb\application\modules/admin/config/form_validation.php
INFO - 2018-12-26 04:34:00 --> Helper loaded: form_helper
INFO - 2018-12-26 04:34:00 --> Form Validation Class Initialized
INFO - 2018-12-26 04:34:00 --> Model Class Initialized
INFO - 2018-12-26 04:34:00 --> Model Class Initialized
INFO - 2018-12-26 04:34:00 --> Model Class Initialized
INFO - 2018-12-26 04:34:00 --> Model Class Initialized
INFO - 2018-12-26 04:34:00 --> Model Class Initialized
INFO - 2018-12-26 04:34:00 --> Model Class Initialized
INFO - 2018-12-26 04:34:00 --> Model Class Initialized
INFO - 2018-12-26 04:34:00 --> Model Class Initialized
INFO - 2018-12-26 04:34:00 --> Model Class Initialized
INFO - 2018-12-26 04:34:00 --> Model Class Initialized
INFO - 2018-12-26 04:34:00 --> Model Class Initialized
INFO - 2018-12-26 04:34:00 --> Model Class Initialized
INFO - 2018-12-26 04:34:00 --> Model Class Initialized
INFO - 2018-12-26 04:34:00 --> Controller Class Initialized
DEBUG - 2018-12-26 04:34:00 --> Login MX_Controller Initialized
DEBUG - 2018-12-26 04:34:00 --> File loaded: C:\xampp\htdocs\ci\ussiweb\application\modules/admin/config/autoload.php
DEBUG - 2018-12-26 10:34:00 --> File loaded: C:\xampp\htdocs\ci\ussiweb\application\modules/admin/config/form_validation.php
INFO - 2018-12-26 10:34:00 --> Language file loaded: language/english/form_validation_lang.php
INFO - 2018-12-26 04:34:00 --> Config Class Initialized
INFO - 2018-12-26 04:34:00 --> Hooks Class Initialized
DEBUG - 2018-12-26 04:34:00 --> UTF-8 Support Enabled
INFO - 2018-12-26 04:34:00 --> Utf8 Class Initialized
INFO - 2018-12-26 04:34:00 --> URI Class Initialized
DEBUG - 2018-12-26 04:34:00 --> File loaded: C:\xampp\htdocs\ci\ussiweb\application\modules/admin/config/routes.php
INFO - 2018-12-26 04:34:00 --> Router Class Initialized
INFO - 2018-12-26 04:34:00 --> Output Class Initialized
INFO - 2018-12-26 04:34:00 --> Security Class Initialized
DEBUG - 2018-12-26 04:34:00 --> Global POST, GET and COOKIE data sanitized
INFO - 2018-12-26 04:34:00 --> Input Class Initialized
INFO - 2018-12-26 04:34:00 --> Language Class Initialized
INFO - 2018-12-26 04:34:00 --> Language Class Initialized
INFO - 2018-12-26 04:34:00 --> Config Class Initialized
INFO - 2018-12-26 04:34:00 --> Loader Class Initialized
DEBUG - 2018-12-26 04:34:00 --> File loaded: C:\xampp\htdocs\ci\ussiweb\application\modules/admin/config/site.php
INFO - 2018-12-26 04:34:00 --> Helper loaded: url_helper
INFO - 2018-12-26 04:34:00 --> Helper loaded: inflector_helper
INFO - 2018-12-26 04:34:00 --> Helper loaded: string_helper
INFO - 2018-12-26 04:34:00 --> Helper loaded: array_helper
INFO - 2018-12-26 04:34:00 --> Database Driver Class Initialized
DEBUG - 2018-12-26 04:34:00 --> File loaded: C:\xampp\htdocs\ci\ussiweb\application\modules/admin/config/ion_auth.php
DEBUG - 2018-12-26 04:34:00 --> File loaded: C:\xampp\htdocs\ci\ussiweb\application\modules/admin/config/ion_auth.php
INFO - 2018-12-26 04:34:00 --> Email Class Initialized
INFO - 2018-12-26 04:34:00 --> Language file loaded: language/english/ion_auth_lang.php
INFO - 2018-12-26 04:34:00 --> Helper loaded: cookie_helper
INFO - 2018-12-26 04:34:00 --> Helper loaded: language_helper
DEBUG - 2018-12-26 04:34:00 --> Session: "sess_save_path" is empty; using "session.save_path" value from php.ini.
INFO - 2018-12-26 04:34:00 --> Session: Class initialized using 'files' driver.
INFO - 2018-12-26 04:34:00 --> Model Class Initialized
INFO - 2018-12-26 04:34:00 --> Helper loaded: date_helper
INFO - 2018-12-26 04:34:00 --> User Agent Class Initialized
DEBUG - 2018-12-26 04:34:00 --> File loaded: C:\xampp\htdocs\ci\ussiweb\application\modules/admin/config/autoload.php
DEBUG - 2018-12-26 04:34:00 --> File loaded: C:\xampp\htdocs\ci\ussiweb\application\modules/admin/config/form_validation.php
INFO - 2018-12-26 04:34:00 --> Helper loaded: form_helper
INFO - 2018-12-26 04:34:00 --> Form Validation Class Initialized
INFO - 2018-12-26 04:34:00 --> Model Class Initialized
INFO - 2018-12-26 04:34:00 --> Model Class Initialized
INFO - 2018-12-26 04:34:00 --> Model Class Initialized
INFO - 2018-12-26 04:34:00 --> Model Class Initialized
INFO - 2018-12-26 04:34:00 --> Model Class Initialized
INFO - 2018-12-26 04:34:00 --> Model Class Initialized
INFO - 2018-12-26 04:34:00 --> Model Class Initialized
INFO - 2018-12-26 04:34:00 --> Model Class Initialized
INFO - 2018-12-26 04:34:00 --> Model Class Initialized
INFO - 2018-12-26 04:34:00 --> Model Class Initialized
INFO - 2018-12-26 04:34:00 --> Model Class Initialized
INFO - 2018-12-26 04:34:00 --> Model Class Initialized
INFO - 2018-12-26 04:34:00 --> Model Class Initialized
INFO - 2018-12-26 04:34:00 --> Controller Class Initialized
DEBUG - 2018-12-26 04:34:00 --> Home MX_Controller Initialized
DEBUG - 2018-12-26 04:34:00 --> File loaded: C:\xampp\htdocs\ci\ussiweb\application\modules/admin/config/autoload.php
INFO - 2018-12-26 04:34:00 --> Config Class Initialized
INFO - 2018-12-26 04:34:00 --> Hooks Class Initialized
DEBUG - 2018-12-26 04:34:00 --> UTF-8 Support Enabled
INFO - 2018-12-26 04:34:00 --> Utf8 Class Initialized
INFO - 2018-12-26 04:34:00 --> URI Class Initialized
DEBUG - 2018-12-26 04:34:00 --> File loaded: C:\xampp\htdocs\ci\ussiweb\application\modules/admin/config/routes.php
INFO - 2018-12-26 04:34:00 --> Router Class Initialized
INFO - 2018-12-26 04:34:00 --> Output Class Initialized
INFO - 2018-12-26 04:34:00 --> Security Class Initialized
DEBUG - 2018-12-26 04:34:00 --> Global POST, GET and COOKIE data sanitized
INFO - 2018-12-26 04:34:00 --> Input Class Initialized
INFO - 2018-12-26 04:34:00 --> Language Class Initialized
INFO - 2018-12-26 04:34:00 --> Language Class Initialized
INFO - 2018-12-26 04:34:00 --> Config Class Initialized
INFO - 2018-12-26 04:34:00 --> Loader Class Initialized
DEBUG - 2018-12-26 04:34:00 --> File loaded: C:\xampp\htdocs\ci\ussiweb\application\modules/admin/config/site.php
INFO - 2018-12-26 04:34:00 --> Helper loaded: url_helper
INFO - 2018-12-26 04:34:00 --> Helper loaded: inflector_helper
INFO - 2018-12-26 04:34:00 --> Helper loaded: string_helper
INFO - 2018-12-26 04:34:00 --> Helper loaded: array_helper
INFO - 2018-12-26 04:34:00 --> Database Driver Class Initialized
DEBUG - 2018-12-26 04:34:00 --> File loaded: C:\xampp\htdocs\ci\ussiweb\application\modules/admin/config/ion_auth.php
DEBUG - 2018-12-26 04:34:00 --> File loaded: C:\xampp\htdocs\ci\ussiweb\application\modules/admin/config/ion_auth.php
INFO - 2018-12-26 04:34:00 --> Email Class Initialized
INFO - 2018-12-26 04:34:00 --> Language file loaded: language/english/ion_auth_lang.php
INFO - 2018-12-26 04:34:00 --> Helper loaded: cookie_helper
INFO - 2018-12-26 04:34:00 --> Helper loaded: language_helper
DEBUG - 2018-12-26 04:34:00 --> Session: "sess_save_path" is empty; using "session.save_path" value from php.ini.
INFO - 2018-12-26 04:34:00 --> Session: Class initialized using 'files' driver.
INFO - 2018-12-26 04:34:00 --> Model Class Initialized
INFO - 2018-12-26 04:34:00 --> Helper loaded: date_helper
INFO - 2018-12-26 04:34:00 --> User Agent Class Initialized
DEBUG - 2018-12-26 04:34:00 --> File loaded: C:\xampp\htdocs\ci\ussiweb\application\modules/admin/config/autoload.php
DEBUG - 2018-12-26 04:34:00 --> File loaded: C:\xampp\htdocs\ci\ussiweb\application\modules/admin/config/form_validation.php
INFO - 2018-12-26 04:34:00 --> Helper loaded: form_helper
INFO - 2018-12-26 04:34:00 --> Form Validation Class Initialized
INFO - 2018-12-26 04:34:00 --> Model Class Initialized
INFO - 2018-12-26 04:34:00 --> Model Class Initialized
INFO - 2018-12-26 04:34:00 --> Model Class Initialized
INFO - 2018-12-26 04:34:00 --> Model Class Initialized
INFO - 2018-12-26 04:34:00 --> Model Class Initialized
INFO - 2018-12-26 04:34:00 --> Model Class Initialized
INFO - 2018-12-26 04:34:00 --> Model Class Initialized
INFO - 2018-12-26 04:34:00 --> Model Class Initialized
INFO - 2018-12-26 04:34:00 --> Model Class Initialized
INFO - 2018-12-26 04:34:00 --> Model Class Initialized
INFO - 2018-12-26 04:34:00 --> Model Class Initialized
INFO - 2018-12-26 04:34:00 --> Model Class Initialized
INFO - 2018-12-26 04:34:00 --> Model Class Initialized
INFO - 2018-12-26 04:34:00 --> Controller Class Initialized
DEBUG - 2018-12-26 04:34:00 --> Login MX_Controller Initialized
DEBUG - 2018-12-26 04:34:00 --> File loaded: C:\xampp\htdocs\ci\ussiweb\application\modules/admin/config/autoload.php
DEBUG - 2018-12-26 10:34:00 --> File loaded: C:\xampp\htdocs\ci\ussiweb\application\modules/admin/config/form_validation.php
DEBUG - 2018-12-26 10:34:00 --> File loaded: C:\xampp\htdocs\ci\ussiweb\application\views\_base/head.php
DEBUG - 2018-12-26 10:34:00 --> File loaded: C:\xampp\htdocs\ci\ussiweb\application\modules/admin/views/login.php
DEBUG - 2018-12-26 10:34:00 --> File loaded: C:\xampp\htdocs\ci\ussiweb\application\views\_layouts/empty.php
DEBUG - 2018-12-26 10:34:00 --> File loaded: C:\xampp\htdocs\ci\ussiweb\application\views\_partials/ga.php
DEBUG - 2018-12-26 10:34:00 --> File loaded: C:\xampp\htdocs\ci\ussiweb\application\views\_base/foot.php
INFO - 2018-12-26 10:34:00 --> Final output sent to browser
DEBUG - 2018-12-26 10:34:00 --> Total execution time: 0.2593
INFO - 2018-12-26 04:34:02 --> Config Class Initialized
INFO - 2018-12-26 04:34:02 --> Hooks Class Initialized
DEBUG - 2018-12-26 04:34:02 --> UTF-8 Support Enabled
INFO - 2018-12-26 04:34:02 --> Utf8 Class Initialized
INFO - 2018-12-26 04:34:02 --> URI Class Initialized
DEBUG - 2018-12-26 04:34:02 --> File loaded: C:\xampp\htdocs\ci\ussiweb\application\modules/admin/config/routes.php
INFO - 2018-12-26 04:34:02 --> Router Class Initialized
INFO - 2018-12-26 04:34:02 --> Output Class Initialized
INFO - 2018-12-26 04:34:02 --> Security Class Initialized
DEBUG - 2018-12-26 04:34:02 --> Global POST, GET and COOKIE data sanitized
INFO - 2018-12-26 04:34:02 --> Input Class Initialized
INFO - 2018-12-26 04:34:02 --> Language Class Initialized
INFO - 2018-12-26 04:34:02 --> Language Class Initialized
INFO - 2018-12-26 04:34:02 --> Config Class Initialized
INFO - 2018-12-26 04:34:02 --> Loader Class Initialized
DEBUG - 2018-12-26 04:34:02 --> File loaded: C:\xampp\htdocs\ci\ussiweb\application\modules/admin/config/site.php
INFO - 2018-12-26 04:34:02 --> Helper loaded: url_helper
INFO - 2018-12-26 04:34:02 --> Helper loaded: inflector_helper
INFO - 2018-12-26 04:34:02 --> Helper loaded: string_helper
INFO - 2018-12-26 04:34:02 --> Helper loaded: array_helper
INFO - 2018-12-26 04:34:02 --> Database Driver Class Initialized
DEBUG - 2018-12-26 04:34:02 --> File loaded: C:\xampp\htdocs\ci\ussiweb\application\modules/admin/config/ion_auth.php
DEBUG - 2018-12-26 04:34:02 --> File loaded: C:\xampp\htdocs\ci\ussiweb\application\modules/admin/config/ion_auth.php
INFO - 2018-12-26 04:34:02 --> Email Class Initialized
INFO - 2018-12-26 04:34:02 --> Language file loaded: language/english/ion_auth_lang.php
INFO - 2018-12-26 04:34:02 --> Helper loaded: cookie_helper
INFO - 2018-12-26 04:34:02 --> Helper loaded: language_helper
DEBUG - 2018-12-26 04:34:02 --> Session: "sess_save_path" is empty; using "session.save_path" value from php.ini.
INFO - 2018-12-26 04:34:02 --> Session: Class initialized using 'files' driver.
INFO - 2018-12-26 04:34:02 --> Model Class Initialized
INFO - 2018-12-26 04:34:02 --> Helper loaded: date_helper
INFO - 2018-12-26 04:34:02 --> User Agent Class Initialized
DEBUG - 2018-12-26 04:34:02 --> File loaded: C:\xampp\htdocs\ci\ussiweb\application\modules/admin/config/autoload.php
DEBUG - 2018-12-26 04:34:02 --> File loaded: C:\xampp\htdocs\ci\ussiweb\application\modules/admin/config/form_validation.php
INFO - 2018-12-26 04:34:02 --> Helper loaded: form_helper
INFO - 2018-12-26 04:34:02 --> Form Validation Class Initialized
INFO - 2018-12-26 04:34:02 --> Model Class Initialized
INFO - 2018-12-26 04:34:02 --> Model Class Initialized
INFO - 2018-12-26 04:34:02 --> Model Class Initialized
INFO - 2018-12-26 04:34:02 --> Model Class Initialized
INFO - 2018-12-26 04:34:02 --> Model Class Initialized
INFO - 2018-12-26 04:34:02 --> Model Class Initialized
INFO - 2018-12-26 04:34:02 --> Model Class Initialized
INFO - 2018-12-26 04:34:02 --> Model Class Initialized
INFO - 2018-12-26 04:34:02 --> Model Class Initialized
INFO - 2018-12-26 04:34:02 --> Model Class Initialized
INFO - 2018-12-26 04:34:02 --> Model Class Initialized
INFO - 2018-12-26 04:34:02 --> Model Class Initialized
INFO - 2018-12-26 04:34:02 --> Model Class Initialized
INFO - 2018-12-26 04:34:02 --> Controller Class Initialized
DEBUG - 2018-12-26 04:34:02 --> Login MX_Controller Initialized
DEBUG - 2018-12-26 04:34:02 --> File loaded: C:\xampp\htdocs\ci\ussiweb\application\modules/admin/config/autoload.php
DEBUG - 2018-12-26 10:34:02 --> File loaded: C:\xampp\htdocs\ci\ussiweb\application\modules/admin/config/form_validation.php
INFO - 2018-12-26 10:34:02 --> Language file loaded: language/english/form_validation_lang.php
INFO - 2018-12-26 04:34:02 --> Config Class Initialized
INFO - 2018-12-26 04:34:02 --> Hooks Class Initialized
DEBUG - 2018-12-26 04:34:02 --> UTF-8 Support Enabled
INFO - 2018-12-26 04:34:02 --> Utf8 Class Initialized
INFO - 2018-12-26 04:34:02 --> URI Class Initialized
DEBUG - 2018-12-26 04:34:02 --> File loaded: C:\xampp\htdocs\ci\ussiweb\application\modules/admin/config/routes.php
INFO - 2018-12-26 04:34:02 --> Router Class Initialized
INFO - 2018-12-26 04:34:02 --> Output Class Initialized
INFO - 2018-12-26 04:34:02 --> Security Class Initialized
DEBUG - 2018-12-26 04:34:02 --> Global POST, GET and COOKIE data sanitized
INFO - 2018-12-26 04:34:02 --> Input Class Initialized
INFO - 2018-12-26 04:34:02 --> Language Class Initialized
INFO - 2018-12-26 04:34:02 --> Language Class Initialized
INFO - 2018-12-26 04:34:02 --> Config Class Initialized
INFO - 2018-12-26 04:34:02 --> Loader Class Initialized
DEBUG - 2018-12-26 04:34:02 --> File loaded: C:\xampp\htdocs\ci\ussiweb\application\modules/admin/config/site.php
INFO - 2018-12-26 04:34:03 --> Helper loaded: url_helper
INFO - 2018-12-26 04:34:03 --> Helper loaded: inflector_helper
INFO - 2018-12-26 04:34:03 --> Helper loaded: string_helper
INFO - 2018-12-26 04:34:03 --> Helper loaded: array_helper
INFO - 2018-12-26 04:34:03 --> Database Driver Class Initialized
DEBUG - 2018-12-26 04:34:03 --> File loaded: C:\xampp\htdocs\ci\ussiweb\application\modules/admin/config/ion_auth.php
DEBUG - 2018-12-26 04:34:03 --> File loaded: C:\xampp\htdocs\ci\ussiweb\application\modules/admin/config/ion_auth.php
INFO - 2018-12-26 04:34:03 --> Email Class Initialized
INFO - 2018-12-26 04:34:03 --> Language file loaded: language/english/ion_auth_lang.php
INFO - 2018-12-26 04:34:03 --> Helper loaded: cookie_helper
INFO - 2018-12-26 04:34:03 --> Helper loaded: language_helper
DEBUG - 2018-12-26 04:34:03 --> Session: "sess_save_path" is empty; using "session.save_path" value from php.ini.
INFO - 2018-12-26 04:34:03 --> Session: Class initialized using 'files' driver.
INFO - 2018-12-26 04:34:03 --> Model Class Initialized
INFO - 2018-12-26 04:34:03 --> Helper loaded: date_helper
INFO - 2018-12-26 04:34:03 --> User Agent Class Initialized
DEBUG - 2018-12-26 04:34:03 --> File loaded: C:\xampp\htdocs\ci\ussiweb\application\modules/admin/config/autoload.php
DEBUG - 2018-12-26 04:34:03 --> File loaded: C:\xampp\htdocs\ci\ussiweb\application\modules/admin/config/form_validation.php
INFO - 2018-12-26 04:34:03 --> Helper loaded: form_helper
INFO - 2018-12-26 04:34:03 --> Form Validation Class Initialized
INFO - 2018-12-26 04:34:03 --> Model Class Initialized
INFO - 2018-12-26 04:34:03 --> Model Class Initialized
INFO - 2018-12-26 04:34:03 --> Model Class Initialized
INFO - 2018-12-26 04:34:03 --> Model Class Initialized
INFO - 2018-12-26 04:34:03 --> Model Class Initialized
INFO - 2018-12-26 04:34:03 --> Model Class Initialized
INFO - 2018-12-26 04:34:03 --> Model Class Initialized
INFO - 2018-12-26 04:34:03 --> Model Class Initialized
INFO - 2018-12-26 04:34:03 --> Model Class Initialized
INFO - 2018-12-26 04:34:03 --> Model Class Initialized
INFO - 2018-12-26 04:34:03 --> Model Class Initialized
INFO - 2018-12-26 04:34:03 --> Model Class Initialized
INFO - 2018-12-26 04:34:03 --> Model Class Initialized
INFO - 2018-12-26 04:34:03 --> Controller Class Initialized
DEBUG - 2018-12-26 04:34:03 --> Home MX_Controller Initialized
DEBUG - 2018-12-26 04:34:03 --> File loaded: C:\xampp\htdocs\ci\ussiweb\application\modules/admin/config/autoload.php
INFO - 2018-12-26 04:34:03 --> Config Class Initialized
INFO - 2018-12-26 04:34:03 --> Hooks Class Initialized
DEBUG - 2018-12-26 04:34:03 --> UTF-8 Support Enabled
INFO - 2018-12-26 04:34:03 --> Utf8 Class Initialized
INFO - 2018-12-26 04:34:03 --> URI Class Initialized
DEBUG - 2018-12-26 04:34:03 --> File loaded: C:\xampp\htdocs\ci\ussiweb\application\modules/admin/config/routes.php
INFO - 2018-12-26 04:34:03 --> Router Class Initialized
INFO - 2018-12-26 04:34:03 --> Output Class Initialized
INFO - 2018-12-26 04:34:03 --> Security Class Initialized
DEBUG - 2018-12-26 04:34:03 --> Global POST, GET and COOKIE data sanitized
INFO - 2018-12-26 04:34:03 --> Input Class Initialized
INFO - 2018-12-26 04:34:03 --> Language Class Initialized
INFO - 2018-12-26 04:34:03 --> Language Class Initialized
INFO - 2018-12-26 04:34:03 --> Config Class Initialized
INFO - 2018-12-26 04:34:03 --> Loader Class Initialized
DEBUG - 2018-12-26 04:34:03 --> File loaded: C:\xampp\htdocs\ci\ussiweb\application\modules/admin/config/site.php
INFO - 2018-12-26 04:34:03 --> Helper loaded: url_helper
INFO - 2018-12-26 04:34:03 --> Helper loaded: inflector_helper
INFO - 2018-12-26 04:34:03 --> Helper loaded: string_helper
INFO - 2018-12-26 04:34:03 --> Helper loaded: array_helper
INFO - 2018-12-26 04:34:03 --> Database Driver Class Initialized
DEBUG - 2018-12-26 04:34:03 --> File loaded: C:\xampp\htdocs\ci\ussiweb\application\modules/admin/config/ion_auth.php
DEBUG - 2018-12-26 04:34:03 --> File loaded: C:\xampp\htdocs\ci\ussiweb\application\modules/admin/config/ion_auth.php
INFO - 2018-12-26 04:34:03 --> Email Class Initialized
INFO - 2018-12-26 04:34:03 --> Language file loaded: language/english/ion_auth_lang.php
INFO - 2018-12-26 04:34:03 --> Helper loaded: cookie_helper
INFO - 2018-12-26 04:34:03 --> Helper loaded: language_helper
DEBUG - 2018-12-26 04:34:03 --> Session: "sess_save_path" is empty; using "session.save_path" value from php.ini.
INFO - 2018-12-26 04:34:03 --> Session: Class initialized using 'files' driver.
INFO - 2018-12-26 04:34:03 --> Model Class Initialized
INFO - 2018-12-26 04:34:03 --> Helper loaded: date_helper
INFO - 2018-12-26 04:34:03 --> User Agent Class Initialized
DEBUG - 2018-12-26 04:34:03 --> File loaded: C:\xampp\htdocs\ci\ussiweb\application\modules/admin/config/autoload.php
DEBUG - 2018-12-26 04:34:03 --> File loaded: C:\xampp\htdocs\ci\ussiweb\application\modules/admin/config/form_validation.php
INFO - 2018-12-26 04:34:03 --> Helper loaded: form_helper
INFO - 2018-12-26 04:34:03 --> Form Validation Class Initialized
INFO - 2018-12-26 04:34:03 --> Model Class Initialized
INFO - 2018-12-26 04:34:03 --> Model Class Initialized
INFO - 2018-12-26 04:34:03 --> Model Class Initialized
INFO - 2018-12-26 04:34:03 --> Model Class Initialized
INFO - 2018-12-26 04:34:03 --> Model Class Initialized
INFO - 2018-12-26 04:34:03 --> Model Class Initialized
INFO - 2018-12-26 04:34:03 --> Model Class Initialized
INFO - 2018-12-26 04:34:03 --> Model Class Initialized
INFO - 2018-12-26 04:34:03 --> Model Class Initialized
INFO - 2018-12-26 04:34:03 --> Model Class Initialized
INFO - 2018-12-26 04:34:03 --> Model Class Initialized
INFO - 2018-12-26 04:34:03 --> Model Class Initialized
INFO - 2018-12-26 04:34:03 --> Model Class Initialized
INFO - 2018-12-26 04:34:03 --> Controller Class Initialized
DEBUG - 2018-12-26 04:34:03 --> Login MX_Controller Initialized
DEBUG - 2018-12-26 04:34:03 --> File loaded: C:\xampp\htdocs\ci\ussiweb\application\modules/admin/config/autoload.php
DEBUG - 2018-12-26 10:34:03 --> File loaded: C:\xampp\htdocs\ci\ussiweb\application\modules/admin/config/form_validation.php
DEBUG - 2018-12-26 10:34:03 --> File loaded: C:\xampp\htdocs\ci\ussiweb\application\views\_base/head.php
DEBUG - 2018-12-26 10:34:03 --> File loaded: C:\xampp\htdocs\ci\ussiweb\application\modules/admin/views/login.php
DEBUG - 2018-12-26 10:34:03 --> File loaded: C:\xampp\htdocs\ci\ussiweb\application\views\_layouts/empty.php
DEBUG - 2018-12-26 10:34:03 --> File loaded: C:\xampp\htdocs\ci\ussiweb\application\views\_partials/ga.php
DEBUG - 2018-12-26 10:34:03 --> File loaded: C:\xampp\htdocs\ci\ussiweb\application\views\_base/foot.php
INFO - 2018-12-26 10:34:03 --> Final output sent to browser
DEBUG - 2018-12-26 10:34:03 --> Total execution time: 0.2510
INFO - 2018-12-26 04:34:11 --> Config Class Initialized
INFO - 2018-12-26 04:34:11 --> Hooks Class Initialized
DEBUG - 2018-12-26 04:34:11 --> UTF-8 Support Enabled
INFO - 2018-12-26 04:34:11 --> Utf8 Class Initialized
INFO - 2018-12-26 04:34:11 --> URI Class Initialized
DEBUG - 2018-12-26 04:34:11 --> File loaded: C:\xampp\htdocs\ci\ussiweb\application\modules/admin/config/routes.php
INFO - 2018-12-26 04:34:11 --> Router Class Initialized
INFO - 2018-12-26 04:34:11 --> Output Class Initialized
INFO - 2018-12-26 04:34:11 --> Security Class Initialized
DEBUG - 2018-12-26 04:34:11 --> Global POST, GET and COOKIE data sanitized
INFO - 2018-12-26 04:34:11 --> Input Class Initialized
INFO - 2018-12-26 04:34:11 --> Language Class Initialized
INFO - 2018-12-26 04:34:11 --> Language Class Initialized
INFO - 2018-12-26 04:34:11 --> Config Class Initialized
INFO - 2018-12-26 04:34:11 --> Loader Class Initialized
DEBUG - 2018-12-26 04:34:11 --> File loaded: C:\xampp\htdocs\ci\ussiweb\application\modules/admin/config/site.php
INFO - 2018-12-26 04:34:11 --> Helper loaded: url_helper
INFO - 2018-12-26 04:34:11 --> Helper loaded: inflector_helper
INFO - 2018-12-26 04:34:11 --> Helper loaded: string_helper
INFO - 2018-12-26 04:34:11 --> Helper loaded: array_helper
INFO - 2018-12-26 04:34:11 --> Database Driver Class Initialized
DEBUG - 2018-12-26 04:34:11 --> File loaded: C:\xampp\htdocs\ci\ussiweb\application\modules/admin/config/ion_auth.php
DEBUG - 2018-12-26 04:34:11 --> File loaded: C:\xampp\htdocs\ci\ussiweb\application\modules/admin/config/ion_auth.php
INFO - 2018-12-26 04:34:11 --> Email Class Initialized
INFO - 2018-12-26 04:34:11 --> Language file loaded: language/english/ion_auth_lang.php
INFO - 2018-12-26 04:34:11 --> Helper loaded: cookie_helper
INFO - 2018-12-26 04:34:12 --> Helper loaded: language_helper
DEBUG - 2018-12-26 04:34:12 --> Session: "sess_save_path" is empty; using "session.save_path" value from php.ini.
INFO - 2018-12-26 04:34:12 --> Session: Class initialized using 'files' driver.
INFO - 2018-12-26 04:34:12 --> Model Class Initialized
INFO - 2018-12-26 04:34:12 --> Helper loaded: date_helper
INFO - 2018-12-26 04:34:12 --> User Agent Class Initialized
DEBUG - 2018-12-26 04:34:12 --> File loaded: C:\xampp\htdocs\ci\ussiweb\application\modules/admin/config/autoload.php
DEBUG - 2018-12-26 04:34:12 --> File loaded: C:\xampp\htdocs\ci\ussiweb\application\modules/admin/config/form_validation.php
INFO - 2018-12-26 04:34:12 --> Helper loaded: form_helper
INFO - 2018-12-26 04:34:12 --> Form Validation Class Initialized
INFO - 2018-12-26 04:34:12 --> Model Class Initialized
INFO - 2018-12-26 04:34:12 --> Model Class Initialized
INFO - 2018-12-26 04:34:12 --> Model Class Initialized
INFO - 2018-12-26 04:34:12 --> Model Class Initialized
INFO - 2018-12-26 04:34:12 --> Model Class Initialized
INFO - 2018-12-26 04:34:12 --> Model Class Initialized
INFO - 2018-12-26 04:34:12 --> Model Class Initialized
INFO - 2018-12-26 04:34:12 --> Model Class Initialized
INFO - 2018-12-26 04:34:12 --> Model Class Initialized
INFO - 2018-12-26 04:34:12 --> Model Class Initialized
INFO - 2018-12-26 04:34:12 --> Model Class Initialized
INFO - 2018-12-26 04:34:12 --> Model Class Initialized
INFO - 2018-12-26 04:34:12 --> Model Class Initialized
INFO - 2018-12-26 04:34:12 --> Controller Class Initialized
DEBUG - 2018-12-26 04:34:12 --> Login MX_Controller Initialized
DEBUG - 2018-12-26 04:34:12 --> File loaded: C:\xampp\htdocs\ci\ussiweb\application\modules/admin/config/autoload.php
DEBUG - 2018-12-26 10:34:12 --> File loaded: C:\xampp\htdocs\ci\ussiweb\application\modules/admin/config/form_validation.php
INFO - 2018-12-26 10:34:12 --> Language file loaded: language/english/form_validation_lang.php
INFO - 2018-12-26 04:34:12 --> Config Class Initialized
INFO - 2018-12-26 04:34:12 --> Hooks Class Initialized
DEBUG - 2018-12-26 04:34:12 --> UTF-8 Support Enabled
INFO - 2018-12-26 04:34:12 --> Utf8 Class Initialized
INFO - 2018-12-26 04:34:12 --> URI Class Initialized
DEBUG - 2018-12-26 04:34:12 --> File loaded: C:\xampp\htdocs\ci\ussiweb\application\modules/admin/config/routes.php
INFO - 2018-12-26 04:34:12 --> Router Class Initialized
INFO - 2018-12-26 04:34:12 --> Output Class Initialized
INFO - 2018-12-26 04:34:12 --> Security Class Initialized
DEBUG - 2018-12-26 04:34:12 --> Global POST, GET and COOKIE data sanitized
INFO - 2018-12-26 04:34:12 --> Input Class Initialized
INFO - 2018-12-26 04:34:12 --> Language Class Initialized
INFO - 2018-12-26 04:34:12 --> Language Class Initialized
INFO - 2018-12-26 04:34:12 --> Config Class Initialized
INFO - 2018-12-26 04:34:12 --> Loader Class Initialized
DEBUG - 2018-12-26 04:34:12 --> File loaded: C:\xampp\htdocs\ci\ussiweb\application\modules/admin/config/site.php
INFO - 2018-12-26 04:34:12 --> Helper loaded: url_helper
INFO - 2018-12-26 04:34:12 --> Helper loaded: inflector_helper
INFO - 2018-12-26 04:34:12 --> Helper loaded: string_helper
INFO - 2018-12-26 04:34:12 --> Helper loaded: array_helper
INFO - 2018-12-26 04:34:12 --> Database Driver Class Initialized
DEBUG - 2018-12-26 04:34:12 --> File loaded: C:\xampp\htdocs\ci\ussiweb\application\modules/admin/config/ion_auth.php
DEBUG - 2018-12-26 04:34:12 --> File loaded: C:\xampp\htdocs\ci\ussiweb\application\modules/admin/config/ion_auth.php
INFO - 2018-12-26 04:34:12 --> Email Class Initialized
INFO - 2018-12-26 04:34:12 --> Language file loaded: language/english/ion_auth_lang.php
INFO - 2018-12-26 04:34:12 --> Helper loaded: cookie_helper
INFO - 2018-12-26 04:34:12 --> Helper loaded: language_helper
DEBUG - 2018-12-26 04:34:12 --> Session: "sess_save_path" is empty; using "session.save_path" value from php.ini.
INFO - 2018-12-26 04:34:12 --> Session: Class initialized using 'files' driver.
INFO - 2018-12-26 04:34:12 --> Model Class Initialized
INFO - 2018-12-26 04:34:12 --> Helper loaded: date_helper
INFO - 2018-12-26 04:34:12 --> User Agent Class Initialized
DEBUG - 2018-12-26 04:34:12 --> File loaded: C:\xampp\htdocs\ci\ussiweb\application\modules/admin/config/autoload.php
DEBUG - 2018-12-26 04:34:12 --> File loaded: C:\xampp\htdocs\ci\ussiweb\application\modules/admin/config/form_validation.php
INFO - 2018-12-26 04:34:12 --> Helper loaded: form_helper
INFO - 2018-12-26 04:34:12 --> Form Validation Class Initialized
INFO - 2018-12-26 04:34:12 --> Model Class Initialized
INFO - 2018-12-26 04:34:12 --> Model Class Initialized
INFO - 2018-12-26 04:34:12 --> Model Class Initialized
INFO - 2018-12-26 04:34:12 --> Model Class Initialized
INFO - 2018-12-26 04:34:12 --> Model Class Initialized
INFO - 2018-12-26 04:34:12 --> Model Class Initialized
INFO - 2018-12-26 04:34:12 --> Model Class Initialized
INFO - 2018-12-26 04:34:12 --> Model Class Initialized
INFO - 2018-12-26 04:34:12 --> Model Class Initialized
INFO - 2018-12-26 04:34:12 --> Model Class Initialized
INFO - 2018-12-26 04:34:12 --> Model Class Initialized
INFO - 2018-12-26 04:34:12 --> Model Class Initialized
INFO - 2018-12-26 04:34:12 --> Model Class Initialized
INFO - 2018-12-26 04:34:12 --> Controller Class Initialized
DEBUG - 2018-12-26 04:34:12 --> Home MX_Controller Initialized
DEBUG - 2018-12-26 04:34:12 --> File loaded: C:\xampp\htdocs\ci\ussiweb\application\modules/admin/config/autoload.php
INFO - 2018-12-26 04:34:12 --> Config Class Initialized
INFO - 2018-12-26 04:34:12 --> Hooks Class Initialized
DEBUG - 2018-12-26 04:34:12 --> UTF-8 Support Enabled
INFO - 2018-12-26 04:34:12 --> Utf8 Class Initialized
INFO - 2018-12-26 04:34:12 --> URI Class Initialized
DEBUG - 2018-12-26 04:34:12 --> File loaded: C:\xampp\htdocs\ci\ussiweb\application\modules/admin/config/routes.php
INFO - 2018-12-26 04:34:12 --> Router Class Initialized
INFO - 2018-12-26 04:34:12 --> Output Class Initialized
INFO - 2018-12-26 04:34:12 --> Security Class Initialized
DEBUG - 2018-12-26 04:34:12 --> Global POST, GET and COOKIE data sanitized
INFO - 2018-12-26 04:34:12 --> Input Class Initialized
INFO - 2018-12-26 04:34:12 --> Language Class Initialized
INFO - 2018-12-26 04:34:12 --> Language Class Initialized
INFO - 2018-12-26 04:34:12 --> Config Class Initialized
INFO - 2018-12-26 04:34:12 --> Loader Class Initialized
DEBUG - 2018-12-26 04:34:12 --> File loaded: C:\xampp\htdocs\ci\ussiweb\application\modules/admin/config/site.php
INFO - 2018-12-26 04:34:12 --> Helper loaded: url_helper
INFO - 2018-12-26 04:34:12 --> Helper loaded: inflector_helper
INFO - 2018-12-26 04:34:12 --> Helper loaded: string_helper
INFO - 2018-12-26 04:34:12 --> Helper loaded: array_helper
INFO - 2018-12-26 04:34:12 --> Database Driver Class Initialized
DEBUG - 2018-12-26 04:34:12 --> File loaded: C:\xampp\htdocs\ci\ussiweb\application\modules/admin/config/ion_auth.php
DEBUG - 2018-12-26 04:34:12 --> File loaded: C:\xampp\htdocs\ci\ussiweb\application\modules/admin/config/ion_auth.php
INFO - 2018-12-26 04:34:12 --> Email Class Initialized
INFO - 2018-12-26 04:34:12 --> Language file loaded: language/english/ion_auth_lang.php
INFO - 2018-12-26 04:34:12 --> Helper loaded: cookie_helper
INFO - 2018-12-26 04:34:12 --> Helper loaded: language_helper
DEBUG - 2018-12-26 04:34:12 --> Session: "sess_save_path" is empty; using "session.save_path" value from php.ini.
INFO - 2018-12-26 04:34:12 --> Session: Class initialized using 'files' driver.
INFO - 2018-12-26 04:34:12 --> Model Class Initialized
INFO - 2018-12-26 04:34:12 --> Helper loaded: date_helper
INFO - 2018-12-26 04:34:12 --> User Agent Class Initialized
DEBUG - 2018-12-26 04:34:12 --> File loaded: C:\xampp\htdocs\ci\ussiweb\application\modules/admin/config/autoload.php
DEBUG - 2018-12-26 04:34:12 --> File loaded: C:\xampp\htdocs\ci\ussiweb\application\modules/admin/config/form_validation.php
INFO - 2018-12-26 04:34:12 --> Helper loaded: form_helper
INFO - 2018-12-26 04:34:12 --> Form Validation Class Initialized
INFO - 2018-12-26 04:34:12 --> Model Class Initialized
INFO - 2018-12-26 04:34:12 --> Model Class Initialized
INFO - 2018-12-26 04:34:12 --> Model Class Initialized
INFO - 2018-12-26 04:34:12 --> Model Class Initialized
INFO - 2018-12-26 04:34:12 --> Model Class Initialized
INFO - 2018-12-26 04:34:12 --> Model Class Initialized
INFO - 2018-12-26 04:34:12 --> Model Class Initialized
INFO - 2018-12-26 04:34:12 --> Model Class Initialized
INFO - 2018-12-26 04:34:12 --> Model Class Initialized
INFO - 2018-12-26 04:34:12 --> Model Class Initialized
INFO - 2018-12-26 04:34:12 --> Model Class Initialized
INFO - 2018-12-26 04:34:12 --> Model Class Initialized
INFO - 2018-12-26 04:34:12 --> Model Class Initialized
INFO - 2018-12-26 04:34:12 --> Controller Class Initialized
DEBUG - 2018-12-26 04:34:12 --> Login MX_Controller Initialized
DEBUG - 2018-12-26 04:34:12 --> File loaded: C:\xampp\htdocs\ci\ussiweb\application\modules/admin/config/autoload.php
DEBUG - 2018-12-26 10:34:12 --> File loaded: C:\xampp\htdocs\ci\ussiweb\application\modules/admin/config/form_validation.php
DEBUG - 2018-12-26 10:34:12 --> File loaded: C:\xampp\htdocs\ci\ussiweb\application\views\_base/head.php
DEBUG - 2018-12-26 10:34:12 --> File loaded: C:\xampp\htdocs\ci\ussiweb\application\modules/admin/views/login.php
DEBUG - 2018-12-26 10:34:12 --> File loaded: C:\xampp\htdocs\ci\ussiweb\application\views\_layouts/empty.php
DEBUG - 2018-12-26 10:34:12 --> File loaded: C:\xampp\htdocs\ci\ussiweb\application\views\_partials/ga.php
DEBUG - 2018-12-26 10:34:12 --> File loaded: C:\xampp\htdocs\ci\ussiweb\application\views\_base/foot.php
INFO - 2018-12-26 10:34:12 --> Final output sent to browser
DEBUG - 2018-12-26 10:34:12 --> Total execution time: 0.2671
