INFO - 2019-01-15 08:05:28 --> Config Class Initialized
INFO - 2019-01-15 08:05:28 --> Hooks Class Initialized
DEBUG - 2019-01-15 08:05:28 --> UTF-8 Support Enabled
INFO - 2019-01-15 08:05:28 --> Utf8 Class Initialized
INFO - 2019-01-15 08:05:28 --> URI Class Initialized
INFO - 2019-01-15 08:05:28 --> Router Class Initialized
INFO - 2019-01-15 08:05:28 --> Output Class Initialized
INFO - 2019-01-15 08:05:28 --> Security Class Initialized
DEBUG - 2019-01-15 08:05:28 --> Global POST, GET and COOKIE data sanitized
INFO - 2019-01-15 08:05:28 --> Input Class Initialized
INFO - 2019-01-15 08:05:28 --> Language Class Initialized
INFO - 2019-01-15 08:05:28 --> Language Class Initialized
INFO - 2019-01-15 08:05:28 --> Config Class Initialized
INFO - 2019-01-15 08:05:28 --> Loader Class Initialized
DEBUG - 2019-01-15 08:05:28 --> File loaded: C:\xampp\htdocs\ci\ussiweb\application\modules/api/config/site.php
INFO - 2019-01-15 08:05:28 --> Helper loaded: url_helper
INFO - 2019-01-15 08:05:28 --> Helper loaded: inflector_helper
INFO - 2019-01-15 08:05:28 --> Helper loaded: string_helper
INFO - 2019-01-15 08:05:28 --> Helper loaded: array_helper
INFO - 2019-01-15 08:05:28 --> Database Driver Class Initialized
DEBUG - 2019-01-15 08:05:28 --> Config file loaded: C:\xampp\htdocs\ci\ussiweb\application\config/ion_auth.php
DEBUG - 2019-01-15 08:05:28 --> Config file loaded: C:\xampp\htdocs\ci\ussiweb\application\third_party/ion_auth/config/ion_auth.php
INFO - 2019-01-15 08:05:28 --> Email Class Initialized
INFO - 2019-01-15 08:05:28 --> Language file loaded: language/english/ion_auth_lang.php
INFO - 2019-01-15 08:05:28 --> Helper loaded: cookie_helper
INFO - 2019-01-15 08:05:28 --> Helper loaded: language_helper
DEBUG - 2019-01-15 08:05:28 --> Session: "sess_save_path" is empty; using "session.save_path" value from php.ini.
INFO - 2019-01-15 08:05:28 --> Session: Class initialized using 'files' driver.
INFO - 2019-01-15 08:05:28 --> Model Class Initialized
INFO - 2019-01-15 08:05:28 --> Helper loaded: date_helper
INFO - 2019-01-15 08:05:28 --> User Agent Class Initialized
DEBUG - 2019-01-15 08:05:28 --> File loaded: C:\xampp\htdocs\ci\ussiweb\application\modules/api/config/autoload.php
DEBUG - 2019-01-15 08:05:28 --> User_agent class already loaded. Second attempt ignored.
INFO - 2019-01-15 08:05:28 --> Model Class Initialized
INFO - 2019-01-15 08:05:28 --> Model Class Initialized
INFO - 2019-01-15 08:05:28 --> Model Class Initialized
INFO - 2019-01-15 08:05:28 --> Model Class Initialized
INFO - 2019-01-15 08:05:28 --> Model Class Initialized
INFO - 2019-01-15 08:05:28 --> Model Class Initialized
INFO - 2019-01-15 08:05:28 --> Model Class Initialized
INFO - 2019-01-15 08:05:28 --> Model Class Initialized
INFO - 2019-01-15 08:05:28 --> Model Class Initialized
INFO - 2019-01-15 08:05:28 --> Model Class Initialized
INFO - 2019-01-15 08:05:28 --> Model Class Initialized
INFO - 2019-01-15 08:05:28 --> Model Class Initialized
INFO - 2019-01-15 08:05:28 --> Model Class Initialized
INFO - 2019-01-15 08:05:28 --> Model Class Initialized
INFO - 2019-01-15 08:05:28 --> Model Class Initialized
INFO - 2019-01-15 08:05:28 --> Model Class Initialized
INFO - 2019-01-15 08:05:28 --> Model Class Initialized
INFO - 2019-01-15 08:05:28 --> Model Class Initialized
INFO - 2019-01-15 08:05:28 --> Controller Class Initialized
DEBUG - 2019-01-15 08:05:28 --> Com MX_Controller Initialized
DEBUG - 2019-01-15 08:05:28 --> File loaded: C:\xampp\htdocs\ci\ussiweb\application\modules/api/config/autoload.php
DEBUG - 2019-01-15 08:05:28 --> User_agent class already loaded. Second attempt ignored.
DEBUG - 2019-01-15 08:05:28 --> File loaded: C:\xampp\htdocs\ci\ussiweb\application\modules/api/config/rest.php
DEBUG - 2019-01-15 08:05:28 --> File loaded: C:\xampp\htdocs\ci\ussiweb\application\modules/api/libraries/Format.php
DEBUG - 2019-01-15 08:05:28 --> File loaded: C:\xampp\htdocs\ci\ussiweb\application\modules/api/language/english/rest_controller_lang.php
INFO - 2019-01-15 08:05:28 --> Database Driver Class Initialized
DEBUG - 2019-01-15 14:05:28 --> Commerce MX_Controller Initialized
DEBUG - 2019-01-15 14:05:28 --> File loaded: C:\xampp\htdocs\ci\ussiweb\application\modules/api/config/autoload.php
DEBUG - 2019-01-15 14:05:28 --> User_agent class already loaded. Second attempt ignored.
INFO - 2019-01-15 14:05:28 --> Database Driver Class Initialized
ERROR - 2019-01-15 14:05:28 --> Severity: Notice --> Undefined property: CI::$arr_logpayment_bpjs C:\xampp\htdocs\ci\ussiweb\application\third_party\MX\Controller.php 59
INFO - 2019-01-15 14:05:28 --> Final output sent to browser
DEBUG - 2019-01-15 14:05:28 --> Total execution time: 0.3410
INFO - 2019-01-15 08:05:49 --> Config Class Initialized
INFO - 2019-01-15 08:05:49 --> Hooks Class Initialized
DEBUG - 2019-01-15 08:05:49 --> UTF-8 Support Enabled
INFO - 2019-01-15 08:05:49 --> Utf8 Class Initialized
INFO - 2019-01-15 08:05:49 --> URI Class Initialized
INFO - 2019-01-15 08:05:49 --> Router Class Initialized
INFO - 2019-01-15 08:05:49 --> Output Class Initialized
INFO - 2019-01-15 08:05:49 --> Security Class Initialized
DEBUG - 2019-01-15 08:05:49 --> Global POST, GET and COOKIE data sanitized
INFO - 2019-01-15 08:05:49 --> Input Class Initialized
INFO - 2019-01-15 08:05:49 --> Language Class Initialized
INFO - 2019-01-15 08:05:49 --> Language Class Initialized
INFO - 2019-01-15 08:05:49 --> Config Class Initialized
INFO - 2019-01-15 08:05:49 --> Loader Class Initialized
DEBUG - 2019-01-15 08:05:49 --> File loaded: C:\xampp\htdocs\ci\ussiweb\application\modules/api/config/site.php
INFO - 2019-01-15 08:05:49 --> Helper loaded: url_helper
INFO - 2019-01-15 08:05:49 --> Helper loaded: inflector_helper
INFO - 2019-01-15 08:05:49 --> Helper loaded: string_helper
INFO - 2019-01-15 08:05:49 --> Helper loaded: array_helper
INFO - 2019-01-15 08:05:49 --> Database Driver Class Initialized
DEBUG - 2019-01-15 08:05:49 --> Config file loaded: C:\xampp\htdocs\ci\ussiweb\application\config/ion_auth.php
DEBUG - 2019-01-15 08:05:49 --> Config file loaded: C:\xampp\htdocs\ci\ussiweb\application\third_party/ion_auth/config/ion_auth.php
INFO - 2019-01-15 08:05:49 --> Email Class Initialized
INFO - 2019-01-15 08:05:49 --> Language file loaded: language/english/ion_auth_lang.php
INFO - 2019-01-15 08:05:49 --> Helper loaded: cookie_helper
INFO - 2019-01-15 08:05:49 --> Helper loaded: language_helper
DEBUG - 2019-01-15 08:05:49 --> Session: "sess_save_path" is empty; using "session.save_path" value from php.ini.
INFO - 2019-01-15 08:05:49 --> Session: Class initialized using 'files' driver.
INFO - 2019-01-15 08:05:49 --> Model Class Initialized
INFO - 2019-01-15 08:05:49 --> Helper loaded: date_helper
INFO - 2019-01-15 08:05:49 --> User Agent Class Initialized
DEBUG - 2019-01-15 08:05:49 --> File loaded: C:\xampp\htdocs\ci\ussiweb\application\modules/api/config/autoload.php
DEBUG - 2019-01-15 08:05:49 --> User_agent class already loaded. Second attempt ignored.
INFO - 2019-01-15 08:05:49 --> Model Class Initialized
INFO - 2019-01-15 08:05:49 --> Model Class Initialized
INFO - 2019-01-15 08:05:49 --> Model Class Initialized
INFO - 2019-01-15 08:05:49 --> Model Class Initialized
INFO - 2019-01-15 08:05:49 --> Model Class Initialized
INFO - 2019-01-15 08:05:49 --> Model Class Initialized
INFO - 2019-01-15 08:05:49 --> Model Class Initialized
INFO - 2019-01-15 08:05:49 --> Model Class Initialized
INFO - 2019-01-15 08:05:49 --> Model Class Initialized
INFO - 2019-01-15 08:05:49 --> Model Class Initialized
INFO - 2019-01-15 08:05:49 --> Model Class Initialized
INFO - 2019-01-15 08:05:49 --> Model Class Initialized
INFO - 2019-01-15 08:05:49 --> Model Class Initialized
INFO - 2019-01-15 08:05:49 --> Model Class Initialized
INFO - 2019-01-15 08:05:49 --> Model Class Initialized
INFO - 2019-01-15 08:05:49 --> Model Class Initialized
INFO - 2019-01-15 08:05:49 --> Model Class Initialized
INFO - 2019-01-15 08:05:49 --> Model Class Initialized
INFO - 2019-01-15 08:05:49 --> Controller Class Initialized
DEBUG - 2019-01-15 08:05:49 --> Com MX_Controller Initialized
DEBUG - 2019-01-15 08:05:49 --> File loaded: C:\xampp\htdocs\ci\ussiweb\application\modules/api/config/autoload.php
DEBUG - 2019-01-15 08:05:49 --> User_agent class already loaded. Second attempt ignored.
DEBUG - 2019-01-15 08:05:49 --> File loaded: C:\xampp\htdocs\ci\ussiweb\application\modules/api/config/rest.php
DEBUG - 2019-01-15 08:05:49 --> File loaded: C:\xampp\htdocs\ci\ussiweb\application\modules/api/libraries/Format.php
DEBUG - 2019-01-15 08:05:49 --> File loaded: C:\xampp\htdocs\ci\ussiweb\application\modules/api/language/english/rest_controller_lang.php
INFO - 2019-01-15 08:05:49 --> Database Driver Class Initialized
DEBUG - 2019-01-15 14:05:49 --> Commerce MX_Controller Initialized
DEBUG - 2019-01-15 14:05:49 --> File loaded: C:\xampp\htdocs\ci\ussiweb\application\modules/api/config/autoload.php
DEBUG - 2019-01-15 14:05:49 --> User_agent class already loaded. Second attempt ignored.
INFO - 2019-01-15 14:05:49 --> Database Driver Class Initialized
ERROR - 2019-01-15 14:05:49 --> Severity: Notice --> Undefined property: CI::$arr_logpayment_bpjs C:\xampp\htdocs\ci\ussiweb\application\third_party\MX\Controller.php 59
INFO - 2019-01-15 14:05:49 --> Final output sent to browser
DEBUG - 2019-01-15 14:05:49 --> Total execution time: 0.3151
INFO - 2019-01-15 08:06:23 --> Config Class Initialized
INFO - 2019-01-15 08:06:23 --> Hooks Class Initialized
DEBUG - 2019-01-15 08:06:23 --> UTF-8 Support Enabled
INFO - 2019-01-15 08:06:23 --> Utf8 Class Initialized
INFO - 2019-01-15 08:06:23 --> URI Class Initialized
INFO - 2019-01-15 08:06:23 --> Router Class Initialized
INFO - 2019-01-15 08:06:23 --> Output Class Initialized
INFO - 2019-01-15 08:06:23 --> Security Class Initialized
DEBUG - 2019-01-15 08:06:23 --> Global POST, GET and COOKIE data sanitized
INFO - 2019-01-15 08:06:23 --> Input Class Initialized
INFO - 2019-01-15 08:06:23 --> Language Class Initialized
INFO - 2019-01-15 08:06:23 --> Language Class Initialized
INFO - 2019-01-15 08:06:23 --> Config Class Initialized
INFO - 2019-01-15 08:06:23 --> Loader Class Initialized
DEBUG - 2019-01-15 08:06:23 --> File loaded: C:\xampp\htdocs\ci\ussiweb\application\modules/api/config/site.php
INFO - 2019-01-15 08:06:23 --> Helper loaded: url_helper
INFO - 2019-01-15 08:06:23 --> Helper loaded: inflector_helper
INFO - 2019-01-15 08:06:23 --> Helper loaded: string_helper
INFO - 2019-01-15 08:06:23 --> Helper loaded: array_helper
INFO - 2019-01-15 08:06:23 --> Database Driver Class Initialized
DEBUG - 2019-01-15 08:06:23 --> Config file loaded: C:\xampp\htdocs\ci\ussiweb\application\config/ion_auth.php
DEBUG - 2019-01-15 08:06:23 --> Config file loaded: C:\xampp\htdocs\ci\ussiweb\application\third_party/ion_auth/config/ion_auth.php
INFO - 2019-01-15 08:06:23 --> Email Class Initialized
INFO - 2019-01-15 08:06:23 --> Language file loaded: language/english/ion_auth_lang.php
INFO - 2019-01-15 08:06:23 --> Helper loaded: cookie_helper
INFO - 2019-01-15 08:06:23 --> Helper loaded: language_helper
DEBUG - 2019-01-15 08:06:23 --> Session: "sess_save_path" is empty; using "session.save_path" value from php.ini.
INFO - 2019-01-15 08:06:23 --> Session: Class initialized using 'files' driver.
INFO - 2019-01-15 08:06:23 --> Model Class Initialized
INFO - 2019-01-15 08:06:23 --> Helper loaded: date_helper
INFO - 2019-01-15 08:06:23 --> User Agent Class Initialized
DEBUG - 2019-01-15 08:06:23 --> File loaded: C:\xampp\htdocs\ci\ussiweb\application\modules/api/config/autoload.php
DEBUG - 2019-01-15 08:06:23 --> User_agent class already loaded. Second attempt ignored.
INFO - 2019-01-15 08:06:23 --> Model Class Initialized
INFO - 2019-01-15 08:06:23 --> Model Class Initialized
INFO - 2019-01-15 08:06:23 --> Model Class Initialized
INFO - 2019-01-15 08:06:23 --> Model Class Initialized
INFO - 2019-01-15 08:06:23 --> Model Class Initialized
INFO - 2019-01-15 08:06:23 --> Model Class Initialized
INFO - 2019-01-15 08:06:23 --> Model Class Initialized
INFO - 2019-01-15 08:06:23 --> Model Class Initialized
INFO - 2019-01-15 08:06:23 --> Model Class Initialized
INFO - 2019-01-15 08:06:23 --> Model Class Initialized
INFO - 2019-01-15 08:06:23 --> Model Class Initialized
INFO - 2019-01-15 08:06:23 --> Model Class Initialized
INFO - 2019-01-15 08:06:23 --> Model Class Initialized
INFO - 2019-01-15 08:06:23 --> Model Class Initialized
INFO - 2019-01-15 08:06:23 --> Model Class Initialized
INFO - 2019-01-15 08:06:23 --> Model Class Initialized
INFO - 2019-01-15 08:06:23 --> Model Class Initialized
INFO - 2019-01-15 08:06:23 --> Model Class Initialized
INFO - 2019-01-15 08:06:23 --> Controller Class Initialized
DEBUG - 2019-01-15 08:06:23 --> Com MX_Controller Initialized
DEBUG - 2019-01-15 08:06:23 --> File loaded: C:\xampp\htdocs\ci\ussiweb\application\modules/api/config/autoload.php
DEBUG - 2019-01-15 08:06:23 --> User_agent class already loaded. Second attempt ignored.
DEBUG - 2019-01-15 08:06:23 --> File loaded: C:\xampp\htdocs\ci\ussiweb\application\modules/api/config/rest.php
DEBUG - 2019-01-15 08:06:23 --> File loaded: C:\xampp\htdocs\ci\ussiweb\application\modules/api/libraries/Format.php
DEBUG - 2019-01-15 08:06:23 --> File loaded: C:\xampp\htdocs\ci\ussiweb\application\modules/api/language/english/rest_controller_lang.php
INFO - 2019-01-15 08:06:23 --> Database Driver Class Initialized
DEBUG - 2019-01-15 14:06:23 --> Commerce MX_Controller Initialized
DEBUG - 2019-01-15 14:06:23 --> File loaded: C:\xampp\htdocs\ci\ussiweb\application\modules/api/config/autoload.php
DEBUG - 2019-01-15 14:06:23 --> User_agent class already loaded. Second attempt ignored.
INFO - 2019-01-15 14:06:23 --> Database Driver Class Initialized
INFO - 2019-01-15 14:06:23 --> Final output sent to browser
DEBUG - 2019-01-15 14:06:23 --> Total execution time: 0.4745
INFO - 2019-01-15 08:09:54 --> Config Class Initialized
INFO - 2019-01-15 08:09:54 --> Hooks Class Initialized
DEBUG - 2019-01-15 08:09:54 --> UTF-8 Support Enabled
INFO - 2019-01-15 08:09:54 --> Utf8 Class Initialized
INFO - 2019-01-15 08:09:54 --> URI Class Initialized
INFO - 2019-01-15 08:09:54 --> Router Class Initialized
INFO - 2019-01-15 08:09:54 --> Output Class Initialized
INFO - 2019-01-15 08:09:54 --> Security Class Initialized
DEBUG - 2019-01-15 08:09:54 --> Global POST, GET and COOKIE data sanitized
INFO - 2019-01-15 08:09:54 --> Input Class Initialized
INFO - 2019-01-15 08:09:54 --> Language Class Initialized
INFO - 2019-01-15 08:09:54 --> Language Class Initialized
INFO - 2019-01-15 08:09:54 --> Config Class Initialized
INFO - 2019-01-15 08:09:54 --> Loader Class Initialized
DEBUG - 2019-01-15 08:09:54 --> File loaded: C:\xampp\htdocs\ci\ussiweb\application\modules/api/config/site.php
INFO - 2019-01-15 08:09:54 --> Helper loaded: url_helper
INFO - 2019-01-15 08:09:54 --> Helper loaded: inflector_helper
INFO - 2019-01-15 08:09:54 --> Helper loaded: string_helper
INFO - 2019-01-15 08:09:54 --> Helper loaded: array_helper
INFO - 2019-01-15 08:09:54 --> Database Driver Class Initialized
DEBUG - 2019-01-15 08:09:54 --> Config file loaded: C:\xampp\htdocs\ci\ussiweb\application\config/ion_auth.php
DEBUG - 2019-01-15 08:09:54 --> Config file loaded: C:\xampp\htdocs\ci\ussiweb\application\third_party/ion_auth/config/ion_auth.php
INFO - 2019-01-15 08:09:54 --> Email Class Initialized
INFO - 2019-01-15 08:09:54 --> Language file loaded: language/english/ion_auth_lang.php
INFO - 2019-01-15 08:09:54 --> Helper loaded: cookie_helper
INFO - 2019-01-15 08:09:54 --> Helper loaded: language_helper
DEBUG - 2019-01-15 08:09:54 --> Session: "sess_save_path" is empty; using "session.save_path" value from php.ini.
INFO - 2019-01-15 08:09:54 --> Session: Class initialized using 'files' driver.
INFO - 2019-01-15 08:09:54 --> Model Class Initialized
INFO - 2019-01-15 08:09:54 --> Helper loaded: date_helper
INFO - 2019-01-15 08:09:54 --> User Agent Class Initialized
DEBUG - 2019-01-15 08:09:54 --> File loaded: C:\xampp\htdocs\ci\ussiweb\application\modules/api/config/autoload.php
DEBUG - 2019-01-15 08:09:54 --> User_agent class already loaded. Second attempt ignored.
INFO - 2019-01-15 08:09:54 --> Model Class Initialized
INFO - 2019-01-15 08:09:54 --> Model Class Initialized
INFO - 2019-01-15 08:09:54 --> Model Class Initialized
INFO - 2019-01-15 08:09:54 --> Model Class Initialized
INFO - 2019-01-15 08:09:54 --> Model Class Initialized
INFO - 2019-01-15 08:09:54 --> Model Class Initialized
INFO - 2019-01-15 08:09:54 --> Model Class Initialized
INFO - 2019-01-15 08:09:54 --> Model Class Initialized
INFO - 2019-01-15 08:09:54 --> Model Class Initialized
INFO - 2019-01-15 08:09:54 --> Model Class Initialized
INFO - 2019-01-15 08:09:54 --> Model Class Initialized
INFO - 2019-01-15 08:09:54 --> Model Class Initialized
INFO - 2019-01-15 08:09:54 --> Model Class Initialized
INFO - 2019-01-15 08:09:54 --> Model Class Initialized
INFO - 2019-01-15 08:09:54 --> Model Class Initialized
INFO - 2019-01-15 08:09:54 --> Model Class Initialized
INFO - 2019-01-15 08:09:54 --> Model Class Initialized
INFO - 2019-01-15 08:09:54 --> Model Class Initialized
INFO - 2019-01-15 08:09:54 --> Controller Class Initialized
DEBUG - 2019-01-15 08:09:54 --> Com MX_Controller Initialized
DEBUG - 2019-01-15 08:09:54 --> File loaded: C:\xampp\htdocs\ci\ussiweb\application\modules/api/config/autoload.php
DEBUG - 2019-01-15 08:09:54 --> User_agent class already loaded. Second attempt ignored.
DEBUG - 2019-01-15 08:09:54 --> File loaded: C:\xampp\htdocs\ci\ussiweb\application\modules/api/config/rest.php
DEBUG - 2019-01-15 08:09:54 --> File loaded: C:\xampp\htdocs\ci\ussiweb\application\modules/api/libraries/Format.php
DEBUG - 2019-01-15 08:09:54 --> File loaded: C:\xampp\htdocs\ci\ussiweb\application\modules/api/language/english/rest_controller_lang.php
INFO - 2019-01-15 08:09:54 --> Database Driver Class Initialized
DEBUG - 2019-01-15 14:09:54 --> Commerce MX_Controller Initialized
DEBUG - 2019-01-15 14:09:54 --> File loaded: C:\xampp\htdocs\ci\ussiweb\application\modules/api/config/autoload.php
DEBUG - 2019-01-15 14:09:54 --> User_agent class already loaded. Second attempt ignored.
INFO - 2019-01-15 14:09:54 --> Database Driver Class Initialized
INFO - 2019-01-15 14:09:54 --> Final output sent to browser
DEBUG - 2019-01-15 14:09:54 --> Total execution time: 0.4292
INFO - 2019-01-15 08:10:35 --> Config Class Initialized
INFO - 2019-01-15 08:10:35 --> Hooks Class Initialized
DEBUG - 2019-01-15 08:10:35 --> UTF-8 Support Enabled
INFO - 2019-01-15 08:10:35 --> Utf8 Class Initialized
INFO - 2019-01-15 08:10:35 --> URI Class Initialized
INFO - 2019-01-15 08:10:35 --> Router Class Initialized
INFO - 2019-01-15 08:10:35 --> Output Class Initialized
INFO - 2019-01-15 08:10:35 --> Security Class Initialized
DEBUG - 2019-01-15 08:10:35 --> Global POST, GET and COOKIE data sanitized
INFO - 2019-01-15 08:10:35 --> Input Class Initialized
INFO - 2019-01-15 08:10:35 --> Language Class Initialized
INFO - 2019-01-15 08:10:35 --> Language Class Initialized
INFO - 2019-01-15 08:10:35 --> Config Class Initialized
INFO - 2019-01-15 08:10:35 --> Loader Class Initialized
DEBUG - 2019-01-15 08:10:35 --> File loaded: C:\xampp\htdocs\ci\ussiweb\application\modules/api/config/site.php
INFO - 2019-01-15 08:10:35 --> Helper loaded: url_helper
INFO - 2019-01-15 08:10:35 --> Helper loaded: inflector_helper
INFO - 2019-01-15 08:10:35 --> Helper loaded: string_helper
INFO - 2019-01-15 08:10:35 --> Helper loaded: array_helper
INFO - 2019-01-15 08:10:35 --> Database Driver Class Initialized
DEBUG - 2019-01-15 08:10:35 --> Config file loaded: C:\xampp\htdocs\ci\ussiweb\application\config/ion_auth.php
DEBUG - 2019-01-15 08:10:35 --> Config file loaded: C:\xampp\htdocs\ci\ussiweb\application\third_party/ion_auth/config/ion_auth.php
INFO - 2019-01-15 08:10:36 --> Email Class Initialized
INFO - 2019-01-15 08:10:36 --> Language file loaded: language/english/ion_auth_lang.php
INFO - 2019-01-15 08:10:36 --> Helper loaded: cookie_helper
INFO - 2019-01-15 08:10:36 --> Helper loaded: language_helper
DEBUG - 2019-01-15 08:10:36 --> Session: "sess_save_path" is empty; using "session.save_path" value from php.ini.
INFO - 2019-01-15 08:10:36 --> Session: Class initialized using 'files' driver.
INFO - 2019-01-15 08:10:36 --> Model Class Initialized
INFO - 2019-01-15 08:10:36 --> Helper loaded: date_helper
INFO - 2019-01-15 08:10:36 --> User Agent Class Initialized
DEBUG - 2019-01-15 08:10:36 --> File loaded: C:\xampp\htdocs\ci\ussiweb\application\modules/api/config/autoload.php
DEBUG - 2019-01-15 08:10:36 --> User_agent class already loaded. Second attempt ignored.
INFO - 2019-01-15 08:10:36 --> Model Class Initialized
INFO - 2019-01-15 08:10:36 --> Model Class Initialized
INFO - 2019-01-15 08:10:36 --> Model Class Initialized
INFO - 2019-01-15 08:10:36 --> Model Class Initialized
INFO - 2019-01-15 08:10:36 --> Model Class Initialized
INFO - 2019-01-15 08:10:36 --> Model Class Initialized
INFO - 2019-01-15 08:10:36 --> Model Class Initialized
INFO - 2019-01-15 08:10:36 --> Model Class Initialized
INFO - 2019-01-15 08:10:36 --> Model Class Initialized
INFO - 2019-01-15 08:10:36 --> Model Class Initialized
INFO - 2019-01-15 08:10:36 --> Model Class Initialized
INFO - 2019-01-15 08:10:36 --> Model Class Initialized
INFO - 2019-01-15 08:10:36 --> Model Class Initialized
INFO - 2019-01-15 08:10:36 --> Model Class Initialized
INFO - 2019-01-15 08:10:36 --> Model Class Initialized
INFO - 2019-01-15 08:10:36 --> Model Class Initialized
INFO - 2019-01-15 08:10:36 --> Model Class Initialized
INFO - 2019-01-15 08:10:36 --> Model Class Initialized
INFO - 2019-01-15 08:10:36 --> Controller Class Initialized
DEBUG - 2019-01-15 08:10:36 --> Com MX_Controller Initialized
DEBUG - 2019-01-15 08:10:36 --> File loaded: C:\xampp\htdocs\ci\ussiweb\application\modules/api/config/autoload.php
DEBUG - 2019-01-15 08:10:36 --> User_agent class already loaded. Second attempt ignored.
DEBUG - 2019-01-15 08:10:36 --> File loaded: C:\xampp\htdocs\ci\ussiweb\application\modules/api/config/rest.php
DEBUG - 2019-01-15 08:10:36 --> File loaded: C:\xampp\htdocs\ci\ussiweb\application\modules/api/libraries/Format.php
DEBUG - 2019-01-15 08:10:36 --> File loaded: C:\xampp\htdocs\ci\ussiweb\application\modules/api/language/english/rest_controller_lang.php
INFO - 2019-01-15 08:10:36 --> Database Driver Class Initialized
DEBUG - 2019-01-15 14:10:36 --> Commerce MX_Controller Initialized
DEBUG - 2019-01-15 14:10:36 --> File loaded: C:\xampp\htdocs\ci\ussiweb\application\modules/api/config/autoload.php
DEBUG - 2019-01-15 14:10:36 --> User_agent class already loaded. Second attempt ignored.
INFO - 2019-01-15 14:10:36 --> Database Driver Class Initialized
INFO - 2019-01-15 14:10:36 --> Final output sent to browser
DEBUG - 2019-01-15 14:10:36 --> Total execution time: 0.4712
INFO - 2019-01-15 08:11:12 --> Config Class Initialized
INFO - 2019-01-15 08:11:12 --> Hooks Class Initialized
DEBUG - 2019-01-15 08:11:12 --> UTF-8 Support Enabled
INFO - 2019-01-15 08:11:12 --> Utf8 Class Initialized
INFO - 2019-01-15 08:11:12 --> URI Class Initialized
INFO - 2019-01-15 08:11:12 --> Router Class Initialized
INFO - 2019-01-15 08:11:12 --> Output Class Initialized
INFO - 2019-01-15 08:11:12 --> Security Class Initialized
DEBUG - 2019-01-15 08:11:12 --> Global POST, GET and COOKIE data sanitized
INFO - 2019-01-15 08:11:12 --> Input Class Initialized
INFO - 2019-01-15 08:11:12 --> Language Class Initialized
INFO - 2019-01-15 08:11:12 --> Language Class Initialized
INFO - 2019-01-15 08:11:13 --> Config Class Initialized
INFO - 2019-01-15 08:11:13 --> Loader Class Initialized
DEBUG - 2019-01-15 08:11:13 --> File loaded: C:\xampp\htdocs\ci\ussiweb\application\modules/api/config/site.php
INFO - 2019-01-15 08:11:13 --> Helper loaded: url_helper
INFO - 2019-01-15 08:11:13 --> Helper loaded: inflector_helper
INFO - 2019-01-15 08:11:13 --> Helper loaded: string_helper
INFO - 2019-01-15 08:11:13 --> Helper loaded: array_helper
INFO - 2019-01-15 08:11:13 --> Database Driver Class Initialized
DEBUG - 2019-01-15 08:11:13 --> Config file loaded: C:\xampp\htdocs\ci\ussiweb\application\config/ion_auth.php
DEBUG - 2019-01-15 08:11:13 --> Config file loaded: C:\xampp\htdocs\ci\ussiweb\application\third_party/ion_auth/config/ion_auth.php
INFO - 2019-01-15 08:11:13 --> Email Class Initialized
INFO - 2019-01-15 08:11:13 --> Language file loaded: language/english/ion_auth_lang.php
INFO - 2019-01-15 08:11:13 --> Helper loaded: cookie_helper
INFO - 2019-01-15 08:11:13 --> Helper loaded: language_helper
DEBUG - 2019-01-15 08:11:13 --> Session: "sess_save_path" is empty; using "session.save_path" value from php.ini.
INFO - 2019-01-15 08:11:13 --> Session: Class initialized using 'files' driver.
INFO - 2019-01-15 08:11:13 --> Model Class Initialized
INFO - 2019-01-15 08:11:13 --> Helper loaded: date_helper
INFO - 2019-01-15 08:11:13 --> User Agent Class Initialized
DEBUG - 2019-01-15 08:11:13 --> File loaded: C:\xampp\htdocs\ci\ussiweb\application\modules/api/config/autoload.php
DEBUG - 2019-01-15 08:11:13 --> User_agent class already loaded. Second attempt ignored.
INFO - 2019-01-15 08:11:13 --> Model Class Initialized
INFO - 2019-01-15 08:11:13 --> Model Class Initialized
INFO - 2019-01-15 08:11:13 --> Model Class Initialized
INFO - 2019-01-15 08:11:13 --> Model Class Initialized
INFO - 2019-01-15 08:11:13 --> Model Class Initialized
INFO - 2019-01-15 08:11:13 --> Model Class Initialized
INFO - 2019-01-15 08:11:13 --> Model Class Initialized
INFO - 2019-01-15 08:11:13 --> Model Class Initialized
INFO - 2019-01-15 08:11:13 --> Model Class Initialized
INFO - 2019-01-15 08:11:13 --> Model Class Initialized
INFO - 2019-01-15 08:11:13 --> Model Class Initialized
INFO - 2019-01-15 08:11:13 --> Model Class Initialized
INFO - 2019-01-15 08:11:13 --> Model Class Initialized
INFO - 2019-01-15 08:11:13 --> Model Class Initialized
INFO - 2019-01-15 08:11:13 --> Model Class Initialized
INFO - 2019-01-15 08:11:13 --> Model Class Initialized
INFO - 2019-01-15 08:11:13 --> Model Class Initialized
INFO - 2019-01-15 08:11:13 --> Model Class Initialized
INFO - 2019-01-15 08:11:13 --> Controller Class Initialized
DEBUG - 2019-01-15 08:11:13 --> Com MX_Controller Initialized
DEBUG - 2019-01-15 08:11:13 --> File loaded: C:\xampp\htdocs\ci\ussiweb\application\modules/api/config/autoload.php
DEBUG - 2019-01-15 08:11:13 --> User_agent class already loaded. Second attempt ignored.
DEBUG - 2019-01-15 08:11:13 --> File loaded: C:\xampp\htdocs\ci\ussiweb\application\modules/api/config/rest.php
DEBUG - 2019-01-15 08:11:13 --> File loaded: C:\xampp\htdocs\ci\ussiweb\application\modules/api/libraries/Format.php
DEBUG - 2019-01-15 08:11:13 --> File loaded: C:\xampp\htdocs\ci\ussiweb\application\modules/api/language/english/rest_controller_lang.php
INFO - 2019-01-15 08:11:13 --> Database Driver Class Initialized
DEBUG - 2019-01-15 14:11:13 --> Commerce MX_Controller Initialized
DEBUG - 2019-01-15 14:11:13 --> File loaded: C:\xampp\htdocs\ci\ussiweb\application\modules/api/config/autoload.php
DEBUG - 2019-01-15 14:11:13 --> User_agent class already loaded. Second attempt ignored.
INFO - 2019-01-15 14:11:13 --> Database Driver Class Initialized
INFO - 2019-01-15 14:11:13 --> Final output sent to browser
DEBUG - 2019-01-15 14:11:13 --> Total execution time: 0.5710
INFO - 2019-01-15 08:11:35 --> Config Class Initialized
INFO - 2019-01-15 08:11:35 --> Hooks Class Initialized
DEBUG - 2019-01-15 08:11:35 --> UTF-8 Support Enabled
INFO - 2019-01-15 08:11:35 --> Utf8 Class Initialized
INFO - 2019-01-15 08:11:35 --> URI Class Initialized
INFO - 2019-01-15 08:11:35 --> Router Class Initialized
INFO - 2019-01-15 08:11:35 --> Output Class Initialized
INFO - 2019-01-15 08:11:35 --> Security Class Initialized
DEBUG - 2019-01-15 08:11:35 --> Global POST, GET and COOKIE data sanitized
INFO - 2019-01-15 08:11:35 --> Input Class Initialized
INFO - 2019-01-15 08:11:35 --> Language Class Initialized
INFO - 2019-01-15 08:11:35 --> Language Class Initialized
INFO - 2019-01-15 08:11:35 --> Config Class Initialized
INFO - 2019-01-15 08:11:35 --> Loader Class Initialized
DEBUG - 2019-01-15 08:11:35 --> File loaded: C:\xampp\htdocs\ci\ussiweb\application\modules/api/config/site.php
INFO - 2019-01-15 08:11:35 --> Helper loaded: url_helper
INFO - 2019-01-15 08:11:35 --> Helper loaded: inflector_helper
INFO - 2019-01-15 08:11:35 --> Helper loaded: string_helper
INFO - 2019-01-15 08:11:35 --> Helper loaded: array_helper
INFO - 2019-01-15 08:11:35 --> Database Driver Class Initialized
DEBUG - 2019-01-15 08:11:35 --> Config file loaded: C:\xampp\htdocs\ci\ussiweb\application\config/ion_auth.php
DEBUG - 2019-01-15 08:11:35 --> Config file loaded: C:\xampp\htdocs\ci\ussiweb\application\third_party/ion_auth/config/ion_auth.php
INFO - 2019-01-15 08:11:35 --> Email Class Initialized
INFO - 2019-01-15 08:11:35 --> Language file loaded: language/english/ion_auth_lang.php
INFO - 2019-01-15 08:11:35 --> Helper loaded: cookie_helper
INFO - 2019-01-15 08:11:35 --> Helper loaded: language_helper
DEBUG - 2019-01-15 08:11:35 --> Session: "sess_save_path" is empty; using "session.save_path" value from php.ini.
INFO - 2019-01-15 08:11:35 --> Session: Class initialized using 'files' driver.
INFO - 2019-01-15 08:11:35 --> Model Class Initialized
INFO - 2019-01-15 08:11:35 --> Helper loaded: date_helper
INFO - 2019-01-15 08:11:35 --> User Agent Class Initialized
DEBUG - 2019-01-15 08:11:35 --> File loaded: C:\xampp\htdocs\ci\ussiweb\application\modules/api/config/autoload.php
DEBUG - 2019-01-15 08:11:35 --> User_agent class already loaded. Second attempt ignored.
INFO - 2019-01-15 08:11:35 --> Model Class Initialized
INFO - 2019-01-15 08:11:35 --> Model Class Initialized
INFO - 2019-01-15 08:11:35 --> Model Class Initialized
INFO - 2019-01-15 08:11:35 --> Model Class Initialized
INFO - 2019-01-15 08:11:35 --> Model Class Initialized
INFO - 2019-01-15 08:11:35 --> Model Class Initialized
INFO - 2019-01-15 08:11:35 --> Model Class Initialized
INFO - 2019-01-15 08:11:35 --> Model Class Initialized
INFO - 2019-01-15 08:11:35 --> Model Class Initialized
INFO - 2019-01-15 08:11:35 --> Model Class Initialized
INFO - 2019-01-15 08:11:35 --> Model Class Initialized
INFO - 2019-01-15 08:11:35 --> Model Class Initialized
INFO - 2019-01-15 08:11:35 --> Model Class Initialized
INFO - 2019-01-15 08:11:35 --> Model Class Initialized
INFO - 2019-01-15 08:11:35 --> Model Class Initialized
INFO - 2019-01-15 08:11:35 --> Model Class Initialized
INFO - 2019-01-15 08:11:35 --> Model Class Initialized
INFO - 2019-01-15 08:11:35 --> Model Class Initialized
INFO - 2019-01-15 08:11:35 --> Controller Class Initialized
DEBUG - 2019-01-15 08:11:35 --> Com MX_Controller Initialized
DEBUG - 2019-01-15 08:11:35 --> File loaded: C:\xampp\htdocs\ci\ussiweb\application\modules/api/config/autoload.php
DEBUG - 2019-01-15 08:11:35 --> User_agent class already loaded. Second attempt ignored.
DEBUG - 2019-01-15 08:11:35 --> File loaded: C:\xampp\htdocs\ci\ussiweb\application\modules/api/config/rest.php
DEBUG - 2019-01-15 08:11:35 --> File loaded: C:\xampp\htdocs\ci\ussiweb\application\modules/api/libraries/Format.php
DEBUG - 2019-01-15 08:11:35 --> File loaded: C:\xampp\htdocs\ci\ussiweb\application\modules/api/language/english/rest_controller_lang.php
INFO - 2019-01-15 08:11:35 --> Database Driver Class Initialized
DEBUG - 2019-01-15 14:11:35 --> Commerce MX_Controller Initialized
DEBUG - 2019-01-15 14:11:35 --> File loaded: C:\xampp\htdocs\ci\ussiweb\application\modules/api/config/autoload.php
DEBUG - 2019-01-15 14:11:35 --> User_agent class already loaded. Second attempt ignored.
INFO - 2019-01-15 14:11:35 --> Database Driver Class Initialized
INFO - 2019-01-15 14:11:35 --> Final output sent to browser
DEBUG - 2019-01-15 14:11:35 --> Total execution time: 0.3839
INFO - 2019-01-15 08:12:01 --> Config Class Initialized
INFO - 2019-01-15 08:12:01 --> Hooks Class Initialized
DEBUG - 2019-01-15 08:12:01 --> UTF-8 Support Enabled
INFO - 2019-01-15 08:12:01 --> Utf8 Class Initialized
INFO - 2019-01-15 08:12:01 --> URI Class Initialized
INFO - 2019-01-15 08:12:01 --> Router Class Initialized
INFO - 2019-01-15 08:12:01 --> Output Class Initialized
INFO - 2019-01-15 08:12:01 --> Security Class Initialized
DEBUG - 2019-01-15 08:12:01 --> Global POST, GET and COOKIE data sanitized
INFO - 2019-01-15 08:12:01 --> Input Class Initialized
INFO - 2019-01-15 08:12:01 --> Language Class Initialized
INFO - 2019-01-15 08:12:01 --> Language Class Initialized
INFO - 2019-01-15 08:12:01 --> Config Class Initialized
INFO - 2019-01-15 08:12:01 --> Loader Class Initialized
DEBUG - 2019-01-15 08:12:01 --> File loaded: C:\xampp\htdocs\ci\ussiweb\application\modules/api/config/site.php
INFO - 2019-01-15 08:12:01 --> Helper loaded: url_helper
INFO - 2019-01-15 08:12:01 --> Helper loaded: inflector_helper
INFO - 2019-01-15 08:12:01 --> Helper loaded: string_helper
INFO - 2019-01-15 08:12:01 --> Helper loaded: array_helper
INFO - 2019-01-15 08:12:01 --> Database Driver Class Initialized
DEBUG - 2019-01-15 08:12:01 --> Config file loaded: C:\xampp\htdocs\ci\ussiweb\application\config/ion_auth.php
DEBUG - 2019-01-15 08:12:01 --> Config file loaded: C:\xampp\htdocs\ci\ussiweb\application\third_party/ion_auth/config/ion_auth.php
INFO - 2019-01-15 08:12:01 --> Email Class Initialized
INFO - 2019-01-15 08:12:01 --> Language file loaded: language/english/ion_auth_lang.php
INFO - 2019-01-15 08:12:01 --> Helper loaded: cookie_helper
INFO - 2019-01-15 08:12:01 --> Helper loaded: language_helper
DEBUG - 2019-01-15 08:12:01 --> Session: "sess_save_path" is empty; using "session.save_path" value from php.ini.
INFO - 2019-01-15 08:12:01 --> Session: Class initialized using 'files' driver.
INFO - 2019-01-15 08:12:01 --> Model Class Initialized
INFO - 2019-01-15 08:12:01 --> Helper loaded: date_helper
INFO - 2019-01-15 08:12:01 --> User Agent Class Initialized
DEBUG - 2019-01-15 08:12:01 --> File loaded: C:\xampp\htdocs\ci\ussiweb\application\modules/api/config/autoload.php
DEBUG - 2019-01-15 08:12:01 --> User_agent class already loaded. Second attempt ignored.
INFO - 2019-01-15 08:12:01 --> Model Class Initialized
INFO - 2019-01-15 08:12:01 --> Model Class Initialized
INFO - 2019-01-15 08:12:01 --> Model Class Initialized
INFO - 2019-01-15 08:12:01 --> Model Class Initialized
INFO - 2019-01-15 08:12:01 --> Model Class Initialized
INFO - 2019-01-15 08:12:01 --> Model Class Initialized
INFO - 2019-01-15 08:12:01 --> Model Class Initialized
INFO - 2019-01-15 08:12:01 --> Model Class Initialized
INFO - 2019-01-15 08:12:01 --> Model Class Initialized
INFO - 2019-01-15 08:12:01 --> Model Class Initialized
INFO - 2019-01-15 08:12:01 --> Model Class Initialized
INFO - 2019-01-15 08:12:01 --> Model Class Initialized
INFO - 2019-01-15 08:12:01 --> Model Class Initialized
INFO - 2019-01-15 08:12:01 --> Model Class Initialized
INFO - 2019-01-15 08:12:01 --> Model Class Initialized
INFO - 2019-01-15 08:12:01 --> Model Class Initialized
INFO - 2019-01-15 08:12:01 --> Model Class Initialized
INFO - 2019-01-15 08:12:01 --> Model Class Initialized
INFO - 2019-01-15 08:12:01 --> Controller Class Initialized
DEBUG - 2019-01-15 08:12:01 --> Com MX_Controller Initialized
DEBUG - 2019-01-15 08:12:01 --> File loaded: C:\xampp\htdocs\ci\ussiweb\application\modules/api/config/autoload.php
DEBUG - 2019-01-15 08:12:01 --> User_agent class already loaded. Second attempt ignored.
DEBUG - 2019-01-15 08:12:01 --> File loaded: C:\xampp\htdocs\ci\ussiweb\application\modules/api/config/rest.php
DEBUG - 2019-01-15 08:12:01 --> File loaded: C:\xampp\htdocs\ci\ussiweb\application\modules/api/libraries/Format.php
DEBUG - 2019-01-15 08:12:01 --> File loaded: C:\xampp\htdocs\ci\ussiweb\application\modules/api/language/english/rest_controller_lang.php
INFO - 2019-01-15 08:12:01 --> Database Driver Class Initialized
DEBUG - 2019-01-15 14:12:01 --> Commerce MX_Controller Initialized
DEBUG - 2019-01-15 14:12:01 --> File loaded: C:\xampp\htdocs\ci\ussiweb\application\modules/api/config/autoload.php
DEBUG - 2019-01-15 14:12:01 --> User_agent class already loaded. Second attempt ignored.
INFO - 2019-01-15 14:12:01 --> Database Driver Class Initialized
INFO - 2019-01-15 14:12:01 --> Final output sent to browser
DEBUG - 2019-01-15 14:12:01 --> Total execution time: 0.3941
INFO - 2019-01-15 08:30:23 --> Config Class Initialized
INFO - 2019-01-15 08:30:23 --> Hooks Class Initialized
DEBUG - 2019-01-15 08:30:23 --> UTF-8 Support Enabled
INFO - 2019-01-15 08:30:23 --> Utf8 Class Initialized
INFO - 2019-01-15 08:30:23 --> URI Class Initialized
INFO - 2019-01-15 08:30:23 --> Router Class Initialized
INFO - 2019-01-15 08:30:23 --> Output Class Initialized
INFO - 2019-01-15 08:30:23 --> Security Class Initialized
DEBUG - 2019-01-15 08:30:23 --> Global POST, GET and COOKIE data sanitized
INFO - 2019-01-15 08:30:23 --> Input Class Initialized
INFO - 2019-01-15 08:30:23 --> Language Class Initialized
INFO - 2019-01-15 08:30:23 --> Language Class Initialized
INFO - 2019-01-15 08:30:23 --> Config Class Initialized
INFO - 2019-01-15 08:30:23 --> Loader Class Initialized
DEBUG - 2019-01-15 08:30:23 --> File loaded: C:\xampp\htdocs\ci\ussiweb\application\modules/api/config/site.php
INFO - 2019-01-15 08:30:23 --> Helper loaded: url_helper
INFO - 2019-01-15 08:30:23 --> Helper loaded: inflector_helper
INFO - 2019-01-15 08:30:23 --> Helper loaded: string_helper
INFO - 2019-01-15 08:30:23 --> Helper loaded: array_helper
INFO - 2019-01-15 08:30:23 --> Database Driver Class Initialized
DEBUG - 2019-01-15 08:30:23 --> Config file loaded: C:\xampp\htdocs\ci\ussiweb\application\config/ion_auth.php
DEBUG - 2019-01-15 08:30:23 --> Config file loaded: C:\xampp\htdocs\ci\ussiweb\application\third_party/ion_auth/config/ion_auth.php
INFO - 2019-01-15 08:30:23 --> Email Class Initialized
INFO - 2019-01-15 08:30:23 --> Language file loaded: language/english/ion_auth_lang.php
INFO - 2019-01-15 08:30:23 --> Helper loaded: cookie_helper
INFO - 2019-01-15 08:30:23 --> Helper loaded: language_helper
DEBUG - 2019-01-15 08:30:23 --> Session: "sess_save_path" is empty; using "session.save_path" value from php.ini.
INFO - 2019-01-15 08:30:23 --> Session: Class initialized using 'files' driver.
INFO - 2019-01-15 08:30:23 --> Model Class Initialized
INFO - 2019-01-15 08:30:23 --> Helper loaded: date_helper
INFO - 2019-01-15 08:30:23 --> User Agent Class Initialized
DEBUG - 2019-01-15 08:30:23 --> File loaded: C:\xampp\htdocs\ci\ussiweb\application\modules/api/config/autoload.php
DEBUG - 2019-01-15 08:30:23 --> User_agent class already loaded. Second attempt ignored.
INFO - 2019-01-15 08:30:23 --> Model Class Initialized
INFO - 2019-01-15 08:30:23 --> Model Class Initialized
INFO - 2019-01-15 08:30:23 --> Model Class Initialized
INFO - 2019-01-15 08:30:23 --> Model Class Initialized
INFO - 2019-01-15 08:30:23 --> Model Class Initialized
INFO - 2019-01-15 08:30:23 --> Model Class Initialized
INFO - 2019-01-15 08:30:23 --> Model Class Initialized
INFO - 2019-01-15 08:30:23 --> Model Class Initialized
INFO - 2019-01-15 08:30:23 --> Model Class Initialized
INFO - 2019-01-15 08:30:23 --> Model Class Initialized
INFO - 2019-01-15 08:30:23 --> Model Class Initialized
INFO - 2019-01-15 08:30:23 --> Model Class Initialized
INFO - 2019-01-15 08:30:23 --> Model Class Initialized
INFO - 2019-01-15 08:30:23 --> Model Class Initialized
INFO - 2019-01-15 08:30:23 --> Model Class Initialized
INFO - 2019-01-15 08:30:23 --> Model Class Initialized
INFO - 2019-01-15 08:30:23 --> Model Class Initialized
INFO - 2019-01-15 08:30:23 --> Model Class Initialized
INFO - 2019-01-15 08:30:23 --> Controller Class Initialized
DEBUG - 2019-01-15 08:30:23 --> Com MX_Controller Initialized
DEBUG - 2019-01-15 08:30:23 --> File loaded: C:\xampp\htdocs\ci\ussiweb\application\modules/api/config/autoload.php
DEBUG - 2019-01-15 08:30:23 --> User_agent class already loaded. Second attempt ignored.
DEBUG - 2019-01-15 08:30:23 --> File loaded: C:\xampp\htdocs\ci\ussiweb\application\modules/api/config/rest.php
DEBUG - 2019-01-15 08:30:23 --> File loaded: C:\xampp\htdocs\ci\ussiweb\application\modules/api/libraries/Format.php
DEBUG - 2019-01-15 08:30:23 --> File loaded: C:\xampp\htdocs\ci\ussiweb\application\modules/api/language/english/rest_controller_lang.php
INFO - 2019-01-15 08:30:23 --> Database Driver Class Initialized
DEBUG - 2019-01-15 14:30:23 --> Commerce MX_Controller Initialized
DEBUG - 2019-01-15 14:30:23 --> File loaded: C:\xampp\htdocs\ci\ussiweb\application\modules/api/config/autoload.php
DEBUG - 2019-01-15 14:30:23 --> User_agent class already loaded. Second attempt ignored.
INFO - 2019-01-15 14:30:23 --> Database Driver Class Initialized
INFO - 2019-01-15 14:30:23 --> Final output sent to browser
DEBUG - 2019-01-15 14:30:23 --> Total execution time: 0.3984
INFO - 2019-01-15 08:35:51 --> Config Class Initialized
INFO - 2019-01-15 08:35:51 --> Hooks Class Initialized
DEBUG - 2019-01-15 08:35:51 --> UTF-8 Support Enabled
INFO - 2019-01-15 08:35:51 --> Utf8 Class Initialized
INFO - 2019-01-15 08:35:51 --> URI Class Initialized
INFO - 2019-01-15 08:35:51 --> Router Class Initialized
INFO - 2019-01-15 08:35:51 --> Output Class Initialized
INFO - 2019-01-15 08:35:51 --> Security Class Initialized
DEBUG - 2019-01-15 08:35:51 --> Global POST, GET and COOKIE data sanitized
INFO - 2019-01-15 08:35:51 --> Input Class Initialized
INFO - 2019-01-15 08:35:51 --> Language Class Initialized
INFO - 2019-01-15 08:35:51 --> Language Class Initialized
INFO - 2019-01-15 08:35:51 --> Config Class Initialized
INFO - 2019-01-15 08:35:51 --> Loader Class Initialized
DEBUG - 2019-01-15 08:35:51 --> File loaded: C:\xampp\htdocs\ci\ussiweb\application\modules/api/config/site.php
INFO - 2019-01-15 08:35:51 --> Helper loaded: url_helper
INFO - 2019-01-15 08:35:51 --> Helper loaded: inflector_helper
INFO - 2019-01-15 08:35:51 --> Helper loaded: string_helper
INFO - 2019-01-15 08:35:51 --> Helper loaded: array_helper
INFO - 2019-01-15 08:35:51 --> Database Driver Class Initialized
DEBUG - 2019-01-15 08:35:51 --> Config file loaded: C:\xampp\htdocs\ci\ussiweb\application\config/ion_auth.php
DEBUG - 2019-01-15 08:35:51 --> Config file loaded: C:\xampp\htdocs\ci\ussiweb\application\third_party/ion_auth/config/ion_auth.php
INFO - 2019-01-15 08:35:51 --> Email Class Initialized
INFO - 2019-01-15 08:35:51 --> Language file loaded: language/english/ion_auth_lang.php
INFO - 2019-01-15 08:35:51 --> Helper loaded: cookie_helper
INFO - 2019-01-15 08:35:51 --> Helper loaded: language_helper
DEBUG - 2019-01-15 08:35:51 --> Session: "sess_save_path" is empty; using "session.save_path" value from php.ini.
INFO - 2019-01-15 08:35:51 --> Session: Class initialized using 'files' driver.
INFO - 2019-01-15 08:35:51 --> Model Class Initialized
INFO - 2019-01-15 08:35:51 --> Helper loaded: date_helper
INFO - 2019-01-15 08:35:51 --> User Agent Class Initialized
DEBUG - 2019-01-15 08:35:51 --> File loaded: C:\xampp\htdocs\ci\ussiweb\application\modules/api/config/autoload.php
DEBUG - 2019-01-15 08:35:51 --> User_agent class already loaded. Second attempt ignored.
INFO - 2019-01-15 08:35:51 --> Model Class Initialized
INFO - 2019-01-15 08:35:51 --> Model Class Initialized
INFO - 2019-01-15 08:35:51 --> Model Class Initialized
INFO - 2019-01-15 08:35:51 --> Model Class Initialized
INFO - 2019-01-15 08:35:51 --> Model Class Initialized
INFO - 2019-01-15 08:35:51 --> Model Class Initialized
INFO - 2019-01-15 08:35:51 --> Model Class Initialized
INFO - 2019-01-15 08:35:51 --> Model Class Initialized
INFO - 2019-01-15 08:35:51 --> Model Class Initialized
INFO - 2019-01-15 08:35:51 --> Model Class Initialized
INFO - 2019-01-15 08:35:51 --> Model Class Initialized
INFO - 2019-01-15 08:35:51 --> Model Class Initialized
INFO - 2019-01-15 08:35:51 --> Model Class Initialized
INFO - 2019-01-15 08:35:51 --> Model Class Initialized
INFO - 2019-01-15 08:35:51 --> Model Class Initialized
INFO - 2019-01-15 08:35:51 --> Model Class Initialized
INFO - 2019-01-15 08:35:51 --> Model Class Initialized
INFO - 2019-01-15 08:35:51 --> Model Class Initialized
INFO - 2019-01-15 08:35:51 --> Controller Class Initialized
DEBUG - 2019-01-15 08:35:51 --> Com MX_Controller Initialized
DEBUG - 2019-01-15 08:35:51 --> File loaded: C:\xampp\htdocs\ci\ussiweb\application\modules/api/config/autoload.php
DEBUG - 2019-01-15 08:35:51 --> User_agent class already loaded. Second attempt ignored.
DEBUG - 2019-01-15 08:35:51 --> File loaded: C:\xampp\htdocs\ci\ussiweb\application\modules/api/config/rest.php
DEBUG - 2019-01-15 08:35:51 --> File loaded: C:\xampp\htdocs\ci\ussiweb\application\modules/api/libraries/Format.php
DEBUG - 2019-01-15 08:35:51 --> File loaded: C:\xampp\htdocs\ci\ussiweb\application\modules/api/language/english/rest_controller_lang.php
INFO - 2019-01-15 08:35:51 --> Database Driver Class Initialized
DEBUG - 2019-01-15 14:35:51 --> Commerce MX_Controller Initialized
DEBUG - 2019-01-15 14:35:51 --> File loaded: C:\xampp\htdocs\ci\ussiweb\application\modules/api/config/autoload.php
DEBUG - 2019-01-15 14:35:51 --> User_agent class already loaded. Second attempt ignored.
INFO - 2019-01-15 14:35:51 --> Database Driver Class Initialized
INFO - 2019-01-15 14:35:51 --> Final output sent to browser
DEBUG - 2019-01-15 14:35:51 --> Total execution time: 0.3867
INFO - 2019-01-15 08:36:37 --> Config Class Initialized
INFO - 2019-01-15 08:36:37 --> Hooks Class Initialized
DEBUG - 2019-01-15 08:36:37 --> UTF-8 Support Enabled
INFO - 2019-01-15 08:36:37 --> Utf8 Class Initialized
INFO - 2019-01-15 08:36:37 --> URI Class Initialized
INFO - 2019-01-15 08:36:37 --> Router Class Initialized
INFO - 2019-01-15 08:36:37 --> Output Class Initialized
INFO - 2019-01-15 08:36:37 --> Security Class Initialized
DEBUG - 2019-01-15 08:36:37 --> Global POST, GET and COOKIE data sanitized
INFO - 2019-01-15 08:36:37 --> Input Class Initialized
INFO - 2019-01-15 08:36:37 --> Language Class Initialized
INFO - 2019-01-15 08:36:37 --> Language Class Initialized
INFO - 2019-01-15 08:36:37 --> Config Class Initialized
INFO - 2019-01-15 08:36:37 --> Loader Class Initialized
DEBUG - 2019-01-15 08:36:37 --> File loaded: C:\xampp\htdocs\ci\ussiweb\application\modules/api/config/site.php
INFO - 2019-01-15 08:36:37 --> Helper loaded: url_helper
INFO - 2019-01-15 08:36:37 --> Helper loaded: inflector_helper
INFO - 2019-01-15 08:36:37 --> Helper loaded: string_helper
INFO - 2019-01-15 08:36:37 --> Helper loaded: array_helper
INFO - 2019-01-15 08:36:37 --> Database Driver Class Initialized
DEBUG - 2019-01-15 08:36:37 --> Config file loaded: C:\xampp\htdocs\ci\ussiweb\application\config/ion_auth.php
DEBUG - 2019-01-15 08:36:37 --> Config file loaded: C:\xampp\htdocs\ci\ussiweb\application\third_party/ion_auth/config/ion_auth.php
INFO - 2019-01-15 08:36:37 --> Email Class Initialized
INFO - 2019-01-15 08:36:37 --> Language file loaded: language/english/ion_auth_lang.php
INFO - 2019-01-15 08:36:37 --> Helper loaded: cookie_helper
INFO - 2019-01-15 08:36:37 --> Helper loaded: language_helper
DEBUG - 2019-01-15 08:36:37 --> Session: "sess_save_path" is empty; using "session.save_path" value from php.ini.
INFO - 2019-01-15 08:36:37 --> Session: Class initialized using 'files' driver.
INFO - 2019-01-15 08:36:37 --> Model Class Initialized
INFO - 2019-01-15 08:36:37 --> Helper loaded: date_helper
INFO - 2019-01-15 08:36:37 --> User Agent Class Initialized
DEBUG - 2019-01-15 08:36:37 --> File loaded: C:\xampp\htdocs\ci\ussiweb\application\modules/api/config/autoload.php
DEBUG - 2019-01-15 08:36:37 --> User_agent class already loaded. Second attempt ignored.
INFO - 2019-01-15 08:36:37 --> Model Class Initialized
INFO - 2019-01-15 08:36:37 --> Model Class Initialized
INFO - 2019-01-15 08:36:37 --> Model Class Initialized
INFO - 2019-01-15 08:36:37 --> Model Class Initialized
INFO - 2019-01-15 08:36:37 --> Model Class Initialized
INFO - 2019-01-15 08:36:37 --> Model Class Initialized
INFO - 2019-01-15 08:36:37 --> Model Class Initialized
INFO - 2019-01-15 08:36:37 --> Model Class Initialized
INFO - 2019-01-15 08:36:37 --> Model Class Initialized
INFO - 2019-01-15 08:36:37 --> Model Class Initialized
INFO - 2019-01-15 08:36:37 --> Model Class Initialized
INFO - 2019-01-15 08:36:37 --> Model Class Initialized
INFO - 2019-01-15 08:36:37 --> Model Class Initialized
INFO - 2019-01-15 08:36:37 --> Model Class Initialized
INFO - 2019-01-15 08:36:37 --> Model Class Initialized
INFO - 2019-01-15 08:36:37 --> Model Class Initialized
INFO - 2019-01-15 08:36:37 --> Model Class Initialized
INFO - 2019-01-15 08:36:37 --> Model Class Initialized
INFO - 2019-01-15 08:36:37 --> Controller Class Initialized
DEBUG - 2019-01-15 08:36:38 --> Com MX_Controller Initialized
DEBUG - 2019-01-15 08:36:38 --> File loaded: C:\xampp\htdocs\ci\ussiweb\application\modules/api/config/autoload.php
DEBUG - 2019-01-15 08:36:38 --> User_agent class already loaded. Second attempt ignored.
DEBUG - 2019-01-15 08:36:38 --> File loaded: C:\xampp\htdocs\ci\ussiweb\application\modules/api/config/rest.php
DEBUG - 2019-01-15 08:36:38 --> File loaded: C:\xampp\htdocs\ci\ussiweb\application\modules/api/libraries/Format.php
DEBUG - 2019-01-15 08:36:38 --> File loaded: C:\xampp\htdocs\ci\ussiweb\application\modules/api/language/english/rest_controller_lang.php
INFO - 2019-01-15 08:36:38 --> Database Driver Class Initialized
DEBUG - 2019-01-15 14:36:38 --> Commerce MX_Controller Initialized
DEBUG - 2019-01-15 14:36:38 --> File loaded: C:\xampp\htdocs\ci\ussiweb\application\modules/api/config/autoload.php
DEBUG - 2019-01-15 14:36:38 --> User_agent class already loaded. Second attempt ignored.
INFO - 2019-01-15 14:36:38 --> Database Driver Class Initialized
INFO - 2019-01-15 14:36:38 --> Final output sent to browser
DEBUG - 2019-01-15 14:36:38 --> Total execution time: 0.5360
INFO - 2019-01-15 08:36:42 --> Config Class Initialized
INFO - 2019-01-15 08:36:42 --> Hooks Class Initialized
DEBUG - 2019-01-15 08:36:42 --> UTF-8 Support Enabled
INFO - 2019-01-15 08:36:42 --> Utf8 Class Initialized
INFO - 2019-01-15 08:36:42 --> URI Class Initialized
INFO - 2019-01-15 08:36:42 --> Router Class Initialized
INFO - 2019-01-15 08:36:42 --> Output Class Initialized
INFO - 2019-01-15 08:36:42 --> Security Class Initialized
DEBUG - 2019-01-15 08:36:42 --> Global POST, GET and COOKIE data sanitized
INFO - 2019-01-15 08:36:42 --> Input Class Initialized
INFO - 2019-01-15 08:36:42 --> Language Class Initialized
INFO - 2019-01-15 08:36:42 --> Language Class Initialized
INFO - 2019-01-15 08:36:42 --> Config Class Initialized
INFO - 2019-01-15 08:36:42 --> Loader Class Initialized
DEBUG - 2019-01-15 08:36:42 --> File loaded: C:\xampp\htdocs\ci\ussiweb\application\modules/api/config/site.php
INFO - 2019-01-15 08:36:42 --> Helper loaded: url_helper
INFO - 2019-01-15 08:36:42 --> Helper loaded: inflector_helper
INFO - 2019-01-15 08:36:42 --> Helper loaded: string_helper
INFO - 2019-01-15 08:36:42 --> Helper loaded: array_helper
INFO - 2019-01-15 08:36:42 --> Database Driver Class Initialized
DEBUG - 2019-01-15 08:36:42 --> Config file loaded: C:\xampp\htdocs\ci\ussiweb\application\config/ion_auth.php
DEBUG - 2019-01-15 08:36:42 --> Config file loaded: C:\xampp\htdocs\ci\ussiweb\application\third_party/ion_auth/config/ion_auth.php
INFO - 2019-01-15 08:36:42 --> Email Class Initialized
INFO - 2019-01-15 08:36:42 --> Language file loaded: language/english/ion_auth_lang.php
INFO - 2019-01-15 08:36:42 --> Helper loaded: cookie_helper
INFO - 2019-01-15 08:36:42 --> Helper loaded: language_helper
DEBUG - 2019-01-15 08:36:42 --> Session: "sess_save_path" is empty; using "session.save_path" value from php.ini.
INFO - 2019-01-15 08:36:42 --> Session: Class initialized using 'files' driver.
INFO - 2019-01-15 08:36:42 --> Model Class Initialized
INFO - 2019-01-15 08:36:42 --> Helper loaded: date_helper
INFO - 2019-01-15 08:36:42 --> User Agent Class Initialized
DEBUG - 2019-01-15 08:36:42 --> File loaded: C:\xampp\htdocs\ci\ussiweb\application\modules/api/config/autoload.php
DEBUG - 2019-01-15 08:36:42 --> User_agent class already loaded. Second attempt ignored.
INFO - 2019-01-15 08:36:42 --> Model Class Initialized
INFO - 2019-01-15 08:36:42 --> Model Class Initialized
INFO - 2019-01-15 08:36:42 --> Model Class Initialized
INFO - 2019-01-15 08:36:42 --> Model Class Initialized
INFO - 2019-01-15 08:36:42 --> Model Class Initialized
INFO - 2019-01-15 08:36:42 --> Model Class Initialized
INFO - 2019-01-15 08:36:42 --> Model Class Initialized
INFO - 2019-01-15 08:36:42 --> Model Class Initialized
INFO - 2019-01-15 08:36:42 --> Model Class Initialized
INFO - 2019-01-15 08:36:42 --> Model Class Initialized
INFO - 2019-01-15 08:36:42 --> Model Class Initialized
INFO - 2019-01-15 08:36:42 --> Model Class Initialized
INFO - 2019-01-15 08:36:42 --> Model Class Initialized
INFO - 2019-01-15 08:36:42 --> Model Class Initialized
INFO - 2019-01-15 08:36:42 --> Model Class Initialized
INFO - 2019-01-15 08:36:42 --> Model Class Initialized
INFO - 2019-01-15 08:36:42 --> Model Class Initialized
INFO - 2019-01-15 08:36:42 --> Model Class Initialized
INFO - 2019-01-15 08:36:42 --> Controller Class Initialized
DEBUG - 2019-01-15 08:36:42 --> Com MX_Controller Initialized
DEBUG - 2019-01-15 08:36:42 --> File loaded: C:\xampp\htdocs\ci\ussiweb\application\modules/api/config/autoload.php
DEBUG - 2019-01-15 08:36:42 --> User_agent class already loaded. Second attempt ignored.
DEBUG - 2019-01-15 08:36:42 --> File loaded: C:\xampp\htdocs\ci\ussiweb\application\modules/api/config/rest.php
DEBUG - 2019-01-15 08:36:42 --> File loaded: C:\xampp\htdocs\ci\ussiweb\application\modules/api/libraries/Format.php
DEBUG - 2019-01-15 08:36:42 --> File loaded: C:\xampp\htdocs\ci\ussiweb\application\modules/api/language/english/rest_controller_lang.php
INFO - 2019-01-15 08:36:42 --> Database Driver Class Initialized
DEBUG - 2019-01-15 14:36:42 --> Commerce MX_Controller Initialized
DEBUG - 2019-01-15 14:36:42 --> File loaded: C:\xampp\htdocs\ci\ussiweb\application\modules/api/config/autoload.php
DEBUG - 2019-01-15 14:36:42 --> User_agent class already loaded. Second attempt ignored.
INFO - 2019-01-15 14:36:42 --> Database Driver Class Initialized
INFO - 2019-01-15 14:36:42 --> Final output sent to browser
DEBUG - 2019-01-15 14:36:42 --> Total execution time: 0.3090
INFO - 2019-01-15 08:44:58 --> Config Class Initialized
INFO - 2019-01-15 08:44:58 --> Hooks Class Initialized
DEBUG - 2019-01-15 08:44:58 --> UTF-8 Support Enabled
INFO - 2019-01-15 08:44:58 --> Utf8 Class Initialized
INFO - 2019-01-15 08:44:58 --> URI Class Initialized
INFO - 2019-01-15 08:44:58 --> Router Class Initialized
INFO - 2019-01-15 08:44:58 --> Output Class Initialized
INFO - 2019-01-15 08:44:58 --> Security Class Initialized
DEBUG - 2019-01-15 08:44:58 --> Global POST, GET and COOKIE data sanitized
INFO - 2019-01-15 08:44:58 --> Input Class Initialized
INFO - 2019-01-15 08:44:58 --> Language Class Initialized
INFO - 2019-01-15 08:44:58 --> Language Class Initialized
INFO - 2019-01-15 08:44:58 --> Config Class Initialized
INFO - 2019-01-15 08:44:58 --> Loader Class Initialized
DEBUG - 2019-01-15 08:44:58 --> File loaded: C:\xampp\htdocs\ci\ussiweb\application\modules/api/config/site.php
INFO - 2019-01-15 08:44:58 --> Helper loaded: url_helper
INFO - 2019-01-15 08:44:58 --> Helper loaded: inflector_helper
INFO - 2019-01-15 08:44:58 --> Helper loaded: string_helper
INFO - 2019-01-15 08:44:58 --> Helper loaded: array_helper
INFO - 2019-01-15 08:44:58 --> Database Driver Class Initialized
DEBUG - 2019-01-15 08:44:58 --> Config file loaded: C:\xampp\htdocs\ci\ussiweb\application\config/ion_auth.php
DEBUG - 2019-01-15 08:44:58 --> Config file loaded: C:\xampp\htdocs\ci\ussiweb\application\third_party/ion_auth/config/ion_auth.php
INFO - 2019-01-15 08:44:58 --> Email Class Initialized
INFO - 2019-01-15 08:44:58 --> Language file loaded: language/english/ion_auth_lang.php
INFO - 2019-01-15 08:44:58 --> Helper loaded: cookie_helper
INFO - 2019-01-15 08:44:58 --> Helper loaded: language_helper
DEBUG - 2019-01-15 08:44:58 --> Session: "sess_save_path" is empty; using "session.save_path" value from php.ini.
INFO - 2019-01-15 08:44:58 --> Session: Class initialized using 'files' driver.
INFO - 2019-01-15 08:44:58 --> Model Class Initialized
INFO - 2019-01-15 08:44:58 --> Helper loaded: date_helper
INFO - 2019-01-15 08:44:58 --> User Agent Class Initialized
DEBUG - 2019-01-15 08:44:58 --> File loaded: C:\xampp\htdocs\ci\ussiweb\application\modules/api/config/autoload.php
DEBUG - 2019-01-15 08:44:58 --> User_agent class already loaded. Second attempt ignored.
INFO - 2019-01-15 08:44:58 --> Model Class Initialized
INFO - 2019-01-15 08:44:58 --> Model Class Initialized
INFO - 2019-01-15 08:44:58 --> Model Class Initialized
INFO - 2019-01-15 08:44:58 --> Model Class Initialized
INFO - 2019-01-15 08:44:58 --> Model Class Initialized
INFO - 2019-01-15 08:44:58 --> Model Class Initialized
INFO - 2019-01-15 08:44:58 --> Model Class Initialized
INFO - 2019-01-15 08:44:58 --> Model Class Initialized
INFO - 2019-01-15 08:44:58 --> Model Class Initialized
INFO - 2019-01-15 08:44:58 --> Model Class Initialized
INFO - 2019-01-15 08:44:58 --> Model Class Initialized
INFO - 2019-01-15 08:44:58 --> Model Class Initialized
INFO - 2019-01-15 08:44:58 --> Model Class Initialized
INFO - 2019-01-15 08:44:58 --> Model Class Initialized
INFO - 2019-01-15 08:44:58 --> Model Class Initialized
INFO - 2019-01-15 08:44:58 --> Model Class Initialized
INFO - 2019-01-15 08:44:58 --> Model Class Initialized
INFO - 2019-01-15 08:44:58 --> Model Class Initialized
INFO - 2019-01-15 08:44:58 --> Controller Class Initialized
DEBUG - 2019-01-15 08:44:58 --> Com MX_Controller Initialized
DEBUG - 2019-01-15 08:44:58 --> File loaded: C:\xampp\htdocs\ci\ussiweb\application\modules/api/config/autoload.php
DEBUG - 2019-01-15 08:44:58 --> User_agent class already loaded. Second attempt ignored.
DEBUG - 2019-01-15 08:44:58 --> File loaded: C:\xampp\htdocs\ci\ussiweb\application\modules/api/config/rest.php
DEBUG - 2019-01-15 08:44:58 --> File loaded: C:\xampp\htdocs\ci\ussiweb\application\modules/api/libraries/Format.php
DEBUG - 2019-01-15 08:44:58 --> File loaded: C:\xampp\htdocs\ci\ussiweb\application\modules/api/language/english/rest_controller_lang.php
INFO - 2019-01-15 08:44:58 --> Database Driver Class Initialized
DEBUG - 2019-01-15 14:44:58 --> Commerce MX_Controller Initialized
DEBUG - 2019-01-15 14:44:58 --> File loaded: C:\xampp\htdocs\ci\ussiweb\application\modules/api/config/autoload.php
DEBUG - 2019-01-15 14:44:58 --> User_agent class already loaded. Second attempt ignored.
INFO - 2019-01-15 14:44:58 --> Database Driver Class Initialized
ERROR - 2019-01-15 14:44:58 --> Severity: Notice --> Undefined property: CI::$arr_logcommerce C:\xampp\htdocs\ci\ussiweb\application\third_party\MX\Controller.php 59
INFO - 2019-01-15 14:44:58 --> Final output sent to browser
DEBUG - 2019-01-15 14:44:58 --> Total execution time: 0.3654
INFO - 2019-01-15 08:45:35 --> Config Class Initialized
INFO - 2019-01-15 08:45:35 --> Hooks Class Initialized
DEBUG - 2019-01-15 08:45:35 --> UTF-8 Support Enabled
INFO - 2019-01-15 08:45:35 --> Utf8 Class Initialized
INFO - 2019-01-15 08:45:35 --> URI Class Initialized
INFO - 2019-01-15 08:45:35 --> Router Class Initialized
INFO - 2019-01-15 08:45:35 --> Output Class Initialized
INFO - 2019-01-15 08:45:35 --> Security Class Initialized
DEBUG - 2019-01-15 08:45:35 --> Global POST, GET and COOKIE data sanitized
INFO - 2019-01-15 08:45:35 --> Input Class Initialized
INFO - 2019-01-15 08:45:35 --> Language Class Initialized
INFO - 2019-01-15 08:45:35 --> Language Class Initialized
INFO - 2019-01-15 08:45:35 --> Config Class Initialized
INFO - 2019-01-15 08:45:35 --> Loader Class Initialized
DEBUG - 2019-01-15 08:45:35 --> File loaded: C:\xampp\htdocs\ci\ussiweb\application\modules/api/config/site.php
INFO - 2019-01-15 08:45:35 --> Helper loaded: url_helper
INFO - 2019-01-15 08:45:35 --> Helper loaded: inflector_helper
INFO - 2019-01-15 08:45:35 --> Helper loaded: string_helper
INFO - 2019-01-15 08:45:35 --> Helper loaded: array_helper
INFO - 2019-01-15 08:45:35 --> Database Driver Class Initialized
DEBUG - 2019-01-15 08:45:35 --> Config file loaded: C:\xampp\htdocs\ci\ussiweb\application\config/ion_auth.php
DEBUG - 2019-01-15 08:45:35 --> Config file loaded: C:\xampp\htdocs\ci\ussiweb\application\third_party/ion_auth/config/ion_auth.php
INFO - 2019-01-15 08:45:35 --> Email Class Initialized
INFO - 2019-01-15 08:45:35 --> Language file loaded: language/english/ion_auth_lang.php
INFO - 2019-01-15 08:45:35 --> Helper loaded: cookie_helper
INFO - 2019-01-15 08:45:35 --> Helper loaded: language_helper
DEBUG - 2019-01-15 08:45:35 --> Session: "sess_save_path" is empty; using "session.save_path" value from php.ini.
INFO - 2019-01-15 08:45:35 --> Session: Class initialized using 'files' driver.
INFO - 2019-01-15 08:45:35 --> Model Class Initialized
INFO - 2019-01-15 08:45:35 --> Helper loaded: date_helper
INFO - 2019-01-15 08:45:35 --> User Agent Class Initialized
DEBUG - 2019-01-15 08:45:35 --> File loaded: C:\xampp\htdocs\ci\ussiweb\application\modules/api/config/autoload.php
DEBUG - 2019-01-15 08:45:35 --> User_agent class already loaded. Second attempt ignored.
INFO - 2019-01-15 08:45:35 --> Model Class Initialized
INFO - 2019-01-15 08:45:35 --> Model Class Initialized
INFO - 2019-01-15 08:45:35 --> Model Class Initialized
INFO - 2019-01-15 08:45:35 --> Model Class Initialized
INFO - 2019-01-15 08:45:35 --> Model Class Initialized
INFO - 2019-01-15 08:45:35 --> Model Class Initialized
INFO - 2019-01-15 08:45:35 --> Model Class Initialized
INFO - 2019-01-15 08:45:35 --> Model Class Initialized
INFO - 2019-01-15 08:45:35 --> Model Class Initialized
INFO - 2019-01-15 08:45:35 --> Model Class Initialized
INFO - 2019-01-15 08:45:35 --> Model Class Initialized
INFO - 2019-01-15 08:45:35 --> Model Class Initialized
INFO - 2019-01-15 08:45:35 --> Model Class Initialized
INFO - 2019-01-15 08:45:35 --> Model Class Initialized
INFO - 2019-01-15 08:45:35 --> Model Class Initialized
INFO - 2019-01-15 08:45:35 --> Model Class Initialized
INFO - 2019-01-15 08:45:35 --> Model Class Initialized
INFO - 2019-01-15 08:45:35 --> Model Class Initialized
INFO - 2019-01-15 08:45:35 --> Controller Class Initialized
DEBUG - 2019-01-15 08:45:35 --> Com MX_Controller Initialized
DEBUG - 2019-01-15 08:45:35 --> File loaded: C:\xampp\htdocs\ci\ussiweb\application\modules/api/config/autoload.php
DEBUG - 2019-01-15 08:45:35 --> User_agent class already loaded. Second attempt ignored.
DEBUG - 2019-01-15 08:45:35 --> File loaded: C:\xampp\htdocs\ci\ussiweb\application\modules/api/config/rest.php
DEBUG - 2019-01-15 08:45:35 --> File loaded: C:\xampp\htdocs\ci\ussiweb\application\modules/api/libraries/Format.php
DEBUG - 2019-01-15 08:45:35 --> File loaded: C:\xampp\htdocs\ci\ussiweb\application\modules/api/language/english/rest_controller_lang.php
INFO - 2019-01-15 08:45:36 --> Database Driver Class Initialized
DEBUG - 2019-01-15 14:45:36 --> Commerce MX_Controller Initialized
DEBUG - 2019-01-15 14:45:36 --> File loaded: C:\xampp\htdocs\ci\ussiweb\application\modules/api/config/autoload.php
DEBUG - 2019-01-15 14:45:36 --> User_agent class already loaded. Second attempt ignored.
INFO - 2019-01-15 14:45:36 --> Database Driver Class Initialized
INFO - 2019-01-15 14:45:36 --> Final output sent to browser
DEBUG - 2019-01-15 14:45:36 --> Total execution time: 0.4173
